[1970-01-01 00:00:11 I/WiFi] CTRL-EVENT-SCAN-RESULTS 
[1970-01-01 00:00:11 I/WiFi] WPS-AP-AVAILABLE 
[1970-01-01 00:00:11 I/WiFi] Trying to associate with 04:95:e6:34:03:e1 (SSID='Tenda_1704' freq=2417 MHz)
[1970-01-01 00:00:11 I/WiFi] Associated with 04:95:e6:34:03:e1
[1970-01-01 00:00:11 I/WiFi] CTRL-EVENT-SUBNET-STATUS-UPDATE status=0
[1970-01-01 00:00:11 I/WiFi] WPA: Key negotiation completed with 04:95:e6:34:03:e1 [PTK=CCMP GTK=CCMP]
[1970-01-01 00:00:11 I/WiFi] CTRL-EVENT-CONNECTED - Connection to 04:95:e6:34:03:e1 completed [id=0 id_str=]
[1970-01-01 00:00:13 W/SIGNAL] Got signal: 15 (Terminated)
[1970-01-01 00:00:11 I/WiFi] CTRL-EVENT-SCAN-RESULTS 
[1970-01-01 00:00:11 I/WiFi] WPS-AP-AVAILABLE 
[1970-01-01 00:00:11 I/WiFi] Trying to associate with 04:95:e6:34:03:e1 (SSID='Tenda_1704' freq=2417 MHz)
[1970-01-01 00:00:11 I/WiFi] Associated with 04:95:e6:34:03:e1
[1970-01-01 00:00:11 I/WiFi] CTRL-EVENT-SUBNET-STATUS-UPDATE status=0
[1970-01-01 00:00:11 I/WiFi] WPA: Key negotiation completed with 04:95:e6:34:03:e1 [PTK=CCMP GTK=CCMP]
[1970-01-01 00:00:11 I/WiFi] CTRL-EVENT-CONNECTED - Connection to 04:95:e6:34:03:e1 completed [id=0 id_str=]
[1970-01-01 00:00:13 W/SIGNAL] Got signal: 15 (Terminated)
[1970-01-01 00:00:11 I/WiFi] CTRL-EVENT-SCAN-RESULTS 
[1970-01-01 00:00:11 I/WiFi] WPS-AP-AVAILABLE 
[1970-01-01 00:00:11 I/WiFi] Trying to associate with 04:95:e6:34:03:e1 (SSID='Tenda_1704' freq=2417 MHz)
[1970-01-01 00:00:11 I/WiFi] Associated with 04:95:e6:34:03:e1
[1970-01-01 00:00:11 I/WiFi] CTRL-EVENT-SUBNET-STATUS-UPDATE status=0
[1970-01-01 00:00:11 I/WiFi] WPA: Key negotiation completed with 04:95:e6:34:03:e1 [PTK=CCMP GTK=CCMP]
[1970-01-01 00:00:11 I/WiFi] CTRL-EVENT-CONNECTED - Connection to 04:95:e6:34:03:e1 completed [id=0 id_str=]
[1970-01-01 00:00:13 W/SIGNAL] Got signal: 15 (Terminated)
[1970-01-01 00:00:11 I/WiFi] CTRL-EVENT-SCAN-RESULTS 
[1970-01-01 00:00:11 I/WiFi] WPS-AP-AVAILABLE 
[1970-01-01 00:00:11 I/WiFi] Trying to associate with 04:95:e6:34:03:e1 (SSID='Tenda_1704' freq=2417 MHz)
[1970-01-01 00:00:11 I/WiFi] Associated with 04:95:e6:34:03:e1
[1970-01-01 00:00:11 I/WiFi] CTRL-EVENT-SUBNET-STATUS-UPDATE status=0
[1970-01-01 00:00:11 I/WiFi] WPA: Key negotiation completed with 04:95:e6:34:03:e1 [PTK=CCMP GTK=CCMP]
[1970-01-01 00:00:11 I/WiFi] CTRL-EVENT-CONNECTED - Connection to 04:95:e6:34:03:e1 completed [id=0 id_str=]
[1970-01-01 00:00:14 W/SIGNAL] Got signal: 15 (Terminated)
[1970-01-01 00:00:11 I/WiFi] CTRL-EVENT-SCAN-RESULTS 
[1970-01-01 00:00:11 I/WiFi] WPS-AP-AVAILABLE 
[1970-01-01 00:00:11 I/WiFi] CTRL-EVENT-NETWORK-NOT-FOUND 
[1970-01-01 00:00:16 I/WiFi] CTRL-EVENT-SCAN-STARTED 
[1970-01-01 00:00:17 I/WiFi] CTRL-EVENT-SCAN-RESULTS 
[1970-01-01 00:00:17 I/WiFi] WPS-AP-AVAILABLE 
[1970-01-01 00:00:17 I/WiFi] CTRL-EVENT-NETWORK-NOT-FOUND 
[1970-01-01 00:00:22 I/WiFi] CTRL-EVENT-SCAN-STARTED 
[1970-01-01 00:00:23 I/WiFi] CTRL-EVENT-SCAN-RESULTS 
[1970-01-01 00:00:23 I/WiFi] WPS-AP-AVAILABLE 
[1970-01-01 00:00:23 I/WiFi] CTRL-EVENT-NETWORK-NOT-FOUND 
[1970-01-01 00:00:28 I/WiFi] CTRL-EVENT-SCAN-STARTED 
[1970-01-01 00:00:29 I/WiFi] CTRL-EVENT-SCAN-RESULTS 
[1970-01-01 00:00:29 I/WiFi] WPS-AP-AVAILABLE 
[1970-01-01 00:00:29 I/WiFi] CTRL-EVENT-NETWORK-NOT-FOUND 
[1970-01-01 00:00:34 I/WiFi] CTRL-EVENT-SCAN-STARTED 
[1970-01-01 00:00:36 I/WiFi] CTRL-EVENT-SCAN-RESULTS 
[1970-01-01 00:00:36 I/WiFi] WPS-AP-AVAILABLE 
[1970-01-01 00:00:36 I/WiFi] CTRL-EVENT-NETWORK-NOT-FOUND 
[1970-01-01 00:00:41 I/WiFi] CTRL-EVENT-SCAN-STARTED 
[1970-01-01 00:00:42 I/WiFi] CTRL-EVENT-SCAN-RESULTS 
[1970-01-01 00:00:42 I/WiFi] WPS-AP-AVAILABLE 
[1970-01-01 00:00:42 I/WiFi] CTRL-EVENT-NETWORK-NOT-FOUND 
[1970-01-01 00:00:47 I/WiFi] CTRL-EVENT-SCAN-STARTED 
[1970-01-01 00:00:48 I/WiFi] CTRL-EVENT-SCAN-RESULTS 
[1970-01-01 00:00:48 I/WiFi] WPS-AP-AVAILABLE 
[1970-01-01 00:00:48 I/WiFi] CTRL-EVENT-NETWORK-NOT-FOUND 
[1970-01-01 00:00:53 I/WiFi] CTRL-EVENT-SCAN-STARTED 
[1970-01-01 00:00:54 I/WiFi] CTRL-EVENT-SCAN-RESULTS 
[1970-01-01 00:00:54 I/WiFi] WPS-AP-AVAILABLE 
[1970-01-01 00:00:54 I/WiFi] CTRL-EVENT-NETWORK-NOT-FOUND 
[1970-01-01 00:00:59 I/WiFi] CTRL-EVENT-SCAN-STARTED 
[1970-01-01 00:01:00 I/WiFi] CTRL-EVENT-SCAN-RESULTS 
[1970-01-01 00:01:00 I/WiFi] WPS-AP-AVAILABLE 
[1970-01-01 00:01:00 I/WiFi] CTRL-EVENT-NETWORK-NOT-FOUND 
[1970-01-01 00:01:05 I/WiFi] CTRL-EVENT-SCAN-STARTED 
[1970-01-01 00:01:06 I/WiFi] CTRL-EVENT-SCAN-RESULTS 
[1970-01-01 00:01:06 I/WiFi] WPS-AP-AVAILABLE 
[1970-01-01 00:01:06 I/WiFi] CTRL-EVENT-NETWORK-NOT-FOUND 
[1970-01-01 00:01:11 I/WiFi] CTRL-EVENT-SCAN-STARTED 
[1970-01-01 00:01:12 I/WiFi] CTRL-EVENT-SCAN-RESULTS 
[1970-01-01 00:01:12 I/WiFi] WPS-AP-AVAILABLE 
[1970-01-01 00:01:12 I/WiFi] CTRL-EVENT-NETWORK-NOT-FOUND 
[1970-01-01 00:01:17 I/WiFi] CTRL-EVENT-SCAN-STARTED 
[1970-01-01 00:01:19 I/WiFi] CTRL-EVENT-SCAN-RESULTS 
[1970-01-01 00:01:19 I/WiFi] WPS-AP-AVAILABLE 
[1970-01-01 00:01:19 I/WiFi] CTRL-EVENT-NETWORK-NOT-FOUND 
[1970-01-01 00:01:24 I/WiFi] CTRL-EVENT-SCAN-STARTED 
[1970-01-01 00:01:25 I/WiFi] CTRL-EVENT-SCAN-RESULTS 
[1970-01-01 00:01:25 I/WiFi] WPS-AP-AVAILABLE 
[1970-01-01 00:01:25 I/WiFi] CTRL-EVENT-NETWORK-NOT-FOUND 
[1970-01-01 00:01:30 I/WiFi] CTRL-EVENT-SCAN-STARTED 
[1970-01-01 00:01:31 I/WiFi] CTRL-EVENT-SCAN-RESULTS 
[1970-01-01 00:01:31 I/WiFi] WPS-AP-AVAILABLE 
[1970-01-01 00:01:31 I/WiFi] CTRL-EVENT-NETWORK-NOT-FOUND 
[1970-01-01 00:01:36 I/WiFi] CTRL-EVENT-SCAN-STARTED 
[1970-01-01 00:01:37 I/WiFi] CTRL-EVENT-SCAN-RESULTS 
[1970-01-01 00:01:37 I/WiFi] WPS-AP-AVAILABLE 
[1970-01-01 00:01:37 I/WiFi] CTRL-EVENT-NETWORK-NOT-FOUND 
[1970-01-01 00:01:40 W/SIGNAL] Got signal: 15 (Terminated)
[1970-01-01 00:01:43 I/WiFi] CTRL-EVENT-SCAN-STARTED 
[1970-01-01 00:01:44 I/WiFi] CTRL-EVENT-SCAN-RESULTS 
[1970-01-01 00:01:44 I/WiFi] WPS-AP-AVAILABLE 
[1970-01-01 00:01:44 I/WiFi] CTRL-EVENT-NETWORK-NOT-FOUND 
[1970-01-01 00:01:49 I/WiFi] CTRL-EVENT-SCAN-STARTED 
[1970-01-01 00:01:50 I/WiFi] CTRL-EVENT-SCAN-RESULTS 
[1970-01-01 00:01:50 I/WiFi] WPS-AP-AVAILABLE 
[1970-01-01 00:01:50 I/WiFi] CTRL-EVENT-NETWORK-NOT-FOUND 
[1970-01-01 00:01:55 I/WiFi] CTRL-EVENT-SCAN-STARTED 
[1970-01-01 00:01:56 I/WiFi] CTRL-EVENT-SCAN-RESULTS 
[1970-01-01 00:01:56 I/WiFi] WPS-AP-AVAILABLE 
[1970-01-01 00:01:56 I/WiFi] CTRL-EVENT-NETWORK-NOT-FOUND 
[1970-01-01 00:02:01 I/WiFi] CTRL-EVENT-SCAN-STARTED 
[1970-01-01 00:02:02 I/WiFi] CTRL-EVENT-SCAN-RESULTS 
[1970-01-01 00:02:02 I/WiFi] WPS-AP-AVAILABLE 
[1970-01-01 00:02:02 I/WiFi] CTRL-EVENT-NETWORK-NOT-FOUND 
[1970-01-01 00:02:07 I/WiFi] CTRL-EVENT-SCAN-STARTED 
[1970-01-01 00:02:08 I/WiFi] CTRL-EVENT-SCAN-RESULTS 
[1970-01-01 00:02:08 I/WiFi] WPS-AP-AVAILABLE 
[1970-01-01 00:02:08 I/WiFi] CTRL-EVENT-NETWORK-NOT-FOUND 
[1970-01-01 00:02:13 I/WiFi] CTRL-EVENT-SCAN-STARTED 
[1970-01-01 00:02:14 I/WiFi] CTRL-EVENT-SCAN-RESULTS 
[1970-01-01 00:02:14 I/WiFi] WPS-AP-AVAILABLE 
[1970-01-01 00:02:14 I/WiFi] CTRL-EVENT-NETWORK-NOT-FOUND 
[1970-01-01 00:02:17 W/SIGNAL] Got signal: 15 (Terminated)
[1970-01-01 00:08:35 I/WiFi] CTRL-EVENT-SCAN-STARTED 
[1970-01-01 00:08:36 I/WiFi] CTRL-EVENT-SCAN-RESULTS 
[1970-01-01 00:08:36 I/WiFi] WPS-AP-AVAILABLE 
[1970-01-01 00:08:36 I/WiFi] Trying to associate with b0:df:c1:e3:b6:81 (SSID='Smart-Tenda-001' freq=2432 MHz)
[1970-01-01 00:08:36 I/WiFi] Associated with b0:df:c1:e3:b6:81
[1970-01-01 00:08:36 I/WiFi] CTRL-EVENT-SUBNET-STATUS-UPDATE status=0
[1970-01-01 00:08:36 I/WiFi] WPA: Key negotiation completed with b0:df:c1:e3:b6:81 [PTK=CCMP GTK=TKIP]
[1970-01-01 00:08:36 I/WiFi] CTRL-EVENT-CONNECTED - Connection to b0:df:c1:e3:b6:81 completed [id=0 id_str=]
[1970-01-01 00:08:39 W/SIGNAL] Got signal: 15 (Terminated)
[1970-01-01 00:00:11 I/WiFi] CTRL-EVENT-SCAN-RESULTS 
[1970-01-01 00:00:11 I/WiFi] WPS-AP-AVAILABLE 
[1970-01-01 00:00:11 I/WiFi] Trying to associate with b0:df:c1:e3:b6:81 (SSID='Smart-Tenda-001' freq=2432 MHz)
[1970-01-01 00:00:11 I/WiFi] Associated with b0:df:c1:e3:b6:81
[1970-01-01 00:00:11 I/WiFi] CTRL-EVENT-SUBNET-STATUS-UPDATE status=0
[1970-01-01 00:00:11 I/WiFi] WPA: Key negotiation completed with b0:df:c1:e3:b6:81 [PTK=CCMP GTK=TKIP]
[1970-01-01 00:00:11 I/WiFi] CTRL-EVENT-CONNECTED - Connection to b0:df:c1:e3:b6:81 completed [id=0 id_str=]
[1970-01-01 00:00:16 W/SIGNAL] Got signal: 15 (Terminated)
[2021-01-11 17:08:23 I/WiFi] CTRL-EVENT-SCAN-STARTED 
[2021-01-11 17:08:24 I/WiFi] CTRL-EVENT-SCAN-RESULTS 
[2021-01-11 17:08:24 I/WiFi] WPS-AP-AVAILABLE 
[2021-01-11 17:08:24 I/WiFi] Trying to associate with b0:df:c1:e3:b6:81 (SSID='Smart-Tenda-001' freq=2432 MHz)
[2021-01-11 17:08:24 I/WiFi] Associated with b0:df:c1:e3:b6:81
[2021-01-11 17:08:24 I/WiFi] CTRL-EVENT-SUBNET-STATUS-UPDATE status=0
[2021-01-11 17:08:24 I/WiFi] WPA: Key negotiation completed with b0:df:c1:e3:b6:81 [PTK=CCMP GTK=TKIP]
[2021-01-11 17:08:24 I/WiFi] CTRL-EVENT-CONNECTED - Connection to b0:df:c1:e3:b6:81 completed [id=0 id_str=]
[2021-01-11 17:08:30 W/SIGNAL] Got signal: 15 (Terminated)
[2021-01-11 17:14:27 I/WiFi] CTRL-EVENT-SCAN-STARTED 
[2021-01-11 17:14:28 I/WiFi] CTRL-EVENT-SCAN-RESULTS 
[2021-01-11 17:14:28 I/WiFi] WPS-AP-AVAILABLE 
[2021-01-11 17:14:28 I/WiFi] Trying to associate with b0:df:c1:e3:b6:81 (SSID='Smart-Tenda-001' freq=2432 MHz)
[2021-01-11 17:14:28 I/WiFi] Associated with b0:df:c1:e3:b6:81
[2021-01-11 17:14:28 I/WiFi] CTRL-EVENT-SUBNET-STATUS-UPDATE status=0
[2021-01-11 17:14:28 I/WiFi] WPA: Key negotiation completed with b0:df:c1:e3:b6:81 [PTK=CCMP GTK=TKIP]
[2021-01-11 17:14:28 I/WiFi] CTRL-EVENT-CONNECTED - Connection to b0:df:c1:e3:b6:81 completed [id=0 id_str=]
[2021-01-11 17:14:34 W/SIGNAL] Got signal: 15 (Terminated)
[1970-01-01 00:00:10 I/WiFi] CTRL-EVENT-SCAN-RESULTS 
[1970-01-01 00:00:10 I/WiFi] WPS-AP-AVAILABLE 
[1970-01-01 00:00:10 I/WiFi] Trying to associate with b0:df:c1:e3:b6:81 (SSID='Smart-Tenda-001' freq=2432 MHz)
[1970-01-01 00:00:10 I/WiFi] Associated with b0:df:c1:e3:b6:81
[1970-01-01 00:00:11 I/WiFi] CTRL-EVENT-SUBNET-STATUS-UPDATE status=0
[1970-01-01 00:00:11 I/WiFi] WPA: Key negotiation completed with b0:df:c1:e3:b6:81 [PTK=CCMP GTK=TKIP]
[1970-01-01 00:00:11 I/WiFi] CTRL-EVENT-CONNECTED - Connection to b0:df:c1:e3:b6:81 completed [id=0 id_str=]
[1970-01-01 00:00:15 W/SIGNAL] Got signal: 15 (Terminated)
[2021-01-11 17:23:40 I/WiFi] CTRL-EVENT-SCAN-STARTED 
[2021-01-11 17:23:41 I/WiFi] CTRL-EVENT-SCAN-RESULTS 
[2021-01-11 17:23:41 I/WiFi] WPS-AP-AVAILABLE 
[2021-01-11 17:23:41 I/WiFi] Trying to associate with b0:df:c1:e3:b6:81 (SSID='Smart-Tenda-001' freq=2432 MHz)
[2021-01-11 17:23:41 I/WiFi] Associated with b0:df:c1:e3:b6:81
[2021-01-11 17:23:41 I/WiFi] CTRL-EVENT-SUBNET-STATUS-UPDATE status=0
[2021-01-11 17:23:41 I/WiFi] WPA: Key negotiation completed with b0:df:c1:e3:b6:81 [PTK=CCMP GTK=TKIP]
[2021-01-11 17:23:41 I/WiFi] CTRL-EVENT-CONNECTED - Connection to b0:df:c1:e3:b6:81 completed [id=0 id_str=]
[2021-01-11 17:23:46 W/SIGNAL] Got signal: 15 (Terminated)
[2021-01-11 17:25:47 I/WiFi] CTRL-EVENT-SCAN-STARTED 
[2021-01-11 17:25:48 I/WiFi] CTRL-EVENT-SCAN-RESULTS 
[2021-01-11 17:25:48 I/WiFi] WPS-AP-AVAILABLE 
[2021-01-11 17:25:48 I/WiFi] Trying to associate with b0:df:c1:e3:b6:81 (SSID='Smart-Tenda-001' freq=2432 MHz)
[2021-01-11 17:25:48 I/WiFi] Associated with b0:df:c1:e3:b6:81
[2021-01-11 17:25:48 I/WiFi] CTRL-EVENT-SUBNET-STATUS-UPDATE status=0
[2021-01-11 17:25:48 I/WiFi] WPA: Key negotiation completed with b0:df:c1:e3:b6:81 [PTK=CCMP GTK=TKIP]
[2021-01-11 17:25:48 I/WiFi] CTRL-EVENT-CONNECTED - Connection to b0:df:c1:e3:b6:81 completed [id=0 id_str=]
[2021-01-11 17:25:53 W/SIGNAL] Got signal: 15 (Terminated)
