Log file created at: 1970/01/01 00:00:05
Running on machine: midea
Log line format: [IWEF]mmdd hh:mm:ss.uuuuuu threadid file:line] msg
I0101 00:00:05.028557 414] [MCU-DATA] mcudata::Init - CMcuSensorsData Init ok.
I0101 00:00:05.035337 414] [MCU-DATA] mcudata::Init - CLasersData Init ok.
I0101 00:00:05.035687 414] [LOWER] CSerialPort::Init DevName:/dev/ttyS2 BaundRate:115200
I0101 00:00:05.036842 414] [MCU] ReadLaserAngle - OffsetAngle=0.000000,OffsetAngle2=0.000000
I0101 00:00:05.036976 414] new CSlamTask
I0101 00:00:05.037345 423] [SLAM] SLAM::Run 1153 - Run
I0101 00:00:05.838057 414] [SLAM] SLAM::Start 1072 - M7_Laser_Slam_Init
I0101 00:00:05.838154 414] [SLAM] SLAM::Start 1074 - M7_Laser_Slam_SetFusionLaserSLAMPosCallback
I0101 00:00:05.838191 414] g_oSlamTask.Start
I0101 00:00:05.838325 414] [IOT] CSlip::main - ----------------SLIP DETECT ON20200422--------------n
I0101 00:00:05.838779 431] [IOT] CSlip::Run - ----------slipDetect run!----------date:20200618-----------
I0101 00:00:05.838940 414] [CTRL] [IOT] initialize client [127.0.0.1:12109]
I0101 00:00:05.838998 414] [CTRL] [IOT] initialize server port[12108]
I0101 00:00:05.839433 414] [CTRL] Server URL of IotMcuMsgHandler is http://test-mx-cnca.midea.com/v1/dev/feedback/log/upload
I0101 00:00:05.845939 414] [MCU] SetVersion - version: 25(25)
I0101 00:00:05.846273 414] [COV] Config - safe dist=2
I0101 00:00:05.846337 414] [COV] Config - grid nRadius=3, diameter=7
I0101 00:00:05.846382 414] [COV] Config - BrushfireGrid=6, MaxCost=4
I0101 00:00:05.846466 414] [COV] CreateArea - (-20000, -20000, 20000, 20000), using gridmap=1
I0101 00:00:05.846579 414] [COV] CreateArea - width=801, height=801
I0101 00:00:05.846631 414] [COV] Initialize - width=801, height=801, sub_width=80, sub_height=80
I0101 00:00:05.846700 414] [COV] ClearWallFollowPos - enter
I0101 00:00:05.846744 414] [COV] MarkGridCost - enter
I0101 00:00:05.846787 414] [COV] MarkGridCost - enter
I0101 00:00:05.846834 414] [COV] ClearObstacleSide - (-20000, -20000, -20000, -20000)
I0101 00:00:05.846883 414] [COV] ClearObstacleSide - [0, 800, 0, 800]
I0101 00:00:05.847128 414] [COV] ClearObstacleSide - exit
I0101 00:00:05.847184 414] [COV] MarkGridCost - [0, 800, 0, 800]
I0101 00:00:05.847230 414] [COV] MarkGridCost - exit
I0101 00:00:05.847436 414] [COV] MarkGridCost - exit
I0101 00:00:05.847529 414] [COV] CPathPlan::Init - side=1, size=1, obstacle=0, path=0, max_cost=2566404.00, use_history=1
I0101 00:00:05.847576 414] [COV] CPathWalker::Config - enter
I0101 00:00:05.847620 414] [COV] CMotionPlanTask::Start - MaxSideLength=10000
I0101 00:00:05.847665 414] [COV] CSideWalker::SetMaxWalkLen - max len=10000
I0101 00:00:05.847703 414] Mcuoper start
I0101 00:00:05.848196 414] RecvRun create_thread ok.
I0101 00:00:05.848482 414] SendRun create_thread ok.
I0101 00:00:05.849575 433] [MCU] SendBufData - SendBufList size =10........................
I0101 00:00:05.850263 433] [MCU] SendBufData - SendBufList size =10........................
I0101 00:00:05.850831 433] [MCU] SendBufData - SendBufList size =10........................
I0101 00:00:05.851451 433] [MCU] SendBufData - SendBufList size =10........................
I0101 00:00:05.852087 433] [MCU] SendBufData - SendBufList size =10........................
I0101 00:00:05.852662 433] [MCU] SendBufData - SendBufList size =10........................
I0101 00:00:06.848640 414] IoTComm start
I0101 00:00:06.848942 414] CIoTCommunication  RecvRun create_thread ok.
I0101 00:00:06.849209 414] CIoTCommunication SendRun create_thread ok.
I0101 00:00:06.849396 414] CIoTCommunication ServerAccept create_thread ok.
I0101 00:00:06.946493 434] [MCU] SendRun - CMcuOperator::SendRun............
I0101 00:00:07.541869 433] [MCU] Process0x03_0x37_0x01 - TaskID=0,sendID=0,recvcount=100,walkstate=0,sideState=0,version=11431, battStat=0,McuADv=0,McuADa=0,battery=80,wheelL=0, wheelR=0, Algorithm=0, Ultrasonic=0
I0101 00:00:07.541959 433] [MCU] RecvRun - CMcuOperator::RecvRun............
I0101 00:00:07.849574 414] CentralController start
I0101 00:00:07.849810 414] [CTRL] audio path: /usr/sbin/mp3aplay, pid file: /var/run/mp3aplay.pid
I0101 00:00:07.849860 414] [CTRL] launching central controller.
I0101 00:00:07.849903 414] [CTRL] [IOT]: start iot map channel.
I0101 00:00:07.850462 414] [CTRL] [SETTING]: loading common settings
I0101 00:00:07.850462 471] [CTRL] [IOT]: start listen at port 12108.
I0101 00:00:07.851111 471] [CTRL] [IOT]: listening iot client.
E0101 00:00:07.851408 472] [CTRL] [IOT]: unable connect to IOT.
I0101 00:00:07.852460 414] [CTRL] set volume: 75
I0101 00:00:07.852566 414] [CTRL] exec : /usr/bin/tinymix set 75 75
I0101 00:00:07.855586 414] [CTRL] exec result >>
I0101 00:00:07.876159 414] [CTRL] [IOT MCU]: enter SendSaveMapSwitch
I0101 00:00:07.876311 414] [CTRL] [SLAM IOT]: send 04-49, , SendBuf:aa 0c b8 00 00 00 00 00 00 04 49 00 ef 
I0101 00:00:07.876405 414] [CTRL] charge->complete->charge event, complete clean on flag is [0]
I0101 00:00:07.876459 414] [CLEAN] CleanModelCtrl::EnableVibMop - enter
I0101 00:00:07.876531 414] [CTRL] [SETTING]: loading DND settings
I0101 00:00:07.877571 414] [CTRL] [STAT.]: loading statistics
I0101 00:00:07.878819 414] [CTRL] [CLEAN PLAN]: loading clean plan of map[1]
I0101 00:00:07.879778 414] [CTRL] [MAP]: save-map switch is OFF.
I0101 00:00:07.879848 414] [CTRL] [MAP]: resetting manual lines && forbidden zones && room map
I0101 00:00:07.879985 414] [CTRL] [MAP]: delete complete cleaning flag
I0101 00:00:07.880124 414] [CTRL] charge->complete->charge event, complete clean on flag is [0]
I0101 00:00:07.880290 414] [CTRL] [JSON] serialized : {"complete-cleaning":"0","save-map":"0","vib-mop":"1","volume":"75"}
I0101 00:00:07.881209 414] [CLEAN] CleanModelCtrl::[UpdateTrackMapEvent][909] - nNewTrackCleanMapEvent: 0x3, m_nTrackMapEvent: 0x1
I0101 00:00:07.881280 414] [CTRL] [CLEAN PLAN]: invalid plan with room clean
I0101 00:00:07.881325 414] [CTRL] [CLEAN PLAN]: Invalid plan by clean mode[10]
I0101 00:00:07.881457 414] [CTRL] [JSON] serialized : {"_mapId":1,"plans":null}
I0101 00:00:07.881870 414] [CTRL] IsTimeSyncDone: 0
I0101 00:00:07.881958 414] [CTRL] time not sync, refuse clean plan, return.
I0101 00:00:07.882063 414] [CTRL] [MAP]: MapID[1] remove grid map && manual lines && forbidden zones && room map
I0101 00:00:07.882114 414] [CLEAN] CleanModelCtrl::RemoveUserGridMap - enter
I0101 00:00:07.882260 414] [CLEAN] CleanModelCtrl::[RemoveUserGridMapInternal][643] - /tmp/UserGridMap01.map not exsit
I0101 00:00:07.882987 414] [CLEAN] CleanModelCtrl::[RemoveUserGridMapInternal][639] - remove /oem/slam/OriginSlamMap01.map.gz successfully
I0101 00:00:07.883155 414] [CLEAN] CleanModelCtrl::[RemoveUserGridMapInternal][643] - /oem/slam/UserGridMap01.map.gz not exsit
I0101 00:00:07.883239 414] [CLEAN] CleanModelCtrl::[RemoveUserGridMapInternal][643] - /tmp/OriginSlamMap01.map not exsit
I0101 00:00:07.883286 414] [CLEAN] CleanModelCtrl::DeleteChargeOdo - enter
I0101 00:00:07.883447 414] [CLEAN] CleanModelCtrl::[DeleteFile][1242] - remove /oem/slam/ChargePoint01.odo successfully
I0101 00:00:07.883500 414] [CLEAN] CleanModelCtrl::DeleteChargePathOdo - enter
I0101 00:00:07.883652 414] [CLEAN] CleanModelCtrl::[DeleteFile][1242] - remove /oem/slam/ChargePathPoint01.odo successfully
I0101 00:00:07.883941 414] [CTRL] [ROOM]: clear room data
I0101 00:00:07.885892 414] [CTRL] remove /tmp/RoomLabelMap01.rm and /oem/slam/RoomLabelMap01.rm.gz
E0101 00:00:07.886433 414] [CTRL] [IOT]: unable send to IOT, socket not ready
E0101 00:00:07.886520 414] [CTRL] [IOT]: unable send to IOT, socket not ready
E0101 00:00:07.886577 414] [CTRL] [IOT]: unable send to IOT, socket not ready
E0101 00:00:07.886631 414] [CTRL] [IOT]: unable send to IOT, socket not ready
E0101 00:00:07.886686 414] [CTRL] [IOT]: unable send to IOT, socket not ready
I0101 00:00:07.886736 414] [CTRL] [IOT]: response empty room map
E0101 00:00:07.886785 414] [CTRL] [IOT]: unable send to IOT, socket not ready
I0101 00:00:07.886863 414] [CTRL] [Status-Run] start timer, interval [2000]ms, loop[yes], immediately[yes].
I0101 00:00:07.887296 475] [CTRL] [Status-Run] execute immediately.
I0101 00:00:07.887319 414] [CTRL] IsTimeSyncDone: 0
I0101 00:00:07.887365 475] [CTRL] [STATUS]: up status to IOT by trigger[-2]
I0101 00:00:07.887400 414] [CTRL] time not sync, refuse clean plan, return.
I0101 00:00:07.887411 475] [CTRL] [IOT MCU]: enter UpToIotMsg0x04_0x42
I0101 00:00:07.887729 475] [CTRL] UP_0x04_0x42 state=3, fan=2, water=1, walkspeed=1, volume=75, battery=80, minutes=0, area=[0.000000, 0m2]
I0101 00:00:07.887909 475] [CTRL] [IOT]: resp 04-42, , SendBuf:aa 22 b8 00 00 00 00 00 00 04 42 03 00 00 00 00 02 00 01 4b 00 50 00 44 00 00 00 00 01 00 00 00 00 01 f9 
I0101 00:00:07.887959 414] [CTRL] [IOT MCU]: enter DownToMCUMsg0x02_0x22_0x04
I0101 00:00:07.896442 433] [CTRL] [IOT MCU]: enter handleMcuMsg0x02_0x22_0x04
I0101 00:00:07.896623 433] [CTRL] [IOT MCU]: resp 02-22-04, , SendBuf:aa 10 b8 00 00 00 00 00 00 02 22 04 02 00 01 00 0d 
I0101 00:00:08.074569 434] [MCU] SendRun - CMcuOperator::SendRun............
I0101 00:00:08.888308 414] AreaSideTask start
I0101 00:00:08.888766 414] CleanModel start
I0101 00:00:09.190332 434] [MCU] SendRun - CMcuOperator::SendRun............
I0101 00:00:10.016515 433] [MCU] RecvRun - CMcuOperator::RecvRun............
I0101 00:00:10.042809 433] [MCU] Process0x03_0x37_0x01 - TaskID=0,sendID=0,recvcount=200,walkstate=0,sideState=0,version=11431, battStat=0,McuADv=0,McuADa=0,battery=80,wheelL=0, wheelR=0, Algorithm=0, Ultrasonic=0
I0101 00:00:10.045063 464] [IOT] CIoTCommunication::ServerAccept - retcode =1 .................
I0101 00:00:10.045256 464] [IOT] CIoTCommunication::ServerAccept - clientfd = 16
I0101 00:00:10.307940 434] [MCU] SendRun - CMcuOperator::SendRun............
I0101 00:00:11.423524 434] [MCU] SendRun - CMcuOperator::SendRun............
I0101 00:00:11.888968 414] [CLEAN] CleanModelCtrl::MachineStateInit - enter
I0101 00:00:11.889146 414] [CLEAN] CleanModelCtrl::StopCleanDevice - enter
I0101 00:00:11.889192 414] [CLEAN] CleanModelCtrl::StopSlam - enter
I0101 00:00:12.289512 414] [SLAM] SLAM::SuspendSlam 1113 - M7_Laser_Slam_Suspend
E0101 00:00:12.289564 414] g_GridMap.StopSendMap
I0101 00:00:12.289588 414] [CLEAN] CleanModelCtrl::StopChargePath - enter
I0101 00:00:12.289629 414] [MCU] SetTask - EStopChargePath position(-0.000025,-0.012544) taskID =10001
I0101 00:00:12.292233 433] [MCU] Process0x03_0x37_0x01 - m_nRecvTaskID=0,m_uStatus=0, mcu_walkstate=0
I0101 00:00:12.296915 434] [MCU] dumpBuf - SendBuf:aa 18 b8 00 00 00 00 00 00 02 2f 00 00 00 00 02 00 00 00 00 11 27 00 00 c5 
I0101 00:00:12.316493 433] [MCU] Process0x03_0x37_0x01 - m_uStatus=0 mcu_walkstate=0 m_nRecvTaskID=10001 position(-0.000025,-0.012544,-0.100000) 
I0101 00:00:12.344920 414] [CLEAN] CleanModelCtrl::LaserOffTask - enter
I0101 00:00:12.344974 414] [MCU] CloseLaserTask - enter
I0101 00:00:12.352290 414] [PWM] CPwmctrl::LaserOff - LaserOff ok.
I0101 00:00:12.352442 414] [MCU] SetTask - EStopMove position(-0.000025,-0.012544) taskID =10002
I0101 00:00:12.357931 434] [MCU] dumpBuf - SendBuf:aa 12 b8 00 00 00 00 00 00 02 2d 00 00 00 12 27 00 00 ce 
I0101 00:00:12.367405 433] [MCU] Process0x03_0x37_0x01 - m_uStatus=1 mcu_walkstate=1 m_nRecvTaskID=10002 position(-0.000025,-0.012544,-0.100000) 
I0101 00:00:12.391995 433] [MCU] Process0x03_0x37_0x01 - m_uStatus=1 mcu_walkstate=2 m_nRecvTaskID=10002 position(-0.000025,-0.012544,-0.100000) 
I0101 00:00:12.392163 433] [MCU] Process0x03_0x37_0x01 - m_nRecvTaskID=10002,m_uStatus=2, mcu_walkstate=2
I0101 00:00:12.392932 414] [CLEAN] CleanModelCtrl::RestartCheckout - enter
I0101 00:00:12.394083 414] [CLEAN] CleanModelCtrl::[ReadMachineState][300] - read machinestate = 0
I0101 00:00:12.394225 414] [CLEAN] CleanModelCtrl::MachineInit_Enter - enter
I0101 00:00:12.394275 414] [CLEAN] CleanModelCtrl::ClearCleanTask - enter
I0101 00:00:12.394340 414] [COV] CMotionPlanTask::StopTask - start status=1, type=0
I0101 00:00:12.394387 414] [COV] CMotionPlanTask::StopTask - done status=0, type=0
E0101 00:00:12.394433 414] [AREA] ResetTask 1343
I0101 00:00:12.394534 414] [COV] CMotionPlanTask::ResetTask - enter
I0101 00:00:12.394579 414] [COV] CMotionPlanTask::StopTask - start status=0, type=0
I0101 00:00:12.394624 414] [COV] CMotionPlanTask::StopTask - done status=0, type=0
I0101 00:00:12.394669 414] [COV] ReloadGridMap - buf=0
I0101 00:00:12.394862 414] [COV] ReloadGridMap - exit
I0101 00:00:12.394907 414] [COV] ClearWallFollowPos - enter
I0101 00:00:12.395163 414] [COV] CMotionPlanTask::UpdateForbiddenSetting - enter
I0101 00:00:12.395229 414] [COV] CMotionPlanTask::UpdateForbiddenSetting - TimeStamp ForbiddenZone(0)->(7879), MopForbiddenZone(0)->(7879), ManualLines(0)->(7879)
I0101 00:00:12.395284 414] [MCU] IsMopInstalled - The status of MopInstalled = 0
I0101 00:00:12.395335 414] [CLEAN] CleanModelCtrl::InitTaskNeedContinue - enter
I0101 00:00:12.395389 414] [CLEAN] CleanModelCtrl::[SetTimeRecord][1779] - time=1000000, BootupMS=12395,count=0
I0101 00:00:12.395446 414] [CLEAN] CleanModelCtrl::[SetTimeRecord][1781] - time_record=1012395
I0101 00:00:12.395500 414] [CTRL] [STATUS]: !!! notify work state changed : standby -> standby
I0101 00:00:12.395607 414] [CTRL] Time is not sync, return...
I0101 00:00:12.395653 414] [CTRL] [STATUS]: request up status immediate[0]
I0101 00:00:12.395698 414] [CLEAN] CleanModelCtrl::LaserOffTask - enter
I0101 00:00:12.395740 414] [MCU] CloseLaserTask - enter
I0101 00:00:12.407074 414] [PWM] CPwmctrl::LaserOff - LaserOff ok.
I0101 00:00:12.407284 414] [CTRL] notify stopwatch stop
I0101 00:00:12.407342 414] [CTRL] [STATUS]: !!! notify work state changed : standby -> standby
I0101 00:00:12.407451 414] [CTRL] Time is not sync, return...
I0101 00:00:12.407503 414] [CTRL] [STATUS]: request up status immediate[0]
I0101 00:00:12.407842 414] CleanModelCtrl  MachineStateRun create_thread ok.
I0101 00:00:12.466601 433] [MCU] RecvRun - CMcuOperator::RecvRun............
I0101 00:00:12.540920 434] [MCU] SendRun - CMcuOperator::SendRun............
I0101 00:00:12.542385 433] [MCU] Process0x03_0x37_0x01 - TaskID=10002,sendID=10002,recvcount=300,walkstate=2,sideState=0,version=11431, battStat=0,McuADv=0,McuADa=0,battery=80,wheelL=0, wheelR=0, Algorithm=0, Ultrasonic=0
I0101 00:00:13.659559 434] [MCU] SendRun - CMcuOperator::SendRun............
I0101 00:00:13.888550 475] [CTRL] [STATUS]: up status to IOT by trigger[-2]
I0101 00:00:13.888662 475] [CTRL] [IOT MCU]: enter UpToIotMsg0x04_0x42
I0101 00:00:13.888757 475] [CTRL] UP_0x04_0x42 state=3, fan=2, water=1, walkspeed=1, volume=75, battery=80, minutes=0, area=[0.000000, 0m2]
I0101 00:00:13.889079 475] [CTRL] [IOT]: resp 04-42, , SendBuf:aa 22 b8 00 00 00 00 00 00 04 42 03 00 00 00 00 02 00 01 4b 00 50 00 44 00 00 00 00 01 00 00 00 00 01 f9 
I0101 00:00:14.436199 574] [CLEAN] CleanModelCtrl::[MachineStateRun][4514] - MachineStateRun[0] .............
I0101 00:00:14.774994 434] [MCU] SendRun - CMcuOperator::SendRun............
I0101 00:00:14.967402 433] [MCU] RecvRun - CMcuOperator::RecvRun............
I0101 00:00:15.041976 433] [MCU] Process0x03_0x37_0x01 - TaskID=10002,sendID=10002,recvcount=400,walkstate=2,sideState=0,version=11431, battStat=0,McuADv=0,McuADa=0,battery=80,wheelL=0, wheelR=0, Algorithm=0, Ultrasonic=0
I0101 00:00:15.892140 434] [MCU] SendRun - CMcuOperator::SendRun............
I0101 00:00:16.442783 414] [CLEAN] CleanModelCtrl::[LongTaskRunOnce][4546] - LongTaskRun .............
I0101 00:00:16.464769 574] [CLEAN] CleanModelCtrl::[MachineStateRun][4514] - MachineStateRun[0] .............
I0101 00:00:17.017776 434] [MCU] SendRun - CMcuOperator::SendRun............
I0101 00:00:17.467689 433] [MCU] RecvRun - CMcuOperator::RecvRun............
I0101 00:00:17.542474 433] [MCU] Process0x03_0x37_0x01 - TaskID=10002,sendID=10002,recvcount=500,walkstate=2,sideState=0,version=11431, battStat=0,McuADv=0,McuADa=0,battery=80,wheelL=0, wheelR=0, Algorithm=0, Ultrasonic=0
I0101 00:00:18.144514 434] [MCU] SendRun - CMcuOperator::SendRun............
I0101 00:00:18.493148 574] [CLEAN] CleanModelCtrl::[MachineStateRun][4514] - MachineStateRun[0] .............
I0101 00:00:19.261870 434] [MCU] SendRun - CMcuOperator::SendRun............
I0101 00:00:19.967416 433] [MCU] RecvRun - CMcuOperator::RecvRun............
I0101 00:00:20.042812 433] [MCU] Process0x03_0x37_0x01 - TaskID=10002,sendID=10002,recvcount=600,walkstate=2,sideState=0,version=11431, battStat=0,McuADv=0,McuADa=0,battery=80,wheelL=0, wheelR=0, Algorithm=0, Ultrasonic=0
I0101 00:00:20.381743 434] [MCU] SendRun - CMcuOperator::SendRun............
I0101 00:00:20.493154 414] [CLEAN] CleanModelCtrl::[LongTaskRunOnce][4546] - LongTaskRun .............
I0101 00:00:20.522152 574] [CLEAN] CleanModelCtrl::[MachineStateRun][4514] - MachineStateRun[0] .............
I1212 10:03:42.123586 462] [CTRL] [IOT MCU]: enter handleIotMsg0x08_0x81
I1212 10:03:42.123728 462] [CTRL] [IOT MCU]: transmit IOT-->MCU
I1212 10:03:42.123875 462] [CTRL] [IOT MCU]: 08-81, , SendBuf:aa 15 b8 00 00 00 00 00 01 08 81 78 0c 0c 06 0a 03 2a 00 00 00 dc 
I1212 10:03:42.123958 462] [CTRL] [CLOCK]: notify clock changed. time[2020-12-12 10:03:42.123]
I1212 10:03:42.124053 462] [CTRL] IsTimeSyncDone: 1
I1212 10:03:42.124127 462] [CTRL] IsTimeSyncDone: 1
I1212 10:03:42.124265 462] [CTRL] [CLEAN PLAN]: trying schedule next plan.
I1212 10:03:42.124603 462] [CTRL] [CLEAN PLAN]: now [2020-12-12 10:03:42.000 (Sat.)], after trunc[2020-12-12 10:03:00.000 (Sat.)].
I1212 10:03:42.124661 462] [CTRL] [CLEAN PLAN]: no active plan.
I1212 10:03:42.125054 749] [CTRL] [CLEAN PLAN]: STOP current plan timer.
I1212 10:03:42.125123 749] [CTRL] [Clean-Plan] trying cancel.
I1212 10:03:42.125243 749] [CTRL] [Clean-Plan] already expired, or trying to expired. No need to cancel again
I1212 10:03:42.131937 434] [MCU] SendRun - CMcuOperator::SendRun............
I1212 10:03:43.096227 433] [MCU] RecvRun - CMcuOperator::RecvRun............
I1212 10:03:43.196282 433] [MCU] Process0x03_0x37_0x01 - TaskID=10002,sendID=10002,recvcount=700,walkstate=2,sideState=0,version=11431, battStat=0,McuADv=0,McuADa=0,battery=80,wheelL=0, wheelR=0, Algorithm=0, Ultrasonic=0
I1212 10:03:43.204474 414] [MCU] HeartBeatRunonce - SendHeartBeat index = 1,MD_MEM vss=660568.00, rss=16304.00
I1212 10:03:43.205535 574] [CLEAN] CleanModelCtrl::[MachineStateRun][4514] - MachineStateRun[0] .............
I1212 10:03:43.221377 433] [MCU] Process0x03_0x37_0x01 - heart beat index = 1    reset type = 0
I1212 10:03:43.248539 434] [MCU] SendRun - CMcuOperator::SendRun............
I1212 10:03:44.100533 475] [CTRL] [STATUS]: up status to IOT by trigger[0]
I1212 10:03:44.100620 475] [CTRL] [IOT MCU]: enter UpToIotMsg0x04_0x42
I1212 10:03:44.100713 475] [CTRL] UP_0x04_0x42 state=3, fan=2, water=1, walkspeed=1, volume=75, battery=80, minutes=0, area=[0.000000, 0m2]
I1212 10:03:44.100883 475] [CTRL] [IOT]: resp 04-42, , SendBuf:aa 22 b8 00 00 00 00 00 00 04 42 03 00 00 00 00 02 00 01 4b 00 50 00 44 00 00 00 00 01 00 00 00 00 01 f9 
I1212 10:03:44.377183 434] [MCU] SendRun - CMcuOperator::SendRun............
I1212 10:03:45.232360 574] [CLEAN] CleanModelCtrl::[MachineStateRun][4514] - MachineStateRun[0] .............
I1212 10:03:45.252101 414] [CLEAN] CleanModelCtrl::[LongTaskRunOnce][4546] - LongTaskRun .............
I1212 10:03:45.492767 434] [MCU] SendRun - CMcuOperator::SendRun............
I1212 10:03:45.596804 433] [MCU] RecvRun - CMcuOperator::RecvRun............
I1212 10:03:45.696364 433] [MCU] Process0x03_0x37_0x01 - TaskID=10002,sendID=10002,recvcount=800,walkstate=2,sideState=0,version=11431, battStat=0,McuADv=0,McuADa=0,battery=80,wheelL=0, wheelR=0, Algorithm=0, Ultrasonic=0
I1212 10:03:46.609549 434] [MCU] SendRun - CMcuOperator::SendRun............
I1212 10:03:47.260347 574] [CLEAN] CleanModelCtrl::[MachineStateRun][4514] - MachineStateRun[0] .............
I1212 10:03:47.725615 434] [MCU] SendRun - CMcuOperator::SendRun............
I1212 10:03:48.097213 433] [MCU] RecvRun - CMcuOperator::RecvRun............
I1212 10:03:48.197314 433] [MCU] Process0x03_0x37_0x01 - TaskID=10002,sendID=10002,recvcount=900,walkstate=2,sideState=0,version=11431, battStat=0,McuADv=0,McuADa=0,battery=80,wheelL=0, wheelR=0, Algorithm=0, Ultrasonic=0
I1212 10:03:48.542719 476] [CTRL] [Sleep Timer] start timer, interval [600000]ms, loop[no], immediately[no].
I1212 10:03:48.543015 476] [CTRL] _StartSleepTimer after TimeSyncDone, thread exit now
I1212 10:03:48.852995 434] [MCU] SendRun - CMcuOperator::SendRun............
I1212 10:03:49.287931 574] [CLEAN] CleanModelCtrl::[MachineStateRun][4514] - MachineStateRun[0] .............
I1212 10:03:49.340378 414] [CLEAN] CleanModelCtrl::[LongTaskRunOnce][4546] - LongTaskRun .............
I1212 10:03:49.978811 434] [MCU] SendRun - CMcuOperator::SendRun............
I1212 10:03:50.596645 433] [MCU] RecvRun - CMcuOperator::RecvRun............
I1212 10:03:50.697088 433] [MCU] Process0x03_0x37_0x01 - TaskID=10002,sendID=10002,recvcount=1000,walkstate=2,sideState=0,version=11431, battStat=0,McuADv=0,McuADa=0,battery=80,wheelL=0, wheelR=0, Algorithm=0, Ultrasonic=0
I1212 10:03:51.096606 434] [MCU] SendRun - CMcuOperator::SendRun............
I1212 10:03:51.317699 574] [CLEAN] CleanModelCtrl::[MachineStateRun][4514] - MachineStateRun[0] .............
I1212 10:03:52.214752 434] [MCU] SendRun - CMcuOperator::SendRun............
I1212 10:03:53.097014 433] [MCU] RecvRun - CMcuOperator::RecvRun............
I1212 10:03:53.197039 433] [MCU] Process0x03_0x37_0x01 - TaskID=10002,sendID=10002,recvcount=1100,walkstate=2,sideState=0,version=11431, battStat=0,McuADv=0,McuADa=0,battery=80,wheelL=0, wheelR=0, Algorithm=0, Ultrasonic=0
I1212 10:03:53.330485 434] [MCU] SendRun - CMcuOperator::SendRun............
I1212 10:03:53.346855 574] [CLEAN] CleanModelCtrl::[MachineStateRun][4514] - MachineStateRun[0] .............
I1212 10:03:53.443730 414] [CLEAN] CleanModelCtrl::[LongTaskRunOnce][4546] - LongTaskRun .............
I1212 10:03:53.444211 414] [MCU] HeartBeatRunonce - SendHeartBeat index = 2,MD_MEM vss=726104.00, rss=16316.00
I1212 10:03:53.471894 433] [MCU] Process0x03_0x37_0x01 - heart beat index = 2    reset type = 0
I1212 10:03:54.101693 475] [CTRL] [STATUS]: up status to IOT by trigger[0]
I1212 10:03:54.101779 475] [CTRL] [IOT MCU]: enter UpToIotMsg0x04_0x42
I1212 10:03:54.101872 475] [CTRL] UP_0x04_0x42 state=3, fan=2, water=1, walkspeed=1, volume=75, battery=80, minutes=0, area=[0.000000, 0m2]
I1212 10:03:54.102041 475] [CTRL] [IOT]: resp 04-42, , SendBuf:aa 22 b8 00 00 00 00 00 00 04 42 03 00 00 00 00 02 00 01 4b 00 50 00 44 00 00 00 00 01 00 00 00 00 01 f9 
I1212 10:03:54.446751 434] [MCU] SendRun - CMcuOperator::SendRun............
I1212 10:03:55.373822 574] [CLEAN] CleanModelCtrl::[MachineStateRun][4514] - MachineStateRun[0] .............
I1212 10:03:55.575105 434] [MCU] SendRun - CMcuOperator::SendRun............
I1212 10:03:55.597466 433] [MCU] RecvRun - CMcuOperator::RecvRun............
I1212 10:03:55.696967 433] [MCU] Process0x03_0x37_0x01 - TaskID=10002,sendID=10002,recvcount=1200,walkstate=2,sideState=0,version=11431, battStat=0,McuADv=0,McuADa=0,battery=80,wheelL=0, wheelR=0, Algorithm=0, Ultrasonic=0
I1212 10:03:56.427510 471] [CTRL] [IOT]: accept client 127.0.0.1.
I1212 10:03:56.427597 471] [CTRL] [IOT]: success accept.
I1212 10:03:56.427639 471] [CTRL] [IOT]: listening iot client.
I1212 10:03:56.681479 434] [MCU] SendRun - CMcuOperator::SendRun............
I1212 10:03:57.400545 574] [CLEAN] CleanModelCtrl::[MachineStateRun][4514] - MachineStateRun[0] .............
I1212 10:03:57.544906 414] [CLEAN] CleanModelCtrl::[LongTaskRunOnce][4546] - LongTaskRun .............
I1212 10:03:57.807397 434] [MCU] SendRun - CMcuOperator::SendRun............
I1212 10:03:58.096411 433] [MCU] RecvRun - CMcuOperator::RecvRun............
I1212 10:03:58.196568 433] [MCU] Process0x03_0x37_0x01 - TaskID=10002,sendID=10002,recvcount=1300,walkstate=2,sideState=0,version=11431, battStat=0,McuADv=0,McuADa=0,battery=80,wheelL=0, wheelR=0, Algorithm=0, Ultrasonic=0
I1212 10:03:58.544214 477] [CTRL] [IOT MCU]: enter DownToMCUMsg0x02_0x23
I1212 10:03:58.544622 477] [CTRL] [IOT MCU]: DownToMCU 02-23, , SendBuf:aa 12 b8 00 00 00 00 00 00 02 23 14 0b 0c 06 0a 03 3a 99 
I1212 10:03:58.544685 477] [CTRL] Upload all the map data when connect the WiFi and Send Fd is OK
I1212 10:03:58.545128 477] [CTRL] [IOT]: send message[315], 12 byte(s) to IOT
I1212 10:03:58.545449 477] [CTRL] [IOT]: send message[319], 12 byte(s) to IOT
I1212 10:03:58.545676 477] [CTRL] [IOT]: send message[320], 12 byte(s) to IOT
I1212 10:03:58.545900 477] [CTRL] [IOT]: send message[301], 36 byte(s) to IOT
I1212 10:03:58.545953 477] [CTRL] [IOT]: response empty room map
I1212 10:03:58.546206 477] [CTRL] [IOT]: send message[313], 40 byte(s) to IOT
I1212 10:03:58.546530 477] [CTRL] [IOT]: send message[315], 12 byte(s) to IOT
I1212 10:03:58.546762 477] [CTRL] [IOT]: send message[319], 12 byte(s) to IOT
I1212 10:03:58.546984 477] [CTRL] [IOT]: send message[320], 12 byte(s) to IOT
I1212 10:03:58.547245 477] [CTRL] [IOT]: send message[301], 36 byte(s) to IOT
I1212 10:03:58.547456 477] [CTRL] [IOT]: response empty room map
I1212 10:03:58.547554 477] [CTRL] [IOT]: send message[313], 40 byte(s) to IOT
I1212 10:03:58.547607 477] [CTRL] [IOT]: Push_USER_MAP of map[1] full[1]
I1212 10:03:58.547762 477] [CTRL] [IOT]: Push_MANUAL_LINE of map[1]
I1212 10:03:58.547812 477] [CTRL] get manual lines of map[1].
I1212 10:03:58.547928 477] [CTRL] [CManualLineSetting] map[1], timestamp[7879] size 0 >>>>>
I1212 10:03:58.547991 477] [CTRL] Push_MANUAL_LINE mapid=1
I1212 10:03:58.548069 477] [CTRL] [IOT]: send message[315], 12 byte(s) to IOT
I1212 10:03:58.548118 477] [CTRL] [IOT]: Push_FORBIDDEN_ZONE of map[1]
I1212 10:03:58.548208 477] [CTRL] get forbidden zone of map[1].
I1212 10:03:58.548286 477] [CTRL] [CForbiddenZoneSetting] map[1], timestamp[7879] size 0 >>>>>

I1212 10:03:58.548344 477] [CTRL] Push_FORBIDDEN_ZONE mapid=1
I1212 10:03:58.548418 477] [CTRL] [IOT]: send message[319], 12 byte(s) to IOT
I1212 10:03:58.548470 477] [CTRL] [IOT]: Push_MOP_FORBIDDEN_ZONE of map[1]
I1212 10:03:58.548597 477] [CTRL] get mop forbidden zone of map[1].
I1212 10:03:58.548677 477] [CTRL] [CForbiddenZoneSetting] map[1], timestamp[7879] size 0 >>>>>

I1212 10:03:58.548733 477] [CTRL] Push_MOP_FORBIDDEN_ZONE mapid=1
I1212 10:03:58.548805 477] [CTRL] [IOT]: send message[320], 12 byte(s) to IOT
I1212 10:03:58.548853 477] [CTRL] PUSH_CTRL_ROOM_INFO
I1212 10:03:58.548909 477] [CTRL] [IOT]: handle push room
I1212 10:03:58.548950 477] [CTRL] [IOT]: response room map
I1212 10:03:58.549021 477] [CTRL] [IOT]: send message[313], 40 byte(s) to IOT
I1212 10:03:58.924269 434] [MCU] SendRun - CMcuOperator::SendRun............
I1212 10:03:59.426746 574] [CLEAN] CleanModelCtrl::[MachineStateRun][4514] - MachineStateRun[0] .............
I1212 10:04:00.042212 434] [MCU] SendRun - CMcuOperator::SendRun............
I1212 10:04:00.571705 433] [MCU] RecvRun - CMcuOperator::RecvRun............
I1212 10:04:00.697006 433] [MCU] Process0x03_0x37_0x01 - TaskID=10002,sendID=10002,recvcount=1400,walkstate=2,sideState=0,version=11431, battStat=0,McuADv=0,McuADa=0,battery=80,wheelL=0, wheelR=0, Algorithm=0, Ultrasonic=0
I1212 10:04:01.158890 434] [MCU] SendRun - CMcuOperator::SendRun............
I1212 10:04:01.454588 574] [CLEAN] CleanModelCtrl::[MachineStateRun][4514] - MachineStateRun[0] .............
I1212 10:04:01.653455 414] [CLEAN] CleanModelCtrl::[LongTaskRunOnce][4546] - LongTaskRun .............
I1212 10:04:02.276464 434] [MCU] SendRun - CMcuOperator::SendRun............
I1212 10:04:03.071560 433] [MCU] RecvRun - CMcuOperator::RecvRun............
I1212 10:04:03.196635 433] [MCU] Process0x03_0x37_0x01 - TaskID=10002,sendID=10002,recvcount=1500,walkstate=2,sideState=0,version=11431, battStat=0,McuADv=0,McuADa=0,battery=80,wheelL=0, wheelR=0, Algorithm=0, Ultrasonic=0
I1212 10:04:03.403874 434] [MCU] SendRun - CMcuOperator::SendRun............
I1212 10:04:03.479929 574] [CLEAN] CleanModelCtrl::[MachineStateRun][4514] - MachineStateRun[0] .............
I1212 10:04:03.699393 414] [MCU] HeartBeatRunonce - SendHeartBeat index = 3,MD_MEM vss=726104.00, rss=16328.00
I1212 10:04:03.722508 433] [MCU] Process0x03_0x37_0x01 - heart beat index = 3    reset type = 0
I1212 10:04:04.102813 475] [CTRL] [STATUS]: up status to IOT by trigger[0]
I1212 10:04:04.102900 475] [CTRL] [IOT MCU]: enter UpToIotMsg0x04_0x42
I1212 10:04:04.102993 475] [CTRL] UP_0x04_0x42 state=3, fan=2, water=1, walkspeed=1, volume=75, battery=80, minutes=0, area=[0.000000, 0m2]
I1212 10:04:04.103237 475] [CTRL] [IOT]: resp 04-42, , SendBuf:aa 22 b8 00 00 00 00 00 00 04 42 03 00 00 00 00 02 00 01 4b 00 50 00 44 00 00 00 00 01 00 00 00 00 01 f9 
I1212 10:04:04.521567 434] [MCU] SendRun - CMcuOperator::SendRun............
I1212 10:04:05.509783 574] [CLEAN] CleanModelCtrl::[MachineStateRun][4514] - MachineStateRun[0] .............
I1212 10:04:05.571622 433] [MCU] RecvRun - CMcuOperator::RecvRun............
I1212 10:04:05.638854 434] [MCU] SendRun - CMcuOperator::SendRun............
I1212 10:04:05.697341 433] [MCU] Process0x03_0x37_0x01 - TaskID=10002,sendID=10002,recvcount=1600,walkstate=2,sideState=0,version=11431, battStat=0,McuADv=0,McuADa=0,battery=80,wheelL=0, wheelR=0, Algorithm=0, Ultrasonic=0
I1212 10:04:05.747920 414] [CLEAN] CleanModelCtrl::[LongTaskRunOnce][4546] - LongTaskRun .............
I1212 10:04:06.757051 434] [MCU] SendRun - CMcuOperator::SendRun............
I1212 10:04:07.536877 574] [CLEAN] CleanModelCtrl::[MachineStateRun][4514] - MachineStateRun[0] .............
I1212 10:04:07.882298 434] [MCU] SendRun - CMcuOperator::SendRun............
I1212 10:04:08.072470 433] [MCU] RecvRun - CMcuOperator::RecvRun............
I1212 10:04:08.197049 433] [MCU] Process0x03_0x37_0x01 - TaskID=10002,sendID=10002,recvcount=1700,walkstate=2,sideState=0,version=11431, battStat=0,McuADv=0,McuADa=0,battery=80,wheelL=0, wheelR=0, Algorithm=0, Ultrasonic=0
I1212 10:04:09.001051 434] [MCU] SendRun - CMcuOperator::SendRun............
I1212 10:04:09.563612 574] [CLEAN] CleanModelCtrl::[MachineStateRun][4514] - MachineStateRun[0] .............
I1212 10:04:09.861336 414] [CLEAN] CleanModelCtrl::[LongTaskRunOnce][4546] - LongTaskRun .............
I1212 10:04:10.129062 434] [MCU] SendRun - CMcuOperator::SendRun............
I1212 10:04:10.572350 433] [MCU] RecvRun - CMcuOperator::RecvRun............
I1212 10:04:10.696998 433] [MCU] Process0x03_0x37_0x01 - TaskID=10002,sendID=10002,recvcount=1800,walkstate=2,sideState=0,version=11431, battStat=0,McuADv=0,McuADa=0,battery=80,wheelL=0, wheelR=0, Algorithm=0, Ultrasonic=0
I1212 10:04:11.247270 434] [MCU] SendRun - CMcuOperator::SendRun............
I1212 10:04:11.592478 574] [CLEAN] CleanModelCtrl::[MachineStateRun][4514] - MachineStateRun[0] .............
I1212 10:04:12.354779 434] [MCU] SendRun - CMcuOperator::SendRun............
I1212 10:04:13.072414 433] [MCU] RecvRun - CMcuOperator::RecvRun............
I1212 10:04:13.197554 433] [MCU] Process0x03_0x37_0x01 - TaskID=10002,sendID=10002,recvcount=1900,walkstate=2,sideState=0,version=11431, battStat=0,McuADv=0,McuADa=0,battery=80,wheelL=0, wheelR=0, Algorithm=0, Ultrasonic=0
I1212 10:04:13.481335 434] [MCU] SendRun - CMcuOperator::SendRun............
I1212 10:04:13.618032 574] [CLEAN] CleanModelCtrl::[MachineStateRun][4514] - MachineStateRun[0] .............
I1212 10:04:13.962266 414] [CLEAN] CleanModelCtrl::[LongTaskRunOnce][4546] - LongTaskRun .............
I1212 10:04:13.962815 414] [MCU] HeartBeatRunonce - SendHeartBeat index = 4,MD_MEM vss=726104.00, rss=16328.00
I1212 10:04:13.997373 433] [MCU] Process0x03_0x37_0x01 - heart beat index = 4    reset type = 0
I1212 10:04:14.104470 475] [CTRL] [STATUS]: up status to IOT by trigger[0]
I1212 10:04:14.104555 475] [CTRL] [IOT MCU]: enter UpToIotMsg0x04_0x42
I1212 10:04:14.104648 475] [CTRL] UP_0x04_0x42 state=3, fan=2, water=1, walkspeed=1, volume=75, battery=80, minutes=0, area=[0.000000, 0m2]
I1212 10:04:14.104918 475] [CTRL] [IOT]: resp 04-42, , SendBuf:aa 22 b8 00 00 00 00 00 00 04 42 03 00 00 00 00 02 00 01 4b 00 50 00 44 00 00 00 00 01 00 00 00 00 01 f9 
I1212 10:04:14.596889 434] [MCU] SendRun - CMcuOperator::SendRun............
I1212 10:04:15.572790 433] [MCU] RecvRun - CMcuOperator::RecvRun............
I1212 10:04:15.644469 574] [CLEAN] CleanModelCtrl::[MachineStateRun][4514] - MachineStateRun[0] .............
I1212 10:04:15.696996 433] [MCU] Process0x03_0x37_0x01 - TaskID=10002,sendID=10002,recvcount=2000,walkstate=2,sideState=0,version=11431, battStat=0,McuADv=0,McuADa=0,battery=80,wheelL=0, wheelR=0, Algorithm=0, Ultrasonic=0
I1212 10:04:15.716212 434] [MCU] SendRun - CMcuOperator::SendRun............
I1212 10:04:16.834561 434] [MCU] SendRun - CMcuOperator::SendRun............
I1212 10:04:17.669844 574] [CLEAN] CleanModelCtrl::[MachineStateRun][4514] - MachineStateRun[0] .............
I1212 10:04:17.952402 434] [MCU] SendRun - CMcuOperator::SendRun............
I1212 10:04:18.052907 414] [CLEAN] CleanModelCtrl::[LongTaskRunOnce][4546] - LongTaskRun .............
I1212 10:04:18.072517 433] [MCU] RecvRun - CMcuOperator::RecvRun............
I1212 10:04:18.197093 433] [MCU] Process0x03_0x37_0x01 - TaskID=10002,sendID=10002,recvcount=2100,walkstate=2,sideState=0,version=11431, battStat=0,McuADv=0,McuADa=0,battery=80,wheelL=0, wheelR=0, Algorithm=0, Ultrasonic=0
I1212 10:04:19.077267 434] [MCU] SendRun - CMcuOperator::SendRun............
I1212 10:04:19.696010 574] [CLEAN] CleanModelCtrl::[MachineStateRun][4514] - MachineStateRun[0] .............
I1212 10:04:20.202556 434] [MCU] SendRun - CMcuOperator::SendRun............
I1212 10:04:20.547256 433] [MCU] RecvRun - CMcuOperator::RecvRun............
I1212 10:04:20.697194 433] [MCU] Process0x03_0x37_0x01 - TaskID=10002,sendID=10002,recvcount=2200,walkstate=2,sideState=0,version=11431, battStat=0,McuADv=0,McuADa=0,battery=80,wheelL=0, wheelR=0, Algorithm=0, Ultrasonic=0
I1212 10:04:21.319366 434] [MCU] SendRun - CMcuOperator::SendRun............
I1212 10:04:21.722550 574] [CLEAN] CleanModelCtrl::[MachineStateRun][4514] - MachineStateRun[0] .............
I1212 10:04:22.141124 414] [CLEAN] CleanModelCtrl::[LongTaskRunOnce][4546] - LongTaskRun .............
I1212 10:04:22.438400 434] [MCU] SendRun - CMcuOperator::SendRun............
I1212 10:04:23.047101 433] [MCU] RecvRun - CMcuOperator::RecvRun............
I1212 10:04:23.197650 433] [MCU] Process0x03_0x37_0x01 - TaskID=10002,sendID=10002,recvcount=2300,walkstate=2,sideState=0,version=11431, battStat=0,McuADv=0,McuADa=0,battery=80,wheelL=0, wheelR=0, Algorithm=0, Ultrasonic=0
I1212 10:04:23.556265 434] [MCU] SendRun - CMcuOperator::SendRun............
I1212 10:04:23.749074 574] [CLEAN] CleanModelCtrl::[MachineStateRun][4514] - MachineStateRun[0] .............
I1212 10:04:24.105724 475] [CTRL] [STATUS]: up status to IOT by trigger[0]
I1212 10:04:24.105813 475] [CTRL] [IOT MCU]: enter UpToIotMsg0x04_0x42
I1212 10:04:24.105903 475] [CTRL] UP_0x04_0x42 state=3, fan=2, water=1, walkspeed=1, volume=75, battery=80, minutes=0, area=[0.000000, 0m2]
I1212 10:04:24.106266 475] [CTRL] [IOT]: resp 04-42, , SendBuf:aa 22 b8 00 00 00 00 00 00 04 42 03 00 00 00 00 02 00 01 4b 00 50 00 44 00 00 00 00 01 00 00 00 00 01 f9 
I1212 10:04:24.188086 414] [MCU] HeartBeatRunonce - SendHeartBeat index = 5,MD_MEM vss=726104.00, rss=16328.00
I1212 10:04:24.222586 433] [MCU] Process0x03_0x37_0x01 - heart beat index = 5    reset type = 0
I1212 10:04:24.673101 434] [MCU] SendRun - CMcuOperator::SendRun............
I1212 10:04:25.547066 433] [MCU] RecvRun - CMcuOperator::RecvRun............
I1212 10:04:25.698035 433] [MCU] Process0x03_0x37_0x01 - TaskID=10002,sendID=10002,recvcount=2400,walkstate=2,sideState=0,version=11431, battStat=0,McuADv=0,McuADa=0,battery=80,wheelL=0, wheelR=0, Algorithm=0, Ultrasonic=0
I1212 10:04:25.776525 574] [CLEAN] CleanModelCtrl::[MachineStateRun][4514] - MachineStateRun[0] .............
I1212 10:04:25.801436 434] [MCU] SendRun - CMcuOperator::SendRun............
I1212 10:04:26.234668 414] [CLEAN] CleanModelCtrl::[LongTaskRunOnce][4546] - LongTaskRun .............
I1212 10:04:26.907459 434] [MCU] SendRun - CMcuOperator::SendRun............
I1212 10:04:27.803007 574] [CLEAN] CleanModelCtrl::[MachineStateRun][4514] - MachineStateRun[0] .............
I1212 10:04:28.023634 434] [MCU] SendRun - CMcuOperator::SendRun............
I1212 10:04:28.047363 433] [MCU] RecvRun - CMcuOperator::RecvRun............
I1212 10:04:28.197685 433] [MCU] Process0x03_0x37_0x01 - TaskID=10002,sendID=10002,recvcount=2500,walkstate=2,sideState=0,version=11431, battStat=0,McuADv=0,McuADa=0,battery=80,wheelL=0, wheelR=0, Algorithm=0, Ultrasonic=0
I1212 10:04:29.152917 434] [MCU] SendRun - CMcuOperator::SendRun............
I1212 10:04:29.828766 574] [CLEAN] CleanModelCtrl::[MachineStateRun][4514] - MachineStateRun[0] .............
I1212 10:04:30.278120 434] [MCU] SendRun - CMcuOperator::SendRun............
I1212 10:04:30.332965 414] [CLEAN] CleanModelCtrl::[LongTaskRunOnce][4546] - LongTaskRun .............
I1212 10:04:30.547643 433] [MCU] RecvRun - CMcuOperator::RecvRun............
I1212 10:04:30.697336 433] [MCU] Process0x03_0x37_0x01 - TaskID=10002,sendID=10002,recvcount=2600,walkstate=2,sideState=0,version=11431, battStat=0,McuADv=0,McuADa=0,battery=80,wheelL=0, wheelR=0, Algorithm=0, Ultrasonic=0
I1212 10:04:31.396498 434] [MCU] SendRun - CMcuOperator::SendRun............
I1212 10:04:31.853327 574] [CLEAN] CleanModelCtrl::[MachineStateRun][4514] - MachineStateRun[0] .............
I1212 10:04:32.505561 434] [MCU] SendRun - CMcuOperator::SendRun............
I1212 10:04:33.022922 433] [MCU] RecvRun - CMcuOperator::RecvRun............
I1212 10:04:33.197659 433] [MCU] Process0x03_0x37_0x01 - TaskID=10002,sendID=10002,recvcount=2700,walkstate=2,sideState=0,version=11431, battStat=0,McuADv=0,McuADa=0,battery=80,wheelL=0, wheelR=0, Algorithm=0, Ultrasonic=0
I1212 10:04:33.633240 434] [MCU] SendRun - CMcuOperator::SendRun............
I1212 10:04:33.881770 574] [CLEAN] CleanModelCtrl::[MachineStateRun][4514] - MachineStateRun[0] .............
I1212 10:04:34.106962 475] [CTRL] [STATUS]: up status to IOT by trigger[0]
I1212 10:04:34.107049 475] [CTRL] [IOT MCU]: enter UpToIotMsg0x04_0x42
I1212 10:04:34.107192 475] [CTRL] UP_0x04_0x42 state=3, fan=2, water=1, walkspeed=1, volume=75, battery=80, minutes=0, area=[0.000000, 0m2]
I1212 10:04:34.107367 475] [CTRL] [IOT]: resp 04-42, , SendBuf:aa 22 b8 00 00 00 00 00 00 04 42 03 00 00 00 00 02 00 01 4b 00 50 00 44 00 00 00 00 01 00 00 00 00 01 f9 
I1212 10:04:34.425782 414] [CLEAN] CleanModelCtrl::[LongTaskRunOnce][4546] - LongTaskRun .............
I1212 10:04:34.426364 414] [MCU] HeartBeatRunonce - SendHeartBeat index = 6,MD_MEM vss=726104.00, rss=16328.00
I1212 10:04:34.448356 433] [MCU] Process0x03_0x37_0x01 - heart beat index = 6    reset type = 0
I1212 10:04:34.749922 434] [MCU] SendRun - CMcuOperator::SendRun............
I1212 10:04:35.522333 433] [MCU] RecvRun - CMcuOperator::RecvRun............
I1212 10:04:35.697466 433] [MCU] Process0x03_0x37_0x01 - TaskID=10002,sendID=10002,recvcount=2800,walkstate=2,sideState=0,version=11431, battStat=0,McuADv=0,McuADa=0,battery=80,wheelL=0, wheelR=0, Algorithm=0, Ultrasonic=0
I1212 10:04:35.801364 464] [IOT] CIoTCommunication::ServerAccept - retcode =1 .................
I1212 10:04:35.801499 464] [IOT] CIoTCommunication::ServerAccept - clientfd = 20
I1212 10:04:35.864637 434] [MCU] SendRun - CMcuOperator::SendRun............
I1212 10:04:35.910442 574] [CLEAN] CleanModelCtrl::[MachineStateRun][4514] - MachineStateRun[0] .............
E1212 10:04:36.503837 472] [CTRL] [IOT]: unable connect to IOT.
I1212 10:04:36.973459 434] [MCU] SendRun - CMcuOperator::SendRun............
I1212 10:04:37.936116 574] [CLEAN] CleanModelCtrl::[MachineStateRun][4514] - MachineStateRun[0] .............
I1212 10:04:38.022724 433] [MCU] RecvRun - CMcuOperator::RecvRun............
I1212 10:04:38.100596 434] [MCU] SendRun - CMcuOperator::SendRun............
I1212 10:04:38.197692 433] [MCU] Process0x03_0x37_0x01 - TaskID=10002,sendID=10002,recvcount=