00:00:18.854189,233,233
00:00:19.004912,234,234
00:00:19.151520,236,236
00:00:19.303278,234,234
00:00:19.493292,230,230
00:00:19.642730,231,231
00:00:19.817819,232,232
00:00:19.955099,231,231
00:00:20.151222,230,230
00:00:20.290701,230,230
00:00:20.436185,229,229
00:00:20.637857,225,225
00:00:20.788857,223,223
00:00:20.947120,230,230
00:00:21.133402,227,227
20:31:13.213443,228,228
20:31:13.362648,226,226
20:31:13.572230,223,223
20:31:13.706322,224,224
20:31:13.896991,227,227
20:31:14.031538,226,226
20:31:14.232694,226,226
20:31:14.369451,228,228
20:31:17.165736,230,230
20:31:17.381539,230,230
20:31:17.524920,241,241
20:31:17.687546,237,237
20:31:17.833675,238,238
20:31:18.041580,236,236
20:31:18.174235,234,234
20:31:18.365347,236,236
20:31:18.505861,240,240
20:31:18.645210,237,237
20:31:18.860559,236,236
20:31:19.001806,238,238
20:31:19.166353,243,241
20:31:19.313426,242,240
20:31:19.532631,247,240
20:31:19.677803,246,243
20:31:19.834877,244,240
20:31:19.978468,241,240
20:31:20.183998,245,241
20:31:20.330055,244,241
20:31:20.494694,240,240
20:31:20.635605,244,240
20:31:20.854226,242,241
20:31:21.000063,242,240
20:31:21.148725,241,241
20:31:21.298452,243,240
20:31:21.509429,244,243
20:31:21.656792,241,240
20:31:21.798664,241,240
20:31:21.975364,231,231
20:31:22.126075,237,237
20:31:22.293655,228,228
20:31:22.447500,232,232
20:31:22.632746,232,232
20:31:22.782434,231,231
20:31:22.970254,232,232
20:31:23.113698,230,230
20:31:23.321449,224,224
20:31:23.466262,212,212
20:31:23.620826,216,216
20:31:23.771991,213,213
20:31:23.955271,224,224
20:31:24.166288,229,229
20:31:24.329082,225,225
20:31:24.472573,223,223
20:31:24.622330,220,220
20:31:24.773882,228,228
20:31:24.958317,226,226
20:31:25.099181,231,231
20:31:25.310271,236,236
20:31:25.446086,238,238
20:31:25.590169,238,238
20:31:25.745473,243,240
20:31:25.949744,240,240
20:31:26.071736,239,239
20:31:26.227531,235,235
20:31:26.408284,233,233
20:31:26.555337,230,230
20:31:26.742777,223,223
20:31:26.883977,221,221
20:31:27.063470,215,215
20:31:27.216559,219,219
20:31:27.399329,223,223
20:31:27.557822,229,229
20:31:27.736174,224,224
20:31:27.882282,229,229
20:31:28.094452,223,223
20:31:28.231305,227,227
20:31:28.426816,225,225
20:31:28.562589,224,224
20:31:28.743187,229,229
20:31:28.867694,239,239
20:31:29.076355,238,238
20:31:29.203442,237,237
20:31:29.418980,235,235
20:31:29.543824,236,236
20:31:29.748625,238,238
20:31:29.868181,232,232
20:31:30.067428,231,231
20:31:30.191910,221,221
20:31:30.344862,220,220
20:31:30.557087,223,223
20:31:30.688525,226,226
20:31:30.885321,223,223
20:31:31.025563,220,220
20:31:31.199244,227,227
20:31:31.347642,224,224
20:31:31.560268,218,218
20:31:31.720356,220,220
20:31:31.858883,219,219
20:31:32.030025,213,213
20:31:32.196816,215,215
20:31:32.389520,216,216
20:31:32.518416,219,219
20:31:32.705540,230,230
20:31:32.854930,236,236
20:31:33.027263,235,235
20:31:33.195185,232,232
20:31:33.339694,233,233
20:31:33.538686,235,235
20:31:33.662989,236,236
20:31:33.838948,235,235
20:31:33.985435,231,231
20:31:34.198961,233,233
20:31:34.318814,231,231
20:31:34.473292,229,229
20:31:34.656016,232,232
20:31:34.817374,227,227
20:31:34.988629,232,232
20:31:35.159878,229,229
20:31:35.321234,230,230
20:31:35.484622,232,232
20:31:35.682706,241,240
20:31:35.830772,235,235
20:31:35.990958,235,235
20:31:36.189236,238,238
20:31:36.315991,239,239
20:31:36.525139,238,238
20:31:36.646212,235,235
20:31:36.789235,230,230
20:31:36.969022,231,231
20:31:37.162230,221,221
20:31:37.327324,215,215
20:31:37.457590,215,215
20:31:37.635270,220,220
20:31:37.817005,222,222
20:31:37.983625,224,224
20:31:38.118721,225,225
20:31:38.326042,224,224
20:31:38.492679,226,226
20:31:38.645954,224,224
20:31:38.781395,221,221
20:31:38.986558,228,228
20:31:39.111423,235,235
20:31:39.313933,238,238
20:31:39.440279,235,235
20:31:39.657774,237,237
20:31:39.779134,238,238
20:31:39.977401,236,236
20:31:40.104672,233,233
20:31:40.282686,235,235
20:31:40.434317,238,238
20:31:40.610735,236,236
20:31:40.788782,233,233
20:31:40.921877,237,237
20:31:41.134786,236,236
20:31:41.249788,233,233
20:31:41.456053,243,240
20:31:41.582263,240,240
20:31:41.788367,235,235
20:31:41.916611,235,235
20:31:42.125262,231,231
20:31:42.249122,230,230
20:31:42.449795,218,218
20:31:42.579373,225,225
20:31:42.787616,222,222
20:31:42.909332,224,224
20:31:43.116032,223,223
20:31:43.243526,228,228
20:31:43.461256,221,221
20:31:43.578617,218,218
20:31:43.757612,219,219
20:31:43.900503,215,215
20:31:44.112886,220,220
20:31:44.240626,222,222
20:31:44.377482,225,225
20:31:44.567745,232,232
20:31:44.712707,238,238
20:31:44.890897,240,240
20:31:45.046622,240,240
20:31:45.251742,238,238
20:31:45.378772,241,240
20:31:45.584048,238,238
20:31:45.705830,230,230
20:31:45.912642,234,234
20:31:46.046412,233,233
20:31:46.257963,231,231
20:31:46.428272,231,231
20:31:46.549052,232,232
20:31:46.767338,237,237
20:31:46.886190,236,236
20:31:47.058173,232,232
20:31:47.235740,228,228
20:31:47.375990,234,234
20:31:47.537065,228,228
20:31:47.692077,229,229
20:31:47.877475,239,239
20:31:48.029781,240,240
20:31:48.238687,239,239
20:31:48.410292,241,241
20:31:48.548470,241,241
20:31:48.688272,235,235
20:31:48.895239,238,238
20:31:49.020264,232,232
20:31:49.202595,236,236
20:31:49.372210,234,234
20:31:49.567081,225,225
20:31:49.686935,223,223
20:31:49.845156,221,221
20:31:50.039701,223,223
20:31:50.161228,221,221
20:31:50.347874,220,220
20:31:50.530212,223,223
20:31:50.675348,223,223
20:31:50.839468,225,225
20:31:51.035522,231,231
20:31:51.164131,232,232
20:31:51.338542,232,232
20:31:51.489734,232,232
20:31:51.671687,240,240
20:31:51.845296,240,240
20:31:52.027068,243,240
20:31:52.158658,244,240
20:31:52.360632,239,239
20:31:52.485756,237,237
20:31:52.686933,233,233
20:31:52.814949,232,232
20:31:53.032721,234,234
20:31:53.149950,224,224
20:31:53.360139,228,228
20:31:53.493319,226,226
20:31:53.648367,231,231
20:31:53.812966,234,234
20:31:53.971624,234,234
20:31:54.160439,230,230
20:31:54.290463,232,232
20:31:54.494746,231,231
20:31:54.650933,230,230
20:31:54.804680,234,234
20:31:54.985797,237,237
20:31:55.159373,239,239
20:31:55.336315,231,231
20:31:55.462635,231,231
20:31:55.679630,226,226
20:31:55.810624,227,227
20:31:56.014322,213,213
20:31:56.132407,213,213
20:31:56.318289,217,217
20:31:56.467288,218,218
20:31:56.616292,215,215
20:31:56.844663,221,221
20:31:56.960918,222,222
20:31:57.128197,225,225
20:31:57.281599,227,227
20:31:57.455271,234,234
20:31:57.607254,230,230
20:31:57.816507,234,234
20:31:57.949142,236,236
20:31:58.100296,231,231
20:31:58.314074,230,230
20:31:58.434914,224,224
20:31:58.634692,226,226
20:31:58.756079,224,224
20:31:58.964745,216,216
20:31:59.096489,225,225
20:31:59.241330,230,230
20:31:59.443650,224,224
20:31:59.572191,220,220
20:31:59.780634,220,220
20:31:59.910045,219,219
20:32:00.077917,215,215
20:32:00.259690,217,217
20:32:00.418241,222,222
20:32:00.565272,227,227
20:32:00.766844,220,220
20:32:00.891899,223,223
20:32:01.104277,229,229
20:32:01.253701,227,227
20:32:01.408138,229,229
20:32:01.587141,228,228
20:32:01.747469,231,231
20:32:01.892652,231,231
20:32:02.110654,232,232
20:32:02.233572,230,230
20:32:02.423810,230,230
20:32:02.559504,226,226
20:32:02.748134,225,225
20:32:02.886945,231,231
20:32:03.104032,230,230
20:32:03.236536,231,231
20:32:03.370645,222,222
20:32:03.586885,227,227
20:32:03.712328,226,226
20:32:03.900490,230,230
20:32:04.027191,229,229
20:32:04.228143,229,229
20:32:04.355509,228,228
20:32:04.561218,229,229
20:32:04.685675,224,224
20:32:04.885449,222,222
20:32:05.024492,229,229
20:32:05.228214,227,227
20:32:05.347478,219,219
20:32:05.560575,219,219
20:32:05.684942,216,216
20:32:05.865270,225,225
20:32:06.014040,231,231
20:32:06.211696,232,232
20:32:06.351475,229,229
20:32:06.529682,232,232
20:32:06.702605,233,233
20:32:06.867564,232,232
20:32:07.023502,229,229
20:32:07.216944,226,226
20:32:07.339159,226,226
20:32:07.564647,227,227
20:32:07.686933,226,226
20:32:07.884156,225,225
20:32:08.004798,227,227
20:32:08.209015,236,236
20:32:08.340067,238,238
20:32:08.550710,241,240
20:32:08.668578,238,238
20:32:08.881500,241,240
20:32:09.003257,238,238
20:32:09.167505,237,237
20:32:09.336681,236,236
20:32:09.473322,226,226
20:32:09.692685,215,215
20:32:09.811844,216,216
20:32:09.987042,222,222
20:32:10.144296,224,224
20:32:10.320307,229,229
20:32:10.479416,226,226
20:32:10.654434,227,227
20:32:10.807855,230,230
20:32:11.011427,229,229
20:32:11.134500,229,229
20:32:11.355257,234,234
20:32:11.478678,231,231
20:32:11.618468,227,227
20:32:11.818572,217,217
20:32:11.952414,227,227
20:32:12.154795,236,236
20:32:12.281302,236,236
20:32:12.498821,239,239
20:32:12.621361,241,241
20:32:12.822188,240,240
20:32:12.948339,238,238
20:32:13.126710,227,227
20:32:13.271167,224,224
20:32:13.491238,217,217
20:32:13.611737,218,218
20:32:13.778540,223,223
20:32:13.935787,221,221
20:32:14.089021,226,226
20:32:14.278162,229,229
20:32:14.424466,225,225
20:32:14.630264,223,223
20:32:14.753087,226,226
20:32:14.958209,229,229
20:32:15.092687,229,229
20:32:15.289867,225,225
20:32:15.414247,221,221
20:32:15.639986,234,234
20:32:15.755080,235,235
20:32:15.925246,235,235
20:32:16.076208,236,236
20:32:16.252676,241,241
20:32:16.427394,239,239
20:32:16.555814,234,234
20:32:16.760396,237,237
20:32:16.887686,233,233
20:32:17.095036,233,233
20:32:17.214395,229,229
20:32:17.425768,224,224
20:32:17.544560,219,219
20:32:17.759605,223,223
20:32:17.894587,221,221
20:32:18.083483,219,219
20:32:18.214406,212,212
20:32:18.396680,217,217
20:32:18.541916,212,212
20:32:18.711925,226,226
20:32:18.882141,231,231
20:32:19.027832,235,235
20:32:19.214361,234,234
20:32:19.361652,232,232
20:32:19.566351,229,229
20:32:19.688697,224,224
20:32:19.887054,228,228
20:32:20.030776,235,235
20:32:20.227877,234,234
20:32:20.356184,234,234
20:32:20.534412,230,230
20:32:20.704243,230,230
20:32:20.887692,232,232
20:32:21.040323,232,232
20:32:21.234983,235,235
20:32:21.354310,234,234
20:32:21.527230,231,231
20:32:21.699383,232,232
20:32:21.875321,238,238
20:32:22.011693,236,236
20:32:22.215693,236,236
20:32:22.380538,232,232
20:32:22.538596,233,233
20:32:22.684427,233,233
20:32:22.855229,235,235
20:32:23.009411,233,233
20:32:23.192229,233,233
20:32:23.340238,235,235
20:32:23.518364,236,236
20:32:23.677721,234,234
20:32:23.826892,234,234
20:32:24.001408,232,232
20:32:24.151463,235,235
20:32:24.349977,230,230
20:32:24.486835,233,233
20:32:24.680220,234,234
20:32:24.880661,232,232
20:32:25.013732,232,232
20:32:25.150851,233,233
20:32:25.330922,232,232
20:32:25.510308,232,232
20:35:45.411809,237,237
20:35:45.600513,239,239
20:35:45.747997,237,237
20:35:45.898859,240,240
20:35:46.085961,240,240
20:35:46.230854,236,236
20:35:46.406960,238,238
20:35:46.557945,243,240
20:35:46.744364,244,242
20:35:46.862013,241,241
20:35:47.064349,242,240
20:35:47.197410,243,241
20:35:47.400938,245,240
20:35:47.524230,243,241
20:35:47.740239,241,240
20:35:47.861013,243,240
20:35:48.063362,246,241
20:35:48.187248,244,241
20:35:48.392066,243,240
20:35:48.516505,243,241
20:35:48.721204,243,242
20:35:48.845562,243,240
20:35:49.046567,238,238
20:35:51.860692,241,240
20:35:52.008163,239,239
20:35:52.216974,241,241
20:35:52.361855,241,240
20:35:52.524338,238,238
20:35:52.677073,240,240
20:35:52.877056,238,238
20:35:53.022640,239,239
20:35:53.188323,241,241
20:35:53.342463,238,238
20:35:53.525729,235,235
20:35:53.671607,237,237
20:35:53.879336,242,240
20:35:54.028443,237,237
20:35:54.184567,238,238
20:35:54.339303,242,241
20:35:54.533293,238,238
20:35:54.681815,240,240
20:35:54.830216,239,239
20:35:54.995733,238,238
20:35:55.154054,240,240
20:35:55.330493,238,238
20:35:55.483498,241,240
20:35:55.661535,239,239
20:35:55.813238,240,240
20:35:55.993652,242,242
20:35:56.143963,243,241
20:35:56.342967,240,240
20:35:56.490574,232,232
20:35:56.638978,232,232
20:35:56.801872,232,232
20:35:56.952584,236,236
20:35:57.134706,232,232
20:35:57.284452,229,229
20:35:57.494735,232,232
20:35:57.644253,231,231
20:35:57.797628,223,223
20:35:57.945925,231,231
20:35:58.129675,232,232
20:35:58.347209,236,236
20:35:58.495692,235,235
20:35:58.640990,232,232
20:35:58.799018,235,235
20:35:58.951016,237,237
20:35:59.131469,233,233
20:35:59.289830,237,237
20:35:59.464190,238,238
20:35:59.620965,238,238
20:35:59.793154,235,235
20:35:59.949623,233,233
20:36:00.125726,231,231
20:36:00.253491,227,227
20:36:00.435297,228,228
20:36:00.583456,225,225
20:36:00.747923,220,220
20:36:00.892719,232,232
20:36:01.059226,231,231
20:36:01.238626,233,233
20:36:01.383819,234,234
20:36:01.598697,226,226
20:36:01.732038,231,231
20:36:01.942503,231,231
20:36:02.080869,231,231
20:36:02.246493,233,233
20:36:02.407274,234,234
20:36:02.578842,231,231
20:36:02.717763,229,229
20:36:02.905606,230,230
20:36:03.048611,224,224
20:36:03.183653,230,230
20:36:03.363380,225,225
20:36:03.532130,229,229
20:36:03.676282,235,235
20:36:03.913290,237,237
20:36:04.037883,236,236
20:36:04.205478,233,233
20:36:04.400472,232,232
20:36:04.521726,223,223
20:36:04.726313,230,230
20:36:04.855073,224,224
20:36:05.083937,223,223
20:36:05.204504,217,217
20:36:05.368697,218,218
20:36:05.523864,228,228
20:36:05.700029,233,233
20:36:05.851850,235,235
20:36:06.034909,238,238
20:36:06.184608,235,235
20:36:06.375663,233,233
20:36:06.518436,237,237
20:36:06.727366,232,232
20:36:06.866866,233,233
20:36:07.033908,233,233
20:36:07.178972,230,230
20:36:07.325076,223,223
20:36:07.533857,228,228
20:36:07.656802,226,226
20:36:07.848035,233,233
20:36:07.984241,236,236
20:36:08.179009,235,235
20:36:08.305244,239,239
20:36:08.515568,243,240
20:36:08.639552,235,235
20:36:08.850823,235,235
20:36:08.986721,240,240
20:36:09.193033,226,226
20:36:09.330334,223,223
20:36:09.530385,222,222
20:36:09.654626,223,223
20:36:09.854468,227,227
20:36:09.981705,226,226
20:36:10.159317,233,233
20:36:10.305930,225,225
20:36:10.456665,223,223
20:36:10.637699,229,229
20:36:10.796880,229,229
20:36:10.973747,236,236
20:36:11.125273,236,236
20:36:11.303902,233,233
20:36:11.472448,236,236
20:36:11.633999,235,235
20:36:11.796998,236,236
20:36:11.968838,238,238
20:36:12.119518,240,240
20:36:12.293534,235,235
20:36:12.454967,236,236
20:36:12.641993,235,235
20:36:12.780730,237,237
20:36:12.958570,237,237
20:36:13.139748,240,240
20:36:13.289808,236,236
20:36:13.465399,238,238
20:36:13.624891,235,235
20:36:13.780400,238,238
20:36:13.951529,236,236
20:36:14.105547,235,235
20:36:14.285048,235,235
20:36:14.437860,238,238
20:36:14.619998,242,240
20:36:14.765513,236,236
20:36:14.944840,232,232
20:36:15.117686,236,236
20:36:15.287037,238,238
20:36:15.435457,239,239
20:36:15.638948,238,238
20:36:15.785315,235,235
20:36:15.953526,240,240
20:36:16.095451,235,235
20:36:16.274556,237,237
20:37:22.260000,233,233
20:37:22.387351,235,235
20:37:22.592270,235,235
20:37:22.722965,240,240
20:37:22.858461,236,236
20:37:23.023010,233,233
20:37:23.218822,236,236
20:37:23.343760,232,232
20:37:23.493008,234,234
20:37:23.644125,236,236
20:37:23.867728,237,237
20:37:23.996589,236,236
20:37:24.186336,239,239
20:37:24.322203,238,238
20:37:24.455241,238,238
20:37:24.649861,239,239
20:37:24.793388,238,238
20:37:24.975361,239,239
20:37:25.179069,236,236
20:37:25.326524,242,241
20:37:25.483603,234,234
20:37:25.638602,231,231
20:37:25.855366,234,234
20:37:26.007531,226,226
20:37:26.150817,231,231
20:37:26.368484,237,237
20:37:26.504009,232,232
20:37:26.656479,231,231
20:37:26.812330,231,231
20:37:26.962783,235,235
20:37:27.176169,233,233
20:37:27.300832,228,228
20:37:27.496794,223,223
20:37:27.617831,227,227
20:37:27.808195,225,225
20:37:27.956667,221,221
20:37:28.104390,224,224
20:37:28.307699,225,225
20:37:28.443817,228,228
20:37:28.617460,237,237
20:37:28.824925,235,235
20:37:28.951054,237,237
20:37:29.155572,235,235
20:37:29.284605,232,232
20:37:29.494890,235,235
20:37:29.625450,236,236
20:37:29.839387,235,235
20:37:29.968299,232,232
20:37:30.138350,233,233
20:37:30.272285,226,226
20:37:30.411773,235,235
20:37:30.619029,235,235
20:37:30.728426,233,233
20:37:30.954813,234,234
20:37:31.091598,231,231
20:37:31.307971,231,231
20:37:31.444972,238,238
20:37:31.628368,236,236
20:37:31.760221,238,238
20:37:31.969590,230,230
20:37:32.109511,240,240
20:37:32.265978,237,237
20:37:32.423296,236,236
20:37:32.634788,231,231
20:37:32.761359,227,227
20:37:32.930997,231,231
20:37:33.082044,230,230
20:37:33.301296,231,231
20:37:33.430713,231,231
20:37:33.562403,230,230
20:37:33.750521,229,229
20:37:33.890038,235,235
20:37:34.073658,233,233
20:37:34.258464,238,238
20:37:34.407759,238,238
20:37:34.550848,235,235
20:37:34.744911,233,233
20:37:34.882293,235,235
20:37:35.073043,228,228
20:37:35.184204,223,223
20:37:35.392120,228,228
20:37:35.527210,225,225
20:37:35.754369,225,225
20:37:35.879735,219,219
20:37:36.082547,221,221
20:37:36.210151,221,221
20:37:36.363795,218,218
20:37:36.540932,215,215
20:37:36.694133,230,230
20:37:36.901262,230,230
20:37:37.032821,229,229
20:37:37.229707,226,226
20:37:37.356132,228,228
20:37:37.551260,225,225
20:37:37.686220,230,230
20:37:37.891207,233,233
20:37:38.025993,237,237
20:37:38.235801,237,237
20:37:38.365700,228,228
20:37:38.550393,218,218
20:37:38.689952,225,225
20:37:38.887434,221,221
20:37:39.020284,215,215
20:37:39.217146,212,212
20:37:39.333956,207,207
20:37:39.551692,207,207
20:37:39.669071,209,209
20:37:39.873282,218,218
20:37:40.003692,212,212
20:37:40.151938,214,214
20:37:40.365128,220,220
20:37:40.493146,227,227
20:37:40.672379,230,230
20:37:40.815659,232,232
20:37:41.015411,229,229
20:37:41.148277,229,229
20:37:41.332127,234,234
20:37:41.479089,233,233
20:37:41.626320,232,232
20:37:41.817857,237,237
20:37:41.963382,233,233
20:37:42.176832,227,227
20:37:42.271342,225,225
20:37:42.470983,224,224
20:37:42.623068,222,222
20:37:42.828889,229,229
20:37:42.944195,220,220
20:37:43.160943,223,223
20:37:43.290710,221,221
20:37:43.496485,217,217
20:37:43.616581,215,215
20:37:43.840205,226,226
20:37:43.969352,229,229
20:37:44.149420,224,224
20:37:44.288290,224,224
20:37:44.489512,226,226
20:37:44.643157,227,227
20:37:44.793272,230,230
20:37:44.981564,237,237
20:37:45.133249,239,239
20:37:45.316391,239,239
20:37:45.472185,239,239
20:37:45.617246,237,237
20:37:45.798143,241,240
20:37:45.950073,242,241
20:37:46.169443,240,240
20:37:46.297838,230,230
20:37:46.451550,225,225
20:37:46.609637,221,221
20:37:46.785899,217,217
20:37:46.941151,220,220
20:37:47.138553,217,217
20:37:47.277488,219,219
20:37:47.444125,211,211
20:37:47.589253,211,211
20:37:47.794338,206,206
20:37:47.921222,205,205
20:37:48.102645,216,216
20:37:48.247664,219,219
20:37:48.433501,217,217
20:37:48.585803,222,222
20:37:48.763728,221,221
20:37:48.919798,223,223
20:37:49.100833,221,221
20:37:49.253535,225,225
20:37:49.456326,216,216
20:37:49.580404,221,221
20:37:49.786065,221,221
20:37:49.922256,227,227
20:37:50.067788,228,228
20:37:50.251070,222,222
20:37:50.377763,223,223
20:37:50.565304,220,220
20:37:50.777346,230,230
20:37:50.903182,224,224
20:37:51.074777,221,221
20:37:51.259591,223,223
20:37:51.385777,218,218
20:37:51.590312,210,210
20:37:51.717988,219,219
20:37:51.916002,220,220
20:37:52.055410,223,223
20:37:52.237222,229,229
20:37:52.381166,230,230
20:37:52.561770,232,232
20:37:52.711750,228,228
20:37:52.893481,227,227
20:37:53.042040,230,230
20:37:53.188784,221,221
20:37:53.364266,209,209
20:37:53.551331,216,216
20:37:53.698637,220,220
20:37:53.878154,224,224
20:37:54.001251,215,215
20:37:54.210129,213,213
20:37:54.383042,213,213
20:37:54.514477,215,215
20:37:54.662955,218,218
20:37:54.870952,223,223
20:37:54.999284,226,226
20:37:55.219043,226,226
20:37:55.339663,225,225
20:37:55.522778,230,230
20:37:55.660775,224,224
20:37:55.879074,224,224
20:37:56.026943,220,220
20:37:56.171967,225,225
20:37:56.340844,233,233
20:37:56.516382,233,233
20:37:56.724478,232,232
20:37:56.844667,222,222
20:37:56.997598,230,230
20:37:57.176170,224,224
20:37:57.322310,228,228
20:37:57.502223,228,228
20:37:57.685070,230,230
20:37:57.807583,224,224
20:37:58.006240,215,215
20:37:58.135192,211,211
20:37:58.340270,216,216
20:37:58.468282,218,218
20:37:58.675879,221,221
20:37:58.797194,212,212
20:37:59.005890,217,217
20:37:59.129487,213,213
20:37:59.320145,210,210
20:37:59.458923,209,209
20:37:59.643662,220,220
20:37:59.807185,222,222
20:37:59.976564,224,224
20:38:00.124742,222,222
20:38:00.304518,220,220
20:38:00.457782,221,221
20:38:00.642071,222,222
20:38:00.793758,223,223
20:38:01.013970,224,224
20:38:01.170040,223,223
20:38:01.314282,223,223
20:38:01.451752,219,219
20:38:01.665014,221,221
20:38:01.790680,224,224
20:38:01.936658,222,222
20:38:02.151705,222,222
20:38:02.272192,218,218
20:38:02.480854,228,228
20:38:02.608654,226,226
20:38:02.818193,229,229
20:38:02.953982,222,222
20:38:03.124666,220,220
20:38:03.260007,223,223
20:38:03.438288,211,211
20:38:03.594455,214,214
20:38:03.772341,217,217
20:38:03.919059,215,215
20:38:04.107959,222,222
20:38:04.251189,222,222
20:38:04.442355,227,227
20:38:04.584937,224,224
20:38:04.739892,225,225
20:38:04.916744,224,224
20:38:05.094730,223,223
20:38:05.249284,223,223
20:38:05.409617,225,225
20:38:05.615867,223,223
20:38:05.746882,220,220
20:38:05.966050,222,222
20:38:06.103688,220,220
20:38:06.226552,224,224
20:38:06.418603,219,219
20:38:06.545158,223,223
20:38:06.756410,227,227
20:38:06.879307,223,223
20:38:07.085881,217,217
20:38:07.208485,219,219
20:38:07.388723,220,220
20:38:07.539631,222,222
20:38:07.749647,212,212
20:38:07.865478,210,210
20:38:08.047713,215,215
20:38:08.201357,229,229
20:38:08.377163,232,232
20:38:08.535284,236,236
20:38:08.713168,232,232
20:38:08.875694,234,234
20:38:09.050143,235,235
20:38:09.228060,235,235
20:38:09.384976,234,234
20:38:09.535781,235,235
20:38:09.753182,233,233
20:38:09.885488,232,232
20:38:10.048800,230,230
20:38:10.195909,218,218
20:38:10.346051,220,220
20:38:10.561780,223,223
20:38:10.687284,227,227
20:38:10.880760,227,227
20:38:11.008924,232,232
20:38:11.209828,225,225
20:38:11.336241,225,225
20:38:11.546602,236,236
20:38:11.675583,237,237
20:38:11.885852,236,236
20:38:12.013520,232,232
20:38:12.204144,231,231
20:38:12.345006,227,227
20:38:12.519554,223,223
20:38:12.661486,224,224
20:38:12.864291,221,221
20:38:12.986004,212,212
20:38:13.171970,222,222
20:38:13.324519,223,223
20:38:13.508771,229,229
20:38:13.162643,229,229
20:38:13.344170,229,229
20:38:13.493469,229,229
20:38:13.643092,224,224
20:38:13.825399,225,225
20:38:13.978942,225,225
20:38:14.178758,227,227
20:38:14.305595,213,213
20:38:14.522418,217,217
20:38:14.645536,215,215
20:38:14.846144,219,219
20:38:14.982602,218,218
20:38:15.166589,224,224
20:38:15.300390,223,223
20:38:15.506250,227,227
20:38:15.632514,226,226
20:38:15.814394,234,234
20:38:15.963232,232,232
20:38:16.149646,236,236
20:38:16.290309,231,231
20:38:16.489500,236,236
20:38:16.620883,235,235
20:38:16.803367,234,234
20:38:16.960422,237,237
20:38:17.128546,235,235
20:38:17.320834,231,231
20:38:17.434255,229,229
20:38:17.626955,226,226
20:38:17.746482,225,225
20:38:17.950769,226,226
20:38:18.103842,228,228
20:38:18.278167,232,232
20:38:18.434986,232,232
20:38:18.615866,232,232
20:38:18.779381,237,237
20:38:18.936594,232,232
20:38:19.099592,237,237
20:38:19.279521,237,237
20:38:19.422571,236,236
20:38:19.636464,226,226
20:38:19.760278,226,226
20:38:19.967818,224,224
20:38:20.097908,225,225
20:38:20.298290,222,222
20:38:20.428522,224,224
20:38:20.631742,223,223
20:38:20.761512,222,222
20:38:20.969816,227,227
20:38:21.101912,228,228
20:38:21.282687,228,228
20:38:21.423967,235,235
20:38:21.604332,232,232
20:38:21.752256,235,235
20:38:21.938603,239,239
20:38:22.094445,239,239
20:38:22.275734,236,236
20:38:22.417773,239,239
20:38:22.632989,235,235
20:38:22.763847,237,237
20:38:22.947552,235,235
20:38:23.075075,235,235
20:38:23.264088,233,233
20:38:23.415313,233,233
20:38:23.564092,229,229
20:38:23.766332,232,232
20:38:23.896692,234,234
20:38:24.103751,232,232
20:38:24.225090,229,229
20:38:24.439286,236,236
20:38:24.567917,236,236
20:38:24.734184,232,232
20:38:24.885977,229,229
20:38:25.093346,231,231
20:38:25.218951,227,227
20:38:25.369530,222,222
20:38:25.558670,228,228
20:38:25.701238,228,228
20:38:25.874296,224,224
20:38:26.063724,235,235
20:38:26.212924,238,238
20:38:26.392710,233,233
20:38:26.540465,232,232
20:38:26.725091,236,236
20:38:26.871695,233,233
20:38:27.069272,235,235
20:38:27.210191,239,239
20:38:27.360512,234,234
20:38:27.591686,231,231
20:38:27.722681,231,231
20:38:27.871341,237,237
20:38:28.018471,234,234
20:38:28.227617,235,235
20:38:28.357437,236,236
20:38:28.554359,234,234
20:38:28.675001,231,231
20:38:28.867748,230,230
20:38:28.975941,232,232
20:38:29.183959,227,227
20:38:29.343988,233,233
20:38:29.480602,239,239
20:38:29.681977,233,233
20:38:29.839890,229,229
20:38:29.986928,233,233
20:38:30.173776,232,232
20:38:30.307346,231,231
20:38:30.522289,232,232
20:38:30.663822,222,222
20:38:30.849790,224,224
20:38:30.990610,222,222
20:38:31.177460,228,228
20:38:31.330111,230,230
20:38:31.509815,234,234
20:38:31.658133,228,228
20:38:31.840579,231,231
20:38:31.994067,238,238
20:38:32.183323,233,233
20:38:32.327133,231,231
20:38:32.531183,232,232
20:38:32.660171,234,234
20:38:32.811370,232,232
20:38:33.021876,229,229
20:38:33.148756,237,237
20:38:33.310434,233,233
20:38:33.463390,236,236
20:38:33.661087,234,234
20:38:33.802136,231,231
20:38:33.986621,235,235
20:38:34.124135,233,233
20:38:34.281898,241,240
20:38:34.480917,243,242
20:38:34.614097,237,237
20:38:34.827952,233,233
20:38:34.954372,228,228
20:38:35.127316,230,230
20:38:35.265774,229,229
20:38:35.455355,234,234
20:38:35.573978,235,235
20:38:35.802433,230,230
20:38:35.926481,226,226
20:38:36.151079,217,217
20:38:36.275137,223,223
20:38:36.451732,230,230
20:38:36.612938,229,229
20:38:36.783676,233,233
20:38:36.947139,232,232
20:38:37.113759,229,229
20:38:37.264665,231,231
20:38:37.454722,236,236
20:38:37.621299,233,233
20:38:37.781384,233,233
20:38:37.922595,229,229
20:38:38.106281,231,231
20:38:38.260342,233,233
20:38:38.407689,232,232
20:38:38.588833,230,230
20:38:38.741829,235,235
20:38:38.926967,232,232
20:38:39.070432,231,231
20:38:39.252667,233,233
20:38:39.404829,233,233
20:38:39.610600,233,233
20:38:39.887544,232,232
20:38:40.081214,236,236
20:38:40.250479,233,233
20:38:40.421861,238,238
20:38:40.550622,234,234
20:38:40.770267,229,229
11:17:55.486245,194,194
11:17:55.660749,196,196
11:17:55.844019,203,203
11:17:56.028997,206,206
11:17:56.143923,202,202
11:17:56.344676,204,204
11:17:56.504110,205,205
11:17:56.690937,213,213
11:17:56.806849,210,210
11:17:57.023478,213,213
11:17:57.153637,203,203
11:17:57.366632,208,208
11:17:57.473232,207,207
11:17:57.687176,211,211
11:17:57.798817,209,209
11:17:57.984267,208,208
11:17:58.155437,205,205
11:17:58.279300,200,200
11:17:58.481102,207,207
11:17:58.613549,207,207
11:17:58.823506,206,206
11:17:58.943965,206,206
11:17:59.162621,207,207
11:17:59.273545,205,205
11:18:02.134220,195,195
11:18:02.264575,197,197
11:18:02.448585,204,204
11:18:02.616597,202,202
11:18:02.749748,200,200
11:18:02.952826,196,196
11:18:03.074671,194,194
11:18:03.281206,197,197
11:18:03.400569,197,197
11:18:03.614171,189,189
11:18:03.739436,192,192
11:18:03.919981,192,192
11:18:04.128798,195,195
11:18:04.250252,196,196
11:18:04.445585,212,212
11:18:04.568740,200,200
11:18:04.772579,207,207
11:18:04.896092,207,207
11:18:05.110801,212,212
11:18:05.234194,209,209
11:18:05.411270,210,210
11:18:05.583076,205,205
11:18:05.763626,209,209
11:18:05.889245,217,217
11:18:06.071622,221,221
11:18:06.221272,221,221
11:18:06.393100,216,216
11:18:06.553277,218,218
11:18:06.733639,218,218
11:18:06.879470,212,212
11:18:07.062378,218,218
11:18:07.216323,219,219
11:18:07.405530,221,221
11:18:07.540822,217,217
11:18:07.755268,200,200
11:18:07.873383,208,208
11:18:08.084563,214,214
11:18:08.223906,219,219
11:18:08.442981,222,222
11:18:08.577744,220,220
11:18:08.743219,206,206
11:18:08.853180,182,182
11:18:09.075573,199,199
11:18:09.176215,154,154
11:18:09.362772,154,154
11:18:09.509919,154,154
11:18:09.689177,142,142
11:18:09.834010,147,147
11:18:10.043699,149,149
11:18:10.189764,147,147
11:18:10.368465,183,183
11:18:10.490474,184,184
11:18:10.629004,146,146
11:18:10.798846,117,117
11:18:11.029366,144,144
11:18:11.178005,169,169
11:18:11.338948,192,192
11:18:11.501744,203,203
11:18:11.657171,176,176
11:18:11.853238,174,174
11:18:12.002854,181,181
11:18:12.192826,188,188
11:18:12.335742,181,181
11:18:12.512982,180,180
11:18:12.692464,193,193
11:18:12.858384,181,181
11:18:13.002208,193,193
11:18:13.203538,200,200
11:18:13.316880,191,191
11:18:13.532896,188,188
11:18:13.656339,199,199
11:18:13.844607,193,193
11:18:13.975857,183,183
11:18:14.166570,186,186
11:18:14.305601,181,181
11:18:14.518990,180,180
11:18:14.658578,187,187
11:18:14.844619,187,187
11:18:14.969756,186,186
11:18:15.177199,181,181
11:18:15.302346,182,182
11:18:18.115486,180,180
11:18:18.298218,184,184
11:18:18.423219,185,185
11:18:18.638494,183,183
11:18:18.763367,191,191
11:18:18.946622,185,185
11:18:19.143780,187,187
11:18:19.268390,187,187
11:18:19.479514,196,196
11:18:19.604552,192,192
11:18:19.818647,197,197
11:18:19.936105,187,187
11:18:20.112587,190,190
11:18:20.268455,192,192
11:18:20.443668,191,191
11:18:20.599225,190,190
11:18:20.776080,194,194
11:18:20.937124,191,191
11:18:21.088274,191,191
11:18:21.281706,190,190
11:18:21.412456,189,189
11:18:21.626322,189,189
11:18:21.748242,191,191
11:18:24.424667,197,197
11:18:24.550951,190,190
11:18:24.755286,192,192
11:18:24.877632,189,189
11:18:25.052515,193,193
11:18:25.221592,186,186
11:18:25.351419,193,193
11:18:25.533924,195,195
11:18:25.676101,186,186
11:18:25.864985,191,191
11:18:26.046097,183,183
11:18:26.225962,181,181
11:18:26.357755,180,180
11:18:26.569135,176,176
11:18:26.678100,179,179
11:18:26.896942,184,184
11:18:27.004200,177,177
11:18:27.189726,178,178
11:18:27.368825,178,178
11:18:27.492300,181,181
11:18:27.713708,185,185
11:18:27.845789,181,181
11:18:28.012938,177,177
11:18:28.177546,181,181
11:18:28.371829,178,178
11:18:28.489377,186,186
11:18:28.725085,179,179
11:18:28.845019,179,179
11:18:29.009873,174,174
11:18:29.152734,178,178
11:18:29.332271,178,178
11:18:29.490082,179,179
11:18:29.676712,179,179
11:18:29.814234,184,184
11:18:30.008592,179,179
11:18:30.150622,178,178
11:18:30.321223,180,180
00:00:15.332348,216,216
00:00:15.462518,215,215
00:00:15.619403,213,213
00:00:15.813533,213,213
00:00:15.942956,214,214
00:00:16.092185,219,219
00:00:16.249828,219,219
00:00:16.451097,216,216
00:00:16.581049,218,218
00:00:16.782529,218,218
00:00:16.920393,221,221
00:00:17.063534,228,228
00:00:17.269760,222,222
00:00:17.401678,221,221
00:00:17.576422,224,224
00:00:17.726810,225,225
00:00:17.929240,222,222
00:00:18.101993,223,223
00:00:18.237805,225,225
00:00:18.439399,224,224
00:00:18.596450,223,223
00:00:18.750571,223,223
00:00:18.929216,224,224
00:00:19.078628,222,222
11:20:08.834584,216,216
11:20:08.966121,217,217
11:20:09.140224,214,214
11:20:09.285991,219,219
11:20:09.488229,216,216
11:20:09.619249,213,213
11:20:09.834085,219,219
11:20:09.963688,217,217
11:20:10.158341,216,216
11:20:10.289405,220,220
11:20:10.492606,222,222
11:20:10.619835,215,215
11:20:10.812453,217,217
11:20:10.939754,213,213
11:20:11.145560,215,215
11:20:11.274888,214,214
11:20:11.422564,213,213
11:20:11.636572,209,209
11:20:11.767772,213,213
11:20:11.963264,214,214
11:20:12.097359,212,212
11:20:12.296941,217,217
11:20:12.430537,216,216
11:20:12.598855,216,216
11:20:12.770829,216,216
11:20:23.603003,202,202
11:20:23.745273,214,214
11:20:23.878245,218,218
11:20:24.030421,217,217
11:20:24.181823,223,223
11:20:24.352319,223,223
11:20:24.519430,220,220
11:20:24.664269,225,225
11:20:24.820156,224,224
11:20:24.967006,225,225
11:20:25.182433,226,226
11:20:25.319414,224,224
11:20:25.460850,229,229
11:20:25.633558,222,222
11:20:25.782467,227,227
11:20:25.929380,223,223
11:20:26.111626,225,225
11:20:26.263252,224,224
11:20:26.464987,228,228
11:20:26.597426,220,220
11:20:26.793411,225,225
11:20:26.946427,224,224
11:20:27.104631,222,222
11:20:27.253636,225,225
11:20:27.463858,225,225
11:20:27.589854,225,225
11:20:27.767735,223,223
11:20:27.896811,223,223
11:20:28.098534,221,221
11:20:28.227427,218,218
11:20:28.422669,225,225
11:20:28.556957,225,225
11:20:28.767364,223,223
11:20:28.891115,222,222
11:20:29.092880,223,223
11:20:29.219087,224,224
11:20:29.392850,227,227
11:20:29.574522,225,225
11:20:29.699142,223,223
11:20:29.906811,225,225
11:20:30.032155,225,225
11:20:30.236008,221,221
11:20:30.372704,221,221
11:20:30.553452,222,222
11:20:30.709710,222,222
11:20:30.884403,226,226
11:20:31.027949,222,222
11:20:31.231328,222,222
11:20:31.357499,224,224
11:20:31.565423,222,222
11:20:31.686218,223,223
11:20:31.901947,223,223
11:20:32.024142,223,223
11:20:32.210005,222,222
11:20:32.409384,223,223
11:20:32.531004,223,223
11:20:32.683328,222,222
11:20:32.866789,225,225
11:20:33.014469,220,220
11:20:33.224696,226,226
11:20:33.349540,225,225
11:20:33.563200,222,222
11:20:33.679793,226,226
11:20:33.896039,226,226
11:20:34.008311,223,223
11:20:34.187873,225,225
11:20:34.366909,220,220
11:20:34.494554,224,224
11:20:34.708317,221,221
11:20:34.825019,222,222
11:20:35.026926,224,224
11:20:35.163996,223,223
11:20:35.363679,223,223
11:20:35.483434,220,220
11:20:35.701985,218,218
11:20:35.822186,221,221
11:20:36.037914,224,224
11:20:36.151393,221,221
11:20:36.331017,222,222
11:20:36.511718,225,225
11:20:36.636495,221,221
11:20:36.840226,219,219
11:20:36.975188,224,224
11:20:37.147760,223,223
11:20:37.315222,223,223
11:20:37.492995,223,223
11:20:37.629272,226,226
11:20:37.827550,225,225
11:20:37.962321,224,224
11:20:38.162207,227,227
11:20:38.294034,225,225
11:20:38.508368,225,225
11:20:38.624785,223,223
11:20:38.826390,222,222
11:20:38.953027,225,225
11:20:39.180310,229,229
11:20:39.299522,228,228
11:20:39.498014,226,226
11:20:39.613735,226,226
11:20:39.822603,222,222
11:20:39.954548,225,225
11:20:40.162945,224,224
11:20:40.279295,224,224
11:20:40.430426,227,227
11:20:40.639446,223,223
11:20:40.763377,224,224
11:20:40.966392,222,222
11:20:41.095275,226,226
11:20:41.298746,227,227
11:20:41.424962,226,226
11:20:41.627818,222,222
11:20:41.752156,219,219
11:20:41.944301,226,226
11:20:42.117714,227,227
11:20:42.265033,222,222
11:20:42.447580,228,228
11:20:42.606637,225,225
11:20:42.747167,222,222
11:20:42.967303,224,224
11:20:43.090013,226,226
11:20:43.308038,221,221
11:20:43.422659,223,223
11:20:43.595664,220,220
11:20:43.751546,225,225
11:20:43.932651,226,226
11:20:44.077627,226,226
11:20:44.294651,222,222
11:20:44.447779,222,222
11:20:44.607642,223,223
11:20:44.804692,221,221
11:20:44.923681,222,222
11:20:45.133013,222,222
11:20:45.256932,222,222
11:20:45.424852,225,225
11:20:45.602835,225,225
11:20:45.736207,227,227
11:20:45.941589,228,228
11:20:46.067958,232,232
11:20:46.253201,227,227
11:20:46.413380,229,229
11:20:46.577805,229,229
11:20:46.745532,229,229
11:20:46.928875,228,228
11:20:47.057364,228,228
11:20:47.287180,230,230
11:20:47.406898,225,225
11:20:47.539506,228,228
11:20:47.752542,231,231
11:20:47.877197,229,229
11:20:48.083540,227,227
11:20:48.208321,228,228
11:20:48.404772,229,229
11:20:48.534893,226,226
11:20:48.751376,230,230
11:20:48.871698,230,230
11:20:49.069939,230,230
11:20:49.204284,226,226
11:20:49.411314,229,229
11:20:49.544194,230,230
11:20:49.681128,232,232
11:20:49.895198,237,237
11:20:52.539271,237,237
11:20:52.686504,231,231
11:20:52.836529,236,236
11:20:53.048236,231,231
11:20:53.180694,223,223
11:20:53.375145,227,227
11:20:53.511924,229,229
11:20:53.716733,226,226
11:20:53.853240,228,228
11:20:54.041824,223,223
11:20:54.175874,221,221
11:20:54.356611,222,222
11:20:54.491276,222,222
11:20:54.691658,213,213
11:20:54.823515,213,213
11:20:55.037748,212,212
11:20:55.174021,215,215
11:20:55.364382,213,213
11:20:55.498317,212,212
11:20:55.696835,208,208
11:20:55.826942,213,213
11:20:56.026691,216,216
11:20:56.160619,217,217
11:20:56.351159,217,217
11:20:59.009372,210,210
11:20:59.134837,211,211
11:20:59.338479,209,209
11:20:59.470230,211,211
11:20:59.671401,212,212
11:20:59.812647,217,217
11:20:59.983712,224,224
11:21:00.145166,218,218
11:21:00.261936,218,218
11:21:00.473819,218,218
11:21:00.595682,220,220
11:21:00.807178,217,217
11:21:00.926383,216,216
11:21:01.116662,216,216
11:21:01.286700,222,222
11:21:01.488785,224,224
11:21:01.624042,223,223
11:21:01.799141,225,225
11:21:01.926153,223,223
11:21:02.078980,221,221
11:21:02.263294,223,223
11:21:02.437894,221,221
11:21:02.612268,221,221
11:21:02.739524,225,225
11:21:02.949734,228,228
11:21:03.070103,218,218
11:21:03.252341,224,224
11:21:03.399596,222,222
11:21:03.592666,223,223
11:21:03.737691,225,225
11:21:03.915601,226,226
11:21:04.071388,225,225
11:21:04.249648,225,225
11:21:04.399411,224,224
11:21:04.542883,222,222
11:21:04.731696,225,225
11:21:04.913554,224,224
11:21:05.055635,223,223
11:21:05.205354,225,225
11:21:05.395910,225,225
11:21:05.539357,228,228
11:21:05.740208,214,214
11:21:05.861747,213,213
11:21:06.076850,211,211
11:21:06.199530,209,209
11:21:06.380282,207,207
11:21:06.573695,214,214
11:21:06.725318,211,211
11:21:06.886598,213,213
11:21:07.087815,215,215
11:21:07.215976,215,215
11:21:07.380255,217,217
11:21:07.529597,223,223
11:21:07.681653,224,224
11:21:07.889942,227,227
11:21:08.069660,231,231
11:21:08.205775,229,229
11:21:08.344952,231,231
11:21:08.527161,235,235
11:21:08.689215,237,237
11:21:08.873394,237,237
11:21:09.011109,239,239
11:21:09.218329,237,237
11:21:09.351532,234,234
11:21:09.551658,235,235
11:21:09.679337,226,226
11:21:09.881111,226,226
11:21:09.998917,218,218
11:21:10.209985,216,216
11:21:10.344235,216,216
11:21:10.513674,219,219
11:21:10.664383,222,222
11:21:10.869210,219,219
11:21:11.004760,217,217
11:21:11.195008,216,216
11:21:11.336387,223,223
11:21:11.529852,218,218
11:21:11.666426,221,221
11:21:11.820566,228,228
11:21:12.001014,235,235
11:21:12.152129,235,235
11:21:12.328960,233,233
11:21:12.541815,239,239
11:21:12.668196,230,230
11:21:12.811733,230,230
11:21:13.020244,223,223
11:21:13.139665,221,221
11:21:13.327970,224,224
11:21:13.479990,220,220
11:21:13.654513,227,227
11:21:13.787578,225,225
11:21:13.973753,226,226
11:21:14.137445,228,228
11:21:14.301038,226,226
11:21:14.454650,227,227
11:21:14.669301,220,220
11:21:14.789255,217,217
11:21:14.983924,213,213
11:21:15.121119,215,215
11:21:15.308991,215,215
11:21:15.445868,212,212
11:21:15.624366,211,211
11:21:15.818404,217,217
11:21:15.956465,211,211
11:21:16.135758,212,212
11:21:16.302445,212,212
11:21:16.433943,210,210
11:21:16.651985,221,221
11:21:16.755306,219,219
11:21:16.965535,222,222
11:21:17.091408,219,219
11:21:17.297370,222,222
11:21:17.445277,218,218
11:21:17.647594,221,221
11:21:17.769697,219,219
11:21:17.925376,219,219
11:21:18.125294,216,216
11:21:18.246299,218,218
11:21:18.449384,218,218
11:21:18.573969,217,217
11:21:18.786715,218,218
11:21:18.909749,219,219
11:21:19.118361,219,219
11:21:19.245697,224,224
11:21:19.446885,224,224
11:21:19.572607,223,223
11:21:19.790544,216,216
11:21:19.906599,216,216
11:21:20.096724,216,216
11:21:20.246894,225,225
11:21:20.460280,223,223
11:21:20.577708,221,221
11:21:20.780652,226,226
11:21:20.908593,226,226
11:21:21.118333,225,225
11:21:21.241382,221,221
11:21:21.392168,226,226
11:21:21.566731,214,214
11:21:21.718593,213,213
11:21:21.921959,214,214
11:21:22.048693,215,215
11:21:22.233089,217,217
11:21:22.379434,222,222
11:21:22.565768,226,226
11:21:22.715862,227,227
11:21:22.926673,225,225
11:21:23.044601,225,225
11:21:23.252480,228,228
11:21:23.370306,219,219
11:21:23.582588,220,220
11:21:23.712795,223,223
11:21:23.880304,219,219
11:21:24.034843,222,222
11:21:24.212721,224,224
11:21:24.360549,220,220
11:21:24.570240,220,220
11:21:24.693159,214,214
11:21:24.909459,217,217
11:21:25.032392,220,220
11:21:25.242933,221,221
11:21:25.354918,221,221
11:21:25.568917,224,224
11:21:25.690740,222,222
11:21:25.860167,220,220
11:21:26.066987,223,223
11:21:26.178139,221,221
11:21:26.353309,224,224
11:21:26.505594,222,222
11:21:26.711212,213,213
11:21:26.827620,210,210
11:21:27.008234,213,213
11:21:27.171797,217,217
11:21:27.343305,218,218
11:21:27.502319,223,223
11:21:27.702376,223,223
11:21:27.830757,222,222
11:21:28.044281,223,223
11:21:28.157835,224,224
11:21:28.370107,225,225
11:21:28.490034,222,222
11:21:28.699867,223,223
11:21:28.826584,223,223
11:21:29.009541,224,224
11:21:29.169553,225,225
11:21:29.333487,222,222
11:21:29.508091,223,223
11:21:29.635586,222,222
11:21:29.851631,223,223
11:21:29.973686,226,226
11:21:30.168581,220,220
11:21:30.294775,222,222
11:21:30.512257,224,224
11:21:30.627666,223,223
11:21:30.836515,223,223
11:21:30.967186,222,222
11:21:31.172030,223,223
11:21:31.294867,225,225
11:21:31.498282,223,223
11:21:31.625957,222,222
11:21:31.840679,223,223
11:21:31.957198,222,222
11:21:32.166999,219,219
11:21:32.298691,225,225
11:21:32.480464,223,223
11:21:32.620447,223,223
11:21:32.794154,223,223
11:21:32.981410,223,223
11:21:33.153610,223,223
11:21:33.285200,223,223
11:21:33.490352,222,222
11:21:33.616590,222,222
11:21:33.819823,222,222
11:21:33.943740,223,223
11:21:34.118571,223,223
11:21:34.307794,223,223
11:21:34.430583,225,225
11:21:34.627482,222,222
11:21:34.757443,221,221
11:21:34.966182,225,225
11:21:35.140755,224,224
11:21:35.270174,224,224
11:21:35.436936,224,224
11:21:35.598836,222,222
11:21:35.753917,226,226
11:21:35.938228,223,223
11:21:36.110392,222,222
11:21:36.282315,222,222
11:21:36.416021,225,225
11:21:36.621927,222,222
11:21:36.745884,224,224
11:21:36.958329,222,222
11:21:37.077548,223,223
11:21:37.279565,221,221
11:21:37.411695,223,223
11:21:37.616812,222,222
11:21:37.745019,226,226
11:21:37.933789,223,223
11:21:38.071907,225,225
11:21:38.286149,222,222
11:21:38.402962,223,223
11:21:38.617550,223,223
11:21:38.733306,222,222
11:21:38.955541,225,225
11:21:39.071323,221,221
11:21:39.274471,223,223
11:21:39.395181,225,225
11:21:39.601087,221,221
11:21:39.727264,224,224
11:21:39.932780,224,224
11:21:40.070938,222,222
11:21:40.213162,223,223
11:21:40.395589,225,225
11:21:40.544850,223,223
11:21:40.758765,223,223
11:21:40.876792,223,223
11:21:41.083132,223,223
11:21:41.205709,220,220
11:21:41.387599,226,226
11:21:41.553225,224,224
11:21:41.756131,225,225
11:21:41.873555,223,223
11:21:42.085472,223,223
11:21:42.236584,223,223
11:21:42.387423,224,224
11:21:42.532696,220,220
11:21:42.711649,224,224
11:21:42.865545,222,222
11:21:43.042469,222,222
11:21:43.199407,224,224
11:21:43.371572,222,222
11:21:43.523609,222,222
11:21:43.711647,220,220
11:21:43.861618,221,221
11:21:44.015859,224,224
11:21:44.189618,226,226
11:21:44.339217,222,222
11:21:44.556232,223,223
11:21:44.684005,223,223
11:21:44.889952,225,225
11:21:45.008832,223,223
11:21:45.181972,217,217
11:21:45.362917,218,218
11:21:45.547471,211,211
11:21:45.663758,213,213
11:21:45.860169,209,209
11:21:45.978479,215,215
11:21:46.198108,212,212
11:21:46.318670,212,212
11:21:46.527307,211,211
11:21:46.651214,211,211
11:21:46.844565,204,204
11:21:46.989363,210,210
11:21:47.184418,214,214
11:21:47.334699,220,220
11:21:47.545284,218,218
11:21:47.675449,221,221
11:44:05.544556,239,239
11:44:05.689663,241,240
11:44:05.892117,238,238
11:44:06.047593,244,240
11:44:06.192965,240,240
11:44:06.343632,233,233
11:44:06.545305,229,229
11:44:06.688542,232,232
11:44:06.830473,232,232
11:44:07.013888,233,233
11:44:07.155014,232,232
11:44:07.362937,236,236
11:44:07.498016,234,234
11:44:07.620754,224,224
11:44:07.837733,228,228
11:44:07.963383,229,229
11:44:08.175334,236,236
11:44:08.307843,235,235
11:44:08.494333,236,236
11:44:08.620877,234,234
11:44:08.817677,233,233
11:44:09.006131,231,231
11:44:09.135329,235,235
11:44:11.966496,231,231
11:44:12.107810,232,232
11:44:12.270153,234,234
11:44:12.424872,235,235
11:44:12.618856,233,233
11:44:12.747988,231,231
11:44:12.962242,233,233
11:44:13.088207,232,232
11:44:13.280987,234,234
11:44:13.409848,226,226
11:44:13.610668,231,231
11:44:13.749817,233,233
11:44:13.920576,231,231
11:44:14.086182,239,239
11:44:14.294994,236,236
11:44:14.434024,237,237
11:44:14.619128,240,240
11:44:14.761363,241,240
11:44:14.967730,242,240
11:44:15.113603,239,239
11:44:15.262221,240,240
11:44:15.416647,244,240
11:44:15.624367,240,240
11:44:15.769023,242,241
11:44:15.930953,240,240
11:44:16.080930,235,235
11:44:16.253911,238,238
11:44:16.406849,239,239
11:44:16.603662,233,233
11:44:16.748648,233,233
11:44:16.899991,229,229
11:44:17.052695,229,229
11:44:17.257405,228,228
11:44:17.389394,232,232
11:44:17.587661,230,230
11:44:17.714210,229,229
11:44:17.904806,224,224
11:44:18.041256,225,225
11:44:18.250133,221,221
11:44:18.387451,221,221
11:44:18.565981,222,222
11:44:18.723527,221,221
11:44:18.903784,226,226
11:44:19.069492,229,229
11:44:19.212776,230,230
11:44:19.409042,228,228
11:44:19.549553,226,226
11:44:19.717798,224,224
11:44:19.867113,228,228
11:44:20.060616,226,226
11:44:20.184959,229,229
11:44:20.347296,230,230
11:44:20.502879,230,230
11:44:20.696749,231,231
11:44:20.863106,223,223
11:44:21.045236,220,220
11:44:21.164800,216,216
11:44:21.382257,221,221
11:44:21.506637,221,221
11:44:21.711637,224,224
11:44:21.857018,221,221
11:44:22.044221,224,224
11:44:22.164738,225,225
11:44:22.355506,223,223
11:44:22.503681,227,227
11:44:22.655403,229,229
11:44:22.833798,231,231
11:44:22.993630,235,235
11:44:23.191767,235,235
11:44:23.335700,236,236
11:44:23.517971,231,231
11:44:23.659257,232,232
11:44:23.844105,229,229
11:44:23.998083,227,227
11:44:24.191663,229,229
11:44:24.316030,232,232
11:44:24.505784,221,221
11:44:24.639336,221,221
11:44:24.852278,226,226
11:44:24.969045,226,226
11:44:25.118870,228,228
11:44:25.325465,233,233
11:44:25.436280,229,229
11:44:25.646304,226,226
11:44:25.779196,225,225
11:44:25.991194,227,227
11:44:26.109565,223,223
11:44:26.317322,223,223
11:44:26.466373,226,226
11:44:26.626375,223,223
11:44:26.782488,221,221
11:44:26.969154,227,227
11:44:27.110644,225,225
11:44:27.291733,224,224
11:44:27.435691,218,218
11:44:27.649664,222,222
11:44:27.776252,225,225
11:44:27.928328,229,229
11:44:28.109484,227,227
11:44:28.273322,238,238
11:44:28.435045,230,230
11:44:28.586475,236,236
11:44:28.769553,233,233
11:44:28.944582,233,233
11:44:29.103159,236,236
11:44:29.251852,233,233
11:44:29.482641,233,233
11:44:29.637014,230,230
11:44:29.765214,229,229
11:44:29.920617,225,225
11:44:30.125185,228,228
11:44:30.254499,232,232
11:44:30.392570,227,227
11:44:30.595386,221,221
11:44:30.721956,232,232
11:44:30.926766,230,230
11:44:31.056133,230,230
11:44:31.264870,227,227
11:44:31.381062,229,229
11:44:31.575361,229,229
11:44:31.731084,228,228
11:44:31.906378,225,225
11:44:32.049880,218,218
11:44:32.261808,222,222
11:44:32.403460,229,229
11:44:32.561305,233,233
11:44:32.731338,235,235
11:44:32.910198,233,233
11:44:33.114789,228,228
11:44:33.262959,229,229
11:44:33.392127,229,229
11:44:33.587143,236,236
11:44:33.712834,230,230
11:44:33.891221,232,232
11:44:34.059300,229,229
11:44:34.252852,224,224
11:44:34.371992,223,223
11:44:34.522619,228,228
11:44:34.696808,231,231
11:44:34.881006,235,235
11:44:35.031105,234,234
11:44:35.183471,236,236
11:44:35.398311,234,234
11:44:35.524526,227,227
11:44:35.712513,225,225
11:44:35.860460,226,226
11:44:36.030932,223,223
11:44:36.197600,221,221
11:44:36.359768,229,229
11:44:36.509665,230,230
11:44:36.696782,234,234
11:44:36.844748,227,227
11:44:37.052168,231,231
11:44:37.174942,232,232
11:44:37.356920,228,228
11:44:37.490756,236,236
11:44:37.669975,239,239
11:44:37.818372,237,237
11:44:37.967257,237,237
11:44:38.153913,236,236
11:44:38.328718,235,235
11:44:38.505980,238,238
11:44:38.648680,234,234
11:44:38.860965,237,237
11:44:39.001375,235,235
11:44:39.174574,234,234
11:44:39.317531,232,232
11:44:39.472254,232,232
11:44:39.684607,231,231
11:44:39.807179,235,235
11:44:40.008375,233,233
11:44:40.135213,236,236
11:44:40.338115,239,239
11:44:40.482455,232,232
11:44:40.635840,232,232
11:44:40.844214,231,231
11:44:40.979168,235,235
11:44:41.183997,235,235
11:44:41.304749,239,239
11:44:41.511229,235,235
11:44:41.627616,230,230
11:44:41.838850,230,230
11:44:41.962138,228,228
11:44:42.122239,226,226
11:44:42.294641,233,233
11:44:42.469318,235,235
11:44:42.661681,235,235
11:44:42.790696,232,232
11:44:43.008731,230,230
11:44:43.127796,228,228
11:44:43.279736,223,223
11:44:43.465673,224,224
11:44:43.591238,230,230
11:44:43.793740,224,224
11:44:43.919057,223,223
11:44:44.100562,230,230
11:44:44.253569,231,231
11:44:44.437899,234,234
11:44:44.595649,234,234
11:44:44.765478,240,240
11:44:44.915657,238,238
11:44:45.093214,236,236
11:44:45.308073,234,234
11:44:45.433614,233,233
11:44:45.635823,235,235
11:44:45.766063,234,234
11:44:45.961661,228,228
11:44:46.090730,230,230
11:44:46.271458,230,230
11:44:46.421955,231,231
11:44:46.583071,236,236
11:44:46.780546,237,237
11:44:46.912469,234,234
11:44:47.107864,227,227
11:44:47.278386,227,227
11:44:47.419848,228,228
11:44:47.564397,225,225
11:44:47.772691,226,226
11:44:47.889962,224,224
11:44:48.075759,227,227
11:44:48.229779,231,231
11:44:48.420533,232,232
11:44:48.575665,238,238
11:44:48.774802,237,237
11:44:48.898100,236,236
11:44:49.105239,230,230
11:44:49.232693,230,230
11:44:49.436206,232,232
11:44:49.563815,230,230
11:44:49.759268,231,231
11:44:49.884459,228,228
11:44:50.055510,239,239
11:44:50.206462,241,241
11:44:50.396119,240,240
11:44:50.529626,238,238
11:44:50.751102,240,240
11:44:50.871762,239,239
11:44:51.101939,234,234
11:44:51.231398,237,237
11:44:51.422768,236,236
11:44:51.560976,237,237
11:44:51.697489,230,230
11:44:51.880389,237,237
11:44:52.026935,236,236
11:44:52.242230,235,235
11:44:52.370342,235,235
11:44:52.568102,235,235
11:44:52.696256,231,231
11:44:52.892729,236,236
11:44:53.017057,235,235
11:44:53.179750,234,234
11:44:53.385767,230,230
11:44:53.519390,230,230
11:44:53.686254,229,229
11:44:53.830948,238,238
11:44:54.000195,238,238
11:44:54.154927,243,241
11:44:54.339000,240,240
11:44:54.502465,242,241
11:44:54.698405,237,237
11:44:54.812050,235,235
11:44:55.031230,236,236
11:44:55.158979,236,236
11:44:55.363694,237,237
11:44:55.488754,234,234
11:44:55.662027,235,235
11:44:55.856643,232,232
11:44:55.978495,232,232
11:44:56.184867,237,237
11:44:56.304040,231,231
11:44:56.491171,232,232
11:44:56.638721,232,232
11:44:56.857893,233,233
11:44:56.983692,231,231
11:44:57.180588,235,235
11:44:57.302599,233,233
11:44:57.478936,233,233
11:44:57.639050,228,228
11:44:57.848285,225,225
11:44:57.971500,228,228
11:44:58.145144,225,225
11:44:58.298506,230,230
11:44:58.476543,235,235
11:44:58.653895,237,237
11:44:58.808293,240,240
11:44:58.966032,240,240
11:44:59.166229,241,240
11:44:59.299533,242,241
11:44:59.438210,235,235
11:44:59.664108,232,232
11:44:59.803263,235,235
11:44:59.953920,228,228
11:45:00.117530,230,230
11:45:00.301517,234,234
11:45:00.430820,230,230
11:45:00.632339,226,226
11:45:00.769846,234,234
11:45:00.972487,234,234
11:45:01.107350,240,240
11:45:01.278081,240,240
11:45:01.422158,233,233
11:45:01.621929,231,231
11:45:01.757195,232,232
11:45:01.941963,229,229
11:45:02.085341,226,226
11:45:02.298717,223,223
11:45:02.414721,227,227
11:45:02.596815,229,229
11:45:02.743652,230,230
11:45:02.941383,235,235
11:45:03.113051,236,236
11:45:03.262616,235,235
11:45:03.434888,234,234
11:45:03.626762,232,232
11:45:03.751113,233,233
11:45:03.953608,232,232
11:45:04.087334,233,233
11:45:04.263067,225,225
11:45:04.414563,229,229
11:45:04.570583,232,232
11:45:04.748224,229,229
11:45:04.901000,231,231
11:45:05.069053,235,235
11:45:05.215884,240,240
11:45:05.395465,237,237
11:45:05.549573,239,239
11:45:05.720293,242,241
11:45:05.896323,243,240
11:45:06.091148,237,237
11:45:06.211308,237,237
11:45:06.436658,238,238
11:45:06.570149,236,236
11:45:06.758957,236,236
11:45:06.884649,230,230
11:45:07.085971,229,229
11:45:07.220980,230,230
11:45:07.394692,231,231
11:45:07.538206,229,229
11:45:07.745936,229,229
11:45:07.869021,233,233
11:45:08.081334,231,231
11:45:08.198060,232,232
11:45:08.405210,237,237
11:45:08.528548,233,233
11:45:08.719386,227,227
11:45:08.893095,227,227
11:45:09.054070,225,225
11:45:09.195250,226,226
11:45:09.385485,233,233
11:45:09.537284,236,236
11:45:09.687520,240,240
11:45:09.888809,238,238
11:45:10.020486,240,240
11:45:10.194895,241,240
11:45:10.383826,242,241
11:45:10.534472,239,239
11:45:10.680533,237,237
11:45:10.877972,232,232
11:45:11.011909,229,229
11:45:11.216099,232,232
11:45:11.333299,229,229
11:45:11.548121,232,232
11:45:11.667598,229,229
11:45:11.835377,232,232
11:45:12.012137,231,231
11:45:12.150564,234,234
11:45:12.329890,233,233
11:45:12.476184,230,230
11:45:12.679255,228,228
11:45:12.806689,226,226
11:45:13.015630,228,228
11:45:13.147308,229,229
11:45:13.343816,234,234
11:45:13.490213,238,238
11:45:13.660725,239,239
11:45:13.823966,239,239
11:45:14.027760,240,240
11:45:14.170760,241,240
11:45:14.362763,241,240
11:45:14.504320,233,233
11:45:14.674154,232,232
11:45:14.803592,230,230
11:45:15.012686,234,234
11:45:15.143873,234,234
11:45:15.341344,235,235
11:45:15.463110,229,229
11:45:15.680223,228,228
11:45:15.803880,229,229
11:45:15.957068,235,235
11:45:16.169571,237,237
11:45:16.288066,237,237
11:45:16.488626,231,231
11:45:16.636799,231,231
11:45:16.788192,230,230
11:45:16.938942,230,230
11:45:17.149796,223,223
11:45:17.267104,224,224
11:45:17.481817,229,229
11:45:17.604583,226,226
11:45:17.784577,235,235
11:45:17.932289,235,235
11:45:18.114277,236,236
11:45:18.274657,234,234
11:45:18.452163,235,235
11:45:18.599212,235,235
11:45:18.810096,232,232
11:45:18.950384,239,239
11:45:19.103799,230,230
11:45:19.286149,231,231
11:45:19.439641,230,230
11:45:19.600150,232,232
11:45:19.799546,231,231
11:45:19.928189,235,235
11:45:20.117292,240,240
11:45:20.256299,242,240
11:45:20.427572,240,240
11:45:20.570859,240,240
11:45:20.773046,234,234
11:45:20.902956,240,240
11:45:21.111286,234,234
11:45:21.250047,236,236
11:45:21.409839,234,234
11:45:21.623315,238,238
11:45:21.751551,231,231
11:45:21.941532,232,232
11:45:22.062170,233,233
11:45:22.270606,232,232
11:45:22.398887,225,225
11:45:22.604189,233,233
11:45:22.727768,230,230
11:45:22.952021,232,232
11:45:23.066478,232,232
11:45:23.202873,235,235
11:45:23.385671,228,228
11:45:23.535742,230,230
11:45:23.754281,228,228
11:45:23.881188,223,223
11:45:24.069662,227,227
11:45:24.202360,231,231
11:45:24.396639,238,238
11:45:24.538552,239,239
11:45:24.715384,236,236
11:45:24.868225,237,237
11:45:25.062786,241,241
11:45:25.203845,236,236
11:45:25.413205,239,239
11:45:25.545527,237,237
11:45:25.721029,234,234
11:45:25.869515,230,230
11:45:26.085748,229,229
11:45:26.216198,231,231
11:45:26.418077,228,228
11:45:26.543661,226,226
11:45:26.704113,230,230
11:45:26.864722,233,233
11:45:27.032277,237,237
11:45:27.187302,236,236
11:45:27.372357,235,235
11:45:27.521137,238,238
11:45:27.693226,238,238
11:45:27.843293,236,236
11:45:28.027907,233,233
11:45:28.179494,234,234
11:45:28.388878,225,225
11:45:28.503770,226,226
11:45:28.713937,222,222
11:45:28.841573,223,223
11:45:28.988889,224,224
11:45:29.210218,224,224
11:45:29.340909,226,226
11:45:29.532164,228,228
11:45:29.659580,224,224
11:45:29.866485,235,235
11:45:30.013643,232,232
11:45:30.166363,231,231
11:45:30.309113,235,235
11:45:30.507558,228,228
11:45:30.637069,230,230
11:45:30.783902,224,224
11:45:30.965178,230,230
11:45:31.110196,233,233
11:45:31.307020,229,229
11:45:31.470404,232,232
11:45:31.649580,229,229
11:45:31.775987,231,231
11:45:31.989250,234,234
11:45:32.108233,229,229
11:45:32.328752,235,235
11:45:32.442778,235,235
11:45:32.662755,237,237
11:45:32.792956,237,237
11:45:32.997170,240,240
11:45:33.130641,242,241
11:45:33.323369,242,240
11:45:33.462723,238,238
11:45:33.665287,240,240
11:45:33.797744,235,235
11:45:33.967815,232,232
11:45:34.116731,236,236
11:45:34.300633,228,228
11:45:34.427310,229,229
11:45:34.608124,230,230
11:45:34.758888,229,229
11:45:34.939697,232,232
11:45:35.117709,232,232
11:45:35.298686,229,229
11:45:35.438480,224,224
11:45:35.608755,218,218
11:45:35.783488,217,217
11:45:35.961310,219,219
11:45:36.095027,217,217
11:45:36.303339,222,222
11:45:36.434515,223,223
11:45:36.581580,224,224
11:45:36.766834,229,229
11:45:36.916951,231,231
11:45:37.100399,236,236
11:45:37.249529,231,231
11:45:37.421689,230,230
11:45:37.573998,235,235
11:45:37.762511,238,238
11:45:37.910316,240,240
11:45:38.100504,238,238
11:45:38.248212,241,241
11:45:38.400894,242,240
11:45:38.613766,238,238
11:45:38.740919,237,237
11:45:38.929075,235,235
11:45:39.058131,240,240
11:45:39.247890,241,240
11:45:39.389402,239,239
11:45:39.566802,238,238
11:45:39.720283,237,237
11:45:39.899164,237,237
11:45:40.066907,240,240
11:45:40.198346,239,239
11:45:40.402230,235,235
11:45:40.526341,237,237
11:45:40.743358,230,230
11:45:40.891098,230,230
11:45:41.036103,223,223
11:45:41.193122,225,225
11:45:41.370963,233,233
11:45:41.524557,233,233
11:45:41.716367,237,237
11:45:41.862530,238,238
11:45:42.058727,236,236
11:45:42.183656,235,235
11:45:42.390780,233,233
11:45:42.522208,229,229
11:45:42.722890,229,229
11:45:42.879520,230,230
11:45:43.030589,239,239
11:45:43.193310,235,235
11:45:43.385799,237,237
11:45:43.522068,242,240
11:45:43.695293,240,240
11:45:43.845645,239,239
11:45:44.063030,237,237
11:45:44.190359,237,237
11:45:44.356176,236,236
11:45:44.505070,233,233
11:45:44.712844,228,228
11:45:44.854441,224,224
11:45:44.983274,227,227
11:45:45.170565,235,235
11:45:45.328698,239,239
11:45:45.519739,238,238
11:45:45.652050,236,236
11:45:45.845271,235,235
11:45:45.999205,234,234
11:45:46.164608,235,235
11:45:46.317198,238,238
11:45:46.531736,237,237
11:45:46.673004,235,235
11:45:46.831018,237,237
11:45:46.973956,234,234
11:45:47.193183,235,235
11:45:47.316320,238,238
11:45:47.515158,236,236
11:45:47.643700,236,236
11:45:47.854624,235,235
11:45:48.009130,234,234
11:45:48.163005,238,238
11:45:48.303087,230,230
11:45:48.513545,233,233
11:45:48.637775,236,236
11:45:48.811708,234,234
11:45:48.971191,239,239
11:45:49.115761,230,230
11:45:49.321354,238,238
11:45:49.450824,237,237
11:45:49.658845,237,237
11:45:49.792585,236,236
11:45:49.995939,239,239
11:45:50.116664,237,237
11:45:50.297024,237,237
11:45:50.434350,235,235
11:45:50.647707,237,237
11:45:50.779250,236,236
11:45:50.974908,237,237
11:45:51.119047,238,238
11:45:51.286033,235,235
11:45:51.439513,236,236
11:45:51.640350,234,234
11:45:51.769593,235,235
11:45:51.967964,239,239
11:45:52.111382,233,233
11:45:52.274188,236,236
11:45:52.423605,233,233
11:45:52.637173,235,235
11:45:52.792520,234,234
11:45:52.962160,234,234
11:45:53.091351,237,237
20:41:19.841951,230,230
20:41:20.015298,229,229
20:41:20.194481,229,229
20:41:20.343405,228,228
20:41:20.528841,230,230
20:41:20.684711,233,233
20:41:20.862078,234,234
20:41:21.005172,240,240
20:41:21.214319,244,243
20:41:21.360244,243,241
20:41:21.499269,241,240
20:41:21.635558,237,237
20:41:21.814673,245,241
20:41:22.000298,245,240
20:41:22.118940,244,240
20:41:22.324537,242,240
20:41:22.449764,240,240
20:41:22.661671,243,240
20:41:22.785581,242,240
20:41:22.995370,247,241
20:41:23.113973,245,240
20:41:23.319584,244,241
20:41:23.468341,244,242
20:41:26.270264,245,241
20:41:26.457448,247,240
20:41:26.584594,241,240
20:41:26.825433,241,240
20:41:26.977705,243,242
20:41:27.127648,240,240
20:41:27.287768,244,241
20:41:27.435135,241,241
20:41:27.636719,237,237
20:41:27.788296,236,236
20:41:27.942049,227,227
20:41:28.091243,228,228
20:41:28.306923,227,227
20:41:28.455363,232,232
20:41:28.608558,229,229
20:41:28.755916,227,227
20:41:28.906625,226,226
20:41:29.109174,225,225
20:41:29.252395,228,228
20:41:29.416893,227,227
20:41:29.565156,219,219
20:41:29.773825,225,225
20:41:29.915957,228,228
20:41:30.096144,225,225
20:41:30.264694,225,225
20:41:30.409893,226,226
20:41:30.560624,226,226
20:41:30.741387,224,224
20:41:30.895475,228,228
20:41:31.040910,224,224
20:41:31.221478,226,226
20:41:31.371410,226,226
20:41:31.555349,221,221
20:41:31.708778,228,228
20:41:31.887688,227,227
20:41:32.052729,229,229
20:41:32.225302,222,222
20:41:32.379055,227,227
20:41:32.572664,225,225
20:41:32.712555,224,224
20:41:32.891408,222,222
20:41:33.036353,227,227
20:41:33.209671,224,224
20:41:33.369076,228,228
20:45:42.765630,216,216
20:45:42.899822,216,216
20:45:43.123525,220,220
20:45:43.259903,216,216
20:45:43.412590,215,215
20:45:43.571357,215,215
20:45:43.760171,214,214
20:45:43.898900,215,215
20:45:44.104660,217,217
20:45:44.240118,214,214
20:45:44.434188,213,213
20:45:44.583254,213,213
20:45:44.713768,212,212
20:45:44.922116,216,216
20:45:45.088316,220,220
20:45:45.231353,218,218
20:45:45.370929,213,213
20:45:45.598994,215,215
20:45:45.737771,221,221
20:45:45.878784,216,216
20:45:46.038857,222,222
20:45:46.235790,216,216
20:45:46.373839,221,221
20:45:49.192174,222,222
20:45:49.333540,223,223
20:45:49.545306,227,227
20:45:49.697208,229,229
20:45:49.849872,233,233
20:45:49.997157,226,226
20:45:50.208602,225,225
20:45:50.357223,232,232
20:45:50.505589,230,230
20:45:50.670797,234,234
20:45:50.859207,237,237
20:45:51.010601,246,242
20:45:51.155318,240,240
20:45:51.343164,245,241
20:45:51.493752,245,243
20:45:51.655313,240,240
20:45:51.809690,239,239
20:45:52.016229,244,241
20:45:52.163396,241,240
20:45:52.320502,243,241
20:45:52.467195,243,241
20:45:52.675591,245,241
20:45:52.829432,245,240
20:45:52.982455,246,242
20:45:53.129398,244,241
20:45:53.284374,244,240
20:45:53.463796,242,242
20:45:53.644629,248,241
20:45:53.796846,247,243
20:45:53.980509,240,240
20:45:54.128293,235,235
20:45:54.272091,229,229
20:45:54.468330,225,225
20:45:54.613252,221,221
20:45:54.798700,221,221
20:45:54.944103,221,221
20:45:55.121764,221,221
20:45:55.265187,218,218
20:45:55.473842,217,217
20:45:55.609534,210,210
20:45:55.773465,211,211
20:45:55.921449,216,216
20:45:56.109117,219,219
20:45:56.268811,220,220
20:45:56.440434,218,218
20:45:56.591624,214,214
20:45:56.797089,218,218
20:45:56.955572,226,226
20:45:57.111934,227,227
20:45:57.262866,219,219
20:45:57.461685,222,222
20:45:57.597144,229,229
20:45:57.753278,227,227
20:45:57.905100,240,240
20:45:58.120786,240,240
20:45:58.259543,244,240
20:45:58.402052,243,242
20:45:58.581127,242,242
20:45:58.726964,239,239
20:45:58.933487,226,226
20:45:59.063571,223,223
20:45:59.234917,222,222
20:45:59.371568,224,224
20:45:59.523751,225,225
20:45:59.728264,216,216
20:45:59.860185,217,217
20:46:00.031612,214,214
20:46:00.197278,225,225
20:46:00.377370,226,226
20:46:00.545614,225,225
20:46:00.708390,227,227
20:46:00.859207,226,226
20:46:01.036670,226,226
20:46:01.180840,228,228
20:46:01.363543,232,232
20:46:01.514315,229,229
20:46:01.693989,227,227
20:46:01.847514,230,230
20:46:02.036175,227,227
20:46:02.186714,230,230
20:46:02.322839,217,217
20:46:02.533231,214,214
20:46:02.695747,222,222
20:46:02.836654,218,218
20:46:03.038441,211,211
20:46:03.174433,211,211
20:46:03.315560,214,214
20:46:03.536003,210,210
20:46:03.673761,211,211
20:46:03.828447,212,212
20:46:03.970233,214,214
20:46:04.175190,210,210
20:46:04.300041,216,216
20:46:04.486701,222,222
20:46:04.643757,227,227
20:46:04.857646,223,223
20:46:04.974498,214,214
20:46:05.179070,214,214
20:46:05.303355,219,219
20:46:05.482436,221,221
20:46:05.634846,224,224
20:46:05.840706,228,228
20:46:05.966740,231,231
20:46:06.142920,231,231
20:46:06.299667,237,237
20:46:06.457310,239,239
20:46:06.663578,239,239
20:46:06.804271,233,233
20:46:06.986866,234,234
20:46:07.124651,232,232
20:46:07.341601,230,230
20:46:07.482671,233,233
20:46:07.632776,222,222
20:46:07.783222,221,221
20:46:08.007844,217,217
20:46:08.137065,217,217
20:46:08.304816,209,209
20:46:08.441354,215,215
20:46:08.665627,223,223
20:46:08.797610,228,228
20:46:08.978796,231,231
20:46:09.112077,229,229
20:46:09.315999,227,227
20:46:09.453785,220,220
20:46:09.660635,222,222
20:46:09.791324,223,223
20:46:09.993211,226,226
20:46:10.126626,231,231
20:46:10.303659,228,228
20:46:10.438323,234,234
20:46:10.657228,226,226
20:46:10.786231,226,226
20:46:10.949331,222,222
20:46:11.091733,223,223
20:46:11.289167,213,213
20:46:11.425709,217,217
20:46:11.607417,220,220
20:46:11.760141,222,222
20:46:11.940536,227,227
20:46:12.093703,235,235
20:46:12.295339,231,231
20:46:12.425961,227,227
20:46:12.635663,227,227
20:46:12.768502,227,227
20:46:12.901680,223,223
20:46:13.095775,225,225
20:46:13.234252,221,221
20:46:13.408542,221,221
20:46:13.556911,222,222
20:46:13.740686,224,224
20:46:13.884822,221,221
20:46:14.064976,218,218
20:46:14.235201,224,224
20:46:14.399263,221,221
20:46:14.559862,223,223
20:46:14.709333,225,225
20:46:14.887154,224,224
20:46:15.040350,219,219
20:46:15.255635,226,226
20:46:15.389945,228,228
20:46:15.556706,226,226
20:46:15.706177,234,234
20:46:15.917269,237,237
20:46:16.043659,236,236
20:46:16.220616,237,237
20:46:16.327502,237,237
20:46:16.492004,237,237
20:46:16.689894,240,240
20:46:16.838553,242,241
20:46:17.014549,242,241
20:46:17.159634,238,238
20:46:17.342460,234,234
20:46:17.483527,239,239
20:46:17.716251,238,238
20:46:17.814358,235,235
20:46:18.061041,235,235
20:46:18.199664,233,233
20:46:18.350636,231,231
20:46:18.507081,234,234
20:46:18.680923,236,236
20:46:18.836527,235,235
20:46:18.995610,238,238
20:46:19.163743,237,237
20:46:19.326711,237,237
20:46:19.503989,234,234
20:46:19.699146,236,236
20:46:19.831604,235,235
20:46:19.980700,237,237
20:46:20.198890,245,240
20:46:20.340005,240,240
20:46:20.471107,242,240
20:46:20.639998,239,239
20:46:20.815460,239,239
20:46:20.944257,239,239
20:46:21.183542,241,240
20:46:21.299162,239,239
20:46:21.513432,240,240
20:46:21.603991,241,240
20:46:21.807067,236,236
20:46:21.938822,242,242
20:46:22.183959,234,234
20:46:22.328750,237,237
20:46:22.498473,233,233
20:46:22.635774,232,232
20:46:22.811759,235,235
20:46:22.970860,234,234
20:46:23.150902,234,234
20:46:23.302878,233,233
20:46:23.480419,234,234
20:46:23.634115,235,235
20:46:23.816794,232,232
20:46:23.961946,234,234
20:46:24.176069,234,234
20:46:24.307618,234,234
20:46:24.506356,238,238
20:46:24.655925,237,237
20:46:24.803107,238,238
20:46:24.963063,238,238
20:46:25.107379,238,238
20:46:25.263629,241,240
20:46:25.422531,240,240
20:46:25.622162,239,239
20:46:25.725272,238,238
20:46:25.914450,240,240
20:46:26.109812,240,240
20:46:26.311597,229,229
20:46:26.448582,237,237
20:46:26.642701,237,237
20:46:26.787652,228,228
20:46:26.949226,234,234
20:46:27.082769,230,230
20:46:27.274247,234,234
20:46:27.428484,233,233
20:46:27.612519,233,233
20:46:27.761782,237,237
20:46:27.969347,230,230
20:46:28.107373,231,231
20:46:28.274158,234,234
20:46:28.425498,240,240
20:46:28.578425,237,237
20:46:28.797549,237,237
20:46:28.943323,236,236
20:46:29.085678,235,235
20:46:29.227596,235,235
20:46:29.432680,240,240
20:46:29.524333,244,241
20:46:29.727480,236,236
20:46:29.922731,242,240
20:46:30.067143,237,237
20:46:30.223592,236,236
20:46:30.432276,235,235
20:46:30.572726,231,231
20:46:30.736755,229,229
20:46:30.891363,226,226
20:46:31.072458,228,228
20:46:31.231004,235,235
20:46:31.400746,227,227
20:46:31.548372,233,233
20:46:31.732329,238,238
20:46:31.895642,235,235
20:46:32.029911,233,233
20:46:32.219991,235,235
20:46:32.360095,229,229
20:46:32.585528,233,233
20:46:32.713426,231,231
20:46:32.873919,231,231
20:46:33.035702,236,236
20:46:33.251313,242,240
20:46:33.394315,239,239
20:46:33.529618,234,234
20:46:33.717984,238,238
20:46:33.811722,242,240
20:46:34.051676,243,243
20:46:34.144776,242,241
20:46:34.382395,242,240
20:46:34.474896,241,240
20:46:34.685899,238,238
20:46:34.831853,238,238
20:46:35.058483,234,234
20:46:35.187983,233,233
20:46:35.357477,230,230
20:46:35.497710,227,227
20:46:35.678418,232,232
20:46:35.876619,231,231
20:46:36.030206,232,232
20:46:36.162715,235,235
20:46:36.349534,234,234
20:46:36.493569,238,238
20:46:36.685992,232,232
20:46:36.816915,232,232
20:46:37.007805,233,233
20:46:37.159438,231,231
20:46:37.347337,234,234
20:46:37.478242,230,230
20:46:37.634346,228,228
20:46:37.820621,232,232
20:46:38.005079,232,232
20:46:38.157239,233,233
20:46:38.302258,233,233
20:46:38.499799,233,233
20:46:38.640281,231,231
20:46:38.815325,231,231
20:46:38.959311,232,232
