11:21:48.403620,1620.00,203.00,89.63
11:21:48.609607,1626.00,204.00,101.02
11:21:48.706785,1625.00,202.00,106.38
11:21:48.917973,1625.00,201.00,112.53
11:21:49.076975,1629.00,204.00,118.52
11:21:49.255127,1625.00,203.00,124.18
11:21:49.403874,1623.00,198.00,122.50
11:21:49.580094,1634.00,203.00,120.76
11:21:49.754120,1645.00,205.00,122.65
11:21:49.910918,1644.00,210.00,128.57
11:21:50.080085,1640.00,211.00,133.03
11:21:50.254935,1636.00,209.00,138.61
11:21:50.402614,1629.00,204.00,141.25
11:21:50.572654,1619.00,191.00,138.00
11:21:50.708912,1623.00,195.00,136.83
11:21:50.913591,1631.00,204.00,135.44
11:21:51.065623,1637.00,209.00,140.37
11:21:51.271592,1636.00,210.00,146.61
11:21:51.411430,1629.00,209.00,151.42
11:21:51.571816,1627.00,207.00,156.76
11:21:51.752167,1624.00,196.00,162.37
11:21:51.907603,1625.00,192.00,167.24
11:21:52.095430,1621.00,167.00,162.28
11:21:52.233717,1615.00,152.00,157.40
11:21:52.411504,1609.00,143.00,151.01
11:21:52.576650,1616.00,153.00,152.61
11:21:52.736794,1621.00,161.00,153.72
11:21:52.902671,1623.00,163.00,158.68
11:21:53.074724,1621.00,161.00,163.53
11:21:53.242288,1624.00,161.00,168.93
11:21:53.403331,1625.00,155.00,174.11
11:21:53.568527,1625.00,133.00,171.93
11:21:53.724678,1621.00,113.00,165.54
11:21:53.899598,1608.00,90.00,157.46
11:21:54.069836,1598.00,70.00,150.44
11:21:54.233733,1589.00,50.00,143.78
11:21:54.388926,1572.00,31.00,136.85
11:21:54.549538,1557.00,12.00,131.27
11:21:54.735543,1537.00,-7.00,123.76
11:21:54.903960,1517.00,-19.00,116.08
11:21:55.061472,1490.00,-30.00,108.78
11:21:55.250661,1467.00,-40.00,101.10
11:21:55.393546,1446.00,-43.00,94.96
11:21:55.543892,1428.00,-41.00,89.00
11:21:55.738080,1401.00,-41.00,80.74
11:21:55.897550,1377.00,-38.00,74.44
11:21:56.046054,1353.00,-31.00,67.77
11:21:56.219959,1331.00,-19.00,60.52
11:21:56.406492,1305.00,-6.00,53.67
11:21:56.545975,1287.00,8.00,47.32
11:21:56.737159,1266.00,31.00,39.36
11:21:56.879971,1251.00,47.00,33.55
11:21:57.057504,1241.00,69.00,26.29
11:21:57.221506,1232.00,93.00,18.96
11:21:57.379791,1226.00,112.00,13.26
11:21:57.576855,1221.00,140.00,4.29
11:21:57.705093,1224.00,156.00,-1.16
11:21:57.910063,1221.00,186.00,-9.47
11:21:58.057329,1218.00,209.00,-15.64
11:21:58.234087,1219.00,215.00,-19.44
11:21:58.370039,1217.00,208.00,-17.80
11:21:58.578683,1212.00,200.00,-13.37
11:21:58.761404,1211.00,197.00,-7.67
11:21:58.886065,1215.00,195.00,-4.00
11:21:59.081596,1210.00,195.00,1.45
11:21:59.237236,1212.00,205.00,3.75
11:21:59.400156,1209.00,219.00,0.26
11:21:59.555166,1210.00,234.00,-4.22
11:21:59.740293,1212.00,255.00,-9.62
11:21:59.879741,1216.00,267.00,-13.42
11:22:00.061400,1219.00,289.00,-19.09
11:22:00.220872,1225.00,303.00,-23.60
11:22:00.391803,1229.00,319.00,-28.58
11:22:00.550845,1237.00,330.00,-32.99
11:22:00.715044,1246.00,338.00,-36.81
11:22:00.902158,1240.00,329.00,-37.78
11:22:01.046353,1236.00,323.00,-37.50
11:22:01.212085,1234.00,318.00,-26.92
11:22:01.393613,1233.00,319.00,-14.86
11:22:01.577270,1233.00,321.00,-1.93
11:22:01.718288,1236.00,321.00,8.98
11:22:01.883846,1237.00,318.00,18.80
11:22:02.089378,1237.00,320.00,28.39
11:22:02.204802,1234.00,320.00,31.14
11:22:02.402716,1229.00,325.00,37.63
11:22:02.554762,1226.00,333.00,36.81
11:22:02.710551,1218.00,341.00,33.32
11:22:02.916980,1225.00,329.00,32.40
11:22:03.079747,1229.00,324.00,33.06
11:22:03.194509,1227.00,322.00,38.35
11:22:03.412514,1236.00,322.00,44.56
11:22:03.542917,1239.00,324.00,48.10
11:22:03.736620,1231.00,329.00,52.41
11:22:03.889016,1219.00,335.00,49.95
11:22:04.049659,1220.00,336.00,47.79
11:22:04.246372,1230.00,325.00,46.86
11:22:04.358248,1231.00,325.00,47.18
11:22:04.557869,1234.00,323.00,55.38
11:22:04.723722,1232.00,322.00,60.46
11:22:04.894580,1231.00,324.00,66.15
11:22:05.054180,1229.00,326.00,71.51
11:22:05.252290,1221.00,328.00,78.36
11:22:05.380165,1214.00,330.00,79.72
11:22:05.561731,1201.00,330.00,78.76
11:22:05.702056,1193.00,333.00,78.46
11:22:05.878561,1174.00,335.00,79.40
11:22:06.054374,1151.00,339.00,81.01
11:22:06.210664,1130.00,341.00,81.98
11:22:06.398314,1102.00,344.00,78.27
11:22:06.561964,1110.00,340.00,75.89
11:22:06.742383,1123.00,337.00,77.05
11:22:06.888586,1124.00,337.00,78.98
11:22:07.040828,1128.00,338.00,81.60
11:22:07.224486,1126.00,338.00,86.22
11:22:07.416060,1120.00,337.00,93.01
11:22:07.534329,1118.00,340.00,96.05
11:22:07.746364,1107.00,337.00,100.73
11:22:07.884454,1109.00,335.00,98.94
11:22:08.061687,1123.00,339.00,97.66
11:22:08.209349,1127.00,341.00,98.65
11:22:08.398037,1132.00,342.00,111.58
11:22:08.515807,1139.00,340.00,120.17
11:22:08.697672,1135.00,336.00,132.13
11:22:08.877141,1135.00,337.00,145.21
11:22:09.055160,1129.00,341.00,158.27
11:22:09.248361,1130.00,340.00,164.79
11:22:09.383240,1134.00,339.00,168.07
11:22:09.573644,1138.00,331.00,173.73
11:22:09.716958,1139.00,317.00,170.74
11:22:09.880084,1142.00,322.00,169.69
11:22:10.052273,1146.00,333.00,168.42
11:22:10.211642,1150.00,338.00,172.53
11:22:10.384938,1147.00,339.00,177.79
11:22:10.559844,1143.00,338.00,182.84
11:22:10.724103,1142.00,333.00,-171.53
11:22:10.907618,1141.00,320.00,-172.27
11:22:11.032872,1143.00,315.00,-174.56
11:22:11.241432,1141.00,328.00,-175.65
11:22:11.375124,1139.00,334.00,-174.56
11:22:11.572084,1137.00,336.00,-167.61
11:22:11.724826,1140.00,336.00,-163.00
11:22:11.915792,1140.00,333.00,-156.53
11:22:12.051759,1139.00,332.00,-151.71
11:22:12.236011,1139.00,326.00,-145.43
11:22:12.384691,1143.00,319.00,-145.54
11:22:12.575691,1153.00,305.00,-150.41
11:22:12.698743,1161.00,293.00,-154.63
11:22:12.899788,1167.00,273.00,-160.45
11:22:13.046869,1174.00,256.00,-165.19
11:22:13.246603,1181.00,236.00,-171.60
11:22:13.390305,1186.00,221.00,-176.12
11:22:13.558013,1189.00,209.00,-180.40
11:22:13.713407,1190.00,202.00,177.83
11:22:13.892506,1190.00,191.00,176.04
11:22:14.079408,1188.00,180.00,174.15
11:22:14.219723,1188.00,180.00,172.16
11:22:14.398947,1187.00,180.00,169.72
11:22:14.582178,1191.00,201.00,169.34
11:22:14.730279,1201.00,196.00,171.45
11:22:14.882467,1200.00,198.00,174.13
11:22:15.094604,1197.00,198.00,-180.93
11:22:15.216708,1198.00,194.00,183.41
11:22:15.411592,1198.00,185.00,-178.75
11:22:15.574704,1198.00,155.00,534.54
11:22:15.736277,1196.00,155.00,168.67
11:22:15.904384,1194.00,155.00,161.12
11:22:16.067373,1192.00,154.00,153.52
11:22:16.213937,1191.00,157.00,146.95
11:22:16.371933,1192.00,161.00,140.12
11:22:16.555706,1188.00,159.00,131.68
11:22:16.726781,1149.00,36.00,122.51
11:22:16.866621,1129.00,0.00,115.36
11:22:17.022830,1109.00,-16.00,108.49
11:22:17.220130,1082.00,-26.00,99.24
11:22:17.361045,1079.00,-32.00,96.24
11:22:17.536247,1078.00,-33.00,96.90
11:22:17.692108,1078.00,-34.00,97.19
11:22:29.052140,1183.00,-172.00,84.20
11:22:29.227279,1187.00,-173.00,89.21
11:22:29.361101,1187.00,-173.00,97.91
11:22:29.563308,1188.00,-175.00,114.08
11:22:29.741129,1190.00,-174.00,127.41
11:22:29.887362,1187.00,-173.00,136.18
11:22:30.067682,1187.00,-174.00,148.67
11:22:30.242856,1185.00,-176.00,153.24
11:22:30.406513,1185.00,-177.00,157.76
11:22:30.563938,1183.00,-188.00,158.88
11:22:30.732453,1184.00,-193.00,155.93
11:22:30.890136,1190.00,-180.00,155.43
11:22:31.061290,1189.00,-176.00,157.22
11:22:31.233642,1190.00,-174.00,164.01
11:22:31.405411,1194.00,-173.00,169.25
11:22:31.536273,1193.00,-173.00,173.35
11:22:31.748951,1190.00,-189.00,175.01
11:22:31.895256,1189.00,-203.00,171.52
11:22:32.056339,1190.00,-203.00,169.42
11:22:32.223800,1193.00,-191.00,169.46
11:22:32.383821,1196.00,-186.00,172.61
11:22:32.536119,1195.00,-183.00,178.11
11:22:32.734805,1194.00,-182.00,-176.82
11:22:32.885638,1191.00,-185.00,-172.38
11:22:33.038955,1194.00,-190.00,-166.57
11:22:33.242254,1199.00,-207.00,-166.16
11:22:33.395733,1204.00,-226.00,-171.73
11:22:33.556439,1205.00,-250.00,-178.54
11:22:33.727798,1202.00,-276.00,533.95
11:22:33.889272,1196.00,-303.00,167.14
11:22:34.044307,1198.00,-325.00,161.00
11:22:34.220238,1193.00,-348.00,153.36
11:22:34.373021,1189.00,-367.00,146.34
11:22:34.556915,1171.00,-387.00,137.93
11:22:34.718703,1152.00,-406.00,130.29
11:22:34.868793,1139.00,-423.00,123.56
11:22:35.032056,1123.00,-436.00,117.06
11:22:35.208273,1104.00,-452.00,109.13
11:22:35.372789,1083.00,-463.00,100.77
11:22:35.557396,1087.00,-469.00,98.32
11:22:35.754923,1101.00,-467.00,101.04
11:22:35.875241,1101.00,-468.00,103.67
11:22:36.072427,1105.00,-466.00,110.29
11:22:36.231281,1103.00,-466.00,114.42
11:22:36.412559,1101.00,-467.00,120.77
11:22:36.570367,1087.00,-476.00,119.66
11:22:36.716734,1069.00,-485.00,113.68
11:22:36.904237,1046.00,-493.00,105.88
11:22:37.045418,1028.00,-501.00,99.46
11:22:37.199957,1008.00,-503.00,93.55
11:22:37.390321,981.00,-503.00,84.92
11:22:37.551007,961.00,-500.00,78.35
11:22:37.732168,932.00,-492.00,70.93
11:22:37.861099,912.00,-482.00,65.50
11:22:38.076284,882.00,-467.00,56.62
11:22:38.198535,876.00,-466.00,54.71
11:22:38.377292,881.00,-472.00,53.65
11:22:38.534974,891.00,-477.00,54.14
11:22:38.730973,895.00,-478.00,66.49
11:22:38.888087,898.00,-480.00,80.03
11:22:39.061858,898.00,-480.00,90.81
11:22:39.238489,899.00,-482.00,105.66
11:22:39.400584,897.00,-484.00,115.13
11:22:39.546036,894.00,-480.00,120.31
11:22:39.731443,896.00,-480.00,124.98
11:22:39.887181,892.00,-482.00,130.50
11:22:40.054086,888.00,-487.00,136.35
11:22:40.221792,879.00,-496.00,141.27
11:22:40.366503,867.00,-513.00,136.17
11:22:40.536384,853.00,-527.00,130.17
11:22:40.723616,830.00,-543.00,121.66
11:22:40.865888,812.00,-556.00,115.59
11:22:41.075251,819.00,-555.00,114.28
11:22:41.241374,831.00,-550.00,116.34
11:22:41.363140,833.00,-549.00,120.11
11:22:41.539984,835.00,-546.00,125.95
11:22:41.748329,835.00,-547.00,131.52
11:22:41.887553,832.00,-549.00,135.84
11:22:42.072541,819.00,-564.00,134.82
11:22:42.226670,810.00,-573.00,130.94
11:22:42.400804,796.00,-585.00,125.66
11:22:42.573535,783.00,-593.00,120.72
11:22:42.711050,770.00,-600.00,116.51
11:22:42.863402,757.00,-606.00,111.60
11:22:43.045754,738.00,-612.00,106.00
11:22:43.193270,725.00,-617.00,101.81
11:22:43.406317,733.00,-616.00,100.14
11:22:43.555626,743.00,-615.00,102.15
11:22:43.709321,748.00,-613.00,111.67
11:22:43.889791,748.00,-613.00,125.59
11:22:44.081796,746.00,-611.00,138.32
11:22:44.222683,749.00,-611.00,149.00
11:22:44.395655,749.00,-610.00,160.68
11:22:44.581720,751.00,-613.00,167.50
11:22:44.719066,752.00,-613.00,171.36
11:22:44.902051,751.00,-617.00,177.32
11:22:45.062623,749.00,-631.00,174.26
11:22:45.225561,752.00,-622.00,173.43
11:22:45.372581,753.00,-612.00,172.73
11:22:45.546819,754.00,-606.00,178.76
11:22:45.728899,751.00,-610.00,-176.02
11:22:45.888283,751.00,-613.00,-170.89
11:22:46.041548,752.00,-618.00,-165.60
11:22:46.227079,755.00,-633.00,-168.93
11:22:46.389330,755.00,-618.00,-169.48
11:22:46.554708,751.00,-610.00,-168.21
11:22:46.728332,749.00,-610.00,-161.34
11:22:46.866101,751.00,-607.00,-157.11
11:22:47.078480,751.00,-609.00,-150.91
11:22:47.227878,754.00,-611.00,-145.72
11:22:47.407768,759.00,-615.00,-139.72
11:22:47.579934,764.00,-620.00,-141.93
11:22:47.742830,765.00,-620.00,-144.46
11:22:47.867133,762.00,-613.00,-143.78
11:22:48.064388,759.00,-605.00,-141.06
11:22:48.232129,758.00,-605.00,-135.59
11:22:48.393358,757.00,-604.00,-130.37
11:22:48.549574,757.00,-606.00,-125.85
11:22:48.715606,761.00,-611.00,-119.96
11:22:48.928481,778.00,-620.00,-121.69
11:22:49.051973,789.00,-627.00,-125.15
11:22:49.215914,803.00,-636.00,-131.01
11:22:49.387609,815.00,-647.00,-135.74
11:22:49.578336,826.00,-663.00,-141.77
11:22:49.710381,833.00,-674.00,-145.31
11:22:49.860214,841.00,-685.00,-149.82
11:22:50.063146,856.00,-707.00,-156.44
11:22:50.187744,863.00,-713.00,-159.19
11:22:50.377421,873.00,-731.00,-164.56
11:22:50.534755,873.00,-723.00,-164.16
11:22:50.731346,868.00,-711.00,-163.16
11:22:50.867158,868.00,-707.00,-154.89
11:22:51.058869,862.00,-706.00,-142.01
11:22:51.225713,859.00,-700.00,-130.17
11:22:51.382457,855.00,-698.00,-120.03
11:22:51.575800,859.00,-696.00,-105.83
11:22:51.730163,863.00,-700.00,-98.67
11:22:51.910956,866.00,-700.00,-93.53
11:22:52.075413,872.00,-698.00,-88.35
11:22:52.228977,883.00,-699.00,-91.03
11:22:52.394860,882.00,-698.00,-92.90
11:22:52.560587,871.00,-694.00,-93.71
11:22:52.710928,866.00,-695.00,-90.88
11:22:52.927284,863.00,-698.00,-83.20
11:22:53.070739,866.00,-696.00,-78.89
11:22:53.219280,867.00,-695.00,-73.96
11:22:53.407840,881.00,-689.00,-75.36
11:22:53.523800,888.00,-688.00,-78.93
11:22:53.714861,883.00,-685.00,-80.26
11:22:53.873447,870.00,-687.00,-80.99
11:22:54.065629,872.00,-688.00,-74.09
11:22:54.222489,874.00,-689.00,-69.21
11:22:54.376179,875.00,-688.00,-64.81
11:22:54.571326,879.00,-686.00,-58.34
11:22:54.711412,885.00,-681.00,-56.81
11:22:54.886705,902.00,-671.00,-62.75
11:22:55.057266,923.00,-660.00,-70.94
11:22:55.204582,945.00,-655.00,-77.44
11:22:55.365828,973.00,-651.00,-84.42
11:22:55.565878,998.00,-647.00,-93.01
11:22:55.687589,1012.00,-644.00,-97.52
11:22:55.888341,1022.00,-640.00,-102.61
11:22:56.038074,1016.00,-636.00,-101.09
11:22:56.228811,1008.00,-633.00,-99.40
11:22:56.375325,1005.00,-631.00,-97.46
11:22:56.563997,1005.00,-633.00,-92.44
11:22:56.736058,1008.00,-635.00,-87.52
11:22:56.871621,1004.00,-634.00,-87.89
11:22:57.081585,1003.00,-636.00,-88.06
11:22:57.224157,1005.00,-636.00,-88.10
11:22:57.398025,1004.00,-636.00,-88.12
11:22:57.564556,1008.00,-636.00,-88.20
11:22:57.746681,1006.00,-636.00,-88.11
11:22:57.903044,1006.00,-636.00,-88.11
11:22:58.034638,1004.00,-636.00,-88.11
11:22:58.231855,1004.00,-636.00,-88.04
11:22:58.381384,1007.00,-637.00,-87.96
11:22:58.565050,1005.00,-636.00,-88.09
11:22:58.730579,1005.00,-638.00,-88.02
11:22:58.896991,1004.00,-637.00,-87.96
11:22:59.069522,1011.00,-636.00,-88.59
11:22:59.218703,1032.00,-635.00,-94.50
11:22:59.395231,1053.00,-637.00,-102.61
11:22:59.558084,1076.00,-644.00,-108.93
11:22:59.726331,1070.00,-641.00,-111.50
11:22:59.873378,1061.00,-637.00,-108.96
11:23:00.047036,1058.00,-635.00,-104.67
11:23:00.234253,1060.00,-635.00,-99.79
11:23:00.391012,1061.00,-633.00,-95.01
11:23:00.540701,1063.00,-635.00,-90.38
11:23:00.721992,1081.00,-634.00,-90.10
11:23:00.887960,1100.00,-634.00,-95.69
11:23:01.052661,1121.00,-640.00,-102.91
11:23:01.209270,1140.00,-646.00,-109.26
11:23:01.405390,1163.00,-656.00,-117.73
11:23:01.529587,1181.00,-664.00,-122.50
11:23:01.740238,1217.00,-685.00,-132.12
11:23:01.904111,1234.00,-700.00,-138.11
11:23:02.069516,1250.00,-719.00,-145.83
11:23:02.214628,1259.00,-740.00,-151.88
11:23:02.396694,1274.00,-765.00,-159.28
11:23:02.538702,1276.00,-782.00,-164.89
11:23:02.734642,1281.00,-809.00,-172.98
11:23:02.867784,1282.00,-807.00,-174.67
11:23:03.066769,1282.00,-792.00,-174.45
11:23:03.206257,1284.00,-787.00,-169.66
11:23:03.395972,1278.00,-785.00,-156.11
11:23:03.586750,1284.00,-785.00,-142.36
11:23:03.722162,1275.00,-785.00,-132.85
11:23:03.884574,1277.00,-784.00,-121.62
11:23:04.062804,1277.00,-783.00,-110.81
11:23:04.213239,1279.00,-780.00,-107.46
11:23:04.400760,1280.00,-781.00,-101.59
11:23:04.580049,1290.00,-784.00,-99.06
11:23:04.719404,1298.00,-784.00,-101.28
11:23:04.887322,1288.00,-781.00,-102.17
11:23:05.049944,1280.00,-779.00,-102.22
11:23:05.244639,1275.00,-782.00,-95.06
11:23:05.386091,1277.00,-781.00,-91.66
11:23:05.576581,1282.00,-783.00,-85.72
11:23:05.732815,1287.00,-781.00,-82.18
11:23:05.880527,1294.00,-779.00,-84.16
11:23:06.059473,1284.00,-781.00,-84.99
11:23:06.231410,1276.00,-781.00,-84.03
11:23:06.391309,1275.00,-783.00,-77.56
11:23:06.579459,1275.00,-783.00,-72.50
11:23:06.738492,1277.00,-782.00,-67.66
11:23:06.890733,1289.00,-774.00,-65.69
11:23:07.072796,1303.00,-768.00,-69.61
11:23:07.232180,1296.00,-770.00,-69.66
11:23:07.390866,1284.00,-773.00,-70.97
11:23:07.566390,1282.00,-776.00,-64.68
11:23:07.734819,1281.00,-775.00,-59.93
11:23:07.925555,1283.00,-773.00,-53.84
11:23:08.040771,1286.00,-771.00,-49.55
11:23:08.248150,1288.00,-764.00,-44.49
11:23:08.393512,1303.00,-748.00,-49.80
11:23:08.579056,1323.00,-735.00,-56.69
11:23:08.727303,1342.00,-725.00,-62.99
11:23:08.917958,1369.00,-713.00,-71.43
11:23:09.033862,1382.00,-710.00,-75.92
11:23:09.234268,1410.00,-701.00,-84.90
11:23:09.365772,1422.00,-699.00,-91.99
11:23:09.561257,1440.00,-695.00,-99.93
11:23:09.729660,1433.00,-688.00,-99.80
11:23:09.881637,1423.00,-685.00,-98.07
11:23:10.089287,1417.00,-682.00,-96.03
11:23:10.218103,1415.00,-685.00,-93.66
11:23:10.397938,1418.00,-685.00,-88.68
11:23:10.572518,1426.00,-685.00,-85.64
11:23:10.756376,1452.00,-682.00,-91.17
11:23:10.884629,1470.00,-683.00,-96.91
11:23:11.085389,1494.00,-688.00,-105.24
11:23:11.217892,1516.00,-693.00,-111.91
11:23:11.399448,1541.00,-705.00,-119.78
11:23:11.560787,1565.00,-712.00,-126.57
11:23:11.719130,1584.00,-725.00,-134.41
11:23:11.889623,1608.00,-741.00,-142.11
11:23:12.084805,1625.00,-755.00,-150.29
11:23:12.239449,1627.00,-757.00,-152.13
11:23:12.418548,1621.00,-744.00,-152.78
11:23:12.564335,1617.00,-736.00,-150.27
11:23:12.753180,1613.00,-735.00,-139.91
11:23:12.894591,1611.00,-737.00,-128.86
11:23:13.083875,1616.00,-736.00,-116.07
11:23:13.235117,1612.00,-734.00,-106.14
11:23:13.409107,1608.00,-732.00,-93.94
11:23:13.547094,1611.00,-730.00,-87.61
11:23:13.761401,1612.00,-729.00,-81.48
11:23:13.887118,1623.00,-729.00,-77.12
11:23:14.080312,1644.00,-725.00,-79.07
11:23:14.232066,1645.00,-724.00,-81.15
11:23:14.422516,1631.00,-725.00,-81.59
11:23:14.570730,1624.00,-726.00,-77.75
11:23:14.752344,1626.00,-728.00,-71.40
11:23:14.901723,1625.00,-727.00,-67.49
11:23:15.092592,1631.00,-727.00,-60.16
11:23:15.246156,1631.00,-724.00,-55.24
11:23:15.415035,1630.00,-721.00,-49.07
11:23:15.595511,1633.00,-716.00,-43.19
11:23:15.764619,1641.00,-705.00,-44.75
11:23:15.887068,1647.00,-699.00,-47.91
11:23:16.065313,1660.00,-687.00,-54.08
11:23:16.210382,1675.00,-680.00,-58.06
11:23:16.408558,1694.00,-669.00,-63.84
11:23:16.580430,1711.00,-660.00,-68.83
11:23:16.726289,1725.00,-655.00,-73.20
11:23:16.920305,1745.00,-648.00,-78.71
11:23:17.060493,1758.00,-644.00,-82.83
11:23:17.211740,1776.00,-640.00,-88.10
11:23:17.407729,1792.00,-636.00,-94.24
11:23:17.551122,1805.00,-637.00,-98.92
11:23:17.723868,1823.00,-637.00,-104.21
11:23:17.888836,1836.00,-641.00,-108.92
11:23:18.054934,1854.00,-647.00,-114.51
11:23:18.247864,1873.00,-653.00,-120.86
11:23:18.412636,1887.00,-661.00,-125.64
11:23:18.548550,1901.00,-667.00,-130.61
11:23:18.756873,1916.00,-679.00,-137.52
11:23:18.900236,1927.00,-686.00,-142.29
11:23:19.072129,1940.00,-697.00,-147.70
11:23:19.216797,1948.00,-709.00,-152.50
11:23:19.403072,1949.00,-716.00,-155.44
11:23:19.573156,1946.00,-704.00,-154.91
11:23:19.736366,1944.00,-697.00,-154.24
11:23:19.900633,1946.00,-692.00,-148.22
11:23:20.095052,1948.00,-691.00,-142.26
11:23:20.206390,1949.00,-689.00,-139.40
11:23:20.402067,1951.00,-697.00,-132.58
11:23:20.571377,1956.00,-702.00,-126.16
11:23:20.755906,1963.00,-709.00,-120.58
11:23:20.914585,1979.00,-714.00,-122.63
11:23:21.063825,1990.00,-722.00,-126.77
11:23:21.203289,1997.00,-732.00,-131.36
11:23:21.408098,2010.00,-747.00,-137.50
11:23:21.548842,2020.00,-759.00,-142.26
11:23:21.746407,2030.00,-777.00,-148.58
11:23:21.910609,2026.00,-777.00,-149.68
11:23:22.127748,2020.00,-765.00,-150.27
11:23:22.223410,2019.00,-762.00,-146.62
11:23:22.410359,2019.00,-760.00,-134.69
11:23:22.564915,2023.00,-758.00,-122.58
11:23:22.748960,2026.00,-760.00,-109.25
11:23:22.909529,2026.00,-760.00,-98.44
11:23:23.066522,2016.00,-760.00,-87.09
11:23:23.250639,2021.00,-757.00,-82.29
11:23:23.410634,2024.00,-756.00,-78.07
11:23:23.569607,2039.00,-754.00,-80.64
11:23:23.731693,2043.00,-753.00,-82.99
11:23:23.886034,2035.00,-752.00,-83.64
11:23:24.081172,2026.00,-753.00,-82.02
11:23:24.224452,2022.00,-756.00,-76.00
11:23:24.430577,2022.00,-755.00,-70.09
11:23:24.555737,2026.00,-755.00,-66.40
11:23:24.747813,2038.00,-752.00,-63.75
11:23:24.909025,2047.00,-745.00,-67.39
11:23:25.098116,2039.00,-747.00,-68.88
11:23:25.266072,2027.00,-749.00,-69.14
11:23:25.414225,2029.00,-751.00,-64.08
11:23:25.551077,2028.00,-753.00,-59.22
11:23:25.743266,2030.00,-755.00,-53.48
11:23:25.905968,2034.00,-750.00,-48.11
11:23:26.074864,2035.00,-747.00,-42.37
11:23:26.236745,2034.00,-742.00,-37.12
11:23:26.441979,2043.00,-728.00,-39.17
11:23:26.575115,2049.00,-719.00,-42.54
11:23:26.755479,2063.00,-708.00,-48.03
11:23:26.891911,2075.00,-697.00,-51.99
11:23:27.069128,2091.00,-686.00,-56.66
11:23:27.240504,2108.00,-676.00,-62.14
11:23:27.424947,2126.00,-666.00,-67.39
11:23:27.583395,2141.00,-660.00,-72.07
11:23:27.725914,2156.00,-657.00,-76.92
11:23:27.904088,2173.00,-651.00,-82.34
11:23:28.084530,2188.00,-646.00,-87.59
11:23:28.237591,2200.00,-642.00,-92.35
11:23:28.427309,2227.00,-641.00,-101.15
11:23:28.577989,2251.00,-642.00,-107.88
11:23:28.764556,2275.00,-649.00,-116.08
11:23:28.896404,2294.00,-656.00,-123.22
11:23:29.074817,2312.00,-670.00,-131.45
11:23:29.241444,2331.00,-684.00,-139.17
11:23:29.402272,2342.00,-696.00,-145.59
11:23:29.550743,2353.00,-704.00,-152.05
11:23:29.760182,2350.00,-692.00,-149.85
11:23:29.914031,2346.00,-685.00,-147.24
11:23:30.065615,2345.00,-682.00,-142.60
11:23:30.239039,2343.00,-679.00,-137.59
11:23:30.418367,2347.00,-679.00,-132.15
11:23:30.569033,2356.00,-686.00,-127.94
11:23:30.739343,2371.00,-697.00,-132.58
11:23:30.919740,2387.00,-718.00,-140.41
11:23:31.056941,2398.00,-735.00,-146.72
11:23:31.244773,2414.00,-762.00,-155.58
11:23:31.415140,2425.00,-785.00,-161.88
11:23:31.570282,2432.00,-811.00,-168.66
11:23:31.725689,2437.00,-833.00,-174.62
11:23:31.911142,2438.00,-856.00,-182.11
11:23:32.102310,2435.00,-886.00,169.14
11:23:32.237143,2431.00,-901.00,164.31
11:23:32.415688,2425.00,-928.00,156.22
11:23:32.583503,2418.00,-948.00,150.13
11:23:32.753280,2401.00,-971.00,142.79
11:23:32.916975,2386.00,-991.00,134.75
11:23:33.102643,2366.00,-1010.00,127.51
11:23:33.233563,2353.00,-1022.00,122.38
11:23:33.426649,2327.00,-1037.00,114.13
11:23:33.584553,2308.00,-1047.00,107.80
11:23:33.756145,2280.00,-1053.00,100.73
11:23:33.922257,2255.00,-1057.00,92.71
11:23:34.091575,2227.00,-1055.00,85.61
11:23:34.265885,2206.00,-1055.00,79.53
11:23:34.401819,2181.00,-1052.00,73.21
11:23:34.556324,2164.00,-1046.00,66.65
11:23:34.730515,2144.00,-1037.00,59.26
11:23:34.881438,2127.00,-1027.00,52.73
11:23:35.076160,2105.00,-1010.00,44.52
11:23:35.213886,2089.00,-993.00,39.42
11:23:35.427605,2070.00,-971.00,33.19
11:23:35.557363,2077.00,-977.00,32.94
11:23:35.766501,2083.00,-988.00,32.55
11:23:35.900107,2085.00,-993.00,40.06
11:23:36.085260,2087.00,-993.00,51.88
11:23:36.239595,2086.00,-993.00,63.78
11:23:36.420703,2090.00,-995.00,78.02
11:23:36.598711,2086.00,-994.00,91.00
11:23:36.744093,2085.00,-994.00,97.99
11:23:36.925386,2084.00,-994.00,102.12
11:23:37.084555,2081.00,-995.00,106.61
11:23:37.231776,2072.00,-998.00,107.28
11:23:37.393683,2061.00,-1002.00,103.03
11:23:37.613399,2074.00,-1000.00,101.67
11:23:37.730469,2082.00,-999.00,102.80
11:23:37.881112,2084.00,-998.00,108.45
11:23:38.090981,2085.00,-1000.00,114.89
11:23:38.241991,2082.00,-998.00,119.60
11:23:38.409354,2075.00,-1001.00,122.83
11:23:38.590821,2067.00,-1009.00,125.96
11:23:38.759306,2059.00,-1015.00,131.75
11:23:38.904922,2044.00,-1027.00,131.33
11:23:39.098248,2020.00,-1045.00,122.91
11:23:39.261693,2013.00,-1050.00,117.14
11:23:39.419481,2023.00,-1047.00,118.24
11:23:39.572274,2029.00,-1045.00,121.05
11:23:39.744596,2034.00,-1044.00,126.29
11:23:39.929759,2034.00,-1041.00,132.00
11:23:40.079957,2035.00,-1042.00,136.48
11:23:40.253022,2025.00,-1051.00,140.72
11:23:40.399780,2012.00,-1068.00,135.56
11:23:40.558571,1998.00,-1082.00,129.31
11:23:40.749116,1974.00,-1098.00,120.94
11:23:40.902515,1954.00,-1108.00,114.75
11:23:41.079717,1928.00,-1118.00,107.38
11:23:41.221678,1906.00,-1124.00,100.82
11:23:41.408597,1878.00,-1128.00,92.83
11:23:41.568851,1851.00,-1130.00,85.74
11:23:41.743832,1826.00,-1129.00,78.49
11:23:41.912884,1806.00,-1125.00,72.40
11:23:42.073446,1786.00,-1115.00,64.53
11:23:42.242841,1761.00,-1100.00,57.41
11:23:42.409498,1745.00,-1086.00,51.37
11:23:42.574100,1725.00,-1071.00,44.05
11:23:42.727592,1709.00,-1054.00,37.84
11:23:42.896761,1694.00,-1033.00,30.42
11:23:43.059803,1681.00,-1011.00,23.94
11:23:43.225328,1669.00,-987.00,16.40
11:23:43.409086,1662.00,-962.00,9.60
11:23:43.549988,1662.00,-959.00,7.30
11:23:43.748980,1661.00,-970.00,6.90
11:23:43.902122,1660.00,-977.00,7.51
11:23:44.053630,1664.00,-981.00,13.37
11:23:44.248852,1664.00,-981.00,19.69
11:23:44.393543,1663.00,-979.00,23.80
11:23:44.576848,1662.00,-974.00,29.16
11:23:44.746313,1658.00,-965.00,28.65
11:23:44.878585,1666.00,-973.00,27.62
11:23:45.092775,1671.00,-988.00,30.46
11:23:45.253029,1670.00,-989.00,39.82
11:23:45.388813,1673.00,-990.00,48.88
11:23:45.562486,1679.00,-992.00,62.56
11:23:45.741573,1677.00,-994.00,77.00
11:23:45.888497,1673.00,-996.00,85.57
11:23:46.085815,1667.00,-993.00,93.69
11:23:46.255376,1670.00,-995.00,98.47
11:23:46.436173,1663.00,-996.00,103.07
11:23:46.541121,1656.00,-1000.00,101.13
11:23:46.733181,1648.00,-1001.00,97.26
11:23:46.888482,1655.00,-1000.00,96.87
11:23:47.063815,1664.00,-999.00,97.00
11:23:47.228852,1666.00,-997.00,104.04
11:23:47.411129,1668.00,-998.00,108.70
11:23:47.566525,1666.00,-998.00,114.56
11:23:47.744413,1660.00,-998.00,120.81
11:23:47.890431,1656.00,-1001.00,125.65
11:23:48.063956,1649.00,-1006.00,131.48
11:23:48.227578,1637.00,-1016.00,130.13
11:23:48.416465,1623.00,-1026.00,125.29
11:23:48.580849,1611.00,-1034.00,120.52
11:23:48.739037,1599.00,-1041.00,115.85
11:23:48.875550,1586.00,-1049.00,111.11
11:23:49.047171,1569.00,-1056.00,105.34
11:23:49.226629,1567.00,-1059.00,102.73
11:23:49.389425,1575.00,-1056.00,103.02
11:23:49.571871,1584.00,-1056.00,107.49
11:23:49.769533,1589.00,-1054.00,120.09
11:23:49.890769,1587.00,-1054.00,129.80
11:23:50.074437,1585.00,-1054.00,141.83
11:23:50.208644,1588.00,-1057.00,150.16
11:23:50.407567,1592.00,-1060.00,163.99
11:23:50.590551,1594.00,-1060.00,169.54
11:23:50.768754,1595.00,-1060.00,176.12
11:23:50.904896,1591.00,-1065.00,-180.04
11:23:51.056182,1593.00,-1079.00,537.26
11:23:51.257324,1595.00,-1068.00,176.32
11:23:51.398494,1596.00,-1060.00,175.45
11:23:51.583040,1595.00,-1054.00,-178.23
11:23:51.755283,1595.00,-1055.00,-172.31
11:23:51.935608,1595.00,-1056.00,-167.28
11:23:52.045042,1595.00,-1063.00,-163.62
11:23:52.252683,1598.00,-1079.00,-167.85
11:23:52.372138,1599.00,-1077.00,-169.36
11:23:52.584928,1597.00,-1064.00,-169.89
11:23:52.724874,1596.00,-1059.00,-166.39
11:23:52.901263,1594.00,-1057.00,-160.71
11:23:53.057729,1590.00,-1057.00,-156.17
11:23:53.262862,1593.00,-1060.00,-149.42
11:23:53.412037,1594.00,-1065.00,-144.11
11:23:53.569993,1603.00,-1078.00,-142.95
11:23:53.752164,1616.00,-1096.00,-150.14
11:23:53.896052,1626.00,-1115.00,-156.83
11:23:54.090060,1635.00,-1138.00,-163.70
11:23:54.215118,1642.00,-1156.00,-169.21
11:23:54.388648,1648.00,-1179.00,-176.39
11:23:54.568037,1652.00,-1207.00,534.48
11:23:54.716615,1654.00,-1223.00,167.84
11:23:54.903039,1658.00,-1217.00,167.72
11:23:55.078938,1661.00,-1205.00,169.20
11:23:55.254936,1664.00,-1201.00,171.45
11:23:55.396564,1667.00,-1200.00,174.23
11:23:55.588743,1667.00,-1200.00,-180.31
11:23:55.756929,1667.00,-1217.00,-177.27
11:23:55.888181,1668.00,-1233.00,177.62
11:23:56.079972,1665.00,-1260.00,169.29
11:23:56.255837,1660.00,-1285.00,162.22
11:23:56.394840,1650.00,-1304.00,155.52
11:23:56.584767,1645.00,-1328.00,147.35
11:23:56.720813,1634.00,-1344.00,139.93
11:23:56.899124,1618.00,-1364.00,132.18
11:23:57.074268,1601.00,-1381.00,124.36
11:23:57.245013,1581.00,-1396.00,115.88
11:23:57.423230,1558.00,-1410.00,107.76
11:23:57.570708,1537.00,-1419.00,100.59
11:23:57.733000,1523.00,-1426.00,94.33
11:23:57.904613,1511.00,-1429.00,88.64
11:23:58.058377,1502.00,-1432.00,84.28
11:23:58.216992,1488.00,-1432.00,79.56
11:23:58.380645,1493.00,-1436.00,78.53
11:23:58.563745,1504.00,-1438.00,80.53
11:23:58.732381,1511.00,-1441.00,83.53
11:23:58.900055,1514.00,-1441.00,90.02
11:23:59.085968,1512.00,-1439.00,94.50
11:23:59.255462,1509.00,-1441.00,100.37
11:23:59.405023,1492.00,-1442.00,99.84
11:23:59.577587,1477.00,-1445.00,95.21
11:23:59.746690,1462.00,-1446.00,90.46
11:23:59.894775,1444.00,-1445.00,85.75
11:24:00.082674,1429.00,-1444.00,80.20
11:24:00.234941,1415.00,-1441.00,75.63
11:24:00.407817,1394.00,-1436.00,70.50
11:24:00.556691,1379.00,-1430.00,66.29
11:24:00.703706,1363.00,-1422.00,61.60
11:24:00.883816,1346.00,-1413.00,56.32
11:24:01.047886,1331.00,-1403.00,51.59
11:24:01.201918,1317.00,-1394.00,47.31
11:24:01.391757,1300.00,-1378.00,41.23
11:24:01.573355,1289.00,-1365.00,35.92
11:24:01.709925,1282.00,-1354.00,31.68
11:24:01.906805,1278.00,-1338.00,25.80
11:24:02.056325,1272.00,-1327.00,21.88
11:24:02.218748,1266.00,-1310.00,17.10
11:24:02.367715,1268.00,-1315.00,15.91
11:24:02.556589,1270.00,-1327.00,15.30
11:24:02.717420,1271.00,-1330.00,23.26
11:24:02.912876,1273.00,-1332.00,35.64
11:24:03.058797,1275.00,-1331.00,46.93
11:24:03.256453,1278.00,-1334.00,61.94
11:24:03.365507,1278.00,-1333.00,69.27
11:24:03.576504,1276.00,-1332.00,81.28
11:24:03.744675,1273.00,-1333.00,85.75
11:24:03.917125,1267.00,-1333.00,91.41
11:24:04.079826,1262.00,-1333.00,90.22
11:24:04.249125,1265.00,-1333.00,88.59
11:24:04.370134,1274.00,-1334.00,87.59
11:24:04.549665,1281.00,-1334.00,90.43
11:24:04.750650,1283.00,-1334.00,96.73
11:24:04.915035,1278.00,-1333.00,100.67
11:24:05.058815,1273.00,-1334.00,105.75
11:24:05.254154,1261.00,-1338.00,106.81
11:24:05.407543,1261.00,-1338.00,105.06
11:24:05.571074,1275.00,-1336.00,103.88
11:24:05.731077,1277.00,-1335.00,106.44
11:24:05.895627,1276.00,-1333.00,112.25
11:24:06.065017,1271.00,-1333.00,116.57
11:24:06.250869,1269.00,-1334.00,123.00
11:24:06.402412,1269.00,-1338.00,128.86
11:24:06.595399,1267.00,-1345.00,135.59
11:24:06.702723,1264.00,-1349.00,138.90
11:24:06.901846,1251.00,-1363.00,136.36
11:24:07.042119,1243.00,-1370.00,132.36
11:24:07.241122,1230.00,-1381.00,126.95
11:24:07.379572,1217.00,-1389.00,122.46
11:24:07.580487,1201.00,-1399.00,116.29
11:24:07.712404,1192.00,-1401.00,112.35
11:24:07.916867,1204.00,-1395.00,115.26
11:24:08.061496,1211.00,-1397.00,118.42
11:24:08.230882,1210.00,-1395.00,123.08
11:24:08.397094,1209.00,-1395.00,127.78
11:24:08.587733,1210.00,-1397.00,133.61
11:24:08.742569,1200.00,-1406.00,135.72
11:24:08.885629,1193.00,-1414.00,132.30
11:24:09.057111,1178.00,-1425.00,127.20
11:24:09.218313,1166.00,-1435.00,122.07
11:24:09.384054,1155.00,-1445.00,117.63
11:24:09.566630,1160.00,-1442.00,116.00
11:24:09.729990,1166.00,-1436.00,116.59
11:24:09.848912,1169.00,-1431.00,123.34
11:24:10.061625,1173.00,-1432.00,137.34
11:24:10.223065,1173.00,-1432.00,151.00
11:24:10.403278,1171.00,-1431.00,162.84
11:24:10.560146,1174.00,-1431.00,173.94
11:24:10.721349,1171.00,-1432.00,-178.59
11:24:10.918453,1173.00,-1433.00,-173.28
11:24:11.031446,1176.00,-1439.00,-170.18
11:24:11.238797,1177.00,-1450.00,-169.29
11:24:11.388983,1177.00,-1451.00,-171.56
11:24:11.576582,1175.00,-1437.00,-172.70
11:24:11.712455,1175.00,-1433.00,-171.49
11:24:11.911571,1176.00,-1431.00,-164.12
11:24:12.078424,1175.00,-1432.00,-159.79
11:24:12.224280,1175.00,-1432.00,-155.07
11:24:12.401307,1176.00,-1438.00,-148.67
11:24:12.580111,1174.00,-1439.00,-143.09
11:24:12.709777,1171.00,-1431.00,-140.34
11:24:12.896571,1167.00,-1426.00,-138.40
11:24:13.076578,1170.00,-1428.00,-134.78
11:24:13.244643,1169.00,-1430.00,-130.03
11:24:13.389654,1165.00,-1427.00,-125.55
11:24:13.567772,1169.00,-1429.00,-118.57
11:24:13.737665,1176.00,-1432.00,-113.38
11:24:13.895726,1182.00,-1434.00,-107.74
11:24:14.063009,1187.00,-1435.00,-102.89
11:24:14.263564,1196.00,-1433.00,-97.94
11:24:14.387907,1199.00,-1431.00,-95.89
11:24:14.555645,1208.00,-1432.00,-93.33
11:24:14.734498,1226.00,-1432.00,-91.65
11:24:14.896175,1245.00,-1432.00,-92.01
11:24:15.042623,1267.00,-1434.00,-92.47
11:24:15.234568,1292.00,-1436.00,-91.92
11:24:15.385130,1316.00,-1435.00,-91.50
11:24:15.549278,1346.00,-1436.00,-91.21
11:24:15.703677,1374.00,-1435.00,-90.94
11:24:15.879119,1403.00,-1439.00,-91.02
11:24:16.033340,1411.00,-1440.00,-91.82
11:24:16.214733,1416.00,-1440.00,-91.60
11:24:16.370477,1416.00,-1438.00,-91.72
11:25:14.916393,-133.00,-938.00,95.55
11:25:15.094990,-130.00,-937.00,105.99
11:25:15.227239,-131.00,-931.00,112.59
11:25:15.418707,-133.00,-926.00,117.02
11:25:15.586433,-135.00,-925.00,125.01
11:25:15.736510,-145.00,-930.00,128.85
11:25:15.919426,-143.00,-935.00,126.56
11:25:16.069713,-134.00,-932.00,125.60
11:25:16.215814,-129.00,-928.00,126.84
11:25:16.406661,-129.00,-924.00,133.81
11:25:16.569298,-125.00,-927.00,138.52
11:25:16.769759,-124.00,-931.00,145.19
11:25:16.914453,-129.00,-940.00,145.84
11:25:17.084928,-132.00,-946.00,142.93
11:25:17.266664,-125.00,-939.00,142.22
11:25:17.399927,-120.00,-932.00,143.10
11:25:17.556666,-116.00,-933.00,149.14
11:25:17.762709,-121.00,-933.00,154.90
11:25:17.915041,-123.00,-934.00,159.44
11:25:18.086509,-126.00,-936.00,165.32
11:25:18.223673,-131.00,-936.00,170.32
11:25:18.435178,-132.00,-950.00,171.61
11:25:18.552826,-131.00,-966.00,167.29
11:25:18.745306,-139.00,-995.00,158.68
11:25:18.890535,-145.00,-1008.00,153.36
11:25:19.081647,-144.00,-1001.00,152.93
11:25:19.246440,-139.00,-995.00,155.57
11:25:19.400055,-139.00,-991.00,158.08
11:25:19.584069,-138.00,-989.00,161.28
11:25:19.743167,-139.00,-993.00,166.10
11:25:19.900882,-142.00,-1012.00,165.85
11:25:20.089294,-148.00,-1036.00,158.92
11:25:20.236289,-159.00,-1055.00,151.82
11:25:20.411449,-173.00,-1080.00,144.83
11:25:20.584430,-190.00,-1099.00,137.31
11:25:20.735972,-202.00,-1117.00,130.96
11:25:20.868571,-216.00,-1128.00,125.69
11:25:21.072839,-243.00,-1142.00,115.05
11:25:21.209087,-260.00,-1153.00,109.58
11:25:21.394222,-279.00,-1163.00,101.34
11:25:21.546469,-302.00,-1170.00,93.69
11:25:21.760761,-315.00,-1175.00,86.04
11:25:21.891718,-308.00,-1180.00,87.16
11:25:22.083918,-296.00,-1181.00,90.64
11:25:22.238296,-295.00,-1182.00,92.57
11:25:22.411598,-294.00,-1181.00,95.47
11:25:22.569079,-298.00,-1179.00,99.78
11:25:22.766280,-316.00,-1184.00,101.34
11:25:22.895578,-331.00,-1187.00,96.68
11:25:23.090764,-358.00,-1189.00,88.33
11:25:23.234084,-380.00,-1190.00,82.03
11:25:23.433317,-411.00,-1182.00,73.34
11:25:23.579833,-433.00,-1174.00,66.93
11:25:23.755017,-458.00,-1162.00,59.54
11:25:23.912178,-479.00,-1151.00,53.42
11:25:24.109902,-502.00,-1132.00,44.70
11:25:24.247392,-515.00,-1118.00,37.89
11:25:24.434726,-529.00,-1102.00,29.93
11:25:24.568508,-539.00,-1087.00,24.75
11:25:24.786886,-548.00,-1062.00,16.18
11:25:24.900763,-555.00,-1048.00,12.44
11:25:25.080587,-564.00,-1034.00,6.66
11:25:25.233662,-570.00,-1022.00,2.00
11:25:25.399297,-571.00,-1009.00,-3.15
11:25:25.553294,-574.00,-1013.00,-4.77
11:25:25.727978,-576.00,-1022.00,-2.43
11:25:25.936110,-577.00,-1028.00,0.45
11:25:26.115604,-579.00,-1030.00,3.22
11:25:26.216717,-579.00,-1029.00,6.00
11:25:26.442950,-582.00,-1003.00,3.12
11:25:26.582412,-582.00,-982.00,-3.18
11:25:26.767625,-580.00,-958.00,-11.17
11:25:26.920903,-570.00,-933.00,-19.02
11:25:27.067145,-569.00,-918.00,-24.68
11:25:27.297943,-553.00,-890.00,-34.71
11:25:27.415875,-542.00,-875.00,-40.65
11:25:27.592133,-529.00,-859.00,-47.77
11:25:27.772359,-539.00,-859.00,-49.20
11:25:27.942325,-549.00,-863.00,-46.80
11:25:28.062527,-548.00,-863.00,-45.12
11:25:28.261965,-550.00,-868.00,-42.12
11:25:28.448436,-550.00,-866.00,-36.38
11:25:28.602777,-543.00,-854.00,-33.89
11:25:28.762449,-537.00,-836.00,-38.80
11:25:28.924255,-517.00,-819.00,-46.24
11:25:29.114975,-498.00,-802.00,-53.62
11:25:29.250073,-480.00,-792.00,-60.21
11:25:29.449914,-452.00,-777.00,-68.80
11:25:29.555137,-438.00,-772.00,-73.18
11:25:29.729836,-410.00,-764.00,-80.86
11:25:29.903115,-382.00,-758.00,-88.02
11:25:30.090860,-372.00,-760.00,-95.61
11:25:30.231249,-347.00,-765.00,-101.80
11:25:30.417670,-316.00,-768.00,-109.64
11:25:30.555274,-297.00,-774.00,-116.37
11:25:30.743165,-276.00,-784.00,-124.05
11:25:30.894412,-256.00,-790.00,-130.89
11:25:31.071790,-234.00,-807.00,-139.90
11:25:31.235885,-224.00,-813.00,-145.72
11:25:31.412879,-224.00,-805.00,-143.42
11:25:31.582582,-233.00,-797.00,-141.08
11:25:31.728713,-239.00,-792.00,-139.31
11:25:31.921375,-236.00,-790.00,-135.24
11:25:32.080624,-235.00,-791.00,-130.71
11:25:32.214293,-223.00,-796.00,-129.37
11:25:32.406810,-203.00,-814.00,-136.45
11:25:32.582367,-182.00,-835.00,-143.98
11:25:32.738278,-168.00,-858.00,-150.34
11:25:32.897652,-156.00,-881.00,-157.16
11:25:33.079144,-147.00,-904.00,-164.45
11:25:33.210933,-144.00,-919.00,-169.65
11:25:33.396597,-141.00,-956.00,-178.16
11:25:33.542574,-146.00,-969.00,535.97
11:25:33.739993,-149.00,-996.00,167.02
11:25:33.906443,-150.00,-1006.00,161.64
11:25:34.056699,-153.00,-1006.00,162.62
11:25:34.233587,-149.00,-1006.00,162.85
11:25:43.072734,108.00,-821.00,-95.42
11:25:43.236865,105.00,-822.00,-85.83
11:25:43.417706,104.00,-822.00,-78.56
11:25:43.595875,103.00,-823.00,-73.78
11:25:43.731412,108.00,-823.00,-65.46
11:25:43.878449,117.00,-818.00,-64.64
11:25:44.093961,115.00,-819.00,-66.59
11:25:44.223788,106.00,-822.00,-67.91
11:25:44.430598,104.00,-824.00,-62.53
11:25:44.580987,102.00,-823.00,-57.81
11:25:44.738178,104.00,-822.00,-53.63
11:25:44.943351,100.00,-819.00,-46.92
11:25:45.073844,111.00,-810.00,-48.72
11:25:45.228433,116.00,-807.00,-51.30
11:25:45.416858,102.00,-817.00,-52.21
11:25:45.582613,97.00,-820.00,-50.32
11:25:45.739130,93.00,-824.00,-45.30
11:25:45.934651,97.00,-822.00,-39.00
11:25:46.102739,102.00,-819.00,-33.14
11:25:46.244392,101.00,-817.00,-29.10
11:25:46.403139,102.00,-809.00,-23.00
11:25:46.585741,108.00,-797.00,-18.29
11:25:46.746707,113.00,-779.00,-22.80
11:25:46.890470,123.00,-760.00,-28.70
11:25:47.046563,132.00,-742.00,-36.08
11:25:47.216730,145.00,-720.00,-43.24
11:25:47.389509,167.00,-704.00,-50.75
11:25:47.561681,193.00,-688.00,-58.04
11:25:47.740396,211.00,-676.00,-65.35
11:25:47.897972,234.00,-667.00,-72.77
11:25:48.051079,256.00,-660.00,-79.44
11:25:48.224858,280.00,-651.00,-87.70
11:25:48.388584,303.00,-648.00,-93.83
11:25:48.565515,325.00,-652.00,-101.82
11:25:48.744683,351.00,-653.00,-109.25
11:25:48.883996,371.00,-657.00,-116.67
11:25:49.039732,386.00,-666.00,-123.89
11:25:49.226380,407.00,-680.00,-133.20
11:25:49.397084,430.00,-701.00,-141.28
11:25:49.573055,450.00,-718.00,-148.86
11:25:49.723942,459.00,-725.00,-155.74
11:25:49.872666,463.00,-714.00,-155.41
11:25:50.064729,462.00,-702.00,-154.56
11:25:50.205824,458.00,-698.00,-151.18
11:25:50.394129,453.00,-697.00,-140.97
11:25:50.570823,451.00,-700.00,-134.12
11:25:50.731690,451.00,-701.00,-129.10
11:25:50.899374,452.00,-705.00,-119.74
11:25:51.062636,461.00,-708.00,-120.54
11:25:51.224761,464.00,-711.00,-122.63
11:25:51.394896,454.00,-710.00,-123.91
11:25:51.572577,450.00,-705.00,-120.85
11:25:51.698742,447.00,-703.00,-116.51
11:25:51.905318,451.00,-695.00,-112.02
11:25:52.033555,452.00,-692.00,-108.85
11:25:52.241621,461.00,-693.00,-102.48
11:25:52.387686,475.00,-694.00,-105.25
11:25:52.540244,472.00,-692.00,-106.28
11:25:52.697369,459.00,-688.00,-107.47
11:25:52.888653,456.00,-689.00,-104.04
11:25:53.056627,457.00,-689.00,-98.01
11:25:53.197250,457.00,-688.00,-93.86
11:25:53.402855,459.00,-688.00,-86.80
11:25:53.569146,456.00,-689.00,-80.92
11:25:53.730240,464.00,-689.00,-74.71
11:25:53.874938,471.00,-689.00,-69.38
11:25:54.068322,485.00,-687.00,-68.89
11:25:54.243705,496.00,-681.00,-73.10
11:25:54.379763,509.00,-675.00,-77.70
11:25:54.547166,524.00,-670.00,-82.00
11:25:54.695756,542.00,-668.00,-86.57
11:25:54.886029,566.00,-666.00,-92.66
11:25:55.045481,564.00,-664.00,-92.97
11:25:55.228830,552.00,-663.00,-94.27
11:25:55.394435,544.00,-663.00,-89.36
11:25:55.567059,539.00,-666.00,-83.49
11:25:55.717181,537.00,-667.00,-79.59
11:25:55.887975,541.00,-664.00,-73.59
11:25:56.044636,545.00,-662.00,-68.16
11:25:56.241437,554.00,-660.00,-60.75
11:25:56.413795,567.00,-655.00,-58.12
11:25:56.557065,584.00,-644.00,-62.67
11:25:56.721371,598.00,-639.00,-69.59
11:25:56.899680,629.00,-632.00,-78.59
11:25:57.085479,655.00,-628.00,-86.91
11:25:57.250772,679.00,-626.00,-93.80
11:25:57.391252,695.00,-626.00,-97.99
11:25:57.578510,720.00,-629.00,-106.50
11:25:57.717001,735.00,-636.00,-112.54
11:25:57.895586,762.00,-643.00,-120.58
11:25:58.060499,785.00,-650.00,-128.80
11:25:58.229259,803.00,-660.00,-136.08
11:25:58.400696,817.00,-674.00,-143.19
11:25:58.561609,825.00,-682.00,-148.05
11:25:58.743522,841.00,-695.00,-153.52
11:25:58.858649,852.00,-704.00,-157.62
11:25:59.054966,860.00,-713.00,-162.76
11:25:59.224318,860.00,-707.00,-160.86
11:25:59.390002,858.00,-698.00,-157.60
11:25:59.549976,856.00,-693.00,-153.87
11:25:59.745416,850.00,-693.00,-148.21
11:25:59.917870,849.00,-693.00,-143.42
11:26:00.051800,851.00,-697.00,-138.65
11:26:00.222170,862.00,-705.00,-142.11
11:26:00.393041,867.00,-716.00,-147.68
11:26:00.541610,871.00,-722.00,-149.53
11:26:00.718087,870.00,-713.00,-149.19
11:26:00.884997,865.00,-706.00,-147.44
11:26:01.047142,862.00,-705.00,-137.67
11:26:01.212949,859.00,-705.00,-125.33
11:26:01.407820,860.00,-700.00,-112.41
11:26:01.542508,866.00,-704.00,-103.38
11:26:01.728037,863.00,-702.00,-89.58
11:26:01.920217,861.00,-700.00,-82.96
11:26:02.038630,862.00,-699.00,-80.05
11:26:02.231395,869.00,-696.00,-73.28
11:26:02.388161,885.00,-692.00,-75.63
11:26:02.552729,897.00,-691.00,-79.76
11:26:02.709115,890.00,-691.00,-79.93
11:26:02.888911,879.00,-693.00,-79.88
11:26:03.045040,877.00,-692.00,-76.02
11:26:03.214601,876.00,-692.00,-69.05
11:26:03.391427,876.00,-692.00,-64.29
11:26:03.575400,881.00,-693.00,-57.59
11:26:03.731551,891.00,-687.00,-56.97
11:26:03.901175,909.00,-674.00,-62.57
11:26:04.073523,930.00,-668.00,-70.45
11:26:04.216711,950.00,-661.00,-76.04
11:26:04.359678,972.00,-656.00,-82.56
11:26:04.552901,1002.00,-654.00,-91.32
11:26:04.695142,1019.00,-650.00,-96.95
11:26:04.884702,1026.00,-646.00,-103.39
11:26:05.047260,1017.00,-644.00,-101.61
11:26:05.244421,1010.00,-639.00,-99.87
11:26:05.386035,1002.00,-638.00,-94.74
11:26:05.573866,1004.00,-640.00,-88.47
11:26:05.728590,1004.00,-642.00,-83.95
11:26:05.896064,1016.00,-641.00,-79.86
11:26:06.060437,1041.00,-635.00,-85.60
11:26:06.222147,1065.00,-635.00,-91.65
11:26:06.355695,1085.00,-638.00,-98.41
11:26:06.566287,1106.00,-646.00,-106.75
11:26:06.712806,1123.00,-651.00,-113.34
11:26:06.884614,1148.00,-658.00,-120.69
11:26:07.057554,1170.00,-672.00,-128.07
11:26:07.229737,1192.00,-687.00,-134.97
11:26:07.379794,1211.00,-705.00,-141.20
11:26:07.558792,1224.00,-727.00,-149.11
11:26:07.703027,1237.00,-750.00,-155.39
11:26:07.855134,1246.00,-771.00,-162.06
11:26:08.042059,1249.00,-785.00,-166.18
11:26:08.186728,1250.00,-783.00,-166.43
11:26:08.374823,1251.00,-782.00,-166.25
11:26:08.563786,1250.00,-782.00,-166.21
11:26:17.066684,1461.00,-522.00,-45.25
11:26:17.222915,1459.00,-525.00,-34.06
11:26:17.409503,1459.00,-523.00,-21.49
11:26:17.566558,1459.00,-527.00,-10.13
11:26:17.727064,1464.00,-525.00,2.76
11:26:17.914615,1464.00,-529.00,14.36
11:26:18.062589,1464.00,-526.00,18.14
11:26:18.231350,1456.00,-525.00,23.25
11:26:18.395112,1455.00,-517.00,27.67
11:26:18.552269,1449.00,-505.00,24.53
11:26:18.725526,1456.00,-515.00,23.40
11:26:18.882139,1458.00,-523.00,23.63
11:26:19.054939,1461.00,-525.00,29.63
11:26:19.241657,1462.00,-527.00,35.48
11:26:19.424049,1461.00,-526.00,41.67
11:26:19.528682,1456.00,-524.00,43.96
11:26:19.705235,1448.00,-516.00,40.44
11:26:19.860255,1452.00,-525.00,40.30
11:26:20.059986,1460.00,-533.00,40.28
11:26:20.199419,1463.00,-535.00,46.04
11:26:20.394481,1465.00,-533.00,51.57
11:26:20.596101,1466.00,-529.00,57.48
11:26:20.712936,1462.00,-527.00,60.16
11:26:20.903407,1446.00,-519.00,56.09
11:26:21.058905,1447.00,-520.00,53.98
11:26:21.194870,1454.00,-524.00,54.39
11:26:21.392472,1460.00,-530.00,57.28
11:26:21.580387,1461.00,-531.00,63.96
11:26:21.738500,1457.00,-531.00,68.93
11:26:21.873852,1453.00,-532.00,73.34
11:26:22.056159,1440.00,-529.00,77.83
11:26:22.240435,1419.00,-525.00,72.19
11:26:22.378865,1400.00,-518.00,65.80
11:26:22.576807,1378.00,-502.00,57.35
11:26:22.730446,1377.00,-503.00,54.55
11:26:22.863639,1385.00,-508.00,56.27
11:26:23.077399,1391.00,-515.00,60.48
11:26:23.215164,1396.00,-517.00,64.50
11:26:23.400789,1394.00,-517.00,70.38
11:26:23.568711,1388.00,-516.00,75.06
11:26:23.742318,1374.00,-514.00,76.30
11:26:23.902004,1351.00,-508.00,69.65
11:26:24.037297,1338.00,-500.00,64.57
11:26:24.216993,1311.00,-486.00,57.19
11:26:24.374313,1293.00,-471.00,49.98
11:26:24.554986,1275.00,-455.00,42.43
11:26:24.707011,1264.00,-438.00,35.72
11:26:24.869441,1250.00,-418.00,29.04
11:26:25.038172,1234.00,-398.00,22.02
11:26:25.183279,1222.00,-377.00,16.21
11:26:25.358777,1214.00,-349.00,8.75
11:26:25.541724,1214.00,-324.00,1.33
11:26:25.699177,1213.00,-295.00,-6.38
11:26:25.888592,1220.00,-268.00,-13.25
11:26:26.045631,1227.00,-246.00,-19.36
11:26:26.219328,1232.00,-222.00,-26.84
11:26:26.358104,1244.00,-203.00,-33.17
11:26:26.538303,1256.00,-180.00,-41.03
11:26:26.689131,1271.00,-164.00,-47.23
11:26:26.908573,1303.00,-142.00,-56.38
11:26:27.083074,1326.00,-128.00,-63.73
11:26:27.217648,1337.00,-119.00,-68.62
11:26:27.388929,1358.00,-113.00,-76.40
11:26:27.556347,1385.00,-105.00,-83.59
11:26:27.724130,1409.00,-99.00,-91.11
11:26:27.887606,1436.00,-98.00,-97.21
11:26:28.069695,1465.00,-103.00,-104.15
11:26:28.208667,1485.00,-112.00,-110.86
11:26:28.383333,1508.00,-125.00,-118.45
11:26:28.564270,1530.00,-142.00,-125.65
11:26:28.738540,1547.00,-160.00,-132.63
11:26:28.891438,1561.00,-170.00,-139.21
11:26:29.050400,1583.00,-189.00,-146.58
11:26:29.239903,1598.00,-213.00,-154.15
11:26:29.362174,1608.00,-232.00,-159.67
11:26:29.555356,1619.00,-260.00,-167.63
11:26:29.718628,1622.00,-278.00,-173.14
11:26:29.915954,1621.00,-301.00,-178.84
11:26:30.068790,1619.00,-320.00,536.60
11:26:30.226800,1616.00,-337.00,171.28
11:26:30.369772,1616.00,-350.00,167.41
11:26:30.551404,1613.00,-369.00,161.64
11:26:30.704082,1612.00,-382.00,157.39
11:26:30.884955,1607.00,-397.00,152.47
11:26:31.041276,1597.00,-410.00,148.03
11:26:31.220225,1585.00,-427.00,142.87
11:26:31.382051,1576.00,-443.00,137.10
11:26:31.543998,1563.00,-457.00,132.36
11:26:31.689057,1548.00,-469.00,127.77
11:26:31.875475,1527.00,-486.00,119.19
11:26:32.051394,1507.00,-498.00,112.37
11:26:32.206617,1488.00,-506.00,106.11
11:26:32.365254,1464.00,-514.00,99.83
11:26:32.555778,1434.00,-515.00,91.50
11:26:32.717262,1432.00,-515.00,90.21
11:26:32.874128,1432.00,-515.00,90.61
11:26:33.044262,1433.00,-515.00,90.89
11:26:52.386571,825.00,-181.00,-81.94
11:26:52.549270,823.00,-182.00,-78.06
11:26:52.733788,823.00,-181.00,-71.68
11:26:52.882931,822.00,-179.00,-67.34
11:26:53.063835,822.00,-179.00,-61.20
11:26:53.247073,826.00,-176.00,-55.21
11:26:53.398893,836.00,-177.00,-49.96
11:26:53.580461,847.00,-172.00,-44.87
11:26:53.699008,850.00,-167.00,-47.58
11:26:53.896515,865.00,-153.00,-53.29
11:26:54.028816,876.00,-143.00,-57.92
11:26:54.235810,896.00,-127.00,-64.04
11:26:54.397464,910.00,-118.00,-68.11
11:26:54.560510,924.00,-111.00,-73.36
11:26:54.741794,935.00,-105.00,-78.53
11:26:54.878401,949.00,-102.00,-82.87
11:26:55.047608,967.00,-105.00,-87.48
11:26:55.216922,986.00,-104.00,-93.24
11:26:55.387763,1006.00,-103.00,-98.42
11:26:55.554466,1027.00,-105.00,-103.90
11:26:55.743696,1049.00,-112.00,-111.05
11:26:55.881800,1067.00,-117.00,-118.02
11:26:56.032480,1086.00,-123.00,-124.50
11:26:56.215359,1106.00,-133.00,-133.16
11:26:56.375336,1128.00,-146.00,-141.51
11:26:56.559056,1146.00,-166.00,-149.93
11:26:56.727843,1159.00,-189.00,-157.55
11:26:56.890873,1168.00,-205.00,-164.38
11:26:57.028309,1180.00,-223.00,-171.57
11:26:57.246867,1185.00,-247.00,-180.51
11:26:57.408120,1187.00,-238.00,179.86
11:26:57.571653,1188.00,-226.00,-177.61
11:26:57.703130,1191.00,-221.00,-174.65
11:26:57.912955,1191.00,-220.00,-168.72
11:26:58.079044,1191.00,-219.00,-163.42
11:26:58.204767,1189.00,-223.00,-159.66
11:26:58.380730,1194.00,-239.00,-159.34
11:26:58.563869,1203.00,-261.00,-165.57
11:26:58.718174,1211.00,-282.00,-172.39
11:26:58.910521,1212.00,-311.00,-180.35
11:26:59.076884,1207.00,-330.00,533.79
11:26:59.223734,1206.00,-352.00,167.74
11:26:59.382447,1206.00,-381.00,159.62
11:26:59.562638,1199.00,-408.00,152.17
11:26:59.719799,1189.00,-426.00,145.92
11:26:59.873178,1174.00,-443.00,139.62
11:27:00.055296,1151.00,-467.00,131.54
11:27:00.233352,1130.00,-482.00,124.37
11:27:00.368495,1111.00,-493.00,118.77
11:27:00.563546,1085.00,-506.00,110.25
11:27:00.696332,1072.00,-512.00,105.29
11:27:00.880483,1045.00,-520.00,97.16
11:27:01.031853,1024.00,-519.00,90.83
11:27:01.202827,999.00,-523.00,82.73
11:27:01.398684,972.00,-519.00,75.26
11:27:01.537361,968.00,-519.00,71.09
11:27:01.716636,966.00,-517.00,72.12
11:27:01.868674,967.00,-517.00,72.45
11:27:13.432929,165.00,-572.00,35.51
11:27:13.605330,165.00,-568.00,44.02
11:27:13.746238,154.00,-570.00,48.00
11:27:13.917178,156.00,-571.00,52.50
11:27:14.078568,146.00,-562.00,56.16
11:27:14.238178,127.00,-552.00,52.47
11:27:14.415611,108.00,-534.00,45.35
11:27:14.625427,94.00,-513.00,36.52
11:27:14.761344,82.00,-490.00,29.67
11:27:14.915493,70.00,-476.00,23.74
11:27:15.074889,63.00,-453.00,17.64
11:27:15.235487,59.00,-427.00,10.71
11:27:15.442139,54.00,-397.00,2.27
11:27:15.588810,48.00,-378.00,-4.11
11:27:15.753708,47.00,-349.00,-11.08
11:27:15.890393,46.00,-334.00,-16.56
11:27:16.087289,56.00,-303.00,-25.00
11:27:16.279240,73.00,-280.00,-33.47
11:27:16.436956,90.00,-261.00,-40.01
11:27:16.567344,109.00,-248.00,-45.32
11:27:16.755919,130.00,-225.00,-53.09
11:27:16.881430,140.00,-213.00,-58.09
11:27:17.085878,162.00,-198.00,-66.84
11:27:17.281239,191.00,-188.00,-75.58
11:27:17.395977,206.00,-184.00,-79.97
11:27:17.541707,232.00,-183.00,-86.28
11:27:17.750093,265.00,-184.00,-94.59
11:27:17.932796,295.00,-185.00,-102.42
11:27:18.069231,310.00,-187.00,-107.62
11:27:18.237155,335.00,-195.00,-115.10
11:27:18.395810,354.00,-206.00,-121.33
11:27:18.568470,371.00,-220.00,-128.71
11:27:18.712285,376.00,-220.00,-130.33
11:27:18.893970,371.00,-213.00,-131.53
11:27:19.081789,364.00,-207.00,-127.44
11:27:19.237772,360.00,-205.00,-117.77
11:27:19.415768,361.00,-202.00,-103.92
11:27:19.579461,361.00,-205.00,-91.66
11:27:19.740918,363.00,-208.00,-80.75
11:27:19.904320,360.00,-206.00,-69.20
11:27:20.090373,357.00,-206.00,-64.20
11:27:20.216698,356.00,-206.00,-61.04
11:27:20.390733,359.00,-204.00,-54.45
11:27:20.560353,365.00,-199.00,-48.21
11:27:20.724299,370.00,-193.00,-42.82
11:27:20.920890,381.00,-181.00,-39.13
11:27:21.090842,393.00,-162.00,-45.57
11:27:21.238226,409.00,-149.00,-52.42
11:27:21.391831,428.00,-137.00,-59.06
11:27:21.543517,448.00,-124.00,-65.42
11:27:21.759660,477.00,-111.00,-74.60
11:27:21.930135,502.00,-107.00,-82.04
11:27:22.092550,530.00,-106.00,-88.46
11:27:22.227257,558.00,-103.00,-94.70
11:27:22.424456,585.00,-104.00,-102.73
11:27:22.536386,598.00,-107.00,-107.95
11:27:22.742022,621.00,-112.00,-116.91
11:27:22.907287,645.00,-126.00,-125.00
11:27:23.067618,658.00,-135.00,-132.09
11:27:23.246567,676.00,-148.00,-140.22
11:27:23.404417,698.00,-164.00,-148.67
11:27:23.573870,717.00,-179.00,-155.62
11:27:23.732563,721.00,-186.00,-162.16
11:27:23.905177,720.00,-176.00,-160.17
11:27:24.070638,718.00,-167.00,-157.19
11:27:24.241746,719.00,-166.00,-152.87
11:27:24.418854,721.00,-165.00,-147.41
11:27:24.587847,722.00,-166.00,-142.75
11:27:24.707981,721.00,-170.00,-138.51
11:27:24.925336,729.00,-180.00,-139.90
11:27:25.059396,741.00,-191.00,-143.94
11:27:25.208685,751.00,-201.00,-148.79
11:27:25.356447,753.00,-212.00,-152.74
11:27:25.571143,750.00,-203.00,-153.49
11:27:25.692255,751.00,-198.00,-153.87
11:27:25.903587,746.00,-195.00,-146.57
11:27:26.055593,747.00,-195.00,-141.74
11:27:26.241175,744.00,-196.00,-137.53
11:27:26.415052,752.00,-205.00,-139.58
11:27:26.567981,761.00,-214.00,-143.91
11:27:26.734314,760.00,-212.00,-145.11
11:27:26.898305,754.00,-203.00,-145.51
11:27:27.070947,750.00,-198.00,-140.95
11:27:27.215660,747.00,-196.00,-135.81
11:27:27.408761,745.00,-197.00,-130.19
11:27:27.561570,749.00,-200.00,-125.12
11:27:27.761463,754.00,-205.00,-118.36
11:27:27.892442,763.00,-213.00,-119.42
11:27:28.070137,773.00,-222.00,-123.36
11:27:28.249799,787.00,-232.00,-128.34
11:27:28.407001,802.00,-244.00,-133.88
11:27:28.564815,807.00,-248.00,-136.11
11:27:28.718848,799.00,-242.00,-136.79
11:27:28.916110,792.00,-234.00,-133.13
11:27:29.052312,789.00,-231.00,-124.64
11:27:29.242900,790.00,-230.00,-111.12
11:27:29.393319,794.00,-232.00,-99.98
11:27:29.574497,792.00,-233.00,-88.10
11:27:29.742998,793.00,-232.00,-75.38
11:27:29.930609,792.00,-232.00,-68.98
11:27:30.053004,792.00,-230.00,-65.94
11:27:30.252893,800.00,-227.00,-61.12
11:27:30.400123,809.00,-220.00,-64.31
11:27:30.568130,807.00,-219.00,-66.45
11:27:30.742416,797.00,-223.00,-67.40
11:27:30.875723,795.00,-226.00,-64.67
11:27:31.080636,792.00,-228.00,-57.34
11:27:31.217835,795.00,-229.00,-53.86
11:27:31.414461,804.00,-228.00,-47.39
11:27:31.565088,808.00,-225.00,-42.04
11:27:31.720326,814.00,-222.00,-36.85
11:27:31.902829,819.00,-210.00,-31.67
11:27:32.070539,827.00,-191.00,-37.16
11:27:32.229059,845.00,-173.00,-44.53
11:27:32.386885,860.00,-162.00,-50.88
11:27:32.531771,876.00,-147.00,-57.09
11:27:32.728896,901.00,-130.00,-65.46
11:27:32.886587,919.00,-120.00,-71.85
11:27:33.065984,937.00,-109.00,-79.62
11:27:33.229096,960.00,-105.00,-87.14
11:27:33.393363,981.00,-105.00,-93.61
11:27:33.565265,1011.00,-103.00,-100.81
11:27:33.743978,1037.00,-108.00,-108.22
11:27:33.906800,1061.00,-117.00,-116.05
11:27:34.067126,1079.00,-121.00,-122.43
11:27:34.236423,1099.00,-131.00,-130.58
11:27:34.408437,1121.00,-143.00,-138.73
11:27:34.569612,1138.00,-158.00,-145.97
11:27:34.754159,1157.00,-183.00,-155.64
11:27:34.913803,1165.00,-201.00,-162.50
11:27:35.050772,1173.00,-212.00,-168.44
11:27:35.202306,1181.00,-232.00,-176.07
11:27:35.428512,1184.00,-242.00,177.94
11:27:35.564301,1184.00,-236.00,179.53
11:27:35.745472,1188.00,-225.00,-177.56
11:27:35.879578,1187.00,-222.00,-173.94
11:27:36.070451,1189.00,-221.00,-168.36
11:27:36.229916,1189.00,-222.00,-163.32
11:27:36.400476,1191.00,-230.00,-158.72
11:27:36.580837,1199.00,-252.00,-163.85
11:27:36.711261,1205.00,-269.00,-169.18
11:27:36.909934,1208.00,-298.00,-177.81
11:27:37.056416,1204.00,-319.00,176.10
11:27:37.230232,1203.00,-347.00,168.73
11:27:37.400369,1200.00,-370.00,162.58
11:27:37.592001,1194.00,-397.00,154.32
11:27:37.711305,1189.00,-416.00,148.66
11:27:37.866137,1178.00,-436.00,142.22
11:27:38.047439,1160.00,-456.00,135.02
11:27:38.212782,1138.00,-477.00,127.86
11:27:38.370445,1116.00,-489.00,121.79
11:27:38.558126,1108.00,-495.00,116.29
11:27:38.721624,1106.00,-494.00,117.01
11:27:38.883049,1107.00,-495.00,117.58
11:28:08.065382,1731.00,-141.00,-46.50
11:28:08.227697,1735.00,-141.00,-39.24
11:28:08.403797,1738.00,-140.00,-33.07
11:28:08.590075,1739.00,-134.00,-27.80
11:28:08.704036,1742.00,-126.00,-23.47
11:28:08.908277,1751.00,-102.00,-29.76
11:28:09.048725,1760.00,-88.00,-34.79
11:28:09.239310,1778.00,-69.00,-43.33
11:28:09.403739,1794.00,-54.00,-49.85
11:28:09.595295,1818.00,-39.00,-58.56
11:28:09.726845,1834.00,-31.00,-64.33
11:28:09.894421,1858.00,-13.00,-71.42
11:28:10.064131,1881.00,-4.00,-77.94
11:28:10.232445,1901.00,-3.00,-85.62
11:28:10.393471,1926.00,2.00,-92.01
11:28:10.581140,1955.00,0.00,-100.52
11:28:10.719983,1977.00,-7.00,-105.83
11:28:10.902424,2000.00,-17.00,-113.12
11:28:11.051642,2022.00,-22.00,-119.16
11:28:11.246592,2046.00,-38.00,-127.58
11:28:11.385603,2062.00,-54.00,-133.96
11:28:11.569825,2084.00,-74.00,-141.75
11:28:11.749138,2102.00,-94.00,-148.73
11:28:11.909374,2116.00,-119.00,-156.15
11:28:12.080700,2127.00,-142.00,-163.28
11:28:12.235047,2131.00,-166.00,-169.61
11:28:12.425007,2135.00,-188.00,-177.21
11:28:12.573714,2135.00,-212.00,-183.69
11:28:12.728087,2133.00,-233.00,170.09
11:28:12.906869,2130.00,-257.00,164.79
11:28:13.090477,2130.00,-262.00,162.22
11:28:13.242615,2131.00,-253.00,161.63
11:28:13.405596,2135.00,-243.00,165.00
11:28:13.551556,2133.00,-241.00,172.27
11:28:13.723006,2130.00,-240.00,185.45
11:28:13.910622,2136.00,-234.00,-160.44
11:28:14.087936,2135.00,-236.00,-147.17
11:28:14.238809,2137.00,-238.00,-136.48
11:28:14.426928,2135.00,-238.00,-131.28
11:28:14.571446,2132.00,-237.00,-127.20
11:28:14.768821,2138.00,-242.00,-122.02
11:28:14.909894,2155.00,-246.00,-125.90
11:28:15.076884,2153.00,-245.00,-127.56
11:28:15.276995,2142.00,-235.00,-127.76
11:28:15.407765,2138.00,-234.00,-123.83
11:28:15.597721,2136.00,-233.00,-118.10
11:28:15.759378,2138.00,-234.00,-113.16
11:28:15.894682,2141.00,-234.00,-108.51
11:28:16.099434,2155.00,-238.00,-109.02
11:28:16.221819,2168.00,-242.00,-112.47
11:28:16.426275,2161.00,-236.00,-113.70
11:28:16.579566,2153.00,-230.00,-113.98
11:28:16.761711,2149.00,-230.00,-107.86
11:28:16.930594,2150.00,-230.00,-102.67
11:28:17.097677,2147.00,-232.00,-98.14
11:28:17.272545,2155.00,-233.00,-92.49
11:28:17.419507,2161.00,-234.00,-87.91
11:28:17.583084,2182.00,-234.00,-90.23
11:28:17.744995,2202.00,-236.00,-96.41
11:28:17.909320,2229.00,-240.00,-104.63
11:28:18.079896,2252.00,-244.00,-111.91
11:28:18.266007,2274.00,-250.00,-118.81
11:28:18.378966,2290.00,-261.00,-124.21
11:28:18.566102,2312.00,-276.00,-131.97
11:28:18.714382,2329.00,-290.00,-139.10
11:28:18.918165,2348.00,-317.00,-148.96
11:28:19.086899,2362.00,-338.00,-157.09
11:28:19.238797,2374.00,-355.00,-163.83
11:28:19.434422,2378.00,-380.00,-173.12
11:28:19.576640,2387.00,-399.00,-178.89
11:28:19.749318,2392.00,-409.00,534.06
11:28:19.938987,2394.00,-397.00,-183.47
11:28:20.091851,2398.00,-387.00,179.24
11:28:20.248863,2398.00,-386.00,-176.33
11:28:20.408998,2397.00,-387.00,-171.60
11:28:20.600549,2395.00,-383.00,-166.76
11:28:20.730348,2394.00,-387.00,-161.24
11:28:20.914333,2405.00,-411.00,-165.59
11:28:21.081851,2409.00,-436.00,-172.89
11:28:21.268981,2412.00,-465.00,-181.37
11:28:21.390631,2412.00,-480.00,533.62
11:28:21.599126,2409.00,-511.00,165.48
11:28:21.747802,2402.00,-530.00,159.72
11:28:21.915704,2389.00,-555.00,151.93
11:28:22.066061,2376.00,-574.00,145.20
11:28:22.265847,2363.00,-598.00,137.24
11:28:22.390409,2350.00,-610.00,132.00
11:28:22.566263,2333.00,-627.00,124.78
11:28:22.756340,2308.00,-644.00,116.18
11:28:22.899121,2294.00,-650.00,113.22
11:28:23.052070,2303.00,-646.00,113.58
11:28:23.238544,2314.00,-640.00,113.76
11:28:23.384589,2317.00,-638.00,122.59
11:28:23.585002,2319.00,-637.00,136.27
11:28:23.749872,2320.00,-637.00,148.06
11:28:23.929520,2318.00,-636.00,162.46
11:28:24.089000,2316.00,-632.00,172.86
11:28:24.255089,2318.00,-639.00,-179.82
11:28:24.442924,2319.00,-642.00,-174.96
11:28:24.595232,2320.00,-648.00,-170.51
11:28:24.765877,2322.00,-661.00,-173.63
11:28:24.929644,2322.00,-657.00,-175.02
11:28:25.074267,2322.00,-645.00,-175.91
11:28:25.236869,2323.00,-639.00,-172.29
11:28:25.418596,2321.00,-639.00,-166.22
11:28:25.582396,2321.00,-638.00,-161.49
11:28:25.745246,2323.00,-643.00,-156.42
11:28:25.935621,2330.00,-657.00,-157.37
11:28:26.084372,2335.00,-670.00,-161.16
11:28:26.214725,2333.00,-665.00,-161.98
11:28:26.424904,2332.00,-651.00,-162.37
11:28:26.566929,2328.00,-648.00,-157.43
11:28:26.760977,2327.00,-647.00,-150.84
11:28:26.911773,2326.00,-648.00,-146.65
11:28:27.096769,2329.00,-650.00,-141.04
11:28:27.258399,2334.00,-655.00,-134.44
11:28:27.423743,2345.00,-664.00,-134.66
11:28:27.579118,2362.00,-679.00,-141.17
11:28:27.750794,2374.00,-698.00,-147.60
11:28:27.904886,2388.00,-723.00,-154.81
11:28:28.075816,2398.00,-745.00,-160.95
11:28:28.256505,2404.00,-770.00,-168.63
11:28:28.401562,2409.00,-794.00,-174.96
11:28:28.582460,2409.00,-821.00,-183.81
11:28:28.754706,2409.00,-844.00,168.63
11:28:28.913695,2408.00,-858.00,161.86
11:28:29.078483,2406.00,-879.00,154.76
11:28:29.248163,2396.00,-901.00,146.13
11:28:29.424798,2387.00,-924.00,138.19
11:28:29.556329,2375.00,-940.00,131.39
11:28:29.740025,2360.00,-956.00,123.56
11:28:29.924507,2338.00,-976.00,114.84
11:28:30.093006,2321.00,-990.00,107.09
11:28:30.266572,2296.00,-996.00,98.92
11:28:30.405100,2301.00,-997.00,97.57
11:28:30.594290,2314.00,-997.00,100.19
11:28:30.736477,2320.00,-998.00,103.53
11:28:30.888566,2322.00,-999.00,107.83
11:28:31.097368,2324.00,-1000.00,113.57
11:28:31.247649,2323.00,-1001.00,118.16
11:28:31.423468,2309.00,-1010.00,119.26
11:28:31.586304,2291.00,-1022.00,113.01
11:28:31.742678,2270.00,-1028.00,106.23
11:28:31.919922,2244.00,-1031.00,99.13
11:28:32.071944,2220.00,-1034.00,92.95
11:28:32.254767,2193.00,-1033.00,84.81
11:28:32.405979,2169.00,-1032.00,78.23
11:28:32.564067,2145.00,-1029.00,71.49
11:28:32.748786,2125.00,-1020.00,64.00
11:28:32.882794,2108.00,-1010.00,57.98
11:28:33.050889,2089.00,-996.00,52.07
11:28:33.199429,2070.00,-983.00,45.79
11:28:33.380522,2070.00,-980.00,45.77
11:28:33.537576,2071.00,-982.00,45.92
11:28:33.718719,2070.00,-982.00,45.96
11:42:03.766063,195.00,-1012.00,-87.13
11:42:03.895383,189.00,-1016.00,-78.12
11:42:04.103410,180.00,-1017.00,-64.03
11:42:04.257616,180.00,-1019.00,-52.55
11:42:04.462932,192.00,-1020.00,-37.62
11:42:04.568727,194.00,-1018.00,-28.25
11:42:04.771064,195.00,-1020.00,-20.35
11:42:04.926229,193.00,-1017.00,-16.62
11:42:05.101555,192.00,-1008.00,-11.94
11:42:05.275589,190.00,-994.00,-14.70
11:42:05.459635,189.00,-1005.00,-15.65
11:42:05.621513,181.00,-1015.00,-15.81
11:42:05.743929,182.00,-1018.00,-11.04
11:42:05.907047,184.00,-1021.00,-6.21
11:42:06.115083,185.00,-1023.00,-0.28
11:42:06.276602,187.00,-1017.00,5.26
11:42:06.448622,190.00,-1007.00,2.29
11:42:06.611008,192.00,-1018.00,1.86
11:42:06.763777,189.00,-1027.00,0.94
11:42:06.941738,185.00,-1030.00,5.52
11:42:07.124848,187.00,-1029.00,11.87
11:42:07.265797,188.00,-1026.00,15.59
11:42:07.462113,188.00,-1018.00,21.80
11:42:07.601720,187.00,-1006.00,19.37
11:42:07.781810,185.00,-997.00,15.15
11:42:07.929620,181.00,-1008.00,15.72
11:42:08.082466,184.00,-1016.00,15.07
11:42:08.281793,184.00,-1021.00,20.92
11:42:08.432381,186.00,-1021.00,25.61
11:42:08.611764,181.00,-1018.00,30.03
11:42:08.755055,177.00,-1013.00,34.98
11:42:08.952235,169.00,-1005.00,41.49
11:42:09.098595,155.00,-992.00,38.92
11:42:09.271911,142.00,-973.00,31.63
11:42:09.434172,131.00,-953.00,24.50
11:42:09.613540,125.00,-932.00,17.58
11:42:09.770403,124.00,-911.00,10.34
11:42:09.961670,116.00,-889.00,2.39
11:42:10.125170,110.00,-864.00,-5.72
11:42:10.268613,106.00,-849.00,-11.64
11:42:10.438148,102.00,-852.00,-14.12
11:42:10.568863,100.00,-860.00,-11.96
11:42:10.781225,98.00,-870.00,-9.35
11:42:10.911398,98.00,-872.00,-5.25
11:42:11.126955,98.00,-871.00,1.40
11:42:11.288007,94.00,-867.00,5.56
11:42:11.447510,91.00,-855.00,7.68
11:42:11.618695,91.00,-832.00,2.18
11:42:11.780037,92.00,-811.00,-4.62
11:42:11.932535,92.00,-788.00,-11.52
11:42:12.100405,100.00,-763.00,-18.50
11:42:12.260411,107.00,-744.00,-24.53
11:42:12.416055,114.00,-719.00,-30.93
11:42:12.582655,129.00,-698.00,-38.63
11:42:12.743355,151.00,-675.00,-45.99
11:42:12.925981,168.00,-660.00,-53.12
11:42:13.080933,185.00,-648.00,-59.04
11:42:13.263963,211.00,-636.00,-66.21
11:42:13.419023,237.00,-632.00,-73.80
11:42:13.582685,255.00,-624.00,-80.00
11:42:13.741914,264.00,-619.00,-84.09
11:42:13.931706,252.00,-619.00,-84.34
11:42:14.096688,242.00,-621.00,-78.52
11:42:14.240012,236.00,-626.00,-71.21
11:42:14.421324,233.00,-627.00,-57.18
11:42:14.607614,236.00,-628.00,-43.43
11:42:14.728523,234.00,-627.00,-34.35
11:42:14.935972,238.00,-627.00,-21.10
11:42:15.141710,236.00,-628.00,-15.00
11:42:15.296996,235.00,-628.00,-9.61
11:42:15.396694,236.00,-624.00,-7.98
11:42:15.634128,235.00,-619.00,-9.54
11:42:15.754945,232.00,-628.00,-10.80
11:42:15.928772,232.00,-633.00,-9.18
11:42:16.054893,234.00,-638.00,-4.22
11:42:16.270305,235.00,-639.00,1.89
11:42:16.412603,237.00,-637.00,5.88
11:42:16.609733,232.00,-625.00,9.25
11:42:16.815644,230.00,-620.00,6.71
11:42:16.930984,229.00,-627.00,5.70
11:42:17.125077,232.00,-636.00,7.78
11:42:17.260607,235.00,-636.00,12.35
11:42:17.442621,236.00,-637.00,17.82
11:42:17.607743,235.00,-636.00,22.83
11:42:17.752653,231.00,-632.00,27.27
11:42:18.002351,223.00,-625.00,23.96
11:42:18.092406,226.00,-630.00,23.03
11:42:18.285815,230.00,-641.00,24.56
11:42:18.448309,235.00,-641.00,30.66
11:42:18.643115,231.00,-641.00,35.65
11:42:18.805778,230.00,-639.00,41.21
11:42:18.955746,225.00,-632.00,42.56
11:42:19.103790,217.00,-632.00,46.71
11:42:19.235164,213.00,-625.00,50.80
11:42:19.430896,194.00,-612.00,43.85
11:42:19.614362,197.00,-618.00,42.92
11:42:19.794988,208.00,-627.00,44.63
11:42:19.928375,208.00,-629.00,49.32
11:42:20.090489,211.00,-627.00,54.04
11:42:20.268321,215.00,-626.00,58.96
11:42:20.446916,206.00,-624.00,65.13
11:42:20.596035,192.00,-619.00,62.95
11:42:20.748056,172.00,-608.00,56.91
11:42:20.937114,154.00,-592.00,49.23
11:42:21.076030,136.00,-574.00,42.78
11:42:21.260614,121.00,-558.00,35.54
11:42:21.442549,102.00,-533.00,27.48
11:42:21.571683,92.00,-510.00,21.31
11:42:21.796773,81.00,-475.00,11.68
11:42:21.924172,81.00,-462.00,6.70
11:42:22.117249,79.00,-437.00,0.08
11:42:22.280827,78.00,-413.00,-7.02
11:42:22.454527,80.00,-388.00,-14.24
11:42:22.609768,88.00,-367.00,-20.66
11:42:22.765446,97.00,-343.00,-27.33
11:42:22.937470,112.00,-320.00,-34.94
11:42:23.098819,126.00,-298.00,-41.55
11:42:23.261476,141.00,-279.00,-47.75
11:42:23.432111,161.00,-263.00,-55.14
11:42:23.602327,181.00,-247.00,-62.85
11:42:23.747893,201.00,-235.00,-69.25
11:42:23.931579,226.00,-228.00,-76.47
11:42:24.082386,248.00,-225.00,-82.74
11:42:24.277496,281.00,-222.00,-91.14
11:42:24.395478,302.00,-220.00,-96.90
11:42:24.584755,326.00,-222.00,-104.54
11:42:24.753857,352.00,-230.00,-111.75
11:42:24.919118,363.00,-235.00,-115.62
11:42:25.105018,353.00,-229.00,-115.91
11:42:25.263806,343.00,-225.00,-115.83
11:42:25.385835,339.00,-222.00,-109.48
11:42:25.599886,334.00,-221.00,-97.75
11:42:25.771636,339.00,-223.00,-92.54
11:42:25.940553,341.00,-222.00,-86.35
11:42:26.074684,345.00,-222.00,-80.73
11:42:26.268447,359.00,-219.00,-84.79
11:42:26.416095,353.00,-217.00,-85.64
11:42:26.587021,341.00,-216.00,-86.50
11:42:26.769716,338.00,-216.00,-80.70
11:42:26.934912,338.00,-218.00,-76.26
11:42:27.114966,333.00,-220.00,-71.50
11:42:27.277683,339.00,-222.00,-65.20
11:42:27.403502,345.00,-217.00,-67.07
11:42:27.598076,351.00,-215.00,-70.31
11:42:27.725905,343.00,-217.00,-70.37
11:42:27.921684,333.00,-219.00,-69.33
11:42:28.062602,334.00,-222.00,-64.54
11:42:28.267439,331.00,-221.00,-58.83
11:42:28.436283,334.00,-221.00,-53.51
11:42:28.576972,336.00,-217.00,-47.62
11:42:28.757781,343.00,-211.00,-41.54
11:42:28.928966,347.00,-204.00,-35.89
11:42:29.105876,358.00,-189.00,-35.39
11:42:29.277706,370.00,-170.00,-41.73
11:42:29.419328,383.00,-158.00,-48.01
11:42:29.587075,402.00,-142.00,-55.45
11:42:29.730687,421.00,-131.00,-61.24
11:42:29.953542,451.00,-118.00,-70.28
11:42:30.123733,479.00,-110.00,-77.89
11:42:30.253379,499.00,-105.00,-83.09
11:42:30.427340,529.00,-101.00,-91.31
11:42:30.575861,548.00,-98.00,-97.84
11:42:30.738603,566.00,-98.00,-104.26
11:42:30.901345,587.00,-104.00,-112.04
11:42:31.067075,604.00,-111.00,-118.96
11:42:31.247539,628.00,-123.00,-128.11
11:42:31.415848,645.00,-131.00,-135.17
11:42:31.576947,670.00,-143.00,-143.20
11:42:31.737720,678.00,-145.00,-147.45
11:42:31.951512,672.00,-134.00,-144.91
11:42:32.062770,671.00,-129.00,-142.82
11:42:32.233737,670.00,-125.00,-139.06
11:42:32.412174,662.00,-124.00,-133.69
11:42:32.586939,662.00,-125.00,-128.67
11:42:32.733049,665.00,-128.00,-123.40
11:42:32.919704,678.00,-136.00,-126.06
11:42:33.097170,690.00,-146.00,-130.70
11:42:33.231046,700.00,-154.00,-134.18
11:42:33.404343,720.00,-167.00,-139.85
11:42:33.584077,732.00,-181.00,-145.31
11:42:33.719714,742.00,-193.00,-149.83
11:42:33.902087,745.00,-210.00,-155.40
11:42:34.079761,747.00,-209.00,-156.03
11:42:34.266901,744.00,-198.00,-156.92
11:42:34.401022,738.00,-194.00,-152.76
11:42:34.596415,741.00,-192.00,-146.62
11:42:34.740161,742.00,-191.00,-143.13
11:42:34.926081,743.00,-193.00,-136.92
11:42:35.092743,751.00,-195.00,-131.47
11:42:35.260476,747.00,-199.00,-125.26
11:42:35.436287,749.00,-204.00,-119.50
11:42:35.576701,761.00,-212.00,-122.93
11:42:35.732995,774.00,-220.00,-127.41
11:42:35.894270,787.00,-228.00,-131.91
11:42:36.052103,797.00,-233.00,-135.21
11:42:36.233728,796.00,-230.00,-135.61
11:42:36.380787,797.00,-230.00,-135.32
11:42:36.570605,799.00,-230.00,-135.26
11:42:36.707433,798.00,-230.00,-135.20
11:42:54.958093,545.00,-526.00,32.50
11:42:55.124449,534.00,-523.00,33.05
11:42:55.239076,531.00,-518.00,37.30
11:42:55.426028,532.00,-517.00,43.83
11:42:55.594003,534.00,-516.00,47.52
11:42:55.749624,529.00,-514.00,52.77
11:42:55.916112,521.00,-514.00,58.40
11:42:56.089856,514.00,-510.00,65.41
11:42:56.238307,502.00,-505.00,64.22
11:42:56.410070,488.00,-497.00,59.46
11:42:56.600103,478.00,-488.00,55.16
11:42:56.727727,482.00,-494.00,55.34
11:42:56.914917,490.00,-501.00,54.46
11:42:57.075754,499.00,-505.00,64.05
11:42:57.218889,498.00,-505.00,72.92
11:42:57.422327,496.00,-510.00,89.89
11:42:57.596727,491.00,-506.00,101.55
11:42:57.760919,497.00,-504.00,112.32
11:42:57.879153,495.00,-510.00,119.14
11:42:58.111935,497.00,-508.00,125.23
11:42:58.267144,492.00,-508.00,130.34
11:42:58.413739,488.00,-515.00,135.56
11:42:58.599807,486.00,-522.00,142.55
11:42:58.792695,473.00,-531.00,142.97
11:42:58.898452,465.00,-546.00,138.83
11:42:59.098701,446.00,-563.00,130.86
11:42:59.259266,431.00,-573.00,124.41
11:42:59.419158,413.00,-586.00,117.80
11:42:59.582016,383.00,-596.00,110.13
11:42:59.760504,358.00,-606.00,102.56
11:42:59.916441,341.00,-611.00,96.34
11:43:00.072268,315.00,-618.00,89.37
11:43:00.275344,289.00,-615.00,80.65
11:43:00.409925,273.00,-615.00,75.11
11:43:00.590554,244.00,-610.00,67.36
11:43:00.792016,215.00,-601.00,58.31
11:43:00.925679,199.00,-591.00,51.07
11:43:01.097666,180.00,-577.00,42.49
11:43:01.269115,161.00,-566.00,35.37
11:43:01.424715,145.00,-548.00,27.46
11:43:01.602771,133.00,-528.00,19.26
11:43:01.763931,124.00,-513.00,13.07
11:43:01.942361,115.00,-488.00,4.37
11:43:02.134037,108.00,-460.00,-5.31
11:43:02.289314,106.00,-440.00,-12.12
11:43:02.444908,109.00,-428.00,-18.01
11:43:02.583683,104.00,-446.00,-18.12
11:43:02.757411,98.00,-453.00,-15.73
11:43:02.917343,98.00,-453.00,-13.50
11:43:03.128118,99.00,-450.00,-6.35
11:43:03.273039,98.00,-451.00,-1.57
11:43:03.458307,94.00,-445.00,3.83
11:43:03.642791,92.00,-424.00,1.68
11:43:03.756009,92.00,-406.00,-3.29
11:43:03.954485,94.00,-377.00,-11.59
11:43:04.090935,95.00,-361.00,-16.68
11:43:04.280546,108.00,-335.00,-24.94
11:43:04.408620,117.00,-318.00,-30.57
11:43:04.595885,136.00,-290.00,-39.16
11:43:04.757045,152.00,-272.00,-45.40
11:43:04.927584,168.00,-254.00,-52.20
11:43:05.122772,190.00,-239.00,-60.05
11:43:05.296507,210.00,-226.00,-68.17
11:43:05.420624,227.00,-221.00,-72.82
11:43:05.591455,253.00,-217.00,-80.23
11:43:05.727461,275.00,-212.00,-86.50
11:43:05.910250,277.00,-206.00,-88.85
11:43:06.065394,279.00,-206.00,-88.10
11:43:06.243036,280.00,-206.00,-88.11
11:43:06.397399,278.00,-206.00,-88.03
11:43:06.588440,278.00,-206.00,-88.07
11:43:06.723109,279.00,-205.00,-88.14
11:43:06.906919,277.00,-206.00,-88.14
11:43:07.055265,278.00,-206.00,-88.13
11:43:07.236577,278.00,-205.00,-88.13
11:43:07.397043,279.00,-205.00,-88.10
11:43:07.590230,278.00,-205.00,-88.07
