11:47:44.297919,-3207.00,453.00,0.18
11:47:44.439144,-3205.00,471.00,10.14
11:47:44.637609,-3206.00,485.00,26.39
11:47:44.754034,-3206.00,488.00,34.29
11:47:44.964221,-3205.00,489.00,51.06
11:47:45.095685,-3206.00,493.00,61.20
11:47:45.274786,-3206.00,494.00,74.34
11:47:45.444159,-3206.00,495.00,87.07
11:47:45.641507,-3207.00,497.00,93.70
11:47:45.773135,-3210.00,498.00,94.78
11:47:45.976979,-3231.00,496.00,95.12
11:47:46.116645,-3259.00,496.00,94.28
11:47:46.281148,-3294.00,495.00,94.29
11:47:46.429005,-3311.00,494.00,95.14
11:47:46.636494,-3334.00,494.00,94.15
11:47:46.767593,-3346.00,494.00,94.50
11:47:46.969794,-3366.00,493.00,95.42
11:47:47.097456,-3379.00,492.00,95.54
11:47:47.315821,-3403.00,493.00,96.11
11:47:47.430619,-3413.00,492.00,96.35
11:47:47.609174,-3432.00,491.00,97.10
11:47:47.782611,-3450.00,491.00,97.75
11:47:47.961556,-3467.00,490.00,98.33
11:47:48.117887,-3478.00,488.00,98.87
11:47:48.299955,-3481.00,488.00,106.36
11:47:48.428773,-3482.00,488.00,-243.72
11:47:48.612804,-3484.00,485.00,132.19
11:47:48.753787,-3484.00,488.00,142.30
11:47:48.957713,-3484.00,489.00,159.62
11:47:49.087110,-3485.00,489.00,169.85
11:47:49.285779,-3482.00,488.00,185.70
11:47:49.489960,-3476.00,486.00,-158.48
11:47:49.592425,-3476.00,486.00,-150.63
11:47:49.770239,-3477.00,486.00,-137.48
11:47:49.964148,-3478.00,486.00,-121.95
11:47:50.123926,-3476.00,485.00,-110.02
11:47:50.272722,-3476.00,485.00,-100.20
11:47:50.474812,-3476.00,487.00,-94.73
11:47:50.617452,-3474.00,487.00,-92.11
11:47:50.779587,-3462.00,486.00,-92.77
11:47:50.939144,-3432.00,484.00,-94.47
11:47:51.120878,-3390.00,481.00,-95.32
11:47:51.262130,-3344.00,477.00,-95.71
11:47:51.465019,-3275.00,470.00,-95.59
11:47:51.597997,-3232.00,466.00,-95.75
11:47:51.794665,-3163.00,459.00,-95.55
11:47:51.925935,-3123.00,455.00,-95.43
11:47:52.114506,-3056.00,448.00,-95.35
11:47:52.269289,-3005.00,441.00,-95.30
11:47:52.459699,-2939.00,434.00,-95.09
11:47:52.613692,-2889.00,428.00,-95.11
11:47:52.789217,-2830.00,422.00,-94.85
11:47:52.951747,-2779.00,415.00,-95.17
11:47:53.127532,-2722.00,409.00,-94.87
11:47:53.274523,-2668.00,350.00,-94.89
11:47:53.475739,-2612.00,349.00,-94.50
11:47:53.608106,-2596.00,347.00,-92.68
11:47:53.795894,-2577.00,345.00,-93.40
11:47:53.938421,-2561.00,346.00,-92.53
11:47:54.119396,-2544.00,345.00,-91.38
11:47:54.262928,-2528.00,343.00,-90.51
11:47:54.430135,-2512.00,343.00,-90.00
11:47:54.640996,-2489.00,342.00,-89.51
11:47:54.750780,-2478.00,341.00,-89.28
11:47:54.952996,-2457.00,341.00,-88.94
11:47:55.097281,-2441.00,341.00,-88.52
11:47:58.617216,-1975.00,477.00,-70.65
11:47:58.780951,-1972.00,478.00,-66.92
11:47:58.917773,-1971.00,475.00,-54.66
11:47:59.131273,-1973.00,476.00,-38.58
11:47:59.276036,-1974.00,476.00,-26.87
11:47:59.452090,-1975.00,475.00,-12.94
11:47:59.620518,-1976.00,474.00,0.49
11:47:59.779172,-1976.00,474.00,12.21
11:47:59.874997,-1978.00,473.00,19.73
11:48:00.082703,-1979.00,473.00,37.71
11:48:00.269855,-1979.00,474.00,51.08
11:48:00.421732,-1979.00,473.00,62.85
11:48:00.558475,-1980.00,473.00,75.03
11:48:00.741083,-1980.00,473.00,84.90
11:48:00.954116,-1981.00,473.00,89.31
11:48:01.058560,-1986.00,473.00,91.74
11:48:01.254856,-2005.00,473.00,90.60
11:48:01.418093,-2038.00,473.00,89.53
11:48:01.557238,-2074.00,473.00,89.30
11:48:01.732667,-2140.00,475.00,89.18
11:48:01.916224,-2197.00,476.00,89.25
11:48:02.087749,-2258.00,477.00,88.63
11:48:02.208065,-2298.00,479.00,88.82
11:48:02.435956,-2375.00,481.00,89.22
11:48:02.607584,-2432.00,482.00,88.97
11:48:02.781494,-2483.00,484.00,88.57
11:48:02.953315,-2543.00,486.00,88.68
11:48:03.117553,-2600.00,488.00,88.96
11:48:03.274624,-2651.00,490.00,88.90
11:48:03.430558,-2702.00,493.00,88.49
11:48:03.612113,-2768.00,496.00,88.57
11:48:03.773099,-2818.00,500.00,88.85
11:48:03.956012,-2874.00,505.00,88.50
11:48:04.099643,-2893.00,510.00,89.08
11:48:04.312574,-2916.00,515.00,88.39
11:48:04.439520,-2929.00,519.00,88.58
11:48:04.590903,-2946.00,524.00,89.03
11:48:04.771163,-2964.00,527.00,89.22
11:48:04.921742,-2979.00,531.00,89.31
11:48:05.131139,-3000.00,534.00,89.89
11:48:05.257331,-3009.00,538.00,89.91
11:48:05.457841,-3009.00,540.00,90.40
11:48:05.595180,-3011.00,543.00,90.35
11:48:05.770937,-3012.00,545.00,90.31
11:48:13.138882,-3674.00,542.00,-74.41
11:48:13.300002,-3672.00,544.00,-64.24
11:48:13.418187,-3674.00,541.00,-54.31
11:48:13.621954,-3668.00,537.00,-38.29
11:48:13.786427,-3671.00,537.00,-24.62
11:48:13.980777,-3671.00,539.00,-10.73
11:48:14.094992,-3672.00,541.00,-0.55
11:48:14.322212,-3670.00,540.00,16.66
11:48:14.432729,-3670.00,538.00,24.40
11:48:14.612833,-3673.00,541.00,39.88
11:48:14.801723,-3672.00,544.00,52.91
11:48:14.955425,-3671.00,544.00,64.51
11:48:15.128651,-3668.00,540.00,78.47
11:48:15.288130,-3671.00,541.00,85.84
11:48:15.461292,-3675.00,542.00,90.25
11:48:15.643126,-3683.00,543.00,91.13
11:48:15.781265,-3700.00,544.00,89.72
11:48:15.978981,-3741.00,545.00,88.51
11:48:16.105227,-3772.00,546.00,88.49
11:48:16.284781,-3795.00,546.00,89.89
11:48:16.444766,-3812.00,545.00,87.67
11:48:16.617895,-3829.00,546.00,87.57
11:48:16.776268,-3845.00,546.00,87.64
11:48:16.950541,-3864.00,546.00,88.14
11:48:17.102326,-3880.00,546.00,87.96
11:48:17.293866,-3900.00,546.00,88.28
11:48:17.434079,-3915.00,545.00,88.19
11:48:17.641268,-3935.00,545.00,88.23
11:48:17.797011,-3949.00,543.00,88.11
11:48:17.940006,-3963.00,544.00,88.31
11:48:18.125891,-3979.00,543.00,88.12
11:48:18.289331,-3982.00,541.00,79.54
11:48:18.476307,-3983.00,535.00,65.66
11:48:18.606938,-3983.00,539.00,55.04
11:48:18.820230,-3983.00,544.00,37.46
11:48:18.935578,-3986.00,549.00,27.40
11:48:19.145591,-3988.00,546.00,11.73
11:48:19.272043,-3988.00,545.00,2.31
11:48:19.483774,-3985.00,547.00,-13.26
11:48:19.599670,-3983.00,550.00,-22.49
11:48:19.804744,-3987.00,548.00,-38.20
11:48:19.946450,-3988.00,544.00,-50.01
11:48:20.110314,-3988.00,545.00,-64.09
11:48:20.265332,-3987.00,546.00,-75.70
11:48:20.468734,-3988.00,548.00,-86.58
11:48:20.592708,-3993.00,548.00,-89.28
11:48:20.822724,-3984.00,546.00,-92.49
11:48:20.935595,-3966.00,544.00,-92.03
11:48:21.137619,-3924.00,543.00,-89.89
11:48:21.279573,-3889.00,543.00,-89.01
11:48:21.449141,-3830.00,545.00,-88.91
11:48:21.607880,-3781.00,548.00,-88.72
11:48:21.807485,-3714.00,550.00,-88.92
11:48:21.929467,-3675.00,554.00,-88.91
11:48:22.144631,-3598.00,557.00,-89.20
11:48:22.284402,-3548.00,559.00,-89.13
11:48:22.439273,-3498.00,560.00,-89.56
11:48:22.633716,-3441.00,561.00,-89.51
11:48:22.785856,-3381.00,560.00,-89.98
11:48:22.956768,-3331.00,560.00,-89.88
11:48:23.128506,-3309.00,560.00,-89.40
11:48:23.311673,-3289.00,559.00,-90.77
11:48:23.430889,-3279.00,559.00,-90.89
11:48:23.615100,-3259.00,558.00,-90.63
11:48:23.804044,-3240.00,557.00,-90.52
11:48:23.942534,-3224.00,556.00,-90.70
11:48:24.101902,-3208.00,555.00,-90.74
11:48:32.467568,-3738.00,425.00,138.58
11:48:32.623528,-3739.00,422.00,131.71
11:48:32.816442,-3741.00,419.00,115.44
11:48:32.935760,-3740.00,417.00,464.68
11:48:33.139025,-3741.00,418.00,90.85
11:48:33.291853,-3740.00,418.00,86.41
11:48:33.446105,-3741.00,417.00,82.83
11:48:33.605899,-3752.00,421.00,81.91
11:48:33.798882,-3774.00,424.00,84.58
11:48:33.935245,-3788.00,424.00,84.78
11:48:34.130491,-3807.00,426.00,84.65
11:48:34.269726,-3822.00,427.00,84.72
11:48:34.496050,-3844.00,429.00,85.07
11:48:34.628193,-3855.00,428.00,85.22
11:48:34.788787,-3876.00,431.00,85.10
11:48:34.940990,-3890.00,431.00,85.03
11:48:35.140622,-3909.00,431.00,85.24
11:48:35.273533,-3921.00,433.00,85.04
11:48:35.479599,-3942.00,434.00,85.03
11:48:35.617090,-3957.00,436.00,84.99
11:48:35.780175,-3972.00,437.00,84.74
11:48:35.937521,-3975.00,437.00,85.42
11:48:36.115430,-3976.00,434.00,85.44
11:48:36.270190,-3977.00,433.00,85.38
11:48:56.470942,-3925.00,697.00,-104.03
11:48:56.670970,-3923.00,696.00,-94.97
11:48:56.801781,-3926.00,696.00,-91.53
11:48:56.950454,-3925.00,698.00,-88.41
11:48:57.155740,-3908.00,702.00,-88.46
11:48:57.291956,-3883.00,704.00,-90.00
11:48:57.480028,-3837.00,704.00,-90.72
11:48:57.626014,-3789.00,706.00,-90.94
11:48:57.797691,-3730.00,707.00,-91.08
11:48:57.952172,-3680.00,707.00,-91.23
11:48:58.126399,-3624.00,707.00,-91.26
11:48:58.290402,-3571.00,706.00,-91.28
11:48:58.481945,-3550.00,706.00,-90.02
11:48:58.614778,-3532.00,706.00,-92.07
11:48:58.806990,-3514.00,706.00,-91.89
11:48:58.945756,-3498.00,706.00,-91.73
11:48:59.133467,-3481.00,705.00,-91.47
11:48:59.271481,-3467.00,704.00,-91.97
11:48:59.452828,-3449.00,704.00,-92.00
11:48:59.600443,-3444.00,703.00,-91.59
11:48:59.789974,-3442.00,702.00,-91.82
11:48:59.954550,-3441.00,702.00,-91.92
11:49:38.813306,-4026.00,1128.00,132.02
11:49:38.963238,-4029.00,1125.00,137.28
11:49:39.124054,-4029.00,1124.00,150.59
11:49:39.299198,-4030.00,1125.00,165.04
11:49:39.467535,-4030.00,1126.00,176.67
11:49:39.642297,-4030.00,1127.00,190.98
11:49:39.790850,-4030.00,1129.00,-157.23
11:49:39.923455,-4030.00,1129.00,-147.74
11:49:40.105243,-4030.00,1128.00,-131.68
11:49:40.319705,-4030.00,1129.00,-116.17
11:49:40.444739,-4030.00,1131.00,-105.35
11:49:40.653048,-4030.00,1129.00,-91.95
11:49:40.794306,-4031.00,1129.00,-87.90
11:49:40.988941,-4029.00,1131.00,-83.58
11:49:41.115154,-4022.00,1133.00,-82.26
11:49:41.306686,-4005.00,1136.00,-83.84
11:49:41.446720,-3990.00,1139.00,-83.24
11:49:41.657083,-3970.00,1142.00,-84.71
11:49:41.802597,-3955.00,1143.00,-85.61
11:49:41.977895,-3938.00,1144.00,-85.72
11:49:42.114223,-3922.00,1145.00,-84.94
11:49:42.305446,-3904.00,1146.00,-85.88
11:49:44.966305,-3892.00,1298.00,96.12
11:49:45.159701,-3907.00,1296.00,96.90
11:49:45.290578,-3922.00,1295.00,95.83
11:49:45.446954,-3937.00,1294.00,95.61
11:49:45.650281,-3957.00,1292.00,95.72
11:49:45.785830,-3970.00,1292.00,95.29
11:49:45.974014,-3990.00,1291.00,94.58
11:49:46.133265,-4006.00,1290.00,93.95
11:49:46.298426,-4022.00,1290.00,92.85
11:49:48.963762,-4044.00,1458.00,-88.15
11:49:49.113834,-4037.00,1459.00,-88.30
11:49:49.300088,-4019.00,1460.00,-88.06
11:49:49.464391,-4002.00,1461.00,-86.57
11:49:49.626832,-3987.00,1463.00,-85.64
11:49:49.775643,-3972.00,1465.00,-86.11
11:49:49.958814,-3953.00,1466.00,-86.68
11:49:50.131508,-3936.00,1468.00,-87.23
11:49:50.285812,-3921.00,1469.00,-88.25
11:49:50.498237,-3898.00,1470.00,-87.12
11:49:50.619679,-3886.00,1471.00,-86.87
11:49:50.791088,-3869.00,1472.00,-87.23
11:49:50.972929,-3852.00,1474.00,-87.24
11:49:51.142576,-3834.00,1476.00,-87.41
11:49:54.001579,-3824.00,1635.00,97.07
11:49:54.126827,-3836.00,1634.00,95.81
11:49:54.289424,-3865.00,1631.00,95.43
11:49:54.456499,-3882.00,1630.00,95.90
11:49:54.637079,-3898.00,1630.00,95.43
11:49:54.778641,-3913.00,1630.00,94.47
11:49:54.945025,-3931.00,1630.00,95.13
11:49:55.147745,-3952.00,1630.00,94.38
11:49:55.248275,-3962.00,1630.00,93.88
11:49:55.386546,-3974.00,1630.00,92.99
11:49:55.637261,-3999.00,1631.00,93.11
11:49:55.779884,-4014.00,1631.00,93.57
11:49:55.975670,-4034.00,1630.00,93.96
11:49:56.123998,-4049.00,1631.00,93.38
11:49:56.287104,-4065.00,1631.00,92.52
11:49:59.094198,-4068.00,1492.00,-81.83
11:49:59.283453,-4053.00,1496.00,-83.97
11:49:59.453873,-4034.00,1498.00,-84.50
11:49:59.634536,-4017.00,1502.00,-84.54
11:49:59.809118,-4000.00,1504.00,-85.30
11:49:59.898170,-3989.00,1506.00,-85.92
11:50:11.131584,-3951.00,1827.00,-170.75
11:50:11.271162,-3951.00,1826.00,-173.85
11:50:11.473634,-3950.00,1827.00,-189.47
11:50:11.612440,-3949.00,1828.00,161.21
11:50:11.732606,-3949.00,1830.00,151.22
11:50:11.975052,-3949.00,1830.00,131.50
11:50:12.083442,-3949.00,1831.00,123.83
11:50:12.273468,-3949.00,1831.00,468.01
11:50:12.435010,-3948.00,1832.00,96.89
11:50:12.589630,-3948.00,1832.00,86.80
11:50:12.785673,-3948.00,1831.00,82.41
11:50:12.913450,-3955.00,1829.00,79.12
11:50:13.088217,-3971.00,1832.00,78.22
11:50:13.263290,-3988.00,1834.00,81.21
11:50:13.425341,-4005.00,1835.00,82.42
11:50:13.590217,-4021.00,1836.00,82.86
11:50:13.759028,-4038.00,1838.00,82.09
11:50:13.958199,-4058.00,1840.00,81.45
11:50:14.088241,-4069.00,1841.00,80.82
11:50:14.234169,-4075.00,1842.00,80.87
11:50:14.426725,-4077.00,1842.00,70.30
11:50:14.626117,-4078.00,1841.00,54.56
11:50:14.797410,-4078.00,1843.00,40.62
11:50:14.954833,-4078.00,1846.00,29.78
11:50:15.075047,-4078.00,1847.00,19.79
11:50:15.294710,-4078.00,1848.00,2.57
11:50:15.465534,-4079.00,1849.00,-11.55
11:50:15.606081,-4078.00,1850.00,-20.88
11:50:15.735292,-4078.00,1851.00,-30.94
11:50:15.889396,-4079.00,1850.00,-42.31
11:50:16.101081,-4079.00,1851.00,-59.84
11:50:16.244504,-4080.00,1853.00,-70.86
11:50:16.433930,-4079.00,1855.00,-83.01
11:50:16.599898,-4079.00,1858.00,-87.64
11:50:16.783840,-4075.00,1859.00,-89.65
11:50:16.884550,-4067.00,1861.00,-91.15
11:50:17.090529,-4027.00,1861.00,-89.95
11:50:17.248967,-3987.00,1862.00,-88.80
11:50:17.392952,-3938.00,1865.00,-88.26
11:50:17.550017,-3912.00,1868.00,-87.84
11:50:17.753026,-3893.00,1871.00,-89.53
11:50:17.919966,-3876.00,1874.00,-89.22
11:50:18.124660,-3856.00,1877.00,-88.78
11:50:18.276572,-3841.00,1879.00,-88.69
11:50:18.484936,-3821.00,1882.00,-89.27
11:50:18.605645,-3807.00,1884.00,-89.62
11:50:18.728152,-3795.00,1885.00,-89.95
11:50:18.968189,-3769.00,1887.00,-90.72
11:50:19.116012,-3754.00,1889.00,-91.24
11:50:19.242650,-3744.00,1891.00,-90.75
11:50:22.074697,-3713.00,1703.00,89.66
11:50:22.270589,-3724.00,1702.00,89.68
11:50:22.435779,-3747.00,1701.00,90.77
11:50:22.628885,-3795.00,1700.00,91.74
11:50:22.769263,-3843.00,1701.00,92.12
11:50:22.901808,-3879.00,1700.00,92.02
11:50:23.050978,-3896.00,1700.00,92.61
11:50:23.240885,-3916.00,1700.00,91.08
11:50:23.426398,-3933.00,1700.00,91.15
11:50:23.668541,-3958.00,1700.00,92.93
11:50:23.742923,-3966.00,1700.00,92.68
11:50:23.901808,-3982.00,1700.00,92.20
11:50:24.088230,-3999.00,1701.00,92.39
11:50:24.248792,-4017.00,1701.00,93.02
11:50:24.409447,-4032.00,1702.00,93.30
11:50:24.583663,-4050.00,1702.00,92.59
11:50:36.222025,-4023.00,2035.00,124.69
11:50:36.375795,-4028.00,2032.00,126.68
11:50:36.647343,-4028.00,2033.00,148.02
11:50:36.711251,-4028.00,2033.00,151.89
11:50:36.936460,-4028.00,2035.00,169.38
11:50:37.126899,-4028.00,2036.00,184.89
11:50:37.266232,-4028.00,2037.00,-163.06
11:50:37.372166,-4028.00,2036.00,-155.35
11:50:37.557639,-4028.00,2036.00,-141.59
11:50:37.759820,-4028.00,2037.00,-125.47
11:50:37.929811,-4028.00,2038.00,-112.66
11:50:38.087318,-4028.00,2038.00,-101.06
11:50:38.273102,-4027.00,2039.00,-90.05
11:50:38.451656,-4026.00,2040.00,-87.04
11:50:38.560094,-4023.00,2041.00,-86.04
11:50:38.739135,-4006.00,2044.00,-85.53
11:50:38.913900,-3972.00,2049.00,-86.75
11:50:39.126998,-3920.00,2054.00,-87.31
11:50:39.297535,-3902.00,2057.00,-86.83
11:50:39.370029,-3895.00,2059.00,-87.45
11:50:39.595826,-3872.00,2062.00,-88.84
11:50:39.710602,-3862.00,2063.00,-89.37
11:50:39.956840,-3837.00,2065.00,-87.71
11:50:40.047930,-3826.00,2067.00,-87.95
11:50:40.233918,-3809.00,2068.00,-89.12
11:50:40.399278,-3791.00,2069.00,-90.66
11:50:40.633419,-3769.00,2070.00,-90.47
11:50:40.776746,-3754.00,2071.00,-90.03
11:50:40.889567,-3743.00,2073.00,-89.33
11:50:44.918792,-3817.00,2230.00,35.11
11:50:45.112748,-3817.00,2233.00,45.71
11:50:45.211735,-3817.00,2232.00,54.35
11:50:45.459619,-3817.00,2231.00,73.93
11:50:45.548489,-3817.00,2230.00,80.71
11:50:45.767412,-3817.00,2232.00,91.41
11:50:45.919962,-3818.00,2232.00,93.67
11:50:46.107714,-3827.00,2233.00,95.79
11:50:46.227877,-3843.00,2232.00,95.80
11:50:46.418454,-3886.00,2228.00,94.11
11:50:46.624709,-3937.00,2224.00,94.15
11:50:46.786847,-3951.00,2222.00,94.61
11:50:46.966933,-3971.00,2221.00,92.93
11:50:47.066128,-3980.00,2221.00,92.63
11:50:47.257252,-3999.00,2221.00,94.02
11:50:47.460577,-4019.00,2220.00,94.89
11:50:47.615584,-4034.00,2218.00,94.18
11:50:47.764847,-4049.00,2217.00,93.63
11:50:47.917059,-4064.00,2216.00,93.75
11:50:50.718065,-4102.00,2378.00,-89.25
11:50:50.934223,-4089.00,2381.00,-90.58
11:50:51.092269,-4073.00,2384.00,-88.49
11:50:51.292119,-4050.00,2387.00,-86.14
11:50:51.447285,-4034.00,2390.00,-86.92
11:50:51.619231,-4017.00,2393.00,-88.58
11:50:51.790804,-4001.00,2395.00,-88.15
11:50:51.892493,-3991.00,2397.00,-87.10
11:50:52.077075,-3971.00,2400.00,-86.14
11:50:52.221971,-3955.00,2403.00,-87.16
11:50:52.477633,-3929.00,2405.00,-87.25
11:50:55.265430,-3918.00,2554.00,96.96
11:50:55.486521,-3935.00,2551.00,95.34
11:50:55.589879,-3945.00,2549.00,94.94
11:50:55.753119,-3963.00,2547.00,94.81
11:50:55.893508,-3979.00,2547.00,95.16
11:50:56.137943,-4001.00,2544.00,93.64
11:50:56.237296,-4012.00,2543.00,93.20
11:50:56.401230,-4030.00,2543.00,94.07
11:50:56.543207,-4045.00,2542.00,93.66
11:50:56.739888,-4063.00,2540.00,93.57
11:50:56.927175,-4083.00,2539.00,93.85
11:50:59.639060,-4113.00,2702.00,-87.33
11:50:59.727644,-4112.00,2705.00,-89.46
11:50:59.901942,-4102.00,2707.00,-89.35
11:51:00.087600,-4082.00,2710.00,-88.35
11:51:00.246237,-4064.00,2712.00,-86.34
11:51:00.412221,-4049.00,2715.00,-88.29
11:51:00.596884,-4029.00,2717.00,-88.46
11:51:00.739111,-4017.00,2719.00,-87.57
11:51:00.935987,-3997.00,2722.00,-87.97
11:51:01.072495,-3982.00,2723.00,-87.91
11:51:01.255141,-3964.00,2725.00,-87.93
11:51:01.413287,-3948.00,2726.00,-88.26
11:51:01.580147,-3931.00,2728.00,-88.92
11:51:01.735011,-3916.00,2728.00,-88.45
11:51:01.933243,-3896.00,2730.00,-88.28
11:51:02.067142,-3883.00,2732.00,-88.23
11:51:04.728526,-3866.00,2876.00,94.91
11:51:04.902068,-3868.00,2875.00,96.26
11:51:05.111011,-3869.00,2875.00,96.13
11:51:05.283584,-3869.00,2874.00,95.98
11:51:05.445714,-3869.00,2874.00,95.85
11:51:05.640764,-3870.00,2873.00,95.76
11:51:05.800995,-3870.00,2873.00,95.67
11:51:05.951057,-3870.00,2872.00,95.59
11:51:06.149606,-3870.00,2872.00,95.51
11:51:06.224998,-3871.00,2872.00,95.43
11:51:06.524451,-3871.00,2872.00,95.37
11:51:06.597844,-3871.00,2871.00,95.32
11:51:06.743460,-3871.00,2871.00,95.27
11:51:06.978495,-3871.00,2871.00,95.23
11:51:07.133198,-3872.00,2871.00,95.09
11:51:07.295115,-3877.00,2870.00,93.71
11:51:07.477208,-3897.00,2869.00,92.00
11:51:07.570803,-3913.00,2869.00,92.00
11:51:07.736456,-3929.00,2868.00,93.84
11:51:07.933949,-3948.00,2866.00,94.05
11:51:08.075462,-3963.00,2865.00,92.60
11:51:08.244240,-3981.00,2865.00,92.03
11:51:08.443259,-4001.00,2864.00,93.48
11:51:08.580404,-4013.00,2863.00,93.68
11:51:08.743310,-4031.00,2863.00,92.60
11:51:08.936565,-4048.00,2862.00,92.26
11:51:09.099292,-4066.00,2862.00,90.88
11:51:09.244071,-4080.00,2862.00,90.55
11:51:09.414499,-4096.00,2862.00,91.40
11:51:12.219485,-4124.00,3021.00,-89.97
11:51:12.427821,-4111.00,3022.00,-89.69
11:51:12.584715,-4096.00,3024.00,-87.94
11:51:12.752591,-4078.00,3027.00,-86.45
11:51:12.937538,-4061.00,3029.00,-88.02
11:51:13.084270,-4046.00,3030.00,-89.14
11:51:13.228675,-4031.00,3031.00,-87.58
11:51:13.424674,-4010.00,3033.00,-86.59
11:51:13.581439,-3995.00,3035.00,-87.85
11:51:13.749330,-3977.00,3037.00,-89.24
11:51:13.897018,-3961.00,3038.00,-89.33
11:51:14.103528,-3942.00,3039.00,-89.09
11:51:14.235795,-3930.00,3040.00,-88.50
11:51:16.926205,-3919.00,3189.00,95.56
11:51:17.101233,-3927.00,3189.00,95.06
11:51:17.276791,-3943.00,3188.00,94.80
11:51:17.391571,-3953.00,3188.00,95.16
11:51:17.554024,-3971.00,3187.00,93.66
11:51:17.776006,-3993.00,3186.00,94.94
11:51:17.902806,-4006.00,3185.00,95.53
11:51:18.084385,-4023.00,3184.00,93.63
11:51:18.244065,-4041.00,3184.00,92.96
11:51:18.427732,-4058.00,3183.00,92.73
11:51:18.586227,-4073.00,3183.00,92.72
11:51:18.724756,-4088.00,3183.00,94.23
11:51:21.591761,-4119.00,3346.00,-89.96
11:51:21.761059,-4105.00,3347.00,-89.80
11:51:21.908598,-4079.00,3348.00,-88.55
11:51:22.049178,-4043.00,3350.00,-87.88
11:51:22.256166,-3981.00,3353.00,-87.40
11:51:22.433107,-3959.00,3355.00,-86.71
11:51:22.582283,-3945.00,3357.00,-88.17
11:51:22.787740,-3924.00,3357.00,-87.59
11:51:22.908218,-3911.00,3358.00,-88.25
11:51:23.059595,-3896.00,3359.00,-87.77
11:51:23.251760,-3876.00,3360.00,-87.10
11:51:23.417979,-3860.00,3362.00,-87.07
11:51:23.603643,-3840.00,3364.00,-87.77
11:51:23.770011,-3822.00,3366.00,-87.53
11:51:23.946622,-3804.00,3368.00,-88.75
11:51:24.088949,-3792.00,3369.00,-89.05
11:51:26.768018,-3771.00,3512.00,93.96
11:51:26.934831,-3777.00,3512.00,97.29
11:51:27.121996,-3798.00,3509.00,94.96
11:51:27.227735,-3816.00,3509.00,94.01
11:51:27.404660,-3862.00,3506.00,93.97
11:51:27.577407,-3917.00,3503.00,94.51
11:51:27.776403,-3950.00,3501.00,95.18
11:51:27.911811,-3962.00,3501.00,94.10
11:51:28.084076,-3979.00,3501.00,93.33
11:51:28.249888,-3998.00,3500.00,94.46
11:51:28.397918,-4013.00,3500.00,94.08
11:51:28.576894,-4031.00,3500.00,92.08
11:51:28.749331,-4049.00,3500.00,92.10
11:51:28.907424,-4064.00,3501.00,93.04
11:51:29.077461,-4081.00,3501.00,93.65
11:51:31.755878,-4117.00,3664.00,-86.99
11:51:31.896129,-4114.00,3665.00,-89.46
11:51:32.089643,-4100.00,3665.00,-89.55
11:51:32.281177,-4064.00,3667.00,-88.30
11:51:32.435189,-4027.00,3669.00,-87.89
11:51:32.587127,-4008.00,3670.00,-86.65
11:51:32.775832,-3989.00,3671.00,-87.92
11:51:32.940510,-3974.00,3672.00,-88.81
11:51:33.099285,-3956.00,3673.00,-88.45
11:51:33.262699,-3941.00,3674.00,-87.94
11:51:33.447193,-3920.00,3675.00,-88.02
11:51:33.609596,-3905.00,3676.00,-88.72
11:51:33.791550,-3892.00,3677.00,-88.01
11:51:33.912732,-3891.00,3677.00,-87.72
11:51:34.106649,-3891.00,3678.00,-87.56
11:51:34.251682,-3891.00,3679.00,-87.50
11:51:34.434410,-3890.00,3680.00,-87.46
11:51:34.571820,-3890.00,3680.00,-87.44
11:51:34.759788,-3889.00,3681.00,-87.37
11:51:34.907716,-3889.00,3682.00,-87.32
11:51:35.112563,-3889.00,3683.00,-87.28
11:51:35.260164,-3889.00,3684.00,-87.24
11:51:35.411072,-3888.00,3684.00,-87.24
11:51:35.575646,-3888.00,3685.00,-87.21
11:51:35.746066,-3888.00,3685.00,-87.19
11:51:35.898522,-3888.00,3685.00,-87.17
11:51:36.078171,-3888.00,3686.00,-87.15
11:51:36.271098,-3887.00,3686.00,-87.14
11:51:36.434478,-3887.00,3686.00,-87.10
11:51:36.606770,-3887.00,3686.00,-87.11
11:51:36.748322,-3887.00,3687.00,-87.08
11:51:36.938082,-3887.00,3688.00,-87.07
14:34:41.670723,76.00,-121.00,-48.94
14:34:41.800226,77.00,-120.00,-55.78
14:34:42.003408,79.00,-120.00,-71.79
14:34:42.192270,79.00,-120.00,-80.62
14:34:42.303275,78.00,-120.00,-83.56
14:34:42.471303,83.00,-120.00,-86.79
14:34:42.686024,100.00,-119.00,-86.17
14:34:42.805792,112.00,-118.00,-85.40
14:34:43.004686,131.00,-116.00,-84.93
14:34:43.144099,146.00,-115.00,-84.82
14:34:43.348831,166.00,-113.00,-85.14
14:34:43.522507,183.00,-112.00,-84.99
14:34:43.661048,196.00,-111.00,-85.01
14:34:43.821241,208.00,-110.00,-84.97
14:34:43.998522,209.00,-111.00,-74.02
14:34:44.143240,209.00,-110.00,-62.09
14:34:44.352713,211.00,-111.00,-46.59
14:34:44.480423,212.00,-111.00,-36.92
14:34:44.646096,212.00,-111.00,-22.86
14:34:44.803920,212.00,-111.00,-11.64
14:34:45.007238,212.00,-112.00,3.71
14:34:45.145617,212.00,-112.00,15.65
14:34:45.336764,212.00,-112.00,29.95
14:34:45.502614,211.00,-112.00,43.39
14:34:45.654764,210.00,-112.00,55.03
14:34:45.762167,211.00,-112.00,62.86
14:34:46.010888,212.00,-112.00,81.81
14:34:46.137264,212.00,-112.00,88.08
14:34:46.352046,207.00,-112.00,90.67
14:34:46.477195,196.00,-112.00,91.48
14:34:46.647315,165.00,-113.00,90.62
14:34:46.793046,127.00,-113.00,90.30
14:34:46.972185,72.00,-113.00,89.92
14:34:47.154887,13.00,-112.00,89.53
14:34:47.337847,-43.00,-111.00,89.58
14:34:47.490978,-102.00,-110.00,89.44
14:34:47.660501,-152.00,-109.00,89.28
14:34:47.808118,-202.00,-107.00,89.32
14:34:47.971201,-259.00,-106.00,89.56
14:34:48.120558,-309.00,-105.00,89.45
14:34:48.323328,-376.00,-103.00,89.28
14:34:48.467276,-427.00,-102.00,89.41
14:34:48.649386,-487.00,-101.00,89.58
14:34:48.784044,-527.00,-100.00,89.52
14:34:48.980893,-594.00,-99.00,89.50
14:34:49.113900,-638.00,-98.00,89.63
14:34:49.308637,-705.00,-97.00,89.93
14:34:49.476923,-762.00,-97.00,89.91
14:34:49.649725,-822.00,-96.00,89.79
14:34:49.832234,-879.00,-96.00,90.19
14:34:49.962826,-922.00,-96.00,90.23
14:34:50.113056,-971.00,-95.00,90.22
14:34:50.313516,-1038.00,-95.00,90.13
14:34:50.465714,-1088.00,-95.00,90.42
14:34:50.644018,-1155.00,-95.00,90.41
14:34:50.799050,-1205.00,-95.00,90.39
14:34:50.998786,-1273.00,-95.00,90.25
14:34:51.130029,-1314.00,-94.00,90.51
14:34:51.294745,-1375.00,-94.00,90.37
14:34:51.451494,-1426.00,-94.00,90.38
14:34:51.645465,-1493.00,-93.00,90.23
14:34:51.822002,-1551.00,-93.00,90.62
14:34:51.987468,-1602.00,-93.00,90.36
14:34:52.122166,-1654.00,-92.00,90.37
14:34:52.267144,-1706.00,-92.00,90.18
14:34:52.469991,-1773.00,-91.00,90.54
14:34:52.621006,-1825.00,-91.00,90.27
14:34:52.809952,-1886.00,-89.00,90.24
14:34:52.972491,-1944.00,-88.00,90.06
14:34:53.132337,-1995.00,-87.00,90.36
14:34:53.274538,-2045.00,-86.00,90.17
14:34:53.485198,-2114.00,-85.00,90.21
14:34:53.623594,-2167.00,-83.00,90.03
14:34:53.807739,-2230.00,-82.00,90.32
14:34:53.985625,-2290.00,-80.00,90.16
14:34:54.165392,-2351.00,-79.00,90.28
14:34:54.293018,-2402.00,-79.00,90.31
14:34:54.447288,-2454.00,-78.00,90.60
14:34:54.632138,-2511.00,-78.00,90.45
14:34:54.823741,-2579.00,-77.00,90.39
14:34:54.985914,-2630.00,-76.00,90.41
14:34:55.138967,-2680.00,-75.00,90.64
14:34:55.348242,-2757.00,-75.00,90.65
14:34:55.453562,-2791.00,-74.00,90.60
14:34:55.636884,-2848.00,-74.00,90.61
14:34:55.830621,-2914.00,-74.00,90.77
14:34:55.978848,-2965.00,-73.00,90.75
14:34:56.159157,-3026.00,-73.00,90.56
14:34:56.359637,-3094.00,-72.00,90.86
14:34:56.463146,-3129.00,-72.00,90.80
14:34:56.644661,-3196.00,-72.00,90.79
14:34:56.829102,-3254.00,-72.00,90.54
14:34:56.998905,-3316.00,-70.00,90.80
14:34:57.141065,-3358.00,-69.00,90.68
14:34:57.333717,-3427.00,-66.00,90.54
14:34:57.480842,-3479.00,-64.00,90.39
14:34:57.658313,-3541.00,-62.00,90.72
14:34:57.794205,-3593.00,-60.00,90.60
14:34:57.974762,-3650.00,-59.00,90.68
14:34:58.162461,-3694.00,-58.00,91.07
14:34:58.357008,-3715.00,-56.00,90.75
14:34:58.506558,-3732.00,-55.00,90.65
14:34:58.683924,-3750.00,-53.00,91.41
14:34:58.826877,-3766.00,-52.00,91.61
14:34:59.002580,-3786.00,-51.00,91.51
14:34:59.167908,-3804.00,-49.00,91.78
14:35:01.673040,-3978.00,38.00,63.57
14:35:01.826035,-3982.00,42.00,57.04
14:35:02.048650,-3983.00,43.00,38.73
14:35:02.151482,-3982.00,42.00,30.70
14:35:02.350247,-3982.00,42.00,14.77
14:35:02.478298,-3981.00,42.00,5.38
14:35:02.689023,-3983.00,45.00,-10.40
14:35:02.820552,-3984.00,48.00,-22.43
14:35:03.018677,-3983.00,46.00,-38.00
14:35:03.150063,-3983.00,45.00,-48.20
14:35:03.358968,-3983.00,45.00,-63.79
14:35:03.487056,-3992.00,53.00,-73.40
14:35:03.693295,-3986.00,48.00,-86.11
14:35:03.797793,-3985.00,47.00,-88.46
14:35:04.012157,-3979.00,45.00,-92.15
14:35:04.161648,-3964.00,43.00,-92.93
14:35:04.317941,-3932.00,41.00,-90.86
14:35:04.471688,-3893.00,41.00,-90.13
14:35:04.694285,-3818.00,41.00,-89.29
14:35:04.819329,-3786.00,47.00,-89.68
14:35:05.020406,-3720.00,47.00,-90.03
14:35:05.153574,-3677.00,47.00,-90.08
14:35:05.316114,-3621.00,47.00,-89.66
14:35:05.466286,-3571.00,47.00,-89.93
14:35:05.655802,-3511.00,47.00,-90.17
14:35:05.808821,-3461.00,46.00,-90.02
14:35:05.982470,-3405.00,47.00,-89.58
14:35:06.163995,-3345.00,47.00,-89.92
14:35:06.346236,-3278.00,46.00,-89.87
14:35:06.457944,-3245.00,46.00,-89.89
14:35:06.658457,-3178.00,46.00,-89.39
14:35:06.826396,-3121.00,45.00,-89.84
14:35:07.007504,-3060.00,44.00,-89.81
14:35:07.149156,-3008.00,43.00,-89.63
14:35:07.320803,-2950.00,42.00,-89.18
14:35:07.489521,-2898.00,42.00,-89.66
14:35:07.642102,-2836.00,41.00,-89.48
14:35:07.825491,-2779.00,41.00,-89.23
14:35:07.982918,-2727.00,40.00,-88.86
14:35:08.146054,-2666.00,40.00,-89.41
14:35:08.307078,-2614.00,39.00,-89.23
14:35:08.508136,-2546.00,39.00,-89.02
14:35:08.635107,-2504.00,39.00,-88.74
14:35:08.785080,-2454.00,39.00,-89.21
14:35:08.989769,-2386.00,40.00,-89.17
14:35:09.117413,-2334.00,40.00,-88.97
14:35:09.309317,-2273.00,40.00,-88.65
14:35:09.485731,-2215.00,41.00,-89.28
14:35:09.651727,-2155.00,41.00,-89.08
14:35:09.784339,-2113.00,41.00,-88.94
14:35:09.971618,-2047.00,42.00,-88.76
14:35:10.131894,-2012.00,42.00,-88.78
14:35:10.312671,-1992.00,41.00,-88.87
14:35:10.462136,-1976.00,41.00,-89.57
14:35:10.652228,-1955.00,41.00,-88.91
14:35:10.834880,-1936.00,41.00,-88.80
14:35:10.954320,-1921.00,40.00,-88.83
14:35:11.136626,-1902.00,40.00,-88.52
14:35:11.301291,-1892.00,40.00,-87.91
14:35:11.437006,-1891.00,39.00,-88.09
14:35:11.626816,-1889.00,39.00,-88.15
14:35:21.474941,-2076.00,163.00,-120.52
14:35:21.665539,-2074.00,161.00,-112.49
14:35:21.802816,-2075.00,161.00,-102.87
14:35:22.013411,-2075.00,161.00,-97.22
14:35:22.125115,-2069.00,160.00,-93.96
14:35:22.303285,-2052.00,159.00,-93.61
14:35:22.475891,-2035.00,158.00,-95.26
14:35:22.641571,-2021.00,156.00,-95.66
14:35:22.790796,-2006.00,155.00,-95.94
14:35:22.976052,-1987.00,153.00,-95.90
14:35:23.158586,-1976.00,151.00,-95.84
14:35:23.273402,-1974.00,151.00,-99.20
14:35:23.476215,-1973.00,151.00,-115.42
14:35:23.664667,-1973.00,150.00,-128.84
14:35:23.817893,-1972.00,151.00,-142.95
14:35:23.989971,-1971.00,151.00,-154.77
14:35:24.156286,-1971.00,151.00,-168.04
14:35:24.274600,-1970.00,152.00,-178.05
14:35:24.468459,-1969.00,151.00,166.24
14:35:24.641155,-1967.00,150.00,154.29
14:35:24.800918,-1967.00,150.00,140.83
14:35:24.979739,-1967.00,150.00,126.70
14:35:25.166879,-1967.00,149.00,113.35
14:35:25.300022,-1967.00,149.00,101.80
14:35:25.462709,-1967.00,149.00,94.01
14:35:25.651015,-1967.00,150.00,88.67
14:35:25.789247,-1972.00,150.00,87.16
14:35:25.977790,-1997.00,150.00,88.07
14:35:26.144055,-2038.00,151.00,89.26
14:35:26.305774,-2084.00,151.00,89.68
14:35:26.439213,-2123.00,151.00,90.16
14:35:26.625412,-2189.00,150.00,89.87
14:35:26.787660,-2239.00,150.00,90.00
14:35:26.968020,-2305.00,151.00,89.79
14:35:27.148672,-2364.00,151.00,90.04
14:35:27.331401,-2420.00,151.00,90.07
14:35:27.458127,-2464.00,152.00,90.13
14:35:27.629683,-2520.00,152.00,90.02
14:35:27.777675,-2571.00,152.00,90.30
14:35:27.976109,-2637.00,152.00,90.29
14:35:28.136826,-2687.00,152.00,90.33
14:35:28.327957,-2754.00,152.00,90.40
14:35:28.453526,-2798.00,153.00,90.55
14:35:28.641525,-2855.00,154.00,90.39
14:35:28.813030,-2916.00,154.00,90.35
14:35:28.988916,-2974.00,154.00,90.47
14:35:29.137724,-3025.00,155.00,90.48
14:35:29.359181,-3103.00,155.00,90.60
14:35:29.471328,-3143.00,156.00,90.50
14:35:29.633164,-3194.00,156.00,90.71
14:35:29.834640,-3260.00,155.00,90.63
14:35:30.011538,-3321.00,156.00,90.77
14:35:30.181219,-3379.00,157.00,90.63
14:35:30.325812,-3430.00,158.00,90.90
14:35:30.499430,-3490.00,159.00,90.83
14:35:30.701268,-3558.00,160.00,90.89
14:35:30.831084,-3599.00,161.00,90.77
14:35:30.976698,-3650.00,162.00,90.99
14:35:31.180234,-3716.00,163.00,90.80
14:35:31.322571,-3767.00,163.00,91.08
14:35:31.512980,-3827.00,163.00,90.78
14:35:31.644804,-3850.00,163.00,92.00
14:35:31.842168,-3866.00,162.00,91.23
14:35:31.974066,-3883.00,162.00,90.91
14:35:32.154048,-3903.00,162.00,91.37
14:35:32.310269,-3919.00,163.00,91.68
14:35:32.512212,-3940.00,163.00,91.91
14:35:32.644343,-3956.00,163.00,91.78
14:35:32.824513,-3974.00,162.00,92.00
14:35:33.027218,-3995.00,162.00,91.91
14:35:33.157421,-4009.00,161.00,91.89
14:35:33.326184,-4025.00,161.00,91.93
14:35:42.489838,-3871.00,247.00,97.89
14:35:42.650781,-3875.00,245.00,101.49
14:35:42.834933,-3874.00,245.00,-244.83
14:35:43.043329,-3876.00,247.00,131.55
14:35:43.152272,-3877.00,247.00,140.76
14:35:43.335877,-3878.00,247.00,154.94
14:35:43.507071,-3877.00,247.00,168.29
14:35:43.678488,-3877.00,246.00,182.59
14:35:43.820053,-3882.00,248.00,-165.37
14:35:44.053228,-3882.00,248.00,-147.87
14:35:44.150799,-3881.00,247.00,-140.10
14:35:44.322436,-3880.00,246.00,-126.18
14:35:44.540659,-3880.00,247.00,-110.59
14:35:44.660593,-3880.00,247.00,-101.33
14:35:44.816965,-3880.00,247.00,-92.73
14:35:45.018031,-3878.00,247.00,-87.61
14:35:45.155056,-3870.00,248.00,-86.85
14:35:45.326141,-3847.00,250.00,-87.46
14:35:45.478741,-3813.00,250.00,-88.05
14:35:45.659905,-3758.00,251.00,-88.39
14:35:45.831125,-3702.00,253.00,-89.23
14:35:46.018821,-3635.00,253.00,-89.28
14:35:46.146275,-3592.00,253.00,-89.28
14:35:46.361913,-3527.00,253.00,-89.29
14:35:46.479897,-3488.00,253.00,-89.84
14:35:46.650429,-3428.00,253.00,-89.65
14:35:46.819169,-3371.00,253.00,-89.40
14:35:46.998399,-3310.00,252.00,-89.40
14:35:47.147439,-3260.00,251.00,-89.87
14:35:47.327339,-3202.00,250.00,-89.64
14:35:47.498757,-3142.00,248.00,-89.36
14:35:47.649889,-3091.00,247.00,-89.37
14:35:47.794886,-3041.00,246.00,-89.87
14:35:47.985838,-2983.00,245.00,-89.57
14:35:48.160254,-2924.00,243.00,-89.33
14:35:48.314393,-2901.00,242.00,-87.60
14:35:48.501832,-2880.00,241.00,-89.73
14:35:48.665438,-2863.00,239.00,-89.97
14:35:48.813102,-2846.00,238.00,-89.85
14:35:48.985457,-2828.00,237.00,-89.30
14:35:49.157770,-2809.00,235.00,-89.28
14:35:49.317548,-2792.00,234.00,-89.04
14:35:49.484206,-2774.00,233.00,-88.96
14:35:49.669909,-2752.00,231.00,-89.00
14:35:49.798470,-2737.00,230.00,-88.89
14:35:49.976536,-2725.00,230.00,-88.53
14:35:50.126426,-2723.00,229.00,-87.80
14:35:50.304430,-2722.00,228.00,-87.99
14:35:50.461086,-2721.00,227.00,-88.01
14:35:50.642710,-2720.00,226.00,-88.03
14:35:50.803167,-2718.00,225.00,-88.07
14:35:50.969466,-2717.00,224.00,-88.10
14:35:51.129865,-2717.00,224.00,-88.13
14:35:51.303553,-2716.00,223.00,-88.14
14:35:51.461867,-2715.00,222.00,-88.14
14:35:58.976583,-2925.00,-152.00,-110.94
14:35:59.164127,-2925.00,-151.00,-124.49
14:35:59.347039,-2924.00,-152.00,-140.34
14:35:59.472054,-2923.00,-153.00,-150.54
14:35:59.675257,-2922.00,-154.00,-165.38
14:35:59.833971,-2922.00,-154.00,-177.23
14:35:59.974917,-2922.00,-154.00,-188.91
14:36:00.167333,-2921.00,-155.00,156.67
14:36:00.337942,-2920.00,-155.00,143.32
14:36:00.504926,-2919.00,-156.00,129.08
14:36:00.665902,-2919.00,-155.00,117.28
14:36:00.841431,-2918.00,-155.00,464.00
14:36:00.990921,-2919.00,-157.00,94.62
14:36:01.133898,-2918.00,-158.00,90.69
14:36:01.335878,-2921.00,-158.00,86.26
14:36:01.455462,-2932.00,-158.00,86.66
14:36:01.643131,-2961.00,-157.00,88.11
14:36:01.797072,-3007.00,-156.00,88.96
14:36:01.989078,-3061.00,-156.00,89.44
14:36:02.185475,-3126.00,-155.00,89.35
14:36:02.306986,-3168.00,-156.00,89.46
14:36:02.505396,-3233.00,-156.00,89.37
14:36:02.657531,-3283.00,-155.00,89.55
14:36:02.836738,-3339.00,-155.00,89.46
14:36:02.999084,-3401.00,-153.00,89.43
14:36:03.181143,-3460.00,-151.00,89.35
14:36:03.340508,-3512.00,-148.00,89.39
14:36:03.519834,-3576.00,-146.00,89.51
14:36:03.653510,-3594.00,-145.00,90.88
14:36:03.841966,-3610.00,-144.00,89.25
14:36:03.980860,-3627.00,-143.00,89.06
14:36:04.188931,-3647.00,-142.00,89.51
14:36:04.340865,-3663.00,-141.00,89.86
14:36:04.498755,-3681.00,-140.00,90.00
14:36:04.663223,-3696.00,-139.00,90.14
14:36:04.845270,-3710.00,-138.00,90.73
14:36:04.979322,-3711.00,-138.00,99.00
14:36:05.150271,-3711.00,-137.00,-247.01
14:36:05.371081,-3711.00,-138.00,130.81
14:36:05.498544,-3712.00,-139.00,141.34
14:36:05.661530,-3713.00,-138.00,152.97
14:36:05.810765,-3714.00,-138.00,164.80
14:36:05.998898,-3714.00,-138.00,180.50
14:36:06.190101,-3716.00,-137.00,-166.25
14:36:06.323177,-3717.00,-136.00,-154.51
14:36:06.529469,-3718.00,-135.00,-138.85
14:36:06.628298,-3718.00,-135.00,-130.86
14:36:06.853978,-3719.00,-135.00,-112.70
14:36:06.969679,-3758.00,-101.00,-105.98
14:36:07.197413,-3755.00,-103.00,-92.55
14:36:07.313843,-3751.00,-105.00,-89.91
14:36:07.537439,-3734.00,-108.00,-88.85
14:36:07.662472,-3711.00,-110.00,-89.05
14:36:07.813868,-3675.00,-112.00,-89.61
14:36:07.995553,-3612.00,-113.00,-90.04
14:36:08.166218,-3561.00,-115.00,-89.85
14:36:08.324492,-3505.00,-117.00,-89.70
14:36:08.506304,-3445.00,-117.00,-89.58
14:36:08.680804,-3388.00,-119.00,-89.96
14:36:08.826738,-3337.00,-120.00,-89.76
14:36:09.003801,-3275.00,-123.00,-89.37
14:36:09.156450,-3223.00,-125.00,-89.31
14:36:09.355883,-3154.00,-127.00,-89.64
14:36:09.472864,-3111.00,-129.00,-89.39
14:36:09.686543,-3043.00,-131.00,-88.88
14:36:09.804946,-2998.00,-132.00,-88.88
14:36:09.980970,-2940.00,-133.00,-89.24
14:36:10.130642,-2888.00,-134.00,-88.99
14:36:10.315026,-2827.00,-135.00,-88.63
14:36:10.471813,-2770.00,-135.00,-88.74
14:36:10.642205,-2717.00,-136.00,-89.03
14:36:10.804775,-2656.00,-137.00,-88.86
14:36:10.972415,-2598.00,-137.00,-88.49
14:36:11.128185,-2547.00,-136.00,-88.67
14:36:11.309106,-2486.00,-136.00,-89.01
14:36:11.477151,-2429.00,-136.00,-88.95
14:36:11.673017,-2361.00,-136.00,-88.55
14:36:11.803303,-2318.00,-135.00,-89.03
14:36:12.005756,-2252.00,-135.00,-89.20
14:36:12.119251,-2217.00,-136.00,-89.16
14:36:12.302213,-2149.00,-135.00,-88.83
14:36:12.482281,-2092.00,-135.00,-89.32
14:36:12.652115,-2031.00,-135.00,-89.49
14:36:12.804836,-1981.00,-136.00,-89.46
14:36:12.989231,-1923.00,-136.00,-89.15
14:36:13.163966,-1862.00,-136.00,-89.72
14:36:13.299149,-1811.00,-137.00,-89.73
14:36:13.465631,-1759.00,-138.00,-89.60
14:36:13.640532,-1702.00,-138.00,-89.18
14:36:13.810617,-1642.00,-138.00,-89.70
14:36:13.969055,-1591.00,-138.00,-89.72
14:36:14.141788,-1532.00,-139.00,-89.59
14:36:14.323758,-1465.00,-139.00,-89.30
14:36:14.456275,-1419.00,-139.00,-89.76
14:36:14.628171,-1361.00,-139.00,-89.73
14:36:14.802032,-1299.00,-139.00,-89.60
14:36:14.985261,-1241.00,-139.00,-89.30
14:36:15.156584,-1179.00,-139.00,-89.86
14:36:15.303719,-1128.00,-139.00,-89.65
14:36:15.499979,-1061.00,-139.00,-89.44
14:36:15.614934,-1027.00,-139.00,-89.17
14:36:15.809782,-960.00,-138.00,-89.72
14:36:15.981547,-902.00,-138.00,-89.58
14:36:16.147662,-841.00,-138.00,-89.33
14:36:16.335659,-783.00,-137.00,-89.29
14:36:16.471942,-732.00,-137.00,-89.62
14:36:16.636554,-681.00,-137.00,-89.42
14:36:16.828773,-614.00,-136.00,-89.14
14:36:17.017323,-553.00,-136.00,-89.29
14:36:17.158685,-501.00,-135.00,-89.54
14:36:17.331926,-443.00,-135.00,-89.52
14:36:17.474869,-392.00,-134.00,-89.19
14:36:17.693063,-325.00,-133.00,-89.57
14:36:17.806958,-280.00,-133.00,-89.71
14:36:17.984278,-222.00,-133.00,-89.73
14:36:18.154429,-160.00,-133.00,-89.35
14:36:18.352900,-93.00,-132.00,-89.78
14:36:18.482651,-53.00,-132.00,-89.91
14:36:18.690855,13.00,-133.00,-89.81
14:36:18.837478,64.00,-133.00,-89.52
14:36:19.005282,96.00,-133.00,-88.26
14:36:19.165606,112.00,-133.00,-89.43
14:36:19.341794,130.00,-134.00,-91.15
14:36:19.511448,150.00,-134.00,-90.48
14:36:19.687721,168.00,-135.00,-90.43
14:36:19.822105,185.00,-136.00,-90.51
14:36:19.999868,204.00,-136.00,-90.73
14:36:34.991403,124.00,-319.00,-52.27
14:36:35.142724,127.00,-317.00,-55.19
14:36:35.365486,129.00,-316.00,-73.27
14:36:35.494614,128.00,-316.00,-80.46
14:36:35.653277,128.00,-317.00,-86.13
14:36:35.827980,131.00,-317.00,-88.76
14:36:36.024405,153.00,-317.00,-89.07
14:36:36.143040,172.00,-316.00,-88.42
14:36:36.351588,225.00,-315.00,-87.26
14:36:36.484776,238.00,-314.00,-85.94
14:36:36.666569,255.00,-313.00,-87.35
14:36:36.815459,270.00,-313.00,-87.54
14:36:37.002454,289.00,-312.00,-87.07
14:36:37.143196,301.00,-312.00,-86.85
14:36:37.326053,321.00,-311.00,-86.97
14:36:37.490464,336.00,-310.00,-86.71
14:36:37.667811,355.00,-309.00,-87.01
14:36:37.818419,370.00,-309.00,-87.01
14:36:37.997479,390.00,-308.00,-87.12
14:36:38.173126,408.00,-307.00,-86.97
14:36:38.337859,423.00,-307.00,-87.07
14:36:38.493856,429.00,-306.00,-85.36
14:36:38.685989,429.00,-307.00,-69.67
14:36:38.823841,431.00,-307.00,-57.94
14:36:38.980667,431.00,-308.00,-46.07
14:36:39.181727,432.00,-308.00,-30.43
14:36:39.317857,432.00,-309.00,-20.19
14:36:39.500628,432.00,-309.00,-4.80
14:36:39.699767,432.00,-309.00,10.93
14:36:39.827256,432.00,-310.00,20.40
14:36:39.996070,432.00,-310.00,32.31
14:36:40.176851,432.00,-309.00,48.11
14:36:40.348098,432.00,-309.00,62.25
14:36:40.516045,432.00,-310.00,73.86
14:36:40.639045,433.00,-310.00,82.66
14:36:40.887084,431.00,-311.00,90.25
14:36:40.987785,429.00,-311.00,90.69
14:36:41.187944,408.00,-311.00,91.27
14:36:41.308830,383.00,-312.00,90.73
14:36:41.496675,338.00,-312.00,90.09
14:36:41.669131,280.00,-311.00,89.61
14:36:41.816169,230.00,-310.00,89.69
14:36:41.992851,175.00,-309.00,89.60
14:36:42.153542,116.00,-308.00,89.43
14:36:42.300659,66.00,-307.00,89.17
14:36:42.482893,10.00,-306.00,89.59
14:36:42.649569,-49.00,-305.00,89.64
14:36:42.827872,-105.00,-303.00,89.46
14:36:43.006183,-166.00,-302.00,89.32
14:36:43.138273,-205.00,-300.00,89.66
14:36:43.315963,-265.00,-299.00,89.72
14:36:43.489192,-322.00,-298.00,89.64
14:36:43.656210,-381.00,-296.00,89.63
14:36:43.800560,-431.00,-295.00,90.18
14:36:43.966411,-481.00,-295.00,90.15
14:36:44.144122,-537.00,-294.00,90.12
14:36:44.274926,-587.00,-293.00,90.00
14:36:44.480121,-654.00,-293.00,90.42
14:36:44.623819,-703.00,-293.00,90.32
14:36:44.823848,-769.00,-292.00,90.18
14:36:44.982544,-819.00,-292.00,90.14
14:36:45.226822,-902.00,-292.00,90.32
14:36:45.344437,-936.00,-292.00,90.38
14:36:45.479640,-986.00,-291.00,90.29
14:36:45.688140,-1053.00,-291.00,90.35
14:36:45.812033,-1097.00,-290.00,90.50
14:36:45.970311,-1148.00,-290.00,90.33
14:36:46.142956,-1206.00,-290.00,90.24
14:36:46.337208,-1274.00,-290.00,90.50
14:36:46.499712,-1334.00,-290.00,90.82
14:36:46.650081,-1384.00,-291.00,90.72
14:36:46.855640,-1452.00,-291.00,90.46
14:36:46.999027,-1503.00,-291.00,90.72
14:36:47.185395,-1561.00,-290.00,90.70
14:36:47.317535,-1605.00,-289.00,90.49
14:36:47.532016,-1680.00,-288.00,90.17
14:36:47.659745,-1724.00,-288.00,90.50
14:36:47.829638,-1783.00,-287.00,90.56
14:36:48.006420,-1843.00,-286.00,90.40
14:36:48.124788,-1885.00,-284.00,90.24
14:36:48.333735,-1953.00,-283.00,90.43
14:36:48.491478,-2005.00,-281.00,90.46
14:36:48.667809,-2067.00,-279.00,90.31
14:36:48.826871,-2126.00,-278.00,90.13
14:36:48.950855,-2172.00,-276.00,90.35
14:36:49.153169,-2240.00,-274.00,90.47
14:36:49.342846,-2298.00,-274.00,90.36
14:36:49.498035,-2359.00,-272.00,90.29
14:36:49.656213,-2410.00,-271.00,90.72
14:36:49.823122,-2467.00,-271.00,90.66
14:36:49.996008,-2516.00,-271.00,90.66
14:36:50.164177,-2577.00,-270.00,90.57
14:36:50.310689,-2629.00,-270.00,90.93
14:36:50.487260,-2686.00,-270.00,90.83
14:36:50.642705,-2736.00,-270.00,90.75
14:36:50.837029,-2802.00,-270.00,90.66
14:36:51.005826,-2864.00,-270.00,91.01
14:36:51.156549,-2916.00,-270.00,90.82
14:36:51.313853,-2967.00,-271.00,90.79
14:36:51.487848,-3024.00,-271.00,90.69
14:36:51.673081,-3092.00,-271.00,91.01
14:36:51.842540,-3142.00,-272.00,90.89
14:36:51.990640,-3192.00,-272.00,90.78
14:36:52.185206,-3259.00,-272.00,90.79
14:36:52.325196,-3310.00,-271.00,90.91
14:36:52.488204,-3362.00,-269.00,90.70
14:36:52.671782,-3422.00,-267.00,90.55
14:36:52.831724,-3447.00,-265.00,91.31
14:36:53.024703,-3467.00,-263.00,90.20
14:36:53.151222,-3482.00,-261.00,90.58
14:36:53.330912,-3501.00,-259.00,91.19
14:36:53.493716,-3518.00,-258.00,91.38
14:36:53.671000,-3539.00,-256.00,91.52
14:36:56.336122,-3570.00,-403.00,-88.75
14:36:56.504441,-3566.00,-403.00,-89.15
14:36:56.658990,-3551.00,-402.00,-90.23
14:36:56.865962,-3511.00,-402.00,-90.78
14:36:57.001780,-3469.00,-403.00,-90.92
14:36:57.176544,-3417.00,-405.00,-90.93
14:36:57.354167,-3361.00,-407.00,-91.21
14:36:57.488672,-3321.00,-408.00,-91.52
14:36:57.656585,-3260.00,-411.00,-91.58
14:36:57.803913,-3210.00,-414.00,-91.34
14:36:57.988795,-3153.00,-417.00,-91.19
14:36:58.165295,-3093.00,-420.00,-91.33
14:36:58.325893,-3036.00,-424.00,-91.18
14:36:58.512733,-2976.00,-427.00,-90.82
14:36:58.648759,-2925.00,-429.00,-90.66
14:36:58.816311,-2874.00,-431.00,-90.77
14:36:58.983474,-2817.00,-433.00,-90.56
14:36:59.129179,-2767.00,-434.00,-90.31
14:36:59.334931,-2699.00,-436.00,-90.04
14:36:59.474269,-2648.00,-437.00,-90.20
14:36:59.674016,-2581.00,-439.00,-90.00
14:36:59.788583,-2546.00,-440.00,-89.82
14:36:59.968442,-2485.00,-441.00,-89.66
14:37:00.120749,-2435.00,-442.00,-89.91
14:37:00.309973,-2369.00,-443.00,-89.79
14:37:00.499208,-2301.00,-443.00,-89.45
14:37:00.672824,-2243.00,-444.00,-89.45
14:37:00.795910,-2208.00,-445.00,-89.68
14:37:00.973839,-2142.00,-445.00,-89.62
14:37:01.153793,-2081.00,-446.00,-89.37
14:37:01.311640,-2031.00,-446.00,-89.34
14:37:01.472569,-1981.00,-447.00,-89.62
14:37:01.643997,-1923.00,-448.00,-89.45
14:37:01.824452,-1854.00,-448.00,-89.14
14:37:01.973922,-1802.00,-449.00,-89.23
14:37:02.124445,-1750.00,-449.00,-89.44
14:37:02.314957,-1688.00,-450.00,-89.25
14:37:02.473498,-1629.00,-450.00,-88.98
14:37:02.629056,-1576.00,-449.00,-89.02
14:37:02.828485,-1508.00,-449.00,-89.13
14:37:03.006004,-1448.00,-448.00,-88.91
14:37:03.131042,-1404.00,-448.00,-88.72
14:37:03.309870,-1343.00,-446.00,-88.89
14:37:03.484431,-1286.00,-445.00,-89.11
14:37:03.651991,-1225.00,-444.00,-88.89
14:37:03.841274,-1167.00,-443.00,-88.73
14:37:03.985594,-1116.00,-442.00,-89.02
14:37:04.165938,-1056.00,-442.00,-89.12
14:37:04.306463,-1004.00,-441.00,-88.96
14:37:04.502221,-937.00,-440.00,-88.85
14:37:04.652472,-886.00,-439.00,-89.29
14:37:04.806737,-835.00,-439.00,-89.32
14:37:04.961614,-783.00,-438.00,-89.22
14:37:05.134171,-727.00,-437.00,-89.05
14:37:05.296761,-677.00,-437.00,-89.31
14:37:05.473461,-610.00,-436.00,-89.45
14:37:05.627467,-559.00,-435.00,-89.30
14:37:05.849014,-482.00,-434.00,-89.21
14:37:05.957175,-448.00,-434.00,-89.39
14:37:06.170593,-381.00,-434.00,-89.51
14:37:06.331605,-324.00,-433.00,-89.14
14:37:06.511308,-263.00,-432.00,-89.14
14:37:06.629792,-222.00,-432.00,-89.47
14:37:06.815212,-162.00,-432.00,-89.50
14:37:07.013855,-95.00,-431.00,-89.16
14:37:07.164489,-45.00,-431.00,-89.13
14:37:07.332113,11.00,-430.00,-89.40
14:37:07.495586,62.00,-430.00,-89.37
14:37:07.689167,129.00,-429.00,-89.08
14:37:07.829210,180.00,-429.00,-89.03
14:37:07.983091,231.00,-429.00,-89.34
14:37:08.162305,292.00,-428.00,-89.22
14:37:08.327580,350.00,-428.00,-89.08
14:37:08.512341,411.00,-428.00,-89.15
14:37:08.642623,441.00,-428.00,-89.25
14:37:08.868292,465.00,-428.00,-88.17
14:37:08.971638,476.00,-429.00,-89.71
14:37:09.159598,496.00,-429.00,-89.05
14:37:09.312729,512.00,-430.00,-88.73
14:37:09.519469,533.00,-430.00,-88.52
14:37:09.644838,547.00,-430.00,-88.39
14:37:09.833024,568.00,-430.00,-88.46
14:37:10.004674,586.00,-430.00,-88.31
14:37:10.163877,602.00,-430.00,-88.38
14:37:10.315708,618.00,-430.00,-88.32
14:37:13.145129,640.00,-592.00,84.42
14:37:13.379498,618.00,-590.00,86.25
14:37:13.484210,595.00,-589.00,87.20
14:37:13.673636,541.00,-586.00,88.16
14:37:13.814052,499.00,-585.00,88.43
14:37:13.988804,443.00,-583.00,88.43
14:37:14.152125,383.00,-581.00,88.35
14:37:14.335968,327.00,-580.00,88.77
14:37:14.491544,277.00,-579.00,89.01
14:37:14.636690,228.00,-578.00,89.14
14:37:14.832932,161.00,-577.00,89.13
14:37:14.979534,112.00,-576.00,89.60
14:37:15.157696,53.00,-576.00,89.77
14:37:15.331055,-2.00,-575.00,89.83
14:37:15.480754,-51.00,-575.00,89.82
14:37:15.639093,-99.00,-575.00,90.25
14:37:15.816728,-159.00,-575.00,90.25
14:37:15.977805,-214.00,-575.00,90.22
14:37:16.160765,-272.00,-575.00,90.22
14:37:16.311882,-321.00,-575.00,90.71
14:37:16.501613,-387.00,-575.00,90.69
14:37:16.618463,-420.00,-575.00,90.61
14:37:16.795715,-478.00,-575.00,90.47
14:37:16.994987,-546.00,-575.00,90.85
14:37:17.134697,-595.00,-575.00,90.71
14:37:17.323298,-656.00,-576.00,90.54
14:37:17.504815,-722.00,-576.00,90.53
14:37:17.661101,-773.00,-576.00,90.82
14:37:17.792582,-814.00,-576.00,90.67
14:37:17.939615,-865.00,-576.00,90.53
14:37:18.146301,-933.00,-576.00,90.30
14:37:18.307417,-993.00,-576.00,90.62
14:37:18.464660,-1044.00,-576.00,90.48
14:37:18.632843,-1100.00,-576.00,90.28
14:37:18.835719,-1168.00,-576.00,90.33
14:37:18.961314,-1213.00,-576.00,90.52
14:37:19.121806,-1261.00,-577.00,90.48
14:37:19.303599,-1328.00,-577.00,90.19
14:37:19.505838,-1396.00,-577.00,90.40
14:37:19.644420,-1435.00,-577.00,90.55
14:37:19.812137,-1495.00,-577.00,90.44
14:37:20.006949,-1562.00,-576.00,90.25
14:37:20.128235,-1601.00,-576.00,90.47
14:37:20.284963,-1652.00,-575.00,90.49
14:37:20.459813,-1712.00,-575.00,90.44
14:37:20.650491,-1780.00,-575.00,90.34
14:37:20.801410,-1831.00,-575.00,90.51
14:37:20.944610,-1871.00,-574.00,90.69
14:37:21.139410,-1937.00,-574.00,90.54
14:37:21.280342,-1988.00,-573.00,90.42
14:37:21.468541,-2049.00,-572.00,90.67
14:37:21.647059,-2107.00,-571.00,90.87
14:37:21.788939,-2158.00,-570.00,90.71
14:37:21.947991,-2210.00,-569.00,90.58
14:37:22.140751,-2277.00,-568.00,90.86
14:37:22.310250,-2339.00,-567.00,90.95
14:37:22.468868,-2391.00,-566.00,90.86
14:37:22.657686,-2459.00,-566.00,90.78
14:37:22.820708,-2509.00,-566.00,91.19
14:37:22.971417,-2560.00,-566.00,91.19
14:37:23.145222,-2618.00,-568.00,91.13
14:37:23.350909,-2695.00,-569.00,91.10
14:37:23.479230,-2738.00,-569.00,91.35
14:37:23.657716,-2800.00,-570.00,91.24
14:37:23.810971,-2852.00,-570.00,91.10
14:37:23.988238,-2910.00,-571.00,90.94
14:37:24.145581,-2961.00,-571.00,91.20
14:37:24.335690,-3030.00,-572.00,91.01
14:37:24.512480,-3084.00,-573.00,90.80
14:37:24.663831,-3104.00,-573.00,92.37
14:37:24.802958,-3121.00,-573.00,90.39
14:37:24.976771,-3141.00,-572.00,90.59
14:37:25.160099,-3161.00,-572.00,91.21
14:37:25.319443,-3179.00,-572.00,91.25
14:37:25.483000,-3197.00,-571.00,91.28
14:37:25.646080,-3208.00,-570.00,91.58
14:37:25.796820,-3210.00,-569.00,91.95
14:37:25.981684,-3212.00,-568.00,91.94
14:37:26.125243,-3213.00,-567.00,91.91
14:37:33.010721,-3127.00,-653.00,104.99
14:37:33.140547,-3128.00,-653.00,-245.69
14:37:33.358707,-3127.00,-653.00,132.43
14:37:33.466456,-3127.00,-654.00,140.44
14:37:33.674191,-3128.00,-655.00,156.42
14:37:33.820165,-3129.00,-656.00,168.42
14:37:33.979053,-3127.00,-656.00,181.88
14:37:34.165616,-3128.00,-655.00,-165.02
14:37:34.341918,-3128.00,-656.00,-150.91
14:37:34.482014,-3129.00,-658.00,-138.88
14:37:34.667201,-3127.00,-658.00,-125.45
14:37:34.811251,-3127.00,-658.00,-113.62
14:37:35.007640,-3128.00,-657.00,-98.26
14:37:35.199213,-3128.00,-658.00,-90.26
14:37:35.326756,-3126.00,-659.00,-87.28
14:37:35.525493,-3108.00,-659.00,-87.92
14:37:35.643299,-3093.00,-659.00,-88.12
14:37:35.838143,-3045.00,-659.00,-88.49
14:37:35.986205,-2997.00,-658.00,-88.35
14:37:36.146422,-2947.00,-657.00,-88.37
14:37:36.336319,-2880.00,-656.00,-88.42
14:37:36.477735,-2830.00,-658.00,-88.77
14:37:36.709259,-2754.00,-659.00,-88.71
14:37:36.797560,-2731.00,-659.00,-88.71
14:37:36.969933,-2670.00,-658.00,-88.55
14:37:37.162005,-2603.00,-658.00,-88.97
14:37:37.306329,-2552.00,-657.00,-88.97
14:37:37.467224,-2502.00,-656.00,-88.79
14:37:37.652279,-2434.00,-655.00,-88.72
14:37:37.822214,-2383.00,-654.00,-89.06
14:37:37.961637,-2332.00,-654.00,-89.20
14:37:38.114634,-2282.00,-654.00,-89.05
14:37:38.311156,-2215.00,-654.00,-89.07
14:37:38.473467,-2173.00,-654.00,-89.33
14:37:38.642592,-2154.00,-655.00,-88.27
14:37:38.789324,-2137.00,-655.00,-89.99
14:37:39.001444,-2113.00,-656.00,-89.62
14:37:39.119668,-2101.00,-657.00,-89.15
14:37:39.313732,-2079.00,-658.00,-89.34
14:37:39.478194,-2060.00,-658.00,-88.98
14:37:52.333413,-1578.00,-705.00,107.00
14:37:52.440956,-1576.00,-705.00,115.13
14:37:52.658463,-1578.00,-705.00,133.21
14:37:52.793743,-1578.00,-705.00,142.72
14:37:52.997783,-1578.00,-705.00,158.36
14:37:53.153057,-1577.00,-705.00,172.56
14:37:53.323884,-1578.00,-705.00,183.41
14:37:53.470719,-1577.00,-706.00,-164.49
14:37:53.606786,-1577.00,-706.00,-152.49
14:37:53.836912,-1576.00,-707.00,-134.40
14:37:53.974592,-1575.00,-707.00,-125.16
14:37:54.155196,-1575.00,-707.00,-109.28
14:37:54.315263,-1576.00,-707.00,-98.29
14:37:54.506116,-1576.00,-707.00,-91.34
14:37:54.643241,-1572.00,-707.00,-87.64
14:37:54.840170,-1558.00,-707.00,-86.43
14:37:54.988008,-1535.00,-706.00,-87.62
14:37:55.149274,-1500.00,-705.00,-88.19
14:37:55.318456,-1442.00,-704.00,-88.61
14:37:55.470636,-1389.00,-703.00,-88.78
14:37:55.654477,-1321.00,-703.00,-89.02
14:37:55.806447,-1270.00,-702.00,-89.05
14:37:55.974128,-1219.00,-702.00,-88.96
14:37:56.147536,-1162.00,-702.00,-88.98
14:37:56.318804,-1101.00,-701.00,-89.13
14:37:56.509411,-1034.00,-701.00,-89.06
14:37:56.645819,-993.00,-701.00,-88.98
14:37:56.805454,-933.00,-700.00,-89.06
14:37:56.977841,-903.00,-700.00,-88.17
14:37:57.177572,-884.00,-700.00,-89.95
14:37:57.328807,-869.00,-701.00,-89.78
14:37:57.486621,-853.00,-701.00,-89.18
14:37:57.636199,-839.00,-701.00,-89.31
14:37:57.833511,-818.00,-701.00,-88.98
14:37:57.970837,-806.00,-701.00,-89.38
14:41:14.788813,-2239.00,477.00,6.54
14:41:14.993244,-2238.00,478.00,-9.46
14:41:15.183297,-2237.00,478.00,-23.73
14:41:15.334080,-2237.00,478.00,-35.55
14:41:15.486609,-2238.00,478.00,-47.23
14:41:15.628007,-2238.00,478.00,-57.83
14:41:15.787411,-2237.00,479.00,-72.16
14:41:15.995204,-2235.00,479.00,-82.03
14:41:16.138976,-2234.00,480.00,-86.14
14:41:16.337121,-2224.00,480.00,-88.54
14:41:16.469425,-2207.00,480.00,-87.65
14:41:16.688591,-2175.00,482.00,-85.79
14:41:16.811287,-2165.00,483.00,-84.98
14:41:16.991755,-2145.00,485.00,-86.28
14:41:17.151708,-2130.00,485.00,-86.02
14:41:17.344588,-2110.00,487.00,-85.61
14:41:17.460525,-2101.00,488.00,-85.63
14:41:17.665861,-2078.00,490.00,-85.41
14:41:17.794751,-2065.00,491.00,-85.55
14:41:17.997846,-2044.00,493.00,-85.39
14:41:18.142714,-2039.00,493.00,-84.03
14:41:18.319705,-2038.00,493.00,-70.51
14:41:18.483927,-2036.00,493.00,-58.97
14:41:18.662966,-2036.00,492.00,-42.98
14:41:18.829495,-2037.00,492.00,-30.78
14:41:18.954114,-2037.00,492.00,-21.38
14:41:19.150002,-2036.00,493.00,-5.61
14:41:19.321952,-2035.00,493.00,8.68
14:41:19.488312,-2035.00,492.00,21.96
14:41:19.637869,-2036.00,491.00,33.80
14:41:19.826993,-2036.00,491.00,47.45
14:41:19.953119,-2035.00,492.00,56.81
14:41:20.171015,-2034.00,492.00,74.86
14:41:20.307061,-2034.00,492.00,83.31
14:41:20.488727,-2036.00,492.00,90.76
14:41:20.646126,-2042.00,492.00,91.78
14:41:20.844101,-2066.00,491.00,91.60
14:41:20.957175,-2086.00,490.00,91.33
14:41:21.150600,-2141.00,489.00,91.09
14:41:21.303900,-2191.00,488.00,90.86
14:41:21.490200,-2257.00,488.00,90.37
14:41:21.647871,-2307.00,488.00,90.27
14:41:21.823776,-2368.00,488.00,90.70
14:41:21.988893,-2425.00,488.00,90.33
14:41:22.142863,-2475.00,489.00,90.09
14:41:22.308328,-2526.00,489.00,90.30
14:41:22.500500,-2593.00,490.00,90.53
14:41:22.689127,-2660.00,491.00,90.08
14:41:22.818845,-2704.00,492.00,90.15
14:41:22.986613,-2755.00,493.00,90.38
14:41:23.175091,-2821.00,495.00,90.49
14:41:23.293550,-2862.00,497.00,90.02
14:41:23.506695,-2928.00,500.00,90.05
14:41:23.673137,-2989.00,504.00,90.25
14:41:23.810494,-3030.00,507.00,90.57
14:41:23.996511,-3097.00,510.00,90.14
14:41:24.153277,-3147.00,513.00,90.25
14:41:24.332484,-3208.00,518.00,90.37
14:41:24.501261,-3265.00,521.00,90.62
14:41:24.639045,-3316.00,524.00,90.31
14:41:24.813488,-3377.00,528.00,90.60
14:41:24.989846,-3435.00,530.00,91.04
14:41:25.160403,-3485.00,532.00,91.29
14:41:25.341033,-3553.00,533.00,91.27
14:41:25.482476,-3596.00,533.00,91.52
14:41:25.637116,-3654.00,533.00,91.94
14:41:25.836437,-3714.00,532.00,91.96
14:41:25.990517,-3770.00,532.00,91.84
14:41:26.141608,-3792.00,531.00,93.60
14:41:26.358981,-3812.00,531.00,91.67
14:41:26.488085,-3828.00,531.00,92.04
14:41:26.657589,-3844.00,531.00,92.50
14:41:26.828258,-3863.00,531.00,92.88
14:41:26.986069,-3878.00,530.00,93.19
14:41:27.172046,-3899.00,529.00,93.06
14:41:27.306620,-3912.00,529.00,93.17
14:41:27.475497,-3930.00,528.00,93.20
14:41:27.635002,-3945.00,527.00,93.19
14:41:27.835405,-3966.00,526.00,93.20
14:41:30.498716,-3992.00,389.00,-88.22
14:41:30.738495,-3980.00,388.00,-88.54
14:41:30.851384,-3961.00,388.00,-89.13
14:41:31.003798,-3928.00,387.00,-89.54
14:41:31.175546,-3874.00,386.00,-89.88
14:41:31.344497,-3817.00,385.00,-90.06
14:41:31.500447,-3767.00,385.00,-90.20
14:41:31.719400,-3692.00,385.00,-89.97
14:41:31.833745,-3663.00,384.00,-90.06
14:41:31.998589,-3643.00,384.00,-88.85
14:41:32.156424,-3629.00,384.00,-90.73
14:41:32.341265,-3609.00,383.00,-90.36
14:41:32.524907,-3592.00,383.00,-89.93
14:41:32.674427,-3577.00,383.00,-90.03
14:41:32.841990,-3559.00,382.00,-89.88
14:41:33.024328,-3541.00,383.00,-89.92
14:41:33.159839,-3529.00,383.00,-89.64
14:41:33.336268,-3510.00,382.00,-89.62
14:41:33.512801,-3489.00,382.00,-89.46
14:41:33.672086,-3475.00,382.00,-89.67
14:41:33.831272,-3472.00,381.00,-89.13
14:41:34.015415,-3472.00,381.00,-89.00
14:41:34.157090,-3471.00,381.00,-88.97
14:41:34.304966,-3470.00,381.00,-89.00
14:41:34.487397,-3469.00,381.00,-89.00
14:42:00.842453,-3923.00,700.00,-102.26
14:42:00.996779,-3924.00,700.00,-95.04
14:42:01.189255,-3923.00,699.00,-89.99
14:42:01.323727,-3918.00,698.00,-88.66
14:42:01.481704,-3902.00,698.00,-89.27
14:42:01.633412,-3873.00,697.00,-90.29
14:42:01.811623,-3828.00,696.00,-90.85
14:42:01.959591,-3779.00,695.00,-90.62
14:42:02.170755,-3742.00,695.00,-89.48
14:42:02.298449,-3731.00,695.00,-91.15
14:42:02.467720,-3713.00,695.00,-91.17
14:42:02.662312,-3696.00,694.00,-91.17
14:42:02.816576,-3678.00,694.00,-90.75
14:42:02.978009,-3663.00,693.00,-91.02
14:42:03.138327,-3648.00,693.00,-90.92
14:42:03.315487,-3628.00,692.00,-90.80
14:42:03.471979,-3614.00,693.00,-90.79
14:42:03.647455,-3597.00,692.00,-90.66
14:42:03.819666,-3579.00,692.00,-90.71
14:42:03.994993,-3562.00,692.00,-91.07
14:42:04.132105,-3550.00,692.00,-91.14
14:42:04.327306,-3530.00,692.00,-90.94
14:42:04.482877,-3515.00,693.00,-91.14
14:42:04.638211,-3499.00,692.00,-90.77
14:42:04.790695,-3491.00,692.00,-90.51
14:42:04.974114,-3490.00,692.00,-90.33
14:42:05.130064,-3489.00,692.00,-90.29
14:42:05.306304,-3488.00,692.00,-90.27
14:42:05.460041,-3488.00,692.00,-90.25
14:42:40.486533,-4028.00,1122.00,133.14
14:42:40.672727,-4028.00,1124.00,147.39
14:42:40.854341,-4029.00,1125.00,161.51
14:42:40.975122,-4029.00,1125.00,171.08
14:42:41.177043,-4029.00,1126.00,186.65
14:42:41.309602,-4028.00,1125.00,-163.03
14:42:41.544423,-4028.00,1124.00,-143.73
14:42:41.663590,-4028.00,1124.00,-136.28
14:42:41.861766,-4029.00,1125.00,-121.52
14:42:41.972788,-4029.00,1126.00,-111.65
14:42:42.171165,-4029.00,1125.00,-96.01
14:42:42.317587,-4030.00,1125.00,-87.43
14:42:42.544502,-4029.00,1126.00,-80.94
14:42:42.664280,-4024.00,1128.00,-80.69
14:42:42.863667,-4006.00,1132.00,-80.75
14:42:42.996461,-3992.00,1135.00,-80.84
14:42:43.196063,-3972.00,1139.00,-81.66
14:42:43.334223,-3959.00,1141.00,-82.27
14:42:55.158511,-4024.00,1323.00,127.94
14:42:55.312701,-4026.00,1321.00,132.45
14:42:55.455329,-4025.00,1322.00,144.32
14:42:55.673744,-4025.00,1323.00,161.77
14:42:55.836467,-4025.00,1324.00,173.97
14:42:56.007833,-4026.00,1325.00,186.88
14:42:56.137046,-4026.00,1326.00,-162.42
14:42:56.330444,-4026.00,1325.00,-146.08
14:42:56.489522,-4026.00,1325.00,-134.21
14:42:56.661741,-4027.00,1326.00,-120.81
14:42:56.803040,-4026.00,1326.00,-109.75
14:42:57.002295,-4027.00,1327.00,-98.64
14:42:57.212924,-4027.00,1327.00,-93.42
14:42:57.292917,-4025.00,1327.00,-92.15
14:42:57.533071,-4002.00,1326.00,-91.16
14:42:57.636874,-3983.00,1327.00,-91.93
14:42:57.822320,-3931.00,1325.00,-93.53
14:42:57.988492,-3883.00,1323.00,-93.51
14:42:58.153502,-3858.00,1322.00,-92.50
14:42:58.348728,-3840.00,1321.00,-94.37
14:42:58.472143,-3826.00,1320.00,-94.57
14:42:58.618665,-3812.00,1319.00,-94.11
14:42:58.824468,-3792.00,1318.00,-93.89
14:42:58.995014,-3774.00,1317.00,-93.79
14:42:59.160177,-3759.00,1316.00,-94.28
14:43:01.974256,-3723.00,1466.00,89.29
14:43:02.154917,-3737.00,1467.00,87.98
14:43:02.317497,-3763.00,1468.00,87.57
14:43:02.499738,-3814.00,1471.00,86.71
14:43:02.699832,-3875.00,1475.00,86.41
14:43:02.795295,-3890.00,1477.00,87.10
14:43:02.988077,-3906.00,1478.00,86.07
14:43:03.140589,-3922.00,1480.00,86.83
14:43:03.333858,-3942.00,1481.00,87.21
14:43:03.489526,-3957.00,1483.00,87.26
14:43:03.672058,-3977.00,1485.00,87.64
14:43:03.792624,-3989.00,1486.00,88.04
14:43:03.978098,-4007.00,1488.00,88.50
14:43:04.160595,-4024.00,1489.00,88.40
14:43:04.286821,-4037.00,1490.00,89.01
14:43:04.493933,-4059.00,1491.00,88.48
14:43:07.293802,-4076.00,1660.00,-97.53
14:43:07.459306,-4069.00,1659.00,-98.33
14:43:07.662681,-4044.00,1656.00,-96.58
14:43:07.821408,-4004.00,1651.00,-95.10
14:43:07.988854,-3958.00,1648.00,-94.55
14:43:08.179986,-3908.00,1645.00,-93.68
14:43:08.280516,-3898.00,1645.00,-93.54
14:43:08.458591,-3882.00,1645.00,-95.05
14:43:08.668123,-3861.00,1644.00,-94.49
14:43:08.818576,-3843.00,1643.00,-93.53
14:43:08.991194,-3828.00,1644.00,-93.72
14:43:09.125270,-3813.00,1643.00,-93.75
14:43:09.342006,-3793.00,1642.00,-93.15
14:43:09.458168,-3781.00,1642.00,-93.24
14:43:09.609681,-3765.00,1642.00,-93.47
14:43:09.798633,-3744.00,1641.00,-93.87
14:43:09.992465,-3728.00,1641.00,-93.72
14:43:21.346904,-3772.00,1846.00,-126.60
14:43:21.484935,-3772.00,1847.00,-126.60
14:43:21.625151,-3771.00,1847.00,-126.53
14:43:21.839784,-3771.00,1847.00,-126.48
14:43:21.998811,-3770.00,1848.00,-126.42
14:43:22.141214,-3770.00,1848.00,-126.40
14:43:22.326393,-3770.00,1848.00,-126.37
14:43:22.507761,-3769.00,1848.00,-126.35
14:43:22.626477,-3769.00,1848.00,-126.34
14:43:22.807272,-3769.00,1848.00,-126.33
14:43:23.007567,-3769.00,1849.00,-126.31
14:43:23.168704,-3768.00,1849.00,-126.30
14:43:23.339285,-3768.00,1849.00,-126.28
14:43:23.510856,-3768.00,1850.00,-126.27
14:43:23.625478,-3767.00,1849.00,-127.71
14:43:23.834759,-3767.00,1850.00,-143.28
14:43:23.993289,-3767.00,1850.00,-155.44
14:43:24.151751,-3768.00,1850.00,-168.39
14:43:24.312505,-3768.00,1849.00,-180.10
14:43:24.499469,-3768.00,1850.00,164.50
14:43:24.666529,-3768.00,1851.00,152.95
14:43:24.795976,-3768.00,1851.00,141.30
14:43:24.939673,-3768.00,1850.00,131.02
14:43:25.174219,-3768.00,1850.00,111.28
14:43:25.339226,-3768.00,1851.00,459.90
14:43:25.495676,-3768.00,1851.00,92.32
14:43:25.668874,-3770.00,1850.00,89.39
14:43:25.828613,-3780.00,1850.00,88.29
14:43:25.951499,-3796.00,1851.00,87.59
14:43:26.127280,-3833.00,1852.00,88.88
14:43:26.325590,-3883.00,1852.00,90.10
14:43:26.471606,-3899.00,1852.00,90.98
14:43:26.655962,-3915.00,1852.00,89.57
14:43:26.829202,-3934.00,1852.00,89.62
14:43:26.953621,-3946.00,1853.00,89.85
14:43:27.132279,-3965.00,1853.00,90.10
14:43:27.278208,-3980.00,1853.00,90.07
14:43:27.475082,-4000.00,1853.00,90.43
14:43:27.633388,-4015.00,1853.00,90.75
14:43:27.807704,-4032.00,1853.00,91.26
14:43:27.996104,-4053.00,1852.00,90.84
14:43:28.133976,-4066.00,1852.00,90.28
14:43:30.852843,-4080.00,1703.00,-86.85
14:43:31.002812,-4073.00,1703.00,-86.40
14:43:31.157315,-4056.00,1704.00,-87.96
14:43:31.354624,-4015.00,1706.00,-88.36
14:43:31.461230,-3987.00,1707.00,-88.49
14:43:31.643898,-3930.00,1708.00,-88.94
14:43:31.809607,-3907.00,1709.00,-88.25
14:43:31.987169,-3890.00,1709.00,-89.96
14:43:32.155190,-3873.00,1710.00,-89.97
14:43:32.287415,-3860.00,1710.00,-89.84
14:43:32.497697,-3837.00,1710.00,-89.11
14:43:32.619565,-3827.00,1710.00,-89.26
14:43:32.801028,-3806.00,1710.00,-89.86
14:43:32.982946,-3788.00,1710.00,-90.25
14:43:33.151402,-3770.00,1710.00,-90.60
14:43:33.335162,-3752.00,1710.00,-90.37
14:43:33.493156,-3737.00,1710.00,-90.33
14:43:44.805646,-3771.00,2041.00,-128.00
14:43:44.959077,-3770.00,2042.00,-139.43
14:43:45.179847,-3770.00,2043.00,-156.09
14:43:45.355604,-3770.00,2043.00,-170.15
14:43:45.485450,-3770.00,2043.00,-179.42
14:43:45.662132,-3769.00,2043.00,166.34
14:43:45.822811,-3769.00,2045.00,153.27
14:43:46.015062,-3769.00,2046.00,139.24
14:43:46.174957,-3770.00,2047.00,126.00
14:43:46.308892,-3769.00,2047.00,115.92
14:43:46.510747,-3769.00,2046.00,460.84
14:43:46.660872,-3769.00,2048.00,92.53
14:43:46.850236,-3770.00,2048.00,88.66
14:43:46.965432,-3775.00,2048.00,88.12
14:43:47.168004,-3800.00,2048.00,87.38
14:43:47.331171,-3841.00,2050.00,88.78
14:43:47.511865,-3882.00,2050.00,89.71
14:43:47.666741,-3898.00,2050.00,90.41
14:43:47.843780,-3915.00,2050.00,89.30
14:43:48.011044,-3932.00,2050.00,89.66
14:43:48.163614,-3947.00,2050.00,89.80
14:43:48.319995,-3962.00,2050.00,90.27
14:43:48.529649,-3985.00,2050.00,90.03
14:43:48.666445,-3997.00,2049.00,89.66
14:43:48.845568,-4017.00,2049.00,89.80
14:43:48.984833,-4030.00,2049.00,89.88
14:43:49.187000,-4050.00,2049.00,90.38
14:43:49.312532,-4062.00,2050.00,90.26
14:43:52.175957,-4078.00,1911.00,-86.32
14:43:52.319021,-4068.00,1912.00,-87.35
14:43:52.510830,-4035.00,1913.00,-88.83
14:43:52.648828,-3998.00,1913.00,-89.53
14:43:52.813763,-3950.00,1913.00,-89.38
14:43:52.996151,-3908.00,1914.00,-88.27
14:43:53.163341,-3895.00,1915.00,-89.30
14:43:53.318742,-3879.00,1915.00,-90.84
14:43:53.473400,-3862.00,1914.00,-90.12
14:43:53.661831,-3844.00,1914.00,-90.13
14:43:53.806663,-3829.00,1915.00,-89.59
14:43:53.965404,-3814.00,1915.00,-89.86
14:43:54.148272,-3793.00,1914.00,-90.69
14:43:54.324187,-3775.00,1914.00,-91.03
14:43:54.480301,-3759.00,1915.00,-91.43
14:43:54.635221,-3744.00,1914.00,-91.39
14:44:07.813316,-3756.00,2229.00,-127.34
14:44:07.976776,-3752.00,2226.00,-132.29
14:44:08.172399,-3751.00,2227.00,-147.89
14:44:08.324708,-3751.00,2227.00,-159.49
14:44:08.528765,-3751.00,2228.00,-174.75
14:44:08.661445,-3751.00,2229.00,-184.50
14:44:08.839035,-3750.00,2229.00,162.35
14:44:09.011255,-3750.00,2232.00,148.41
14:44:09.156126,-3750.00,2231.00,136.84
14:44:09.355988,-3749.00,2231.00,121.48
14:44:09.528057,-3749.00,2232.00,468.16
14:44:09.679736,-3748.00,2231.00,96.94
14:44:09.831562,-3748.00,2231.00,90.69
14:44:10.013582,-3748.00,2231.00,85.88
14:44:10.175597,-3756.00,2231.00,84.79
14:44:10.356705,-3779.00,2232.00,84.69
14:44:10.509980,-3812.00,2234.00,85.75
14:44:10.655958,-3855.00,2235.00,86.37
14:44:10.808627,-3886.00,2237.00,87.85
14:44:10.999402,-3905.00,2237.00,86.75
14:44:11.170814,-3921.00,2238.00,86.66
14:44:11.311595,-3935.00,2239.00,87.67
14:44:11.518765,-3956.00,2239.00,87.35
14:44:11.649718,-3971.00,2240.00,87.13
14:44:11.834977,-3989.00,2241.00,87.38
14:44:11.974920,-4004.00,2241.00,86.94
14:44:12.174171,-4024.00,2243.00,85.81
14:44:12.333930,-4039.00,2243.00,86.69
14:44:12.502995,-4056.00,2245.00,86.96
14:44:12.673113,-4069.00,2246.00,87.00
14:44:15.472906,-4086.00,2118.00,-89.68
14:44:15.690774,-4069.00,2117.00,-91.57
14:44:15.813613,-4049.00,2116.00,-91.67
14:44:15.999766,-3999.00,2113.00,-92.06
14:44:16.116400,-3967.00,2111.00,-92.22
14:44:16.316443,-3911.00,2108.00,-91.31
14:44:16.489753,-3893.00,2107.00,-90.89
14:44:16.668705,-3875.00,2107.00,-93.33
14:44:16.834550,-3857.00,2104.00,-92.44
14:44:16.977444,-3842.00,2104.00,-92.20
14:44:17.161978,-3824.00,2103.00,-92.28
14:44:17.310031,-3809.00,2102.00,-91.90
14:44:17.464195,-3794.00,2101.00,-91.28
14:44:17.666216,-3773.00,2101.00,-92.69
14:44:17.831928,-3755.00,2100.00,-93.31
14:44:18.014065,-3738.00,2099.00,-93.05
14:44:29.807740,-3827.00,2439.00,-130.41
14:44:30.005766,-3822.00,2434.00,-124.14
14:44:30.168246,-3822.00,2435.00,-111.69
14:44:30.331810,-3822.00,2435.00,-97.89
14:44:30.484661,-3820.00,2436.00,-88.41
14:44:30.698853,-3813.00,2438.00,-83.94
14:44:30.854962,-3799.00,2443.00,-83.64
14:44:30.993265,-3786.00,2447.00,-83.07
14:44:31.177129,-3766.00,2453.00,-84.06
14:44:31.343693,-3754.00,2457.00,-85.21
14:44:31.512073,-3752.00,2459.00,-76.64
14:44:31.642649,-3752.00,2461.00,-65.08
14:44:31.842650,-3751.00,2461.00,-49.43
14:44:31.951331,-3751.00,2459.00,-41.19
14:44:32.172260,-3751.00,2460.00,-25.18
14:44:32.324884,-3751.00,2461.00,-10.99
14:44:32.489691,-3751.00,2460.00,1.32
14:44:32.689082,-3750.00,2460.00,16.65
14:44:32.822382,-3749.00,2460.00,25.93
14:44:32.974689,-3749.00,2462.00,37.88
14:44:33.179090,-3749.00,2464.00,53.93
14:44:33.321593,-3749.00,2464.00,65.98
14:44:33.524158,-3749.00,2463.00,81.80
14:44:33.619449,-3749.00,2463.00,85.47
14:44:33.814064,-3749.00,2463.00,90.81
14:44:33.998977,-3757.00,2463.00,93.18
14:44:34.161342,-3775.00,2462.00,91.37
14:44:34.308073,-3806.00,2461.00,91.09
14:44:34.485606,-3856.00,2460.00,90.83
14:44:34.720202,-3895.00,2462.00,90.96
14:44:34.818158,-3904.00,2461.00,90.48
14:44:34.980317,-3922.00,2461.00,90.46
14:44:35.166021,-3939.00,2460.00,90.98
14:44:35.307936,-3954.00,2458.00,91.00
14:44:35.479224,-3972.00,2457.00,90.97
14:44:35.631098,-3987.00,2456.00,90.98
14:44:35.800432,-4002.00,2455.00,91.12
14:44:35.967278,-4019.00,2454.00,91.11
14:44:36.152453,-4040.00,2453.00,90.53
14:44:36.311282,-4055.00,2453.00,90.92
14:44:36.495326,-4070.00,2453.00,90.04
14:44:39.153717,-4077.00,2313.00,-87.74
14:44:39.290580,-4073.00,2314.00,-86.56
14:44:39.519704,-4050.00,2314.00,-88.20
14:44:39.641646,-4024.00,2315.00,-88.78
14:44:39.812940,-3978.00,2315.00,-89.01
14:44:40.003628,-3918.00,2316.00,-89.34
14:44:40.146917,-3902.00,2316.00,-88.74
14:44:40.323957,-3885.00,2317.00,-89.06
14:44:40.512791,-3865.00,2319.00,-90.03
14:44:40.688614,-3846.00,2319.00,-90.49
14:44:40.816824,-3834.00,2318.00,-91.05
14:44:40.981773,-3815.00,2318.00,-91.34
14:44:41.158787,-3798.00,2318.00,-90.08
14:44:41.300519,-3783.00,2318.00,-90.67
14:44:41.505944,-3762.00,2319.00,-91.56
14:44:41.674731,-3744.00,2321.00,-92.16
14:44:41.840684,-3729.00,2321.00,-91.88
14:44:53.841660,-3822.00,2633.00,-125.77
14:44:53.995748,-3821.00,2632.00,-135.59
14:44:54.186547,-3821.00,2631.00,-151.65
14:44:54.352180,-3821.00,2630.00,-164.15
14:44:54.481832,-3820.00,2630.00,-174.63
14:44:54.658334,-3820.00,2630.00,-187.77
14:44:54.854758,-3820.00,2630.00,155.45
14:44:55.013799,-3819.00,2633.00,146.21
14:44:55.150496,-3819.00,2633.00,134.00
14:44:55.363210,-3818.00,2633.00,117.93
14:44:55.479801,-3818.00,2634.00,467.89
14:44:55.671337,-3818.00,2636.00,95.47
14:44:55.832989,-3818.00,2635.00,88.85
14:44:56.007629,-3821.00,2635.00,86.71
14:44:56.153506,-3834.00,2635.00,85.24
14:44:56.318956,-3858.00,2635.00,86.19
14:44:56.465458,-3878.00,2636.00,88.17
14:44:56.669834,-3897.00,2635.00,88.11
14:44:56.804549,-3912.00,2635.00,87.60
14:44:56.989943,-3930.00,2635.00,87.74
14:44:57.134505,-3944.00,2634.00,86.96
14:44:57.344393,-3964.00,2634.00,87.78
14:44:57.473877,-3976.00,2633.00,88.25
14:44:57.665634,-3996.00,2632.00,87.00
14:44:57.827843,-4014.00,2632.00,87.42
14:44:57.975415,-4029.00,2632.00,87.48
14:44:58.156167,-4046.00,2632.00,87.49
14:44:58.321025,-4061.00,2632.00,87.37
14:45:01.145251,-4089.00,2483.00,-88.91
14:45:01.347038,-4078.00,2484.00,-90.19
14:45:01.489559,-4056.00,2484.00,-90.37
14:45:01.664891,-4017.00,2483.00,-90.44
14:45:01.823637,-3973.00,2483.00,-90.55
14:45:01.981500,-3951.00,2483.00,-89.79
14:45:02.159032,-3934.00,2484.00,-91.43
14:45:02.330185,-3916.00,2486.00,-91.25
14:45:02.512028,-3899.00,2486.00,-90.98
14:45:02.648792,-3885.00,2487.00,-90.76
14:45:02.844043,-3865.00,2488.00,-91.07
14:45:03.007318,-3848.00,2489.00,-90.77
14:45:03.136811,-3835.00,2489.00,-90.77
14:45:03.329185,-3814.00,2490.00,-90.75
14:45:03.484515,-3799.00,2490.00,-89.83
14:45:03.681505,-3779.00,2492.00,-90.46
14:45:18.673175,-3824.00,2834.00,-128.25
14:45:18.809242,-3822.00,2832.00,-133.77
14:45:19.002332,-3821.00,2832.00,-149.36
14:45:19.167732,-3821.00,2832.00,-161.36
14:45:19.332612,-3821.00,2832.00,-175.22
14:45:19.473109,-3821.00,2831.00,-185.13
14:45:19.676486,-3820.00,2832.00,156.91
14:45:19.857614,-3820.00,2834.00,143.59
14:45:19.957931,-3820.00,2834.00,135.70
14:45:20.165947,-3819.00,2834.00,119.93
14:45:20.338238,-3819.00,2833.00,466.33
14:45:20.531258,-3819.00,2833.00,93.30
14:45:20.646970,-3819.00,2832.00,90.04
14:45:20.823736,-3820.00,2835.00,85.47
14:45:21.018337,-3833.00,2836.00,83.83
14:45:21.141700,-3853.00,2837.00,84.69
14:45:21.298949,-3874.00,2839.00,86.08
14:45:21.487869,-3894.00,2840.00,87.41
14:45:21.663830,-3911.00,2841.00,86.72
14:45:21.833222,-3929.00,2841.00,87.07
14:45:22.011021,-3945.00,2841.00,87.49
14:45:22.157321,-3961.00,2841.00,87.09
14:45:22.313905,-3976.00,2841.00,87.34
14:45:22.490870,-3993.00,2840.00,87.87
14:45:22.643282,-4008.00,2839.00,87.47
14:45:22.804540,-4025.00,2839.00,87.63
14:45:22.991169,-4043.00,2838.00,87.41
14:45:23.181876,-4064.00,2839.00,85.90
14:45:23.301420,-4076.00,2839.00,86.46
14:45:25.941298,-4093.00,2695.00,-90.25
14:45:26.129431,-4082.00,2694.00,-90.02
14:45:26.337275,-4049.00,2693.00,-91.52
14:45:26.457839,-4020.00,2691.00,-91.92
14:45:26.627022,-3972.00,2688.00,-92.35
14:45:26.809540,-3953.00,2687.00,-91.30
14:45:26.960994,-3938.00,2687.00,-92.79
14:45:27.157557,-3917.00,2686.00,-92.19
14:45:27.337831,-3899.00,2685.00,-91.30
14:45:27.507086,-3882.00,2687.00,-90.93
14:45:27.666669,-3866.00,2688.00,-91.22
14:45:27.824084,-3852.00,2688.00,-92.30
14:45:28.005780,-3831.00,2687.00,-91.54
14:45:28.171229,-3816.00,2687.00,-91.59
14:45:28.336016,-3797.00,2686.00,-91.16
14:45:28.509050,-3781.00,2686.00,-91.40
14:45:40.013819,-3822.00,3031.00,-126.64
14:45:40.169628,-3821.00,3030.00,-135.76
14:45:40.335916,-3821.00,3031.00,-149.27
14:45:40.534694,-3821.00,3032.00,-164.77
14:45:40.695915,-3820.00,3033.00,-176.69
14:45:40.783278,-3820.00,3033.00,-184.82
14:45:40.987447,-3820.00,3033.00,160.08
14:45:41.145961,-3820.00,3035.00,148.30
14:45:41.331212,-3820.00,3036.00,132.72
14:45:41.506139,-3819.00,3036.00,118.32
14:45:41.655998,-3819.00,3035.00,466.71
14:45:41.838712,-3819.00,3033.00,94.02
14:45:42.008770,-3819.00,3033.00,88.10
14:45:42.158521,-3821.00,3034.00,85.24
14:45:42.370337,-3837.00,3037.00,83.98
14:45:42.498771,-3859.00,3038.00,85.25
14:45:42.678026,-3883.00,3039.00,87.43
14:45:42.865665,-3899.00,3039.00,88.18
14:45:43.026533,-3915.00,3040.00,87.26
14:45:43.177109,-3929.00,3042.00,86.07
14:45:43.327519,-3944.00,3043.00,85.94
14:45:43.511462,-3964.00,3044.00,87.21
14:45:43.676173,-3979.00,3045.00,87.47
14:45:43.850777,-3997.00,3045.00,87.28
14:45:44.006809,-4014.00,3045.00,88.07
14:45:44.202853,-4034.00,3046.00,87.18
14:45:44.325601,-4044.00,3045.00,87.14
14:45:44.514145,-4064.00,3045.00,87.41
14:45:47.178010,-4080.00,3209.00,-92.99
14:45:47.353643,-4074.00,3209.00,-95.70
14:45:47.546126,-4055.00,3207.00,-95.42
14:45:47.687700,-4027.00,3205.00,-93.96
14:45:47.821460,-3995.00,3202.00,-92.90
14:45:47.992753,-3961.00,3201.00,-92.06
14:45:48.169718,-3945.00,3201.00,-92.30
14:45:48.358212,-3925.00,3201.00,-93.31
14:45:48.534160,-3906.00,3201.00,-91.54
14:45:48.712934,-3889.00,3201.00,-91.30
14:45:48.828585,-3876.00,3200.00,-92.02
14:45:49.047667,-3855.00,3200.00,-92.66
14:45:49.178689,-3840.00,3201.00,-93.48
14:45:49.363920,-3823.00,3202.00,-92.41
14:45:49.507306,-3808.00,3203.00,-91.37
14:45:49.698465,-3790.00,3204.00,-91.61
14:45:49.840039,-3774.00,3204.00,-92.38
14:45:52.513628,-3755.00,3356.00,90.99
14:45:52.696581,-3764.00,3356.00,90.71
14:45:52.849153,-3786.00,3356.00,89.01
14:45:53.017212,-3824.00,3357.00,88.54
14:45:53.165030,-3868.00,3358.00,88.82
14:45:53.362334,-3895.00,3359.00,89.69
14:45:53.500574,-3908.00,3359.00,88.53
14:45:53.684918,-3928.00,3360.00,87.71
14:45:53.865594,-3945.00,3361.00,88.24
14:45:54.036094,-3963.00,3362.00,88.65
14:45:54.165179,-3975.00,3362.00,89.02
14:45:54.337694,-3993.00,3364.00,88.45
14:45:54.532953,-4014.00,3365.00,88.62
14:45:54.671784,-4026.00,3366.00,88.89
14:45:54.850787,-4044.00,3367.00,88.44
14:45:55.009914,-4061.00,3368.00,88.84
14:45:57.848515,-4079.00,3528.00,-94.94
14:45:58.007175,-4073.00,3528.00,-95.18
14:45:58.180976,-4050.00,3527.00,-94.22
14:45:58.347581,-4027.00,3526.00,-92.92
14:45:58.507223,-4010.00,3525.00,-92.17
14:45:58.664608,-3995.00,3525.00,-93.40
14:45:58.831120,-3976.00,3525.00,-92.68
14:45:58.984771,-3961.00,3524.00,-92.49
14:45:59.167708,-3944.00,3524.00,-92.41
14:45:59.374064,-3924.00,3523.00,-91.16
14:45:59.516250,-3909.00,3524.00,-91.05
14:45:59.686558,-3890.00,3524.00,-92.46
14:45:59.864909,-3873.00,3523.00,-91.92
14:46:00.002413,-3858.00,3525.00,-91.51
14:46:00.195878,-3840.00,3524.00,-90.59
14:46:00.348438,-3825.00,3525.00,-90.49
14:46:00.529860,-3822.00,3525.00,-90.11
14:46:00.664012,-3821.00,3527.00,-90.17
14:46:00.843911,-3821.00,3527.00,-90.13
14:46:01.008893,-3820.00,3529.00,-90.08
14:46:01.174481,-3820.00,3529.00,-90.03
14:46:34.279227,-1942.00,525.00,-8.41
14:46:34.489964,-1942.00,524.00,1.71
14:46:34.642736,-1942.00,524.00,13.73
14:46:34.824442,-1943.00,522.00,28.02
14:46:34.973608,-1943.00,522.00,39.58
14:46:35.175806,-1942.00,523.00,54.36
14:46:35.285866,-1942.00,522.00,64.69
14:46:35.479043,-1942.00,522.00,78.01
14:46:35.665771,-1943.00,521.00,86.61
14:46:35.829820,-1948.00,520.00,88.94
14:46:36.003070,-1961.00,519.00,89.54
14:46:36.166898,-1990.00,519.00,88.92
14:46:36.286051,-2023.00,519.00,88.64
14:46:36.484647,-2087.00,522.00,87.97
14:46:36.645908,-2137.00,524.00,87.98
14:46:36.833549,-2205.00,526.00,88.18
14:46:36.989169,-2256.00,528.00,88.57
14:46:37.180637,-2323.00,530.00,88.04
14:46:37.326705,-2363.00,531.00,88.04
14:46:37.476845,-2414.00,533.00,88.26
14:46:37.625241,-2465.00,534.00,88.70
14:46:37.817276,-2532.00,536.00,88.32
14:46:37.980216,-2586.00,539.00,88.45
14:46:38.154276,-2605.00,540.00,89.47
14:46:38.313802,-2623.00,541.00,88.22
14:46:38.513850,-2645.00,542.00,88.35
14:46:38.617715,-2656.00,543.00,88.58
14:46:38.798216,-2676.00,544.00,88.79
14:46:38.993537,-2697.00,545.00,88.65
14:55:05.459934,402.00,-124.00,177.85
14:55:05.646128,402.00,-128.00,172.92
14:55:05.798822,402.00,-128.00,160.83
14:55:05.978739,403.00,-128.00,147.27
14:55:06.155553,403.00,-128.00,133.00
14:55:06.277321,402.00,-128.00,123.62
14:55:06.476912,401.00,-128.00,107.97
14:55:06.636010,402.00,-128.00,94.04
14:55:06.807085,402.00,-128.00,86.04
14:55:06.950069,402.00,-128.00,82.26
14:55:07.144769,388.00,-126.00,78.49
14:55:07.267586,375.00,-123.00,79.55
14:55:07.449909,359.00,-121.00,81.45
14:55:07.634130,340.00,-118.00,82.01
14:55:07.821962,322.00,-116.00,82.10
14:55:07.948606,311.00,-115.00,82.07
14:55:08.125756,294.00,-113.00,82.10
14:55:08.292297,279.00,-111.00,82.22
14:55:08.468289,274.00,-111.00,81.14
14:55:08.630904,274.00,-111.00,69.19
14:55:08.824507,273.00,-111.00,53.48
14:55:08.956651,273.00,-111.00,43.93
14:55:09.137064,272.00,-110.00,28.29
14:55:09.296874,272.00,-110.00,16.49
14:55:09.478693,271.00,-110.00,2.44
14:55:09.615129,269.00,-110.00,-9.32
14:55:09.828758,270.00,-110.00,-25.19
14:55:09.920035,269.00,-109.00,-32.89
14:55:10.146903,270.00,-110.00,-50.19
14:55:10.292414,270.00,-110.00,-62.13
14:55:10.483180,269.00,-109.00,-75.49
14:55:10.620623,269.00,-109.00,-84.35
14:55:10.818730,269.00,-108.00,-90.00
14:55:10.934866,273.00,-109.00,-91.84
14:55:11.138664,294.00,-110.00,-92.00
14:55:11.318711,330.00,-111.00,-90.70
14:55:11.451820,364.00,-111.00,-89.97
14:55:11.601553,413.00,-111.00,-89.72
14:55:11.785423,479.00,-110.00,-89.64
14:55:11.929755,521.00,-109.00,-89.86
14:55:12.147054,594.00,-108.00,-89.60
14:55:12.273139,636.00,-107.00,-89.56
14:55:12.456230,693.00,-106.00,-89.49
14:55:12.607733,743.00,-105.00,-89.75
14:55:12.812695,819.00,-104.00,-89.66
14:55:12.943193,859.00,-104.00,-89.73
14:55:13.130048,919.00,-104.00,-89.63
14:55:13.311949,985.00,-104.00,-89.79
14:55:13.434916,1025.00,-104.00,-89.62
14:55:13.587755,1076.00,-104.00,-89.65
14:55:13.782605,1137.00,-104.00,-89.57
14:55:13.950433,1194.00,-104.00,-89.92
14:55:14.121608,1254.00,-104.00,-89.70
14:55:14.284631,1311.00,-104.00,-89.75
14:55:14.457490,1362.00,-104.00,-89.64
14:55:14.608577,1421.00,-105.00,-89.84
14:55:14.774979,1470.00,-105.00,-89.66
14:55:14.950515,1527.00,-105.00,-89.69
14:55:15.081949,1570.00,-105.00,-89.58
14:55:15.286626,1643.00,-105.00,-89.84
14:55:15.446803,1693.00,-105.00,-89.76
14:55:15.621474,1755.00,-107.00,-89.77
14:55:15.774026,1806.00,-108.00,-89.76
14:55:15.942818,1864.00,-109.00,-89.81
14:55:16.121081,1924.00,-110.00,-89.65
14:55:16.286763,1982.00,-110.00,-89.54
14:55:16.447048,2031.00,-110.00,-89.61
14:55:16.594828,2081.00,-110.00,-89.63
14:55:16.791039,2147.00,-110.00,-89.49
14:55:16.911409,2191.00,-111.00,-89.49
14:55:17.092141,2248.00,-111.00,-89.43
14:55:17.279232,2308.00,-111.00,-89.44
14:55:17.449151,2364.00,-112.00,-89.25
14:55:17.611636,2427.00,-112.00,-89.13
14:55:17.806120,2485.00,-112.00,-89.30
14:55:17.930316,2529.00,-112.00,-89.20
14:55:18.142527,2603.00,-111.00,-89.00
14:55:18.277793,2647.00,-111.00,-88.91
14:55:18.462159,2714.00,-111.00,-89.07
14:55:18.630930,2766.00,-110.00,-88.86
14:55:18.787096,2823.00,-110.00,-88.90
14:55:18.987769,2889.00,-109.00,-88.83
14:55:19.084638,2924.00,-108.00,-89.00
14:55:19.265923,2985.00,-108.00,-88.89
14:55:19.430902,3036.00,-107.00,-88.87
14:55:19.602484,3093.00,-106.00,-88.84
14:55:19.760730,3153.00,-106.00,-89.00
14:55:19.976146,3220.00,-105.00,-88.89
14:55:20.109505,3269.00,-104.00,-88.98
14:55:20.272588,3318.00,-103.00,-88.99
14:55:20.460319,3386.00,-101.00,-89.30
14:55:20.623598,3437.00,-100.00,-89.12
14:55:20.787003,3493.00,-98.00,-89.20
14:55:20.930292,3536.00,-96.00,-89.18
14:55:21.134320,3602.00,-95.00,-89.51
14:55:21.288477,3659.00,-93.00,-89.45
14:55:21.448174,3709.00,-93.00,-89.60
14:55:21.621515,3769.00,-92.00,-89.64
14:55:21.783938,3825.00,-92.00,-89.91
14:55:21.965554,3884.00,-92.00,-89.84
14:55:22.126428,3935.00,-92.00,-89.91
14:55:22.325974,4001.00,-92.00,-89.93
14:55:22.446442,4102.00,-90.00,-89.69
14:55:22.640923,4163.00,-90.00,-89.68
14:55:22.807888,4182.00,-90.00,-88.77
14:55:22.952416,4192.00,-90.00,-89.94
14:55:23.129948,4207.00,-90.00,-90.35
14:55:23.295867,4220.00,-90.00,-90.09
14:55:23.473646,4236.00,-90.00,-90.27
14:55:23.633913,4249.00,-91.00,-90.09
14:55:23.802863,4269.00,-91.00,-90.31
14:55:23.978266,4285.00,-91.00,-90.14
14:55:24.116933,4304.00,-91.00,-90.20
14:55:26.801923,4340.00,-245.00,89.17
14:55:26.964253,4332.00,-245.00,87.89
14:55:27.144197,4310.00,-244.00,89.12
14:55:27.290650,4275.00,-244.00,90.24
14:55:27.468875,4217.00,-245.00,90.84
14:55:27.620505,4162.00,-246.00,91.06
14:55:27.793663,4103.00,-247.00,91.16
14:55:27.995637,4034.00,-249.00,91.18
14:55:28.104455,4001.00,-250.00,90.96
14:55:28.321194,3927.00,-251.00,90.92
14:55:28.449903,3887.00,-251.00,91.09
14:55:28.629884,3827.00,-253.00,91.14
14:55:28.784899,3772.00,-254.00,90.76
14:55:28.961171,3714.00,-254.00,90.74
14:55:29.130195,3665.00,-255.00,90.93
14:55:29.279027,3615.00,-255.00,90.99
14:55:29.458120,3557.00,-256.00,90.58
14:55:29.616957,3497.00,-256.00,90.63
14:55:29.790619,3441.00,-256.00,90.87
14:55:29.933914,3398.00,-257.00,90.88
14:55:30.112731,3332.00,-257.00,90.50
14:55:30.301721,3279.00,-258.00,90.63
14:55:30.431771,3236.00,-258.00,90.82
14:55:30.594642,3179.00,-259.00,90.84
14:55:30.740280,3131.00,-259.00,90.60
14:55:30.941047,3064.00,-260.00,90.69
14:55:31.105657,3015.00,-260.00,90.93
14:55:31.274016,2957.00,-261.00,90.86
14:55:31.428205,2907.00,-262.00,90.61
14:55:31.608031,2851.00,-262.00,90.71
14:55:31.752009,2801.00,-263.00,91.00
14:55:31.931217,2740.00,-264.00,90.86
14:55:32.089253,2682.00,-265.00,90.60
14:55:32.287586,2614.00,-266.00,90.65
14:55:32.428697,2570.00,-267.00,90.84
14:55:32.619184,2501.00,-269.00,90.49
14:55:32.745210,2460.00,-269.00,90.34
14:55:32.927146,2399.00,-269.00,90.39
14:55:33.106761,2341.00,-269.00,90.63
14:55:33.260609,2279.00,-269.00,90.25
14:55:33.419431,2226.00,-268.00,90.00
14:55:33.588649,2168.00,-267.00,90.23
14:55:33.782732,2107.00,-267.00,90.53
14:55:33.927675,2056.00,-267.00,90.18
14:55:34.076546,2005.00,-266.00,89.98
14:55:34.276139,1939.00,-266.00,90.18
14:55:34.429638,1888.00,-266.00,90.55
14:55:34.605147,1830.00,-266.00,90.21
14:55:34.773638,1769.00,-265.00,90.11
14:55:34.956480,1711.00,-265.00,90.31
14:55:35.115927,1650.00,-265.00,90.60
14:55:35.290918,1593.00,-265.00,90.20
14:55:35.454160,1542.00,-264.00,90.14
14:55:35.628147,1480.00,-263.00,90.43
14:55:35.759418,1429.00,-263.00,90.58
14:55:35.940090,1371.00,-262.00,90.16
14:55:36.099910,1320.00,-262.00,90.26
14:55:36.293203,1251.00,-261.00,90.61
14:55:36.434892,1199.00,-260.00,90.65
14:55:36.616829,1137.00,-260.00,90.34
14:55:36.819267,1069.00,-259.00,90.47
14:55:36.960222,1017.00,-259.00,90.80
14:55:37.111438,965.00,-258.00,90.68
14:55:37.283283,914.00,-258.00,90.48
14:55:37.461302,847.00,-258.00,90.64
14:55:37.607025,806.00,-257.00,90.85
14:55:37.803264,739.00,-258.00,90.82
14:55:37.924090,714.00,-257.00,91.45
14:55:38.139040,692.00,-257.00,90.23
14:55:38.286960,675.00,-256.00,90.15
14:55:38.472997,656.00,-256.00,90.51
14:55:38.614794,640.00,-255.00,90.77
14:55:38.791700,622.00,-255.00,90.70
14:55:38.984885,603.00,-254.00,90.82
14:55:39.120107,587.00,-254.00,90.87
14:55:39.271041,570.00,-253.00,90.74
14:55:39.462968,549.00,-253.00,90.80
14:55:39.627228,534.00,-252.00,90.82
14:55:39.780568,524.00,-252.00,90.85
14:55:39.947237,523.00,-252.00,91.16
14:55:40.113945,522.00,-251.00,91.15
14:55:40.262528,521.00,-251.00,91.14
14:55:44.626586,528.00,31.00,-5.14
14:55:44.808185,527.00,32.00,8.72
14:55:44.929085,526.00,32.00,18.32
14:55:45.154469,527.00,32.00,36.28
14:55:45.259269,528.00,33.00,44.14
14:55:45.495628,529.00,33.00,63.62
14:55:45.603278,529.00,33.00,71.53
14:55:45.780553,529.00,33.00,82.41
14:55:45.957396,529.00,34.00,87.16
14:55:46.108884,526.00,35.00,90.66
14:55:46.291131,507.00,35.00,90.18
14:55:46.453634,479.00,36.00,89.24
14:55:46.621699,430.00,38.00,88.88
14:55:46.784708,375.00,39.00,88.91
14:55:46.955587,326.00,41.00,88.49
14:55:47.144863,260.00,42.00,88.54
14:55:47.282542,217.00,44.00,88.76
14:55:47.462951,151.00,46.00,88.76
14:55:47.642226,96.00,47.00,88.50
14:55:47.811589,36.00,50.00,88.61
14:55:47.959679,-3.00,51.00,88.92
14:55:48.150053,-68.00,53.00,88.78
14:55:48.289674,-89.00,54.00,89.57
14:55:48.471779,-105.00,55.00,88.06
14:55:48.637049,-123.00,56.00,88.62
14:55:48.822633,-142.00,57.00,88.84
14:55:48.944829,-155.00,58.00,89.03
14:55:49.122843,-173.00,58.00,89.17
14:55:49.286252,-190.00,59.00,89.18
14:55:49.475637,-208.00,59.00,89.49
14:55:49.622676,-224.00,59.00,89.45
14:55:49.789829,-241.00,60.00,89.47
14:55:49.960263,-256.00,60.00,89.39
14:55:50.119688,-270.00,60.00,89.54
14:55:50.266980,-274.00,59.00,89.81
14:55:50.500036,-275.00,59.00,75.48
14:55:50.666821,-275.00,60.00,62.31
14:55:50.809837,-277.00,60.00,52.71
14:55:51.012168,-277.00,59.00,34.36
14:55:51.105492,-276.00,58.00,28.72
14:55:51.313966,-276.00,58.00,10.70
14:55:51.457434,-276.00,58.00,1.40
14:55:51.664065,-277.00,59.00,-16.62
14:55:51.810418,-277.00,58.00,-28.54
14:55:51.970691,-277.00,57.00,-40.16
14:55:52.174283,-277.00,58.00,-55.86
14:55:52.300918,-277.00,58.00,-65.44
14:55:52.517056,-283.00,63.00,-82.60
14:55:52.632104,-282.00,61.00,-86.43
14:55:52.780881,-282.00,61.00,-90.47
14:55:52.990542,-273.00,60.00,-93.52
14:55:53.127030,-256.00,59.00,-92.23
14:55:53.321667,-214.00,59.00,-90.96
14:55:53.468627,-169.00,59.00,-90.41
14:55:53.649199,-113.00,59.00,-90.22
14:55:53.804474,-65.00,59.00,-90.16
14:55:53.980530,-5.00,59.00,-90.20
14:55:54.126598,45.00,60.00,-90.28
14:55:54.317435,110.00,60.00,-90.53
14:55:54.441604,150.00,60.00,-90.32
14:55:54.619920,209.00,60.00,-90.25
14:55:54.777838,259.00,61.00,-90.21
14:55:54.951118,315.00,61.00,-90.47
14:55:55.132622,375.00,61.00,-90.31
14:55:55.303712,431.00,60.00,-90.27
14:55:55.480409,491.00,60.00,-90.35
14:55:55.628170,540.00,61.00,-90.63
14:55:55.793084,597.00,60.00,-90.45
14:55:55.982477,657.00,60.00,-90.40
14:55:56.116487,708.00,59.00,-90.41
14:55:56.287999,765.00,58.00,-90.67
14:55:56.447695,816.00,57.00,-90.45
14:55:56.628855,877.00,56.00,-90.36
14:55:56.777778,929.00,55.00,-90.37
14:55:56.955094,988.00,54.00,-90.63
14:55:57.129093,1050.00,53.00,-90.41
14:55:57.288820,1108.00,52.00,-90.22
14:55:57.438812,1160.00,51.00,-90.25
14:55:57.620723,1222.00,50.00,-90.41
14:55:57.760913,1273.00,49.00,-90.11
14:55:57.950453,1331.00,49.00,-89.89
14:55:58.130555,1392.00,48.00,-89.96
14:55:58.281340,1443.00,47.00,-90.06
14:55:58.451238,1500.00,47.00,-89.78
14:55:58.622997,1561.00,46.00,-89.63
14:55:58.779654,1611.00,46.00,-89.72
14:55:58.934659,1660.00,45.00,-89.80
14:55:59.109791,1716.00,45.00,-89.50
14:55:59.283555,1775.00,45.00,-89.35
14:55:59.439838,1799.00,44.00,-88.25
14:55:59.617122,1820.00,43.00,-90.15
14:55:59.808107,1839.00,42.00,-89.66
14:55:59.940858,1856.00,41.00,-89.32
14:56:00.087921,1873.00,40.00,-89.01
14:56:00.267694,1893.00,40.00,-89.04
14:56:00.426273,1909.00,39.00,-88.70
14:56:00.607264,1927.00,39.00,-88.72
14:56:00.764251,1946.00,38.00,-88.50
14:56:00.952152,1944.00,38.00,-88.29
