09:29:02.048898,-10.00,597.00,-3.39
09:29:02.222323,-11.00,595.00,0.32
09:29:02.421011,-10.00,595.00,14.91
09:29:02.589605,-9.00,596.00,25.77
09:29:02.754832,-5.00,593.00,35.90
09:29:02.907527,2.00,585.00,37.05
09:29:03.089740,5.00,584.00,44.19
09:29:03.219578,5.00,586.00,55.54
09:29:03.418525,5.00,587.00,62.03
09:29:03.546672,6.00,588.00,65.44
09:29:03.753846,2.00,591.00,71.99
09:29:03.914077,-2.00,595.00,77.43
09:29:04.069913,-8.00,596.00,81.90
09:29:04.228703,-19.00,598.00,83.85
09:29:04.409704,-34.00,600.00,85.68
09:29:04.589164,-53.00,602.00,87.99
09:29:04.732445,-74.00,603.00,92.33
09:29:04.909040,-97.00,604.00,87.94
09:29:05.086553,-122.00,605.00,89.29
09:29:05.236052,-147.00,607.00,90.16
09:29:05.420498,-185.00,608.00,90.93
09:29:05.586589,-216.00,608.00,90.85
09:29:05.764314,-255.00,608.00,90.98
09:29:05.910979,-292.00,609.00,89.13
09:29:06.085036,-334.00,611.00,89.89
09:29:06.225039,-372.00,612.00,90.39
09:29:06.390352,-410.00,611.00,91.39
09:29:06.550565,-437.00,611.00,89.78
09:29:06.749796,-417.00,612.00,92.40
09:29:06.876677,-414.00,612.00,92.77
09:29:07.060006,-411.00,611.00,96.21
09:29:07.215049,-412.00,612.00,100.26
09:29:07.403398,-417.00,611.00,106.58
09:29:07.542570,-417.00,611.00,111.06
09:29:07.729351,-428.00,606.00,112.58
09:29:07.891173,-447.00,599.00,107.81
09:29:08.044006,-473.00,593.00,100.71
09:29:08.223824,-499.00,590.00,93.48
09:29:08.380532,-522.00,590.00,87.01
09:29:08.546478,-545.00,592.00,79.92
09:29:08.709000,-556.00,594.00,82.37
09:29:08.890206,-570.00,596.00,85.78
09:29:09.067467,-587.00,597.00,88.29
09:29:09.219553,-607.00,598.00,89.74
09:29:09.381013,-627.00,599.00,90.36
09:29:09.552842,-654.00,599.00,90.78
09:29:09.724589,-682.00,599.00,91.04
09:29:09.884161,-709.00,598.00,91.48
09:29:10.065157,-743.00,598.00,91.52
09:29:10.189227,-757.00,597.00,92.30
09:29:10.387526,-777.00,597.00,91.05
09:29:10.550930,-795.00,596.00,91.25
09:29:10.720731,-812.00,596.00,91.33
09:29:10.882550,-827.00,596.00,91.22
09:29:11.067837,-847.00,595.00,91.45
09:29:11.224413,-862.00,595.00,91.69
09:29:11.408105,-881.00,595.00,91.73
09:29:11.544791,-895.00,594.00,91.71
09:29:11.709194,-883.00,595.00,91.90
09:29:11.900100,-872.00,595.00,96.52
09:29:12.058902,-871.00,595.00,106.36
09:29:12.210340,-872.00,596.00,116.23
09:29:12.395479,-873.00,595.00,131.82
09:29:12.572105,-872.00,596.00,145.34
09:29:12.713995,-870.00,598.00,153.40
09:29:12.901352,-869.00,600.00,159.53
09:29:13.061633,-870.00,599.00,164.38
09:29:13.214228,-870.00,596.00,169.81
09:29:13.399165,-869.00,596.00,-175.88
09:29:13.550735,-869.00,596.00,-164.80
09:29:13.713043,-869.00,596.00,-153.96
09:29:13.865788,-870.00,597.00,-142.97
09:29:14.048844,-871.00,597.00,-129.97
09:29:14.213660,-870.00,596.00,-124.75
09:29:14.391942,-867.00,594.00,-121.62
09:29:14.566920,-846.00,580.00,-126.51
09:29:14.717979,-828.00,566.00,-132.54
09:29:14.901588,-811.00,547.00,-140.25
09:29:15.040275,-801.00,533.00,-145.54
09:29:15.199108,-786.00,510.00,-153.26
09:29:15.373806,-776.00,487.00,-160.46
09:29:15.556023,-768.00,460.00,-168.20
09:29:15.715077,-764.00,437.00,-174.52
09:29:15.891333,-763.00,412.00,178.38
09:29:16.030045,-765.00,389.00,171.82
09:29:16.213471,-770.00,363.00,164.16
09:29:16.364663,-777.00,342.00,157.69
09:29:16.556337,-789.00,315.00,149.40
09:29:16.698313,-802.00,297.00,142.98
09:29:24.193877,-805.00,291.00,140.29
09:29:29.006341,-806.00,596.00,1.15
09:29:29.175031,-806.00,596.00,12.46
09:29:29.357887,-806.00,595.00,19.83
09:29:29.503186,-806.00,595.00,24.13
09:29:29.697945,-806.00,595.00,35.50
09:38:53.851747,-1180.00,-1100.00,90.19
09:38:54.045683,-1177.00,-1100.00,95.56
09:38:54.193697,-1176.00,-1100.00,104.90
09:38:54.418457,-1175.00,-1099.00,111.90
09:38:54.541301,-1175.00,-1098.00,115.83
09:38:54.743507,-1180.00,-1101.00,126.59
09:38:54.895318,-1183.00,-1103.00,124.45
09:38:55.042804,-1173.00,-1097.00,124.26
09:38:55.193044,-1168.00,-1093.00,125.64
09:38:55.420442,-1166.00,-1091.00,133.09
09:38:55.513056,-1166.00,-1091.00,135.82
09:38:55.695116,-1168.00,-1093.00,141.65
09:38:55.875277,-1172.00,-1097.00,147.68
09:38:56.026983,-1175.00,-1102.00,154.28
09:38:56.214318,-1177.00,-1108.00,160.47
09:38:56.391469,-1178.00,-1115.00,166.89
09:38:56.572610,-1178.00,-1122.00,172.35
09:38:56.699532,-1178.00,-1128.00,174.13
09:38:56.902307,-1179.00,-1143.00,177.62
09:38:57.033182,-1179.00,-1156.00,178.68
09:38:57.192149,-1179.00,-1173.00,178.89
09:38:57.386268,-1179.00,-1200.00,178.99
09:38:57.519656,-1179.00,-1217.00,178.89
09:38:57.886343,-1179.00,-1279.00,180.07
09:38:57.999229,-1178.00,-1278.00,179.11
09:38:58.196318,-1178.00,-1261.00,-178.20
09:38:58.354878,-1178.00,-1256.00,-176.85
09:38:58.534109,-1178.00,-1255.00,-172.55
09:38:58.700603,-1177.00,-1258.00,-167.85
09:38:58.873026,-1176.00,-1263.00,-162.18
09:38:59.038626,-1173.00,-1273.00,-159.46
09:38:59.185976,-1167.00,-1293.00,-164.84
09:38:59.363549,-1164.00,-1308.00,-169.58
09:38:59.528084,-1161.00,-1321.00,-170.86
09:38:59.696211,-1160.00,-1333.00,-173.74
09:38:59.860543,-1158.00,-1350.00,-177.30
09:39:00.010288,-1158.00,-1350.00,-178.47
09:39:00.219558,-1158.00,-1335.00,-178.74
09:39:00.336447,-1158.00,-1332.00,-176.85
09:39:00.540683,-1158.00,-1329.00,-172.12
09:39:00.683885,-1157.00,-1333.00,-167.00
09:39:00.873287,-1156.00,-1336.00,-160.09
09:39:01.025540,-1157.00,-1336.00,-154.89
09:39:01.219779,-1155.00,-1340.00,-148.75
09:39:01.356606,-1146.00,-1356.00,-152.35
09:39:01.539698,-1135.00,-1380.00,-159.09
09:39:01.672196,-1130.00,-1398.00,-163.87
09:39:01.863903,-1123.00,-1427.00,-172.19
09:39:02.023825,-1121.00,-1450.00,-178.65
09:39:02.197898,-1121.00,-1477.00,173.66
09:39:02.358628,-1124.00,-1497.00,166.83
09:39:02.511204,-1125.00,-1508.00,168.58
09:39:02.674952,-1126.00,-1520.00,170.36
09:39:02.863006,-1128.00,-1539.00,173.81
09:39:03.022017,-1129.00,-1556.00,176.71
09:39:03.188148,-1129.00,-1579.00,179.57
09:39:03.348749,-1129.00,-1601.00,-178.49
09:39:03.532662,-1128.00,-1623.00,-176.29
09:39:03.687213,-1127.00,-1637.00,-175.67
09:39:03.860396,-1126.00,-1654.00,-175.27
09:39:04.010507,-1125.00,-1669.00,-175.30
09:39:04.200433,-1123.00,-1687.00,-175.81
09:39:04.345085,-1123.00,-1702.00,-176.64
09:39:04.530635,-1122.00,-1723.00,-177.52
09:39:04.668877,-1122.00,-1735.00,-178.28
09:39:04.858193,-1122.00,-1731.00,-178.27
09:39:05.016856,-1123.00,-1721.00,-178.76
09:39:05.206950,-1124.00,-1716.00,-166.10
09:39:05.352181,-1125.00,-1717.00,-156.76
09:39:05.540514,-1125.00,-1717.00,-142.11
09:39:05.709116,-1127.00,-1717.00,-130.01
09:39:05.853730,-1128.00,-1716.00,-119.32
09:39:06.018332,-1129.00,-1714.00,-113.52
09:39:06.207265,-1129.00,-1714.00,-107.71
09:39:06.365247,-1124.00,-1715.00,-102.38
09:39:06.531425,-1124.00,-1715.00,-91.06
09:39:06.708679,-1125.00,-1715.00,-78.45
09:39:06.867249,-1126.00,-1715.00,-67.31
09:39:07.055126,-1128.00,-1715.00,-52.88
09:39:07.204495,-1130.00,-1716.00,-42.31
09:39:07.353884,-1129.00,-1716.00,-36.72
09:39:07.535027,-1128.00,-1716.00,-32.22
09:39:07.716681,-1118.00,-1700.00,-34.97
09:39:07.849531,-1107.00,-1686.00,-39.81
09:39:08.000752,-1093.00,-1670.00,-46.21
09:39:08.192409,-1070.00,-1650.00,-54.59
09:39:08.358438,-1049.00,-1635.00,-61.96
09:39:08.526422,-1029.00,-1625.00,-68.35
09:39:08.685326,-1004.00,-1616.00,-76.26
09:39:08.863193,-979.00,-1611.00,-83.51
09:39:09.018162,-956.00,-1610.00,-89.65
09:39:09.179858,-929.00,-1611.00,-97.42
09:39:09.343914,-908.00,-1614.00,-103.73
09:39:09.541532,-879.00,-1622.00,-112.01
09:39:09.702334,-858.00,-1631.00,-118.55
09:39:09.856899,-837.00,-1645.00,-125.59
09:39:10.020675,-818.00,-1659.00,-132.05
09:39:10.178720,-797.00,-1679.00,-139.61
09:39:10.357056,-780.00,-1699.00,-146.71
09:39:10.525583,-767.00,-1720.00,-152.96
09:39:10.703984,-755.00,-1749.00,-161.55
09:39:10.859736,-750.00,-1764.00,-167.18
09:39:11.057464,-753.00,-1751.00,-167.54
09:39:11.179606,-754.00,-1743.00,-167.38
09:39:11.357431,-754.00,-1740.00,-161.36
09:39:11.531126,-754.00,-1738.00,-156.52
09:39:11.716557,-753.00,-1740.00,-151.28
09:39:11.862794,-750.00,-1746.00,-145.45
09:39:12.039499,-744.00,-1752.00,-138.84
09:39:12.209399,-746.00,-1750.00,-133.56
09:39:12.350589,-752.00,-1744.00,-131.46
09:39:12.533869,-755.00,-1742.00,-128.47
09:39:12.714243,-755.00,-1741.00,-124.37
09:39:12.858808,-752.00,-1744.00,-119.35
09:39:13.035985,-748.00,-1746.00,-113.23
09:39:13.205219,-742.00,-1748.00,-107.14
09:39:13.384188,-736.00,-1749.00,-100.56
09:39:13.507660,-734.00,-1749.00,-95.68
09:39:13.725448,-734.00,-1748.00,-83.83
09:39:13.852972,-735.00,-1747.00,-75.39
09:39:14.040661,-736.00,-1747.00,-64.86
09:39:14.224436,-737.00,-1748.00,-55.13
09:39:14.392519,-738.00,-1749.00,-44.67
09:39:14.533987,-738.00,-1749.00,-35.54
09:39:14.703598,-738.00,-1751.00,-25.12
09:39:14.869247,-738.00,-1751.00,-18.69
09:39:15.045110,-739.00,-1753.00,-13.71
09:39:15.196748,-739.00,-1751.00,-9.50
09:39:15.376530,-738.00,-1738.00,-6.84
09:39:15.503316,-738.00,-1725.00,-6.40
09:39:15.695978,-735.00,-1706.00,-9.96
09:39:15.856874,-732.00,-1689.00,-14.03
09:39:16.024767,-728.00,-1674.00,-17.38
09:39:16.204993,-720.00,-1654.00,-21.81
09:39:16.373512,-713.00,-1639.00,-25.06
09:39:16.510164,-705.00,-1626.00,-28.04
09:39:16.701789,-695.00,-1608.00,-32.16
09:39:16.855109,-684.00,-1592.00,-35.94
09:39:17.031606,-671.00,-1575.00,-39.86
09:39:17.185472,-660.00,-1562.00,-43.13
09:39:17.405915,-642.00,-1544.00,-47.73
09:39:17.552865,-631.00,-1534.00,-50.52
09:39:17.714907,-616.00,-1522.00,-54.29
09:39:17.892460,-599.00,-1511.00,-58.03
09:39:18.050913,-585.00,-1503.00,-61.13
09:39:18.225490,-568.00,-1495.00,-64.86
09:39:18.354547,-553.00,-1487.00,-68.24
09:39:18.493767,-540.00,-1482.00,-71.13
09:39:18.697748,-520.00,-1475.00,-75.25
09:39:18.854458,-505.00,-1470.00,-78.62
09:39:19.022989,-488.00,-1466.00,-82.35
09:39:19.186414,-468.00,-1463.00,-86.14
09:39:19.355288,-449.00,-1463.00,-89.67
09:39:19.530179,-429.00,-1462.00,-93.64
09:39:19.700778,-411.00,-1463.00,-96.82
09:39:19.857486,-393.00,-1465.00,-98.33
09:39:20.058116,-373.00,-1469.00,-98.44
09:39:20.190925,-360.00,-1471.00,-98.71
09:39:20.385994,-360.00,-1474.00,-98.53
09:39:20.517838,-336.00,-1375.00,-96.77
09:39:20.726843,-381.00,-1453.00,-96.94
09:39:20.897711,-379.00,-1467.00,-93.88
09:39:21.036082,-379.00,-1470.00,-84.58
09:39:21.149881,-380.00,-1470.00,-77.44
09:39:21.396405,-378.00,-1471.00,-58.60
09:39:21.574334,-378.00,-1472.00,-47.35
09:39:21.743635,-376.00,-1474.00,-37.69
09:39:21.936115,-374.00,-1475.00,-32.29
09:39:22.076640,-372.00,-1476.00,-29.24
09:39:22.219063,-370.00,-1472.00,-24.99
09:39:22.363653,-366.00,-1464.00,-23.36
09:39:22.545143,-359.00,-1449.00,-26.74
09:39:22.683120,-352.00,-1436.00,-30.41
09:39:22.890132,-356.00,-1443.00,-31.01
09:39:23.040028,-360.00,-1451.00,-31.26
09:39:23.233626,-361.00,-1455.00,-25.84
09:39:23.352587,-361.00,-1455.00,-22.69
09:39:23.543292,-362.00,-1456.00,-17.05
09:39:23.702546,-360.00,-1451.00,-11.68
09:39:23.915633,-359.00,-1445.00,-3.70
09:39:24.068100,-358.00,-1439.00,2.21
09:39:24.264601,-360.00,-1431.00,8.95
09:39:24.391505,-362.00,-1427.00,10.42
09:39:24.572263,-364.00,-1416.00,10.33
09:39:24.707428,-367.00,-1404.00,9.69
09:39:24.891253,-370.00,-1384.00,8.65
09:39:25.044349,-372.00,-1366.00,7.80
09:39:25.226244,-375.00,-1342.00,7.37
09:39:25.376682,-377.00,-1319.00,7.22
09:39:25.513427,-380.00,-1292.00,7.33
09:39:25.673349,-383.00,-1264.00,7.42
09:39:25.862715,-389.00,-1224.00,7.53
09:39:26.009591,-394.00,-1190.00,7.57
09:39:26.185014,-400.00,-1148.00,8.23
09:39:26.363554,-406.00,-1107.00,8.66
09:39:26.511516,-409.00,-1089.00,10.17
09:39:26.696718,-413.00,-1071.00,10.57
09:39:26.861891,-418.00,-1050.00,11.21
09:39:27.026968,-422.00,-1028.00,7.02
09:39:27.196218,-425.00,-1006.00,6.87
09:39:27.342000,-426.00,-991.00,361.78
09:39:27.602352,-425.00,-965.00,-6.14
09:39:27.708238,-424.00,-953.00,-10.15
09:39:27.872267,-422.00,-947.00,-12.51
09:39:28.025988,-424.00,-956.00,-12.60
09:39:28.196823,-425.00,-965.00,-12.16
09:39:28.368075,-425.00,-967.00,-5.69
09:39:28.511847,-425.00,-967.00,-1.59
09:39:28.737051,-427.00,-960.00,-356.26
09:39:28.876096,-427.00,-951.00,2.07
09:39:29.028975,-427.00,-950.00,1.07
09:39:29.183574,-427.00,-963.00,0.03
09:39:29.394465,-427.00,-966.00,-354.76
09:39:29.557691,-427.00,-967.00,10.17
09:39:29.692351,-427.00,-967.00,13.88
09:39:29.918596,-430.00,-960.00,20.52
09:39:30.040105,-432.00,-955.00,19.68
09:39:30.246731,-428.00,-969.00,19.28
09:39:30.376788,-426.00,-973.00,20.31
09:39:30.549299,-425.00,-976.00,26.48
09:39:30.721221,-425.00,-977.00,31.21
09:39:30.912228,-427.00,-975.00,37.69
09:39:31.081535,-430.00,-972.00,42.77
09:39:31.218158,-433.00,-968.00,47.06
09:39:31.370273,-437.00,-965.00,52.53
09:39:31.555831,-443.00,-960.00,59.47
09:39:31.691768,-452.00,-955.00,62.19
09:39:31.874562,-469.00,-944.00,57.79
09:39:32.037470,-491.00,-928.00,50.09
09:39:32.209731,-510.00,-912.00,43.60
09:39:32.347430,-523.00,-898.00,38.13
09:39:32.551841,-540.00,-873.00,30.28
09:39:32.672438,-549.00,-857.00,25.34
09:39:32.855271,-559.00,-830.00,17.31
09:39:33.014922,-565.00,-806.00,10.98
09:39:33.204402,-569.00,-776.00,2.64
09:39:33.357751,-569.00,-753.00,-3.58
09:39:33.521802,-567.00,-731.00,-9.70
09:39:33.697166,-561.00,-707.00,-16.71
09:39:33.856516,-561.00,-705.00,-18.66
09:39:34.019899,-565.00,-715.00,-19.87
09:39:34.211287,-567.00,-720.00,-15.86
09:39:34.377758,-568.00,-722.00,-10.93
09:39:34.553915,-568.00,-723.00,-6.09
09:39:34.705948,-569.00,-719.00,-0.34
09:39:34.858007,-569.00,-708.00,0.21
09:39:35.029294,-569.00,-694.00,-2.73
09:39:35.184800,-570.00,-705.00,-2.83
09:39:35.371212,-572.00,-713.00,-2.23
09:39:35.507026,-572.00,-715.00,2.92
09:39:35.691469,-573.00,-716.00,7.72
09:39:35.885293,-575.00,-714.00,13.95
09:39:36.041111,-578.00,-705.00,17.91
09:39:36.195674,-583.00,-691.00,15.73
09:39:36.358887,-585.00,-681.00,11.91
09:39:36.503190,-584.00,-688.00,12.24
09:39:36.702602,-582.00,-700.00,12.28
09:39:36.844871,-582.00,-703.00,18.58
09:39:37.033004,-582.00,-703.00,24.18
09:39:37.203421,-583.00,-701.00,27.72
09:39:37.370651,-587.00,-694.00,32.97
09:39:37.534654,-599.00,-675.00,29.33
09:39:37.691644,-609.00,-656.00,24.09
09:39:37.826979,-615.00,-639.00,18.98
09:39:38.041344,-625.00,-605.00,9.54
09:39:38.233927,-628.00,-576.00,361.13
09:39:38.356562,-628.00,-559.00,-3.94
09:39:38.519543,-627.00,-537.00,-10.66
09:39:38.710501,-621.00,-509.00,-19.02
09:39:38.841048,-615.00,-492.00,-24.84
09:39:39.026311,-605.00,-470.00,-31.95
09:39:39.196790,-596.00,-455.00,-39.28
09:39:39.365339,-605.00,-465.00,-38.85
09:39:39.530844,-612.00,-472.00,-36.30
09:39:39.712905,-615.00,-475.00,-33.70
09:39:39.844539,-617.00,-475.00,-31.45
09:39:40.033910,-615.00,-470.00,-25.31
09:39:40.225077,-611.00,-459.00,-20.53
09:39:40.357487,-605.00,-441.00,-24.26
09:39:40.536420,-593.00,-417.00,-30.97
09:39:40.720515,-579.00,-396.00,-37.40
09:39:40.854418,-565.00,-379.00,-43.51
09:39:41.039080,-545.00,-360.00,-50.88
09:39:41.200517,-527.00,-347.00,-56.75
09:39:41.372776,-505.00,-335.00,-63.86
09:39:41.532621,-479.00,-325.00,-72.05
09:39:41.729540,-456.00,-319.00,-79.42
09:39:41.880625,-446.00,-318.00,-80.41
09:39:42.054783,-433.00,-317.00,-78.03
09:39:42.189468,-419.00,-314.00,-76.23
09:39:42.378127,-402.00,-311.00,-76.59
09:39:42.552130,-376.00,-306.00,-82.06
09:39:42.697927,-353.00,-304.00,-88.08
09:39:42.882670,-324.00,-305.00,-96.27
09:39:43.021147,-327.00,-305.00,-97.53
09:39:43.168629,-339.00,-304.00,-96.86
09:39:43.378561,-346.00,-304.00,-95.49
09:39:43.519625,-348.00,-304.00,-92.55
09:39:43.705682,-348.00,-304.00,-88.04
09:39:43.876736,-334.00,-303.00,-87.27
09:39:44.051721,-310.00,-303.00,-93.35
09:39:44.200093,-298.00,-304.00,-98.96
09:39:44.378777,-309.00,-304.00,-97.28
09:39:44.543968,-319.00,-303.00,-94.12
09:39:44.705215,-322.00,-303.00,-90.24
09:39:44.884431,-323.00,-304.00,-85.29
09:39:45.087906,-322.00,-303.00,-79.10
09:39:45.240523,-312.00,-301.00,-75.13
09:39:45.390868,-291.00,-297.00,-79.97
09:39:45.530877,-269.00,-294.00,-85.51
09:39:45.699096,-247.00,-294.00,-91.72
09:39:45.867447,-221.00,-297.00,-98.95
09:39:46.040669,-195.00,-304.00,-106.06
09:39:46.259452,-163.00,-317.00,-115.62
09:39:46.370656,-149.00,-326.00,-120.98
09:39:46.549474,-127.00,-342.00,-127.38
09:39:46.749281,-105.00,-362.00,-134.87
09:39:46.911785,-88.00,-382.00,-141.60
09:39:47.014293,-79.00,-395.00,-145.86
09:39:47.218959,-63.00,-422.00,-154.67
09:39:47.350544,-55.00,-441.00,-160.41
09:39:47.528234,-47.00,-466.00,-167.56
09:39:47.690932,-43.00,-493.00,-175.33
09:39:47.872862,-41.00,-519.00,-182.86
09:39:48.009593,-42.00,-542.00,170.86
09:39:48.188719,-47.00,-569.00,163.18
09:39:48.368983,-56.00,-593.00,156.13
09:39:48.520005,-60.00,-602.00,152.55
09:39:48.681962,-55.00,-593.00,152.05
09:39:48.881268,-50.00,-584.00,154.39
09:39:49.006525,-49.00,-582.00,158.41
09:39:49.207198,-49.00,-581.00,163.74
09:39:49.356295,-49.00,-583.00,168.27
09:39:49.555711,-49.00,-596.00,173.89
09:39:49.684259,-49.00,-608.00,171.26
09:39:49.875545,-48.00,-606.00,170.38
09:39:50.022774,-45.00,-595.00,169.26
09:39:50.201105,-44.00,-592.00,174.34
09:39:50.353350,-43.00,-591.00,178.55
09:39:50.542973,-42.00,-592.00,-175.52
09:39:50.711540,-41.00,-598.00,-169.27
09:39:50.861440,-41.00,-603.00,-164.02
09:39:51.035327,-35.00,-622.00,-163.50
09:39:51.214495,-30.00,-645.00,-169.08
09:39:51.342178,-27.00,-664.00,-174.42
09:39:51.549926,-26.00,-695.00,-182.91
09:39:51.686650,-28.00,-716.00,170.74
09:39:51.877789,-27.00,-709.00,169.96
09:39:52.030660,-25.00,-699.00,171.63
09:39:52.183938,-25.00,-694.00,175.37
09:39:52.390287,-24.00,-692.00,180.44
09:39:52.541201,-25.00,-692.00,-175.49
09:39:52.721061,-24.00,-696.00,-169.65
09:39:52.882117,-21.00,-709.00,-169.25
09:39:53.016424,-19.00,-719.00,-172.10
09:39:53.204324,-17.00,-737.00,-177.11
09:39:53.371281,-17.00,-755.00,178.31
09:39:53.530637,-16.00,-745.00,178.07
09:39:53.695209,-16.00,-738.00,178.20
09:39:53.855768,-16.00,-735.00,-176.92
09:39:54.042871,-16.00,-734.00,-171.45
09:39:54.181303,-15.00,-735.00,-166.89
09:39:54.357861,-13.00,-743.00,-161.18
09:39:54.545204,-9.00,-757.00,-164.31
09:39:54.719974,-12.00,-746.00,-164.26
09:39:54.853083,-14.00,-739.00,-164.37
09:39:55.063251,-15.00,-735.00,-157.30
09:39:55.172917,-15.00,-735.00,-154.72
09:39:55.370098,-15.00,-737.00,-148.88
09:39:55.532215,-12.00,-742.00,-141.94
09:39:55.726305,-8.00,-748.00,-135.69
09:39:55.920172,8.00,-766.00,-137.76
09:39:56.060668,22.00,-782.00,-142.25
09:39:56.177114,30.00,-793.00,-145.78
09:39:56.363390,43.00,-818.00,-155.23
09:39:56.579839,49.00,-825.00,-164.21
09:39:56.740972,49.00,-827.00,-167.42
09:39:56.894623,50.00,-837.00,-170.77
09:39:57.074815,55.00,-858.00,-175.03
09:39:57.260102,58.00,-868.00,-179.53
09:39:57.405076,66.00,-861.00,-180.29
09:39:57.558220,67.00,-865.00,180.13
09:39:57.768746,68.00,-870.00,-178.47
09:39:57.909631,70.00,-871.00,-175.21
09:39:58.107051,65.00,-865.00,-170.64
09:39:58.264341,62.00,-865.00,-165.45
09:39:58.419975,63.00,-870.00,-160.23
09:39:58.601213,66.00,-877.00,-156.34
09:39:58.771571,70.00,-887.00,-157.27
09:39:58.896704,74.00,-898.00,-159.23
09:39:59.073628,80.00,-913.00,-161.05
09:39:59.286501,88.00,-939.00,-165.52
09:39:59.401768,92.00,-953.00,-168.39
09:39:59.500888,95.00,-968.00,-171.04
09:39:59.689838,100.00,-1002.00,-174.09
09:39:59.882346,104.00,-1039.00,-174.12
09:40:00.044495,108.00,-1069.00,-174.05
09:40:00.208345,113.00,-1106.00,-171.65
09:40:00.390614,120.00,-1148.00,-171.33
09:40:00.531725,126.00,-1184.00,-171.10
09:40:00.679260,131.00,-1215.00,-169.62
09:40:00.856174,139.00,-1259.00,-170.26
09:40:01.021001,145.00,-1302.00,-174.21
09:40:01.204982,150.00,-1347.00,-174.42
09:40:01.373613,153.00,-1383.00,-177.62
09:40:01.546312,153.00,-1411.00,173.03
09:40:01.684725,149.00,-1434.00,165.42
09:40:01.902271,140.00,-1464.00,156.63
09:40:02.044512,130.00,-1485.00,150.82
09:40:02.262764,112.00,-1513.00,141.25
09:40:02.400080,99.00,-1528.00,135.16
09:40:02.602649,76.00,-1550.00,127.74
09:40:02.713557,61.00,-1561.00,123.73
09:40:02.865967,42.00,-1574.00,118.78
09:40:03.013916,23.00,-1585.00,113.27
09:40:03.239605,7.00,-1592.00,109.17
09:40:03.342272,0.00,-1595.00,106.90
09:40:03.595434,-24.00,-1603.00,102.25
09:40:03.735146,-35.00,-1607.00,98.72
09:40:03.895663,-46.00,-1609.00,96.33
09:40:04.050212,-59.00,-1612.00,93.99
09:40:04.242599,-86.00,-1614.00,88.25
09:40:04.410758,-112.00,-1613.00,82.84
09:40:04.564674,-111.00,-1614.00,80.35
09:40:04.786150,-95.00,-1617.00,82.11
09:40:04.905196,-92.00,-1618.00,84.48
09:40:05.052525,-90.00,-1619.00,89.74
09:40:05.275925,-90.00,-1619.00,94.01
09:40:05.421921,-91.00,-1619.00,98.45
09:40:05.592880,-105.00,-1622.00,102.28
09:40:05.714984,-120.00,-1625.00,99.42
09:40:05.927093,-149.00,-1629.00,92.98
09:40:06.073768,-173.00,-1629.00,86.87
09:40:06.220764,-208.00,-1622.00,79.85
09:40:06.412118,-283.00,-1609.00,67.99
09:40:06.591975,-305.00,-1597.00,62.32
09:40:06.753994,-321.00,-1587.00,56.74
09:40:06.922102,-338.00,-1571.00,50.10
09:40:07.068053,-354.00,-1556.00,43.99
09:40:07.204486,-366.00,-1543.00,38.65
09:40:07.404201,-383.00,-1518.00,31.23
09:40:07.580726,-393.00,-1496.00,24.66
09:40:07.775336,-401.00,-1468.00,16.51
09:40:07.840765,-402.00,-1458.00,12.95
09:40:08.034979,-403.00,-1435.00,7.00
09:40:08.165743,-402.00,-1422.00,3.08
09:40:08.350749,-401.00,-1407.00,-2.42
09:40:08.514885,-399.00,-1396.00,-3.30
09:40:08.695641,-397.00,-1382.00,-3.54
09:40:08.844116,-396.00,-1367.00,-2.53
09:40:09.014859,-395.00,-1347.00,-0.22
09:40:09.216444,-395.00,-1320.00,3.26
09:40:09.347141,-397.00,-1300.00,5.74
09:40:15.212235,-389.00,-1753.00,178.62
09:40:15.396085,-389.00,-1750.00,185.22
09:40:15.523119,-389.00,-1750.00,-166.10
09:40:15.713825,-389.00,-1749.00,-151.10
09:40:15.877620,-389.00,-1749.00,-140.02
09:40:16.042085,-390.00,-1751.00,-127.74
09:40:16.197062,-390.00,-1751.00,-118.86
09:40:16.373270,-391.00,-1750.00,-114.09
09:40:16.548640,-389.00,-1750.00,-108.84
09:40:16.714103,-384.00,-1751.00,-102.85
09:40:16.877514,-379.00,-1752.00,-99.57
09:40:17.054770,-370.00,-1754.00,-96.34
09:40:17.225543,-357.00,-1755.00,-93.35
09:40:17.349076,-345.00,-1756.00,-91.37
09:40:17.549883,-355.00,-1758.00,-89.45
09:40:17.711823,-355.00,-1751.00,-89.00
09:40:17.885668,-322.00,-1752.00,-89.79
09:40:18.061620,-300.00,-1752.00,-89.21
09:40:18.210474,-391.00,-1742.00,-88.53
09:40:18.383443,-275.00,-1755.00,-89.17
09:40:18.539499,-187.00,-1767.00,-88.25
09:40:18.723753,-143.00,-1765.00,-90.07
09:40:18.895294,-95.00,-1765.00,-92.37
09:40:19.049908,-87.00,-1764.00,-95.65
09:40:19.218183,-98.00,-1762.00,-96.01
09:40:19.386755,-101.00,-1760.00,-93.92
09:40:19.564935,-99.00,-1759.00,-89.96
09:40:19.732952,-93.00,-1760.00,-85.40
09:40:19.905306,-88.00,-1759.00,-80.23
09:40:20.081650,-82.00,-1759.00,-75.50
09:40:20.212790,-64.00,-1756.00,-78.61
09:40:20.385110,-36.00,-1752.00,-83.48
09:40:20.548918,-39.00,-1754.00,-88.79
09:40:20.728086,-14.00,-1754.00,-95.57
09:40:20.880198,0.00,-1753.00,-93.45
09:40:21.055280,19.00,-1756.00,-91.91
09:40:21.217067,39.00,-1755.00,-88.32
09:40:21.377223,59.00,-1754.00,-87.88
09:40:21.531980,86.00,-1753.00,-89.40
09:40:21.719683,114.00,-1753.00,-89.74
09:40:21.882498,148.00,-1751.00,-88.76
09:40:22.032277,179.00,-1749.00,-88.57
09:40:22.195940,211.00,-1747.00,-88.84
09:40:22.411607,257.00,-1746.00,-89.74
09:40:22.522848,271.00,-1745.00,-90.23
09:40:22.693140,292.00,-1745.00,-89.64
09:40:22.875988,311.00,-1744.00,-90.18
09:40:23.069952,333.00,-1742.00,-89.97
09:40:23.228471,350.00,-1742.00,-89.93
09:40:23.399261,371.00,-1742.00,-89.42
09:40:23.542032,388.00,-1741.00,-89.46
09:40:23.690418,405.00,-1741.00,-90.05
09:40:23.874287,423.00,-1742.00,-90.67
09:40:24.052974,440.00,-1742.00,-90.34
09:40:24.221783,425.00,-1743.00,-90.06
09:40:24.388447,418.00,-1744.00,-85.79
09:40:24.560648,417.00,-1743.00,-75.75
09:40:24.663578,417.00,-1744.00,-71.12
09:40:24.876811,419.00,-1744.00,-65.53
09:40:25.046196,420.00,-1744.00,-56.04
09:40:25.212818,421.00,-1743.00,-43.66
09:40:25.410779,421.00,-1743.00,-29.68
09:40:25.544255,422.00,-1740.00,-22.27
09:40:25.743482,425.00,-1730.00,-17.27
09:40:25.845153,428.00,-1723.00,-14.88
09:40:26.056188,430.00,-1710.00,-11.58
09:40:26.225821,427.00,-1724.00,-8.04
09:40:26.362730,426.00,-1732.00,-7.03
09:40:26.562206,425.00,-1736.00,-4.54
09:40:26.713838,425.00,-1737.00,-1.08
09:40:26.899418,424.00,-1733.00,-356.25
09:40:27.022517,423.00,-1731.00,7.79
09:40:27.193318,423.00,-1730.00,12.53
09:40:27.356449,422.00,-1723.00,14.00
09:40:27.545933,419.00,-1708.00,14.48
09:40:27.701763,417.00,-1693.00,13.57
09:40:27.876266,412.00,-1674.00,10.80
09:40:28.033109,410.00,-1650.00,7.09
09:40:28.201752,407.00,-1628.00,3.60
09:40:28.385109,405.00,-1596.00,-0.93
09:40:28.518103,406.00,-1574.00,-3.70
09:40:28.689967,408.00,-1539.00,-5.92
09:40:28.892500,415.00,-1495.00,-8.09
09:40:29.069351,421.00,-1454.00,-9.94
09:40:29.199983,425.00,-1421.00,-11.33
09:40:29.391235,427.00,-1403.00,-12.24
09:40:29.531505,424.00,-1413.00,-9.61
09:40:29.711767,421.00,-1421.00,-7.78
09:40:29.882551,423.00,-1419.00,-5.19
09:40:30.044495,423.00,-1417.00,-1.25
09:40:30.205538,424.00,-1413.00,2.67
09:40:30.399552,423.00,-1407.00,11.39
09:40:30.557971,420.00,-1397.00,14.53
09:40:30.700739,417.00,-1378.00,10.61
09:40:30.860029,414.00,-1353.00,4.31
09:40:31.044332,414.00,-1334.00,-1.44
09:40:31.194895,413.00,-1323.00,-0.39
09:40:31.378543,414.00,-1308.00,-0.08
09:40:31.540495,414.00,-1289.00,-0.12
09:40:31.699663,415.00,-1270.00,-0.49
09:40:31.840229,415.00,-1248.00,-1.46
09:40:32.029325,415.00,-1221.00,-2.24
09:40:32.215310,415.00,-1189.00,-4.03
09:40:32.406955,416.00,-1156.00,-2.75
09:40:32.528535,416.00,-1131.00,-1.07
09:40:32.720229,416.00,-1086.00,-0.03
09:40:32.845955,416.00,-1052.00,0.81
09:40:33.073832,416.00,-994.00,1.93
09:40:33.230847,412.00,-952.00,9.41
09:40:33.407898,407.00,-853.00,12.54
09:40:33.535841,401.00,-823.00,13.82
09:40:33.687234,393.00,-787.00,12.82
09:40:33.857529,385.00,-750.00,10.57
09:40:34.031528,314.00,-748.00,9.41
09:40:34.194664,307.00,-721.00,361.81
09:40:34.368216,307.00,-696.00,-6.55
09:40:34.538611,364.00,-647.00,-9.55
09:40:34.709316,368.00,-636.00,-9.04
09:40:34.836413,316.00,-658.00,-8.55
09:40:35.036916,325.00,-636.00,-6.38
09:40:35.186326,332.00,-616.00,-4.35
09:40:35.359635,338.00,-591.00,-2.17
09:40:35.520753,343.00,-567.00,-0.59
09:40:35.697127,347.00,-535.00,0.42
09:40:35.847136,349.00,-506.00,1.09
09:40:36.020880,351.00,-471.00,1.10
09:40:36.188073,352.00,-430.00,0.66
09:40:36.366921,354.00,-389.00,0.22
09:40:36.503865,356.00,-356.00,0.05
09:40:36.696336,358.00,-327.00,-0.11
09:40:36.838256,359.00,-311.00,-0.99
09:40:37.050879,361.00,-291.00,-1.46
09:40:37.173796,361.00,-278.00,-1.11
09:40:37.367209,362.00,-258.00,-0.53
09:40:37.501845,362.00,-245.00,-0.07
09:40:37.693974,363.00,-224.00,0.48
09:40:37.855224,363.00,-209.00,1.04
09:40:38.015933,363.00,-191.00,1.37
09:40:38.178174,364.00,-176.00,1.54
09:40:38.364055,364.00,-182.00,1.94
09:40:38.524144,366.00,-192.00,-356.60
09:40:38.679620,367.00,-196.00,13.72
09:40:38.854440,370.00,-198.00,21.68
09:40:39.036126,370.00,-197.00,27.30
09:40:39.197901,372.00,-199.00,36.53
09:40:39.377070,374.00,-199.00,47.70
09:40:39.503002,379.00,-199.00,56.14
09:40:39.707800,382.00,-198.00,70.70
09:40:39.866922,382.00,-196.00,83.25
09:40:40.028873,377.00,-198.00,85.83
09:40:40.208415,368.00,-199.00,88.83
09:40:40.378084,356.00,-202.00,91.34
09:40:40.492964,343.00,-204.00,92.87
09:40:40.672030,322.00,-207.00,93.84
09:40:40.827950,301.00,-207.00,95.39
09:40:41.017572,272.00,-209.00,90.04
09:40:41.194067,242.00,-207.00,86.05
09:40:41.373652,214.00,-205.00,85.25
09:40:41.538095,187.00,-199.00,77.77
09:40:41.686116,166.00,-192.00,70.43
09:40:41.851704,147.00,-182.00,64.19
09:40:42.015733,125.00,-170.00,56.68
09:40:42.202131,116.00,-163.00,50.20
09:40:42.347108,126.00,-170.00,51.41
09:40:42.529228,135.00,-176.00,53.85
09:40:42.719352,139.00,-179.00,59.52
09:40:42.855923,140.00,-179.00,62.95
09:40:43.035989,138.00,-178.00,68.81
09:40:43.206163,132.00,-176.00,74.33
09:40:43.375597,125.00,-174.00,80.94
09:40:43.528892,110.00,-171.00,82.31
09:40:43.713832,81.00,-166.00,75.53
09:40:43.860980,60.00,-158.00,69.13
09:40:44.026933,39.00,-150.00,62.33
09:40:44.199283,17.00,-136.00,54.80
09:40:44.352280,1.00,-122.00,47.91
09:40:44.525154,-16.00,-102.00,40.45
09:40:44.703737,-34.00,-79.00,34.57
09:40:44.896595,-50.00,-53.00,25.90
09:40:45.047138,-60.00,-31.00,19.68
09:40:45.236663,-68.00,0.00,11.74
09:40:45.382896,-73.00,18.00,6.49
09:40:45.574229,-74.00,50.00,358.91
09:40:45.710498,-74.00,61.00,-3.40
09:40:45.917511,-74.00,50.00,-4.74
09:40:46.065765,-75.00,45.00,-1.96
09:40:46.207909,-74.00,45.00,-353.93
09:40:46.389104,-75.00,44.00,14.35
09:40:46.577476,-76.00,44.00,19.78
09:40:46.741160,-77.00,45.00,29.82
09:40:46.901868,-77.00,44.00,39.51
09:40:47.025810,-77.00,44.00,49.50
09:40:47.249917,-76.00,43.00,65.11
09:40:47.356000,-75.00,42.00,72.83
09:40:47.570833,-81.00,41.00,83.67
09:40:47.725257,-90.00,40.00,86.19
09:40:47.894742,-104.00,39.00,89.91
09:40:48.031046,-115.00,37.00,92.69
09:40:48.222535,-136.00,33.00,96.71
09:40:48.351862,-152.00,29.00,99.97
09:40:48.542508,-184.00,22.00,99.61
09:40:48.681288,-204.00,19.00,97.79
09:40:48.862589,-239.00,15.00,93.83
09:40:49.029964,-269.00,14.00,91.06
09:40:49.202637,-309.00,15.00,89.21
09:40:49.391336,-356.00,17.00,88.20
09:40:49.503832,-381.00,19.00,87.86
09:40:49.691521,-430.00,21.00,88.98
09:40:49.854476,-467.00,22.00,90.59
09:40:50.023291,-511.00,23.00,92.09
09:40:50.217067,-562.00,21.00,93.74
09:40:50.386103,-608.00,17.00,93.71
09:40:50.546327,-647.00,15.00,93.06
09:40:50.707175,-685.00,14.00,92.05
09:40:50.881335,-728.00,12.00,90.85
09:40:51.023881,-767.00,11.00,89.88
09:40:51.201655,-813.00,11.00,89.42
09:40:51.377002,-857.00,11.00,89.93
09:40:51.532305,-895.00,10.00,91.50
09:40:51.684167,-934.00,8.00,93.08
09:40:51.879771,-984.00,6.00,91.68
09:40:52.010282,-1023.00,4.00,90.93
09:40:52.195945,-1066.00,3.00,91.00
09:40:52.374310,-1087.00,1.00,92.52
09:40:52.541764,-1105.00,0.00,92.00
09:40:52.678735,-1118.00,-1.00,91.44
09:40:52.858050,-1137.00,-3.00,91.13
09:40:53.039552,-1159.00,-4.00,91.05
09:40:53.207665,-1175.00,-5.00,91.16
09:40:53.346261,-1191.00,-5.00,90.91
09:40:53.535446,-1213.00,-6.00,91.73
09:40:53.706527,-1228.00,-7.00,92.06
09:40:53.855456,-1221.00,-9.00,92.11
09:40:54.028211,-1210.00,-8.00,93.32
09:40:54.206511,-1208.00,-8.00,104.59
09:40:54.360226,-1207.00,-7.00,111.75
09:40:54.534057,-1208.00,-6.00,116.10
09:40:54.695539,-1208.00,-6.00,125.12
09:40:54.907653,-1210.00,-5.00,139.58
09:40:55.012130,-1211.00,-4.00,149.62
09:40:55.214255,-1210.00,-3.00,162.97
09:40:55.367172,-1207.00,-1.00,173.44
09:40:55.542410,-1205.00,-5.00,175.60
09:40:55.725852,-1205.00,-14.00,178.78
09:40:55.891408,-1202.00,-28.00,181.68
09:40:56.002125,-1200.00,-37.00,-176.35
09:40:56.209197,-1196.00,-62.00,-171.43
09:40:56.345757,-1193.00,-78.00,-168.80
09:40:56.548902,-1187.00,-108.00,-169.78
09:40:56.716333,-1182.00,-136.00,-173.40
09:40:56.864018,-1179.00,-165.00,-176.36
09:40:57.019268,-1176.00,-195.00,-177.54
09:40:57.188238,-1174.00,-234.00,-178.35
09:40:57.364761,-1173.00,-275.00,-181.33
09:40:57.550225,-1175.00,-320.00,177.75
09:40:57.708904,-1176.00,-358.00,179.76
09:40:57.841298,-1176.00,-396.00,-178.45
09:40:58.023773,-1174.00,-439.00,-179.02
09:40:58.224418,-1175.00,-484.00,180.38
09:40:58.369990,-1174.00,-522.00,-178.11
09:40:58.524132,-1172.00,-560.00,-177.58
09:40:58.699604,-1172.00,-607.00,-180.83
09:40:58.888880,-1174.00,-657.00,180.79
09:40:59.031692,-1175.00,-689.00,-177.70
09:40:59.208269,-1174.00,-736.00,-179.54
09:40:59.391829,-1177.00,-789.00,179.75
09:40:59.527781,-1178.00,-820.00,-179.58
09:40:59.695150,-1178.00,-868.00,-177.08
09:40:59.851719,-1177.00,-909.00,-181.09
09:41:00.028023,-1179.00,-953.00,179.06
09:41:00.184078,-1181.00,-992.00,-179.62
09:41:00.365833,-1181.00,-1044.00,-178.24
09:41:00.520601,-1181.00,-1083.00,-178.39
09:41:00.668155,-1182.00,-1124.00,178.77
09:41:00.863729,-1183.00,-1176.00,180.32
09:41:01.004550,-1184.00,-1209.00,-178.60
09:41:01.189484,-1184.00,-1217.00,-178.08
09:41:01.344341,-1184.00,-1219.00,-178.19
09:41:01.536159,-1184.00,-1220.00,-178.18
09:41:01.671594,-1185.00,-1222.00,-178.17
09:42:52.035020,-467.00,-1745.00,178.00
09:42:52.217497,-467.00,-1744.00,182.93
09:42:52.372658,-467.00,-1745.00,-167.91
09:42:52.550637,-467.00,-1744.00,-162.59
09:42:52.712541,-467.00,-1745.00,-158.18
09:42:52.865567,-467.00,-1746.00,-149.17
09:42:53.037842,-463.00,-1755.00,-147.51
09:42:53.217713,-472.00,-1743.00,-147.88
09:42:53.359309,-474.00,-1741.00,-145.67
09:42:53.549880,-475.00,-1740.00,-139.02
09:42:53.694348,-476.00,-1741.00,-134.78
09:42:53.891492,-472.00,-1744.00,-127.60
09:42:54.029706,-469.00,-1746.00,-123.54
09:42:54.211869,-464.00,-1749.00,-117.00
09:42:54.359658,-460.00,-1750.00,-111.65
09:42:54.547755,-454.00,-1752.00,-104.44
09:42:54.693302,-449.00,-1754.00,-98.99
09:42:54.887200,-443.00,-1754.00,-93.98
09:42:55.010900,-436.00,-1755.00,-94.00
09:42:55.207598,-420.00,-1757.00,-98.66
09:42:55.364650,-409.00,-1759.00,-102.12
09:42:55.547547,-426.00,-1754.00,-105.18
09:42:55.702292,-433.00,-1752.00,-104.12
09:42:55.844002,-436.00,-1752.00,-99.74
09:42:56.044968,-433.00,-1752.00,-94.72
09:42:56.190208,-430.00,-1753.00,-90.75
09:42:56.396193,-423.00,-1753.00,-84.33
09:42:56.561511,-409.00,-1753.00,-87.25
09:42:56.736321,-392.00,-1753.00,-92.15
09:42:56.863309,-383.00,-1754.00,-90.94
09:42:57.067008,-369.00,-1755.00,-90.38
09:42:57.144788,-360.00,-1755.00,-89.89
09:42:57.324962,-343.00,-1755.00,-89.07
09:42:57.546061,-357.00,-1754.00,-88.27
09:42:57.716617,-336.00,-1750.00,-88.35
09:42:57.864136,-310.00,-1754.00,-88.97
09:42:58.052441,-394.00,-1760.00,-86.66
09:42:58.211129,-275.00,-1759.00,-86.69
09:42:58.365391,-239.00,-1758.00,-87.04
09:42:58.528970,-195.00,-1756.00,-89.43
09:42:58.713260,-146.00,-1756.00,-90.13
09:42:58.873852,-98.00,-1756.00,-87.95
09:42:59.023169,-56.00,-1755.00,-87.36
09:42:59.227037,0.00,-1752.00,-88.39
09:42:59.364871,36.00,-1751.00,-88.96
09:42:59.563915,90.00,-1751.00,-89.88
09:42:59.695148,133.00,-1750.00,-89.97
09:42:59.894846,187.00,-1749.00,-89.04
09:43:00.056568,225.00,-1748.00,-89.28
09:43:00.210541,247.00,-1748.00,-89.74
09:43:00.368026,267.00,-1745.00,-90.30
09:43:00.563340,288.00,-1745.00,-90.54
09:43:00.722749,308.00,-1745.00,-90.52
09:43:00.897440,330.00,-1745.00,-90.07
09:43:01.035388,343.00,-1745.00,-89.69
09:43:01.230072,366.00,-1745.00,-89.95
09:43:01.381199,383.00,-1745.00,-90.28
09:43:01.539424,400.00,-1746.00,-90.37
09:43:01.702889,402.00,-1745.00,-90.55
09:43:01.873180,392.00,-1745.00,-90.00
09:43:02.057715,389.00,-1746.00,-81.12
09:43:02.208825,389.00,-1746.00,-73.08
09:43:02.377401,393.00,-1745.00,-67.42
09:43:02.549991,397.00,-1745.00,-60.28
09:43:02.728719,399.00,-1746.00,-48.95
09:43:02.868341,401.00,-1746.00,-37.59
09:43:03.052762,401.00,-1745.00,-25.59
09:43:03.212253,403.00,-1740.00,-22.06
09:43:03.395964,407.00,-1729.00,-20.87
09:43:03.553320,404.00,-1734.00,-22.44
09:43:03.720618,398.00,-1746.00,-22.52
09:43:03.883215,396.00,-1750.00,-20.46
09:43:04.053668,396.00,-1751.00,-17.26
09:43:04.228576,397.00,-1749.00,-13.59
09:43:04.386603,398.00,-1746.00,-7.37
09:43:04.572860,400.00,-1738.00,0.87
09:43:04.671923,400.00,-1735.00,3.67
09:43:04.908798,400.00,-1723.00,7.86
09:43:05.043481,398.00,-1712.00,9.67
09:43:05.204867,396.00,-1699.00,10.71
09:43:05.353708,392.00,-1685.00,10.26
09:43:05.576515,387.00,-1657.00,8.01
09:43:05.671470,388.00,-1641.00,7.10
09:43:05.890229,384.00,-1609.00,4.88
09:43:06.056421,383.00,-1577.00,2.64
09:43:06.206159,383.00,-1547.00,0.74
09:43:06.347858,384.00,-1515.00,-1.52
09:43:06.536602,386.00,-1473.00,-4.17
09:43:06.705232,391.00,-1429.00,-6.60
09:43:06.845247,396.00,-1390.00,-6.63
09:43:06.998662,399.00,-1352.00,-5.82
09:43:07.177183,403.00,-1308.00,-2.84
09:43:07.393553,404.00,-1249.00,-0.57
09:43:07.534178,404.00,-1218.00,-0.38
09:43:07.723920,405.00,-1167.00,-0.88
09:43:07.867229,404.00,-1128.00,0.64
09:43:08.043009,403.00,-1079.00,1.99
09:43:08.220429,402.00,-1033.00,1.18
09:43:08.408288,401.00,-982.00,-354.16
09:43:08.585813,395.00,-933.00,12.82
09:43:08.693599,389.00,-898.00,12.22
09:43:08.880539,381.00,-854.00,14.51
09:43:09.008287,373.00,-820.00,14.48
09:43:09.200057,362.00,-767.00,13.62
09:43:09.358268,357.00,-742.00,14.21
09:43:09.540226,356.00,-737.00,14.55
09:43:09.719213,357.00,-734.00,14.52
09:43:09.885414,357.00,-731.00,14.49
09:43:09.995033,357.00,-728.00,14.47
09:43:10.203574,357.00,-726.00,14.43
09:43:10.362262,357.00,-724.00,14.41
09:43:10.537545,358.00,-722.00,14.40
09:43:10.665787,358.00,-720.00,14.38
09:43:10.880409,358.00,-718.00,14.37
09:43:10.998230,358.00,-717.00,14.38
09:43:11.212599,358.00,-716.00,14.38
09:43:11.381114,358.00,-715.00,14.41
09:43:11.527070,358.00,-714.00,14.41
09:43:11.711298,355.00,-699.00,11.07
09:43:11.856778,352.00,-679.00,364.10
09:43:12.052337,352.00,-649.00,-4.11
09:43:12.175653,354.00,-631.00,-8.60
09:43:12.362836,357.00,-618.00,-10.17
09:43:12.526692,360.00,-606.00,-11.24
09:43:12.693102,364.00,-590.00,-10.56
09:43:12.857554,367.00,-574.00,-9.39
09:43:13.026535,370.00,-553.00,-7.25
09:43:13.201238,373.00,-527.00,-4.16
09:43:13.365306,375.00,-504.00,-1.20
09:43:13.536270,375.00,-474.00,1.85
09:43:13.706593,374.00,-440.00,4.40
09:43:13.847182,372.00,-409.00,-353.83
09:43:14.044402,366.00,-364.00,7.74
09:43:14.209962,362.00,-330.00,8.24
09:43:14.390790,360.00,-310.00,9.00
09:43:14.503989,359.00,-298.00,8.26
09:43:14.697577,357.00,-278.00,7.44
09:43:14.861006,355.00,-264.00,6.62
09:43:15.039095,353.00,-246.00,365.37
09:43:15.206919,352.00,-228.00,3.71
09:43:15.378943,352.00,-211.00,0.74
09:43:15.552969,352.00,-194.00,-3.01
09:43:15.684896,353.00,-181.00,-5.04
09:43:15.853565,355.00,-163.00,-8.01
09:43:16.029191,355.00,-161.00,-8.39
09:43:16.190012,352.00,-175.00,-10.91
09:43:16.358443,351.00,-181.00,-1.58
09:43:16.526343,351.00,-183.00,-350.24
09:43:16.727311,352.00,-183.00,24.44
09:43:16.872107,352.00,-182.00,35.83
09:43:17.036871,352.00,-182.00,47.33
09:43:17.198290,356.00,-184.00,55.53
09:43:17.390897,356.00,-185.00,60.05
09:43:17.542238,354.00,-184.00,63.62
09:43:17.733124,349.00,-182.00,69.48
09:43:17.850198,345.00,-180.00,73.02
09:43:18.037716,340.00,-179.00,78.01
09:43:18.202457,332.00,-178.00,81.31
09:43:18.370492,319.00,-177.00,84.36
09:43:18.522029,306.00,-178.00,88.12
09:43:18.702916,288.00,-182.00,94.59
09:43:18.853277,270.00,-186.00,92.75
09:43:19.017210,247.00,-186.00,85.93
09:43:19.189289,231.00,-185.00,81.01
09:43:19.356173,211.00,-181.00,76.88
09:43:19.539044,195.00,-177.00,70.34
09:43:19.695214,207.00,-180.00,71.11
09:43:19.859270,215.00,-184.00,69.73
09:43:20.062044,218.00,-185.00,73.46
09:43:20.168910,218.00,-185.00,76.52
09:43:20.373279,213.00,-184.00,83.03
09:43:20.520524,198.00,-183.00,84.96
09:43:20.701093,174.00,-180.00,78.88
09:43:20.865788,153.00,-175.00,71.94
09:43:21.033666,131.00,-166.00,64.10
09:43:21.168655,111.00,-156.00,57.87
09:43:21.350523,92.00,-141.00,49.73
09:43:21.505183,76.00,-126.00,43.06
09:43:21.703045,56.00,-101.00,34.33
09:43:21.856652,43.00,-80.00,27.97
09:43:22.032802,33.00,-56.00,20.91
09:43:22.195158,24.00,-30.00,13.33
09:43:22.366539,18.00,-7.00,6.92
09:43:22.526401,15.00,14.00,-0.30
09:43:22.696264,15.00,29.00,-1.69
09:43:22.865762,16.00,46.00,-5.94
09:43:23.038571,16.00,51.00,-7.94
09:43:23.179066,14.00,43.00,-7.89
09:43:23.382822,13.00,36.00,-5.11
09:43:23.527017,12.00,35.00,0.08
09:43:23.727032,11.00,35.00,-354.18
09:43:23.892617,9.00,38.00,10.96
09:43:24.032424,6.00,49.00,13.00
09:43:24.197324,4.00,52.00,11.61
09:43:24.379122,5.00,40.00,9.92
09:43:24.501256,4.00,38.00,12.77
09:43:24.697563,5.00,37.00,18.16
09:43:24.868799,5.00,38.00,21.97
09:43:25.047730,3.00,41.00,27.27
09:43:25.207571,1.00,45.00,33.99
09:43:25.385661,-1.00,49.00,40.63
09:43:25.553447,6.00,41.00,45.18
09:43:25.687242,7.00,38.00,45.04
09:43:25.849018,8.00,37.00,46.55
09:43:26.053552,8.00,35.00,50.92
09:43:26.200834,8.00,36.00,57.57
09:43:26.383137,6.00,38.00,63.26
09:43:26.536589,3.00,39.00,68.07
09:43:26.706488,0.00,40.00,74.10
09:43:26.831398,-4.00,40.00,78.06
09:43:27.040540,-11.00,38.00,82.35
09:43:27.221988,-23.00,38.00,87.12
09:43:27.358294,-35.00,37.00,89.99
09:43:27.549243,-58.00,35.00,95.42
09:43:27.722904,-77.00,30.00,99.10
09:43:27.888806,-98.00,26.00,99.37
09:43:28.060791,-123.00,21.00,97.22
09:43:28.221832,-152.00,16.00,97.57
09:43:28.371771,-183.00,12.00,95.34
09:43:28.520694,-215.00,9.00,91.82
09:43:28.708251,-257.00,9.00,87.27
09:43:28.836299,-287.00,11.00,85.53
09:43:29.033681,-336.00,15.00,86.50
09:43:29.174134,-374.00,18.00,87.96
09:43:29.364073,-419.00,20.00,88.79
09:43:29.525250,-463.00,22.00,89.84
09:43:29.695621,-508.00,21.00,91.18
09:43:29.870709,-551.00,19.00,93.75
09:43:30.037523,-589.00,15.00,94.79
09:43:30.195796,-635.00,11.00,92.94
09:43:30.374738,-679.00,9.00,90.85
09:43:30.539222,-717.00,8.00,89.41
09:43:30.713690,-764.00,8.00,88.82
09:43:30.851300,-802.00,8.00,88.59
09:43:31.048985,-853.00,8.00,89.39
09:43:31.173857,-885.00,8.00,89.98
09:43:31.372195,-936.00,8.00,90.59
09:43:31.516743,-970.00,7.00,90.54
09:43:31.712512,-1020.00,5.00,90.52
09:43:31.861445,-1056.00,4.00,90.12
09:43:32.038864,-1077.00,3.00,89.68
09:43:32.173810,-1093.00,2.00,89.98
09:43:32.381994,-1114.00,2.00,90.18
09:43:32.536888,-1131.00,2.00,89.89
09:43:32.708606,-1150.00,1.00,90.22
09:43:32.857933,-1166.00,0.00,90.12
09:43:33.058909,-1187.00,0.00,90.15
09:43:33.192049,-1200.00,-1.00,90.39
09:43:33.348768,-1219.00,-2.00,90.87
09:43:33.556346,-1211.00,-3.00,90.31
09:43:33.693167,-1203.00,-4.00,90.68
09:43:33.872169,-1199.00,-4.00,101.87
09:43:34.030719,-1202.00,-4.00,112.50
09:43:34.217934,-1202.00,-3.00,125.78
09:43:34.394579,-1203.00,-2.00,141.32
09:43:34.522187,-1203.00,0.00,150.86
09:43:34.703701,-1202.00,0.00,157.11
09:43:34.896098,-1202.00,0.00,162.81
09:43:35.039345,-1202.00,-2.00,165.88
09:43:35.214799,-1201.00,-6.00,171.71
09:43:35.393116,-1200.00,-11.00,176.36
09:43:35.528877,-1200.00,-21.00,180.09
09:43:35.713757,-1199.00,-35.00,-176.54
09:43:35.839277,-1198.00,-47.00,-172.89
09:43:36.029577,-1195.00,-69.00,-167.93
09:43:36.216418,-1192.00,-91.00,-167.05
09:43:36.367053,-1188.00,-113.00,-168.99
09:43:36.552748,-1182.00,-147.00,-172.70
09:43:36.682730,-1179.00,-170.00,-174.75
09:43:36.836915,-1175.00,-200.00,-176.28
09:43:37.031090,-1172.00,-244.00,-178.39
09:43:37.185667,-1171.00,-282.00,176.26
09:43:37.376183,-1174.00,-328.00,175.43
09:43:37.519255,-1176.00,-366.00,176.98
09:43:37.725167,-1178.00,-417.00,180.35
09:43:37.861284,-1178.00,-450.00,-178.53
09:43:38.049316,-1176.00,-502.00,-179.85
09:43:38.192750,-1178.00,-533.00,-178.69
09:43:38.381211,-1179.00,-585.00,-179.88
09:43:38.555938,-1182.00,-631.00,180.84
09:43:38.723829,-1181.00,-675.00,-178.73
09:43:38.834612,-1183.00,-702.00,179.62
09:43:39.059525,-1184.00,-760.00,-178.75
09:43:39.164309,-1186.00,-788.00,-180.41
09:43:39.366416,-1107.00,-865.00,181.62
09:43:39.557273,-1163.00,-920.00,-181.65
09:43:39.692852,-1167.00,-952.00,180.25
09:43:39.903005,-1170.00,-1007.00,180.48
09:43:40.045145,-1173.00,-1045.00,-179.70
09:43:40.170437,-1175.00,-1075.00,179.11
09:43:40.360002,-1177.00,-1120.00,-179.22
09:43:40.572896,-1181.00,-1176.00,179.05
09:43:40.698263,-1183.00,-1209.00,180.03
09:43:40.862694,-1184.00,-1246.00,180.50
09:43:41.051626,-1184.00,-1272.00,177.98
09:43:41.213853,-1185.00,-1256.00,180.09
09:43:41.365892,-1186.00,-1251.00,-179.57
09:43:41.532049,-1187.00,-1248.00,-176.27
09:43:41.701530,-1187.00,-1249.00,-171.39
09:43:41.863756,-1186.00,-1254.00,-165.77
09:43:42.039674,-1185.00,-1259.00,-159.91
09:43:42.232467,-1180.00,-1272.00,-161.03
09:43:42.352174,-1175.00,-1289.00,-166.27
09:43:42.519464,-1171.00,-1315.00,-173.38
09:43:42.706292,-1171.00,-1327.00,-179.71
09:43:42.844640,-1171.00,-1320.00,-178.44
09:43:43.038101,-1171.00,-1307.00,-177.51
09:43:43.197309,-1171.00,-1304.00,-174.76
09:43:43.391983,-1172.00,-1304.00,-170.82
09:43:43.520777,-1171.00,-1308.00,-166.01
09:43:43.708341,-1170.00,-1313.00,-159.74
09:43:43.860240,-1166.00,-1326.00,-159.01
09:43:44.036655,-1158.00,-1347.00,-164.80
09:43:44.199662,-1152.00,-1374.00,-171.93
09:43:44.385737,-1151.00,-1399.00,-179.37
09:43:44.502020,-1152.00,-1418.00,174.90
09:43:44.700906,-1156.00,-1449.00,166.59
09:43:44.876163,-1158.00,-1461.00,161.01
09:43:45.037885,-1155.00,-1452.00,162.01
09:43:45.196496,-1152.00,-1442.00,163.12
09:43:45.369349,-1150.00,-1440.00,169.49
09:43:45.537117,-1149.00,-1440.00,173.63
09:43:45.694661,-1150.00,-1441.00,179.05
09:43:45.882925,-1150.00,-1446.00,-174.60
09:43:46.034603,-1150.00,-1448.00,-170.19
09:43:46.211822,-1147.00,-1465.00,-169.88
09:43:46.381752,-1144.00,-1488.00,-175.89
09:43:46.537847,-1143.00,-1510.00,-182.03
09:43:46.697207,-1145.00,-1526.00,175.12
09:43:46.865267,-1146.00,-1535.00,176.80
09:43:47.021839,-1147.00,-1550.00,178.40
09:43:47.205631,-1148.00,-1568.00,179.94
09:43:47.355873,-1149.00,-1586.00,-179.07
09:43:47.533659,-1148.00,-1610.00,-178.21
09:43:47.709142,-1148.00,-1629.00,-177.42
09:43:47.856616,-1148.00,-1643.00,-177.13
09:43:48.029613,-1147.00,-1660.00,-176.93
09:43:48.191910,-1147.00,-1675.00,-177.04
09:43:48.348788,-1146.00,-1693.00,-177.37
09:43:48.513973,-1146.00,-1709.00,-177.63
09:43:48.704432,-1146.00,-1730.00,-177.82
09:43:48.866470,-1147.00,-1744.00,-177.86
09:43:49.011448,-1147.00,-1731.00,-177.72
09:43:49.190217,-1148.00,-1722.00,-175.35
09:43:49.376107,-1149.00,-1720.00,-161.77
09:43:49.523627,-1149.00,-1721.00,-150.81
09:43:49.704681,-1150.00,-1721.00,-137.81
09:43:49.886745,-1151.00,-1719.00,-125.20
09:43:50.051681,-1153.00,-1717.00,-114.50
09:43:50.167730,-1153.00,-1716.00,-111.58
09:43:50.361304,-1152.00,-1716.00,-105.96
09:43:50.510704,-1150.00,-1715.00,-100.37
09:43:50.702664,-1151.00,-1712.00,-86.95
09:43:50.861445,-1152.00,-1712.00,-75.97
09:43:51.037292,-1153.00,-1712.00,-63.64
09:43:51.208412,-1155.00,-1712.00,-50.43
09:43:51.362718,-1155.00,-1713.00,-40.94
09:43:51.527612,-1155.00,-1714.00,-35.70
09:43:51.709223,-1152.00,-1709.00,-30.73
09:43:51.881239,-1141.00,-1691.00,-35.47
09:43:52.034196,-1127.00,-1672.00,-41.43
09:43:52.227125,-1106.00,-1655.00,-49.23
09:43:52.356864,-1091.00,-1644.00,-54.81
09:43:52.514514,-1073.00,-1631.00,-61.36
09:43:52.699641,-1046.00,-1619.00,-69.94
09:43:52.860692,-1024.00,-1612.00,-76.19
09:43:53.024639,-998.00,-1607.00,-83.36
09:43:53.188272,-975.00,-1603.00,-89.66
09:43:53.379303,-944.00,-1602.00,-98.34
09:43:53.501960,-926.00,-1606.00,-103.88
09:43:53.694581,-902.00,-1613.00,-111.05
09:43:53.863229,-879.00,-1624.00,-118.81
09:43:54.037802,-858.00,-1637.00,-125.74
09:43:54.194058,-842.00,-1651.00,-132.13
09:43:54.366606,-823.00,-1671.00,-139.93
09:43:54.503629,-808.00,-1690.00,-146.28
09:43:54.709558,-792.00,-1715.00,-154.96
09:43:54.858721,-783.00,-1737.00,-161.38
09:43:55.026485,-776.00,-1762.00,-168.45
09:43:55.195487,-776.00,-1761.00,-170.02
09:43:55.364627,-776.00,-1751.00,-171.37
09:43:55.530058,-777.00,-1748.00,-167.41
09:43:55.682597,-776.00,-1747.00,-162.49
09:43:55.859455,-776.00,-1747.00,-157.51
09:43:56.035750,-773.00,-1752.00,-151.66
09:43:56.192842,-772.00,-1754.00,-145.63
09:43:56.370231,-771.00,-1755.00,-138.49
09:43:56.549214,-767.00,-1757.00,-133.19
09:43:56.712280,-763.00,-1758.00,-131.01
09:43:56.863340,-774.00,-1749.00,-129.03
09:43:57.024603,-780.00,-1745.00,-127.21
09:43:57.198940,-783.00,-1744.00,-123.65
09:43:57.364725,-782.00,-1745.00,-119.19
09:43:57.533180,-778.00,-1748.00,-113.22
09:43:57.700848,-774.00,-1750.00,-106.58
09:43:57.875859,-769.00,-1751.00,-100.39
09:43:58.056309,-769.00,-1750.00,-91.21
09:43:58.237787,-771.00,-1747.00,-81.50
09:43:58.368268,-770.00,-1746.00,-73.83
09:43:58.541815,-771.00,-1747.00,-64.11
09:43:58.746085,-769.00,-1747.00,-50.73
09:43:58.878304,-769.00,-1748.00,-43.72
09:43:59.048491,-769.00,-1749.00,-33.47
09:43:59.201598,-769.00,-1749.00,-24.46
09:43:59.366816,-768.00,-1748.00,-18.66
09:43:59.539707,-768.00,-1750.00,-13.84
09:43:59.696734,-767.00,-1745.00,-8.56
09:43:59.890838,-766.00,-1731.00,-6.66
09:44:00.006788,-767.00,-1719.00,-7.15
09:44:00.187830,-764.00,-1702.00,-10.39
09:44:00.344031,-762.00,-1686.00,-14.17
09:44:00.526949,-755.00,-1666.00,-18.32
09:44:00.674001,-748.00,-1651.00,-21.59
09:44:00.865650,-741.00,-1633.00,-25.93
09:44:01.043236,-732.00,-1616.00,-29.76
09:44:01.184852,-723.00,-1603.00,-33.03
09:44:01.342267,-713.00,-1590.00,-36.43
09:44:01.521098,-698.00,-1573.00,-40.72
09:44:01.693778,-687.00,-1561.00,-43.89
09:44:01.911120,-668.00,-1543.00,-48.60
09:44:02.068732,-655.00,-1532.00,-51.71
09:44:02.259802,-637.00,-1519.00,-56.04
09:44:02.380311,-626.00,-1511.00,-58.80
09:44:02.559886,-609.00,-1502.00,-62.80
09:44:02.714169,-595.00,-1496.00,-66.15
09:44:02.852018,-579.00,-1489.00,-69.28
09:44:03.002737,-564.00,-1481.00,-72.67
09:44:03.181165,-547.00,-1475.00,-76.23
09:44:03.349541,-527.00,-1470.00,-79.87
09:44:03.522677,-509.00,-1466.00,-83.62
09:44:03.680812,-492.00,-1464.00,-86.78
09:44:03.867460,-471.00,-1464.00,-90.64
09:44:04.027218,-451.00,-1464.00,-94.22
09:44:04.193269,-434.00,-1466.00,-97.46
09:44:04.374473,-411.00,-1468.00,-98.69
09:44:04.533680,-396.00,-1469.00,-98.59
09:44:04.723027,-376.00,-1473.00,-98.80
09:44:04.889887,-362.00,-1475.00,-98.65
09:44:05.043524,-393.00,-1475.00,-98.31
09:44:05.249501,-427.00,-1467.00,-98.07
09:44:05.385233,-412.00,-1466.00,-98.22
09:44:05.563539,-392.00,-1470.00,-89.81
09:44:05.686561,-384.00,-1472.00,-81.51
09:44:05.893925,-380.00,-1473.00,-66.58
09:44:06.062058,-370.00,-1474.00,-53.03
09:44:06.249114,-371.00,-1476.00,-41.42
09:44:06.427676,-372.00,-1477.00,-34.26
09:44:06.595197,-372.00,-1478.00,-30.17
09:44:06.674973,-371.00,-1477.00,-27.23
09:44:06.860594,-368.00,-1471.00,-22.21
09:44:07.026022,-363.00,-1458.00,-25.35
09:44:07.209738,-355.00,-1442.00,-30.09
09:44:07.382845,-357.00,-1444.00,-31.32
09:44:07.549993,-363.00,-1455.00,-31.35
09:44:07.724736,-365.00,-1459.00,-27.38
09:44:07.878499,-367.00,-1461.00,-22.73
09:44:08.029300,-368.00,-1463.00,-18.52
09:44:08.211606,-368.00,-1459.00,-12.28
09:44:08.409128,-366.00,-1451.00,-5.01
09:44:08.582118,-366.00,-1443.00,1.30
09:44:08.770289,-368.00,-1437.00,-352.52
09:44:08.870716,-369.00,-1432.00,11.27
09:44:09.091789,-372.00,-1422.00,14.40
09:44:09.225936,-375.00,-1411.00,14.38
09:44:09.395957,-380.00,-1394.00,13.30
09:44:09.561215,-385.00,-1377.00,12.05
09:44:09.721863,-389.00,-1355.00,11.09
09:44:09.837903,-392.00,-1341.00,10.62
09:44:10.029690,-397.00,-1310.00,10.17
09:44:10.181068,-401.00,-1283.00,9.65
09:44:10.357221,-407.00,-1249.00,9.62
09:44:10.517557,-411.00,-1218.00,9.69
09:44:10.705291,-419.00,-1175.00,9.75
09:44:10.832403,-424.00,-1147.00,9.85
09:44:11.037104,-432.00,-1098.00,10.25
09:44:11.188585,-439.00,-1062.00,10.25
09:44:11.353237,-445.00,-1017.00,7.34
09:44:11.507709,-448.00,-995.00,7.43
09:44:11.713726,-455.00,-982.00,-0.23
09:44:11.882789,-454.00,-963.00,-5.21
09:44:12.042793,-454.00,-959.00,-6.93
09:44:12.186861,-455.00,-969.00,-7.84
09:44:12.367781,-456.00,-973.00,-4.82
09:44:12.514123,-455.00,-973.00,0.40
09:44:12.694161,-455.00,-972.00,-354.40
09:44:12.882871,-456.00,-962.00,8.21
09:44:13.038080,-457.00,-956.00,6.47
09:44:13.186066,-456.00,-966.00,6.44
09:44:13.353802,-455.00,-973.00,8.14
09:44:13.584518,-454.00,-974.00,15.49
09:44:13.731748,-454.00,-974.00,19.76
09:44:13.871294,-455.00,-971.00,24.92
09:44:14.048171,-461.00,-959.00,25.00
09:44:14.229810,-461.00,-958.00,23.93
09:44:14.367215,-457.00,-967.00,23.54
09:44:14.562885,-454.00,-972.00,27.13
09:44:14.743731,-453.00,-974.00,32.24
09:44:14.912256,-453.00,-974.00,37.09
09:44:15.044548,-454.00,-973.00,40.10
09:44:15.248242,-459.00,-967.00,47.69
09:44:15.388864,-463.00,-963.00,51.98
09:44:15.517462,-466.00,-959.00,56.65
09:44:15.698122,-482.00,-949.00,58.81
09:44:15.864348,-498.00,-937.00,53.84
09:44:16.066175,-520.00,-918.00,45.98
09:44:16.177855,-532.00,-905.00,41.09
09:44:16.369568,-549.00,-884.00,34.02
09:44:16.512746,-562.00,-865.00,27.91
09:44:16.685703,-573.00,-842.00,21.42
09:44:16.861621,-581.00,-815.00,13.62
09:44:17.038791,-586.00,-790.00,6.27
09:44:17.187170,-587.00,-767.00,0.09
09:44:17.354789,-586.00,-740.00,-7.18
09:44:17.542966,-583.00,-715.00,-14.14
09:44:17.678927,-578.00,-697.00,-19.48
09:44:17.860867,-576.00,-687.00,-22.79
09:44:18.011449,-580.00,-696.00,-24.30
09:44:18.218434,-584.00,-705.00,-22.19
09:44:18.347792,-585.00,-708.00,-17.28
09:44:18.549847,-586.00,-709.00,-11.55
09:44:18.712868,-586.00,-706.00,-6.86
09:44:18.856276,-587.00,-698.00,-3.47
09:44:19.037253,-586.00,-683.00,-6.91
09:44:19.187075,-587.00,-685.00,-7.84
09:44:19.357614,-590.00,-696.00,-8.34
09:44:19.535463,-591.00,-699.00,-4.66
09:44:19.706693,-591.00,-700.00,1.13
09:44:19.868772,-593.00,-701.00,-354.23
09:44:20.035202,-594.00,-696.00,11.40
09:44:20.195114,-597.00,-684.00,12.29
09:44:20.370522,-601.00,-667.00,8.58
09:44:20.553243,-601.00,-676.00,7.61
09:44:20.704244,-600.00,-686.00,6.38
09:44:20.854913,-600.00,-689.00,11.74
09:44:21.040973,-600.00,-689.00,17.36
09:44:21.216007,-600.00,-688.00,21.56
09:44:21.353801,-602.00,-686.00,26.84
09:44:21.542418,-604.00,-682.00,32.53
09:44:21.700799,-616.00,-664.00,31.81
09:44:21.888469,-628.00,-642.00,25.78
09:44:22.015333,-636.00,-624.00,20.40
09:44:22.189522,-644.00,-598.00,12.92
09:44:22.423483,-650.00,-561.00,362.28
09:44:22.531997,-651.00,-546.00,-2.00
09:44:22.682269,-650.00,-524.00,-8.12
09:44:22.852865,-645.00,-498.00,-15.54
09:44:23.053333,-635.00,-470.00,-23.57
09:44:23.203677,-626.00,-449.00,-29.73
09:44:23.356097,-614.00,-430.00,-36.02
09:44:23.534925,-599.00,-410.00,-42.91
09:44:23.682284,-583.00,-394.00,-48.94
09:44:23.865160,-562.00,-377.00,-56.09
09:44:24.039870,-548.00,-368.00,-61.71
09:44:24.182031,-540.00,-364.00,-60.98
09:44:24.357816,-528.00,-357.00,-60.67
09:44:24.533015,-513.00,-349.00,-60.97
09:44:24.706116,-494.00,-339.00,-61.56
09:44:24.871520,-474.00,-329.00,-63.12
09:44:25.061019,-449.00,-317.00,-67.32
09:44:25.185091,-432.00,-311.00,-72.23
09:44:25.363749,-405.00,-305.00,-79.87
09:44:25.525025,-389.00,-303.00,-84.30
09:44:25.706573,-377.00,-303.00,-85.15
09:44:25.856832,-355.00,-302.00,-90.37
09:44:26.043814,-329.00,-303.00,-96.89
09:44:26.204952,-336.00,-303.00,-98.07
09:44:26.357429,-348.00,-301.00,-97.64
09:44:26.514765,-351.00,-301.00,-96.66
09:44:26.718241,-352.00,-301.00,-93.06
09:44:26.876704,-350.00,-301.00,-88.47
09:44:27.044559,-334.00,-301.00,-91.07
09:44:27.208544,-308.00,-303.00,-97.26
09:44:27.390842,-307.00,-304.00,-100.50
09:44:27.516196,-316.00,-303.00,-98.98
09:44:27.694037,-325.00,-302.00,-95.97
09:44:27.850836,-327.00,-302.00,-92.01
09:44:28.046181,-329.00,-302.00,-87.29
09:44:28.262992,-326.00,-302.00,-79.80
09:44:28.386587,-315.00,-301.00,-77.44
09:44:28.604781,-285.00,-296.00,-84.75
09:44:28.693965,-275.00,-296.00,-87.24
09:44:28.846789,-252.00,-296.00,-93.11
09:44:29.043730,-222.00,-301.00,-101.56
09:44:29.200815,-196.00,-309.00,-109.22
09:44:29.419749,-167.00,-322.00,-118.85
09:44:29.544322,-151.00,-333.00,-124.28
09:44:29.734580,-128.00,-352.00,-131.29
09:44:29.891703,-112.00,-369.00,-137.23
09:44:30.041951,-97.00,-387.00,-143.46
09:44:30.175956,-84.00,-407.00,-149.54
09:44:30.377319,-69.00,-434.00,-158.13
09:44:30.526700,-61.00,-456.00,-164.68
09:44:30.717880,-56.00,-484.00,-173.43
09:44:30.841722,-53.00,-504.00,-178.51
09:44:31.026774,-53.00,-535.00,173.18
09:44:31.217984,-57.00,-562.00,165.76
09:44:31.375979,-63.00,-587.00,158.74
09:44:31.508767,-70.00,-603.00,153.85
09:44:31.700312,-73.00,-610.00,150.45
09:44:31.950623,-64.00,-596.00,149.95
09:44:32.021857,-64.00,-595.00,151.20
09:44:32.172086,-62.00,-593.00,156.27
09:44:32.377710,-62.00,-591.00,162.15
09:44:32.550566,-62.00,-596.00,168.16
09:44:32.710511,-63.00,-607.00,170.61
09:44:32.897469,-63.00,-614.00,168.60
09:44:33.018992,-61.00,-609.00,168.68
09:44:33.209239,-58.00,-600.00,169.44
09:44:33.357708,-57.00,-598.00,174.60
09:44:33.526002,-56.00,-598.00,179.24
09:44:33.712672,-56.00,-601.00,-175.05
09:44:33.860657,-54.00,-608.00,-169.41
09:44:34.060839,-53.00,-618.00,-162.84
09:44:34.219668,-48.00,-636.00,-165.18
09:44:34.368470,-44.00,-658.00,-170.86
09:44:34.541141,-41.00,-683.00,-177.81
09:44:34.697059,-42.00,-711.00,174.73
09:44:34.862813,-45.00,-733.00,168.37
09:44:35.057498,-52.00,-759.00,160.16
09:44:35.171509,-51.00,-758.00,158.63
09:44:35.380456,-46.00,-746.00,159.42
09:44:35.541553,-44.00,-741.00,162.34
09:44:35.720412,-43.00,-738.00,166.56
09:44:35.877487,-43.00,-738.00,171.08
09:44:36.038691,-43.00,-740.00,175.48
09:44:36.205029,-42.00,-750.00,180.84
09:44:36.367897,-42.00,-755.00,178.94
09:44:36.551962,-41.00,-740.00,178.74
09:44:36.691515,-41.00,-737.00,181.24
09:44:36.866485,-41.00,-736.00,-173.02
09:44:37.048220,-41.00,-735.00,-167.42
09:44:37.201105,-40.00,-740.00,-161.90
09:44:37.380925,-35.00,-753.00,-162.23
09:44:37.508201,-32.00,-765.00,-165.10
09:44:37.688732,-35.00,-755.00,-164.92
09:44:37.859575,-37.00,-747.00,-163.92
09:44:38.049433,-38.00,-745.00,-157.21
09:44:38.188532,-38.00,-745.00,-154.68
09:44:38.381171,-37.00,-748.00,-148.82
09:44:38.560555,-34.00,-752.00,-141.09
09:44:38.690259,-32.00,-755.00,-136.52
09:44:38.927035,-12.00,-775.00,-139.41
09:44:39.037118,-3.00,-785.00,-143.13
09:44:39.224146,12.00,-810.00,-150.54
09:44:39.366340,19.00,-826.00,-155.12
09:44:39.582876,21.00,-840.00,-160.66
09:44:39.766104,25.00,-845.00,-164.54
09:44:39.895427,29.00,-852.00,-167.80
09:44:40.079001,37.00,-867.00,-173.71
09:44:40.232448,38.00,-874.00,-177.39
09:44:40.411206,45.00,-867.00,-179.70
09:44:40.581665,47.00,-864.00,-177.23
09:44:40.763310,48.00,-866.00,-173.67
09:44:40.908149,45.00,-863.00,-170.40
09:44:41.069633,45.00,-862.00,-166.67
09:44:41.228338,47.00,-864.00,-162.15
09:44:41.440804,51.00,-878.00,-156.67
09:44:41.564482,55.00,-889.00,-155.01
09:44:41.744978,63.00,-909.00,-153.37
09:44:41.946141,75.00,-949.00,-150.72
09:44:42.083434,85.00,-967.00,-149.34
09:44:42.249284,100.00,-990.00,-149.34
09:44:42.355195,109.00,-1005.00,-149.74
09:44:42.530205,126.00,-1033.00,-151.31
09:44:42.682430,141.00,-1061.00,-151.65
09:44:42.880620,161.00,-1100.00,-154.10
09:44:43.031066,177.00,-1132.00,-156.89
09:44:43.193689,192.00,-1167.00,-158.79
09:44:43.374699,209.00,-1214.00,-162.77
09:44:43.553522,222.00,-1258.00,-166.50
09:44:43.710165,229.00,-1286.00,-166.39
09:44:43.884331,235.00,-1313.00,-172.60
09:44:44.049633,238.00,-1340.00,-180.08
09:44:44.204813,237.00,-1362.00,174.16
09:44:44.390657,234.00,-1387.00,167.59
09:44:44.518260,229.00,-1405.00,162.59
09:44:44.706001,218.00,-1432.00,155.20
09:44:44.888954,205.00,-1454.00,147.81
09:44:45.052098,194.00,-1468.00,141.01
09:44:45.231087,188.00,-1475.00,141.07
09:44:45.397819,181.00,-1484.00,141.39
09:44:45.590692,164.00,-1504.00,137.72
09:44:45.702117,155.00,-1513.00,132.10
09:44:45.881139,143.00,-1524.00,131.18
09:44:46.035763,126.00,-1537.00,125.22
09:44:46.228173,101.00,-1552.00,116.02
09:44:46.345991,90.00,-1557.00,111.43
09:44:46.566895,75.00,-1563.00,112.20
09:44:46.736439,63.00,-1568.00,112.85
09:44:46.925057,44.00,-1577.00,114.92
09:44:47.075227,28.00,-1585.00,120.18
09:44:47.215660,13.00,-1594.00,121.50
09:44:47.370261,-7.00,-1605.00,116.50
09:44:47.536871,-29.00,-1615.00,109.52
09:44:47.684841,-52.00,-1622.00,102.14
09:44:47.944128,-92.00,-1627.00,89.50
09:44:48.068691,-113.00,-1627.00,83.68
09:44:48.264946,-134.00,-1624.00,76.65
09:44:48.436553,-124.00,-1626.00,77.78
09:44:48.591547,-116.00,-1627.00,79.18
09:44:48.742421,-114.00,-1627.00,84.22
09:44:48.890702,-113.00,-1627.00,87.80
09:44:49.095122,-113.00,-1627.00,92.44
09:44:49.216689,-117.00,-1628.00,96.47
09:44:49.432224,-141.00,-1631.00,97.40
09:44:49.545231,-156.00,-1632.00,94.84
09:44:49.761569,-192.00,-1633.00,86.22
09:44:49.921006,-228.00,-1622.00,79.41
09:44:50.087222,-275.00,-1612.00,69.09
09:44:50.256332,-299.00,-1600.00,62.26
09:44:50.396203,-313.00,-1592.00,58.20
09:44:50.591589,-334.00,-1575.00,49.89
09:44:50.715832,-347.00,-1562.00,44.54
09:44:50.916182,-367.00,-1539.00,35.55
09:44:51.044814,-377.00,-1524.00,29.78
09:44:51.236982,-388.00,-1498.00,22.11
09:44:51.403584,-395.00,-1479.00,15.40
09:44:51.573426,-397.00,-1470.00,15.58
09:44:51.738878,-400.00,-1458.00,15.68
09:44:51.860014,-402.00,-1447.00,15.00
09:44:52.035658,-405.00,-1428.00,9.87
09:44:52.190408,-406.00,-1411.00,5.26
09:44:52.376587,-406.00,-1395.00,1.91
09:44:52.542641,-406.00,-1385.00,3.94
09:44:52.669946,-406.00,-1374.00,5.22
09:44:52.859624,-407.00,-1354.00,8.23
09:44:53.014250,-409.00,-1336.00,10.43
09:50:31.561167,421.00,-1456.00,-92.25
09:50:31.656420,429.00,-1445.00,-89.96
09:50:31.871964,426.00,-1445.00,-75.99
09:50:31.992452,425.00,-1445.00,-68.40
09:50:32.170454,425.00,-1446.00,-53.84
09:50:32.325598,435.00,-1433.00,-42.38
09:50:32.542788,421.00,-1448.00,-29.81
09:50:32.704661,410.00,-1458.00,-28.78
09:50:32.839524,412.00,-1452.00,-25.98
09:50:33.018049,410.00,-1459.00,-21.87
09:50:33.203850,408.00,-1461.00,-15.19
09:50:33.360682,411.00,-1449.00,-10.34
09:50:33.536765,406.00,-1458.00,-4.34
09:50:33.696152,413.00,-1451.00,-1.32
09:50:33.884443,417.00,-1443.00,0.05
09:50:34.005240,419.00,-1426.00,0.23
09:50:34.193779,420.00,-1408.00,0.22
09:50:34.332715,422.00,-1388.00,-0.90
09:50:34.524793,426.00,-1354.00,-0.62
09:50:34.665638,428.00,-1330.00,1.35
09:50:34.847985,429.00,-1292.00,0.30
09:50:35.023157,427.00,-1262.00,0.48
09:50:35.170823,429.00,-1235.00,-0.50
09:50:35.321897,421.00,-1201.00,-1.89
09:50:35.499347,422.00,-1176.00,-2.50
09:51:19.201236,-1220.00,-182.00,85.90
09:51:19.359859,-1219.00,-182.00,92.30
09:51:19.581715,-1208.00,-193.00,107.76
09:51:19.726732,-1226.00,-210.00,119.24
09:51:19.926961,-1226.00,-207.00,134.44
09:51:20.060154,-1216.00,-202.00,144.62
09:51:20.262475,-1222.00,-195.00,154.42
09:51:20.415894,-1219.00,-194.00,158.82
09:51:20.601652,-1218.00,-193.00,163.79
09:51:20.766553,-1192.00,-193.00,166.36
09:51:20.918244,-1208.00,-206.00,169.51
09:51:21.055617,-1218.00,-221.00,172.20
09:51:21.250599,-1216.00,-215.00,176.07
09:51:21.376786,-1199.00,-200.00,177.78
09:51:21.559547,-1197.00,-198.00,180.21
09:51:21.729111,-1197.00,-197.00,-176.36
09:51:21.904167,-1200.00,-201.00,-172.01
09:51:22.083526,-1197.00,-201.00,-166.10
09:51:22.226529,-1219.00,-202.00,-160.80
09:51:22.416728,-1227.00,-220.00,-163.39
09:51:22.566838,-1201.00,-238.00,-168.88
09:51:22.731952,-1188.00,-273.00,-175.91
09:51:22.897163,-1183.00,-302.00,176.28
09:51:23.091312,-1191.00,-318.00,176.74
09:51:23.221089,-1191.00,-323.00,178.66
09:51:23.388518,-1184.00,-333.00,-178.31
09:51:23.577042,-1182.00,-355.00,-179.82
09:51:23.746848,-1191.00,-384.00,-177.28
09:51:23.890054,-1195.00,-406.00,-178.47
09:51:24.098217,-1198.00,-443.00,-178.75
09:51:24.227056,-1196.00,-469.00,-179.08
09:51:24.407440,-1200.00,-502.00,-179.28
09:51:24.579263,-1198.00,-540.00,-177.42
09:51:24.744272,-1196.00,-576.00,-180.21
09:51:24.896117,-1204.00,-616.00,-177.63
09:51:25.080909,-1194.00,-658.00,-179.47
09:51:25.250905,-1197.00,-694.00,-176.17
09:51:25.385002,-1199.00,-701.00,-171.28
09:51:25.539803,-1205.00,-724.00,-165.61
09:51:25.745097,-1201.00,-719.00,-155.21
09:51:25.896946,-1199.00,-708.00,-144.74
09:51:26.106289,-1215.00,-715.00,-131.80
09:51:26.237689,-1214.00,-713.00,-122.75
09:51:26.454283,-1222.00,-714.00,-109.72
09:51:26.556107,-1214.00,-719.00,-102.94
09:51:26.721676,-1217.00,-705.00,-95.10
09:51:26.918864,-1219.00,-701.00,-91.12
09:51:27.088703,-1221.00,-699.00,-87.22
09:51:27.250057,-1212.00,-702.00,-84.62
09:51:27.411876,-1194.00,-706.00,-85.59
09:51:27.574717,-1160.00,-707.00,-89.17
09:51:27.709348,-1145.00,-704.00,-91.47
09:51:27.933832,-1118.00,-709.00,-95.38
09:51:28.067005,-1106.00,-711.00,-97.95
09:51:28.217512,-1091.00,-714.00,-101.39
09:51:28.381317,-1072.00,-718.00,-105.30
09:51:28.611300,-1056.00,-730.00,-110.00
09:51:28.699314,-1046.00,-741.00,-112.35
09:51:28.891569,-1035.00,-750.00,-116.65
09:51:29.033455,-1003.00,-757.00,-119.95
09:51:29.242077,-984.00,-768.00,-124.03
09:51:29.371536,-978.00,-776.00,-126.64
09:51:29.567145,-953.00,-792.00,-130.51
09:51:29.721186,-950.00,-804.00,-132.84
09:51:29.883497,-939.00,-819.00,-135.55
09:51:30.035409,-920.00,-835.00,-138.29
09:51:30.222262,-904.00,-853.00,-142.76
09:51:30.403641,-896.00,-873.00,-147.46
09:51:30.558096,-885.00,-890.00,-151.01
09:51:30.719425,-870.00,-908.00,-154.66
09:51:30.911624,-864.00,-929.00,-159.50
09:51:31.058414,-854.00,-942.00,-164.80
09:51:31.219220,-848.00,-951.00,-167.30
09:51:31.379525,-843.00,-970.00,-170.83
09:51:31.560096,-838.00,-988.00,-174.46
09:51:31.722295,-837.00,-1009.00,-177.88
09:51:31.892292,-838.00,-1026.00,-180.50
09:51:32.061838,-844.00,-1045.00,176.29
09:51:32.218899,-845.00,-1063.00,173.57
09:51:32.393424,-850.00,-1081.00,170.68
09:51:32.565940,-860.00,-1099.00,167.69
09:51:32.711958,-864.00,-1115.00,164.91
09:51:32.894544,-871.00,-1134.00,161.91
09:51:33.076527,-880.00,-1152.00,158.70
09:51:33.211419,-879.00,-1161.00,156.49
09:51:33.397022,-881.00,-1178.00,156.57
09:51:33.542943,-888.00,-1196.00,156.59
09:51:33.736199,-898.00,-1214.00,156.45
09:51:33.880414,-908.00,-1234.00,156.54
09:51:34.056427,-917.00,-1252.00,156.77
09:51:34.243177,-925.00,-1273.00,156.78
09:51:34.375524,-932.00,-1286.00,156.98
09:51:34.562172,-942.00,-1302.00,156.90
09:51:34.736256,-949.00,-1325.00,157.14
09:51:34.892149,-956.00,-1342.00,157.43
09:51:35.051084,-964.00,-1357.00,157.48
09:51:35.204602,-971.00,-1372.00,157.58
09:51:35.396761,-998.00,-1392.00,157.56
09:51:35.529731,-987.00,-1407.00,157.47
09:51:35.728705,-996.00,-1429.00,157.54
09:51:35.869259,-998.00,-1442.00,157.53
09:51:36.051877,-1004.00,-1463.00,157.72
09:51:36.230971,-1012.00,-1479.00,157.59
09:51:36.381693,-1022.00,-1492.00,155.03
09:51:36.572829,-1029.00,-1510.00,151.76
