11:15:56.134438,26.00,7.00,111.22
11:15:56.308320,25.00,6.00,108.75
11:15:56.490908,22.00,5.00,102.39
11:15:56.667567,20.00,3.00,96.49
11:15:56.822788,21.00,3.00,90.53
11:15:56.962242,21.00,3.00,86.45
11:15:57.187592,24.00,1.00,78.69
11:15:57.346593,21.00,1.00,72.52
11:15:57.464362,19.00,1.00,68.94
11:15:57.690362,19.00,4.00,61.37
11:15:57.804359,18.00,6.00,56.98
11:15:58.033941,18.00,5.00,49.47
11:15:58.133288,17.00,6.00,45.99
11:15:58.351092,15.00,8.00,38.24
11:15:58.532708,18.00,8.00,32.50
11:15:58.655550,22.00,7.00,28.15
11:15:58.834265,17.00,7.00,22.68
11:15:59.004640,17.00,7.00,16.98
11:15:59.165410,17.00,9.00,11.89
11:15:59.312098,17.00,7.00,6.90
11:15:59.530105,17.00,6.00,-0.57
11:15:59.638016,18.00,6.00,355.76
11:15:59.867405,16.00,5.00,-11.21
11:15:59.978161,15.00,3.00,-15.52
11:16:00.211510,16.00,5.00,-23.68
11:16:00.320688,17.00,7.00,-28.18
11:16:00.518662,17.00,6.00,-34.00
11:16:00.656256,18.00,5.00,-39.12
11:16:00.851939,17.00,5.00,-46.06
11:16:00.976922,21.00,6.00,-50.66
11:16:01.175561,21.00,9.00,-57.23
11:16:01.310670,22.00,9.00,-61.16
11:16:01.486455,20.00,8.00,-66.68
11:16:01.690613,20.00,9.00,-73.95
11:16:01.798353,20.00,10.00,-78.16
11:16:01.987004,21.00,10.00,-83.40
11:16:02.150473,22.00,10.00,-89.75
11:16:02.335114,26.00,8.00,-95.47
11:16:02.472790,25.00,11.00,-100.37
11:16:02.632658,25.00,12.00,-105.87
11:16:02.807081,26.00,12.00,-111.93
11:16:02.977031,25.00,13.00,-117.31
11:16:03.142854,25.00,13.00,-122.56
11:16:03.289649,26.00,13.00,-127.77
11:16:03.483307,25.00,10.00,-134.52
11:16:03.631441,24.00,10.00,-140.17
11:16:03.817078,25.00,11.00,-146.61
11:16:03.976831,27.00,10.00,-152.36
11:16:04.124253,29.00,8.00,-157.34
11:16:04.316038,30.00,5.00,-163.06
11:16:04.484300,31.00,9.00,-169.30
11:16:04.666550,31.00,10.00,-175.05
11:16:04.792565,27.00,13.00,-179.37
11:16:04.986511,29.00,13.00,174.42
11:16:05.134785,27.00,13.00,169.67
11:16:05.322902,26.00,13.00,162.53
11:16:05.477097,25.00,11.00,157.75
11:16:05.661885,27.00,11.00,151.90
11:16:05.808310,28.00,10.00,146.32
11:16:05.975701,33.00,5.00,140.93
11:16:06.140142,33.00,9.00,135.90
11:16:06.313011,31.00,9.00,129.25
11:16:06.462815,28.00,10.00,124.47
11:16:06.650264,26.00,11.00,117.44
11:16:06.817930,23.00,7.00,112.34
11:16:07.004087,16.00,2.00,108.77
11:16:07.131611,5.00,-1.00,108.22
11:16:07.314631,-19.00,-5.00,107.83
11:16:07.471372,-49.00,-16.00,107.83
11:16:07.644327,-81.00,-29.00,108.05
11:16:07.788972,-110.00,-37.00,108.15
11:16:07.960467,-156.00,-57.00,108.25
11:16:08.136493,-182.00,-66.00,108.40
11:16:08.301889,-201.00,-73.00,108.49
11:16:08.484556,-216.00,-79.00,108.52
11:16:08.642251,-229.00,-87.00,108.58
11:16:08.815414,-244.00,-92.00,108.57
11:16:08.972599,-260.00,-97.00,108.66
11:16:09.154441,-266.00,-95.00,108.89
11:16:09.300669,-258.00,-92.00,108.85
11:16:09.476146,-250.00,-91.00,103.65
11:16:09.631155,-248.00,-92.00,95.73
11:16:09.827412,-248.00,-95.00,89.92
11:16:09.987182,-251.00,-92.00,86.54
11:16:10.150419,-255.00,-94.00,84.10
11:16:10.328115,-268.00,-95.00,83.93
11:16:10.450919,-282.00,-94.00,84.83
11:16:10.652055,-266.00,-96.00,84.61
11:16:10.827394,-257.00,-95.00,81.14
11:16:10.997931,-257.00,-98.00,70.35
11:16:11.150808,-253.00,-95.00,65.49
11:16:11.352967,-252.00,-97.00,61.23
11:16:11.471599,-261.00,-91.00,59.71
11:16:11.673897,-280.00,-78.00,58.46
11:16:11.817045,-297.00,-65.00,58.34
11:16:12.023689,-337.00,-41.00,58.26
11:16:12.153307,-361.00,-29.00,58.48
11:16:12.335963,-399.00,-8.00,58.93
11:16:12.473153,-439.00,14.00,58.72
11:16:12.683543,-493.00,45.00,58.83
11:16:12.822803,-531.00,73.00,58.21
11:16:13.004822,-550.00,82.00,58.64
11:16:13.181826,-570.00,93.00,58.76
11:16:13.343302,-581.00,99.00,58.67
11:16:13.497534,-597.00,109.00,58.64
11:16:13.696827,-616.00,123.00,58.47
11:16:13.812575,-625.00,126.00,58.66
11:16:13.981668,-636.00,134.00,58.43
11:16:14.151012,-636.00,134.00,58.96
11:16:14.311421,-627.00,133.00,58.61
11:16:14.485062,-623.00,128.00,63.93
11:16:14.676270,-620.00,129.00,78.62
11:16:14.819166,-619.00,120.00,89.16
11:16:14.985445,-620.00,116.00,96.13
11:16:15.144402,-622.00,113.00,100.62
11:16:15.329165,-631.00,112.00,102.50
11:16:15.485523,-644.00,110.00,104.04
11:16:15.650851,-644.00,112.00,104.02
11:16:15.799777,-635.00,121.00,103.23
11:16:15.999925,-630.00,119.00,109.44
11:16:16.158969,-627.00,120.00,120.35
11:16:16.320931,-623.00,124.00,133.97
11:16:16.465441,-621.00,124.00,143.34
11:16:16.625108,-620.00,123.00,156.17
11:16:16.835176,-622.00,127.00,162.13
11:16:16.976140,-623.00,124.00,165.15
11:16:17.151373,-625.00,117.00,166.79
11:16:17.314893,-629.00,104.00,167.22
11:16:17.485814,-631.00,86.00,167.18
11:16:17.635514,-634.00,74.00,167.18
11:16:17.825261,-637.00,54.00,167.19
11:16:17.954818,-640.00,45.00,166.93
11:16:18.151556,-635.00,50.00,167.39
11:16:18.305456,-633.00,63.00,167.35
11:16:18.453709,-634.00,68.00,177.53
11:16:18.647433,-631.00,69.00,-167.40
11:16:18.809900,-634.00,64.00,-155.21
11:16:19.002336,-633.00,65.00,-141.17
11:16:19.116778,-634.00,67.00,-136.98
11:16:19.329633,-633.00,67.00,-130.88
11:16:19.492374,-628.00,63.00,-128.54
11:16:19.663954,-621.00,57.00,-125.55
11:16:19.802510,-607.00,45.00,-124.88
11:16:20.002420,-579.00,29.00,-124.71
11:16:20.131757,-557.00,16.00,-125.09
11:16:20.314661,-520.00,-6.00,-125.52
11:16:20.466368,-496.00,-19.00,-125.52
11:16:20.659390,-476.00,-31.00,-125.47
11:16:20.803633,-465.00,-39.00,-125.35
11:16:20.980738,-454.00,-47.00,-125.83
11:16:21.167928,-463.00,-40.00,-125.83
11:16:21.295253,-470.00,-33.00,-126.55
11:16:21.486133,-471.00,-33.00,-138.17
11:16:21.663525,-471.00,-35.00,-150.93
11:16:21.817725,-476.00,-38.00,-162.81
11:16:22.003823,-472.00,-49.00,-178.47
11:16:22.177506,-469.00,-40.00,167.42
11:16:22.295440,-469.00,-37.00,157.87
11:16:22.489455,-473.00,-40.00,143.88
11:16:22.663336,-474.00,-40.00,130.76
11:16:22.797786,-471.00,-40.00,119.14
11:16:22.984355,-469.00,-35.00,105.78
11:16:23.161154,-472.00,-39.00,92.97
11:16:23.309360,-479.00,-43.00,80.77
11:16:23.485697,-475.00,-43.00,74.32
11:16:23.655050,-476.00,-44.00,69.43
11:16:23.810242,-480.00,-43.00,68.15
11:16:24.010670,-496.00,-36.00,67.56
11:16:24.158543,-508.00,-28.00,67.49
11:16:24.353299,-527.00,-22.00,67.64
11:16:24.480275,-541.00,-16.00,67.52
11:16:24.671337,-559.00,-8.00,67.53
11:16:24.826433,-572.00,-4.00,67.96
11:16:25.016073,-588.00,3.00,67.77
11:16:25.170789,-603.00,5.00,68.11
11:16:25.348839,-617.00,10.00,68.12
11:16:25.470793,-628.00,14.00,68.02
11:16:25.663151,-638.00,20.00,68.54
11:16:25.828887,-629.00,18.00,68.23
11:16:26.002081,-622.00,12.00,70.30
11:16:26.152628,-617.00,12.00,76.63
11:16:26.313977,-618.00,14.00,81.09
11:16:26.512317,-621.00,14.00,85.86
11:16:26.647032,-633.00,9.00,87.58
11:16:26.780660,-643.00,9.00,87.94
11:16:26.996385,-648.00,10.00,87.97
11:16:27.124987,-638.00,12.00,87.83
11:16:27.343315,-631.00,8.00,93.59
11:16:27.453420,-629.00,7.00,102.06
11:16:27.644968,-627.00,9.00,118.22
11:16:27.807173,-625.00,11.00,129.79
11:16:27.958489,-619.00,8.00,142.07
11:16:28.118499,-623.00,14.00,153.50
11:16:28.307261,-622.00,19.00,168.84
11:16:28.478452,-623.00,17.00,181.68
11:16:28.657296,-620.00,19.00,-164.37
11:16:28.833977,-619.00,14.00,-150.91
11:16:28.936115,-623.00,19.00,-143.52
11:16:29.156273,-626.00,20.00,-125.91
11:16:29.317785,-621.00,16.00,-113.95
11:16:29.465564,-625.00,17.00,-106.18
11:16:29.664969,-621.00,17.00,-100.66
11:16:29.824506,-615.00,16.00,-97.47
11:16:29.981175,-604.00,18.00,-97.08
11:16:30.139518,-584.00,11.00,-96.86
11:16:30.310286,-556.00,8.00,-96.94
11:16:30.477001,-518.00,8.00,-96.90
11:16:30.646603,-474.00,0.00,-96.51
11:16:30.809322,-430.00,-4.00,-96.45
11:16:30.992416,-371.00,-12.00,-96.62
11:16:31.138980,-321.00,-17.00,-96.77
11:16:31.291534,-271.00,-22.00,-96.46
11:16:31.455687,-217.00,-26.00,-96.34
11:16:31.642822,-160.00,-30.00,-96.80
11:16:31.799237,-104.00,-35.00,-96.90
11:16:31.982129,-43.00,-43.00,-96.37
11:16:32.154156,9.00,-46.00,-96.48
11:16:32.295715,53.00,-49.00,-96.99
11:16:32.475935,117.00,-52.00,-97.07
11:16:32.637543,162.00,-53.00,-96.89
11:16:32.789464,209.00,-57.00,-96.92
11:16:32.968904,266.00,-62.00,-97.36
11:16:33.133978,326.00,-67.00,-97.32
11:16:33.287545,374.00,-71.00,-96.97
11:16:33.456820,430.00,-75.00,-96.80
11:16:33.612411,452.00,-77.00,-97.37
11:16:33.786717,480.00,-80.00,-97.49
11:16:33.960026,504.00,-83.00,-97.58
11:16:34.124027,540.00,-88.00,-97.45
11:16:34.303930,582.00,-91.00,-97.16
11:16:34.450585,622.00,-96.00,-97.11
11:16:34.624495,681.00,-101.00,-97.38
11:16:34.794018,728.00,-108.00,-97.74
11:16:34.951545,783.00,-114.00,-97.47
11:16:35.094769,824.00,-118.00,-97.36
11:16:35.279166,857.00,-121.00,-97.16
11:16:35.463624,879.00,-122.00,-97.15
11:16:35.623759,883.00,-123.00,-97.98
11:16:35.786554,873.00,-121.00,-97.28
11:16:35.957239,868.00,-119.00,-92.83
11:16:36.118480,866.00,-121.00,-84.65
11:16:36.303836,860.00,-119.00,-77.81
11:16:36.474238,859.00,-120.00,-73.88
11:16:36.655536,867.00,-116.00,-71.36
11:16:36.775496,880.00,-113.00,-70.69
11:16:36.963852,906.00,-105.00,-70.69
11:16:37.130920,940.00,-94.00,-71.04
11:16:37.297861,977.00,-80.00,-71.37
11:16:37.440448,1012.00,-67.00,-71.25
11:16:37.610469,1059.00,-51.00,-70.91
11:16:37.798544,1120.00,-28.00,-70.92
11:16:37.945457,1168.00,-15.00,-71.10
11:16:38.100805,1189.00,-7.00,-71.07
11:16:38.297080,1212.00,2.00,-70.83
11:16:38.462419,1227.00,8.00,-71.01
11:16:38.622833,1243.00,14.00,-70.80
11:16:38.801622,1259.00,20.00,-70.81
11:16:38.957585,1272.00,26.00,-70.90
11:16:39.130910,1272.00,25.00,-70.77
11:16:39.294443,1261.00,22.00,-70.98
11:16:39.466403,1256.00,19.00,-64.36
11:16:39.634680,1257.00,16.00,-50.96
11:16:39.788275,1256.00,14.00,-39.02
11:16:39.960986,1253.00,15.00,-25.63
11:16:40.128612,1249.00,15.00,-11.57
11:16:40.310077,1249.00,16.00,-358.08
11:16:40.460368,1252.00,12.00,12.99
11:16:40.636250,1253.00,14.00,26.51
11:16:40.808473,1250.00,14.00,40.66
11:16:40.999343,1250.00,18.00,56.12
11:16:41.126629,1257.00,15.00,64.84
11:16:41.304984,1259.00,12.00,79.02
11:16:41.472880,1257.00,13.00,92.33
11:16:41.642477,1255.00,16.00,101.77
11:16:41.794454,1251.00,15.00,105.39
11:16:41.995437,1243.00,14.00,109.56
11:16:42.106284,1241.00,11.00,110.43
11:16:42.302115,1218.00,2.00,110.80
11:16:42.465386,1198.00,-7.00,110.90
11:16:42.624126,1179.00,-17.00,110.74
11:16:42.764283,1167.00,-22.00,110.92
11:16:42.950588,1138.00,-33.00,111.13
11:16:43.127610,1106.00,-45.00,111.28
11:16:43.290952,1073.00,-58.00,111.16
11:16:43.453166,1027.00,-76.00,110.94
11:16:43.626066,983.00,-94.00,112.79
11:16:43.761467,982.00,-91.00,114.93
11:16:43.977914,999.00,-82.00,112.33
11:16:44.113740,1007.00,-78.00,111.49
11:16:44.318125,1009.00,-80.00,97.67
11:16:44.433930,1010.00,-81.00,87.23
11:16:44.644945,1017.00,-79.00,72.09
11:16:44.797785,1019.00,-78.00,59.10
11:16:44.967440,1019.00,-76.00,47.02
11:16:45.123687,1014.00,-77.00,33.87
11:16:45.302104,1011.00,-81.00,19.66
11:16:45.471230,1010.00,-79.00,7.79
11:16:45.642724,1008.00,-76.00,354.89
11:16:45.781436,1010.00,-78.00,-10.62
11:16:45.972290,1009.00,-75.00,-15.45
11:16:46.123275,1011.00,-71.00,-16.75
11:16:46.287298,1016.00,-59.00,-17.13
11:16:46.439640,1021.00,-45.00,-17.52
11:16:46.647588,1018.00,-54.00,-17.14
11:16:46.762017,1016.00,-60.00,-17.10
11:16:46.967300,1012.00,-66.00,-6.67
11:16:47.119237,1013.00,-66.00,-354.88
11:16:47.296800,1015.00,-70.00,17.98
11:16:47.444434,1013.00,-68.00,20.91
11:16:47.646354,1014.00,-62.00,25.72
11:16:47.766252,1013.00,-56.00,26.41
11:16:47.960754,1011.00,-51.00,26.21
11:16:48.111294,1013.00,-61.00,26.54
11:16:48.305327,1019.00,-65.00,20.20
11:16:48.427798,1017.00,-69.00,10.56
11:16:48.632498,1015.00,-72.00,354.47
11:16:48.817441,1014.00,-71.00,-18.48
11:16:48.941251,1015.00,-69.00,-28.32
11:16:49.147529,1016.00,-69.00,-44.87
11:16:49.297673,1021.00,-69.00,-56.79
11:16:49.475169,1025.00,-70.00,-70.27
11:16:49.647722,1026.00,-70.00,-79.11
11:16:49.805155,1024.00,-69.00,-83.30
11:16:49.987995,1028.00,-67.00,-85.82
11:16:50.107648,1039.00,-67.00,-86.64
11:16:50.293308,1064.00,-67.00,-87.08
11:16:50.454373,1089.00,-64.00,-87.16
11:16:50.626847,1126.00,-63.00,-87.08
11:16:50.785122,1163.00,-64.00,-86.82
11:16:50.963547,1213.00,-61.00,-86.77
11:16:51.131284,1273.00,-57.00,-87.11
11:16:51.284799,1318.00,-49.00,-86.75
11:16:51.428392,1368.00,-44.00,-86.54
11:16:51.636603,1432.00,-38.00,-86.58
11:16:51.790707,1483.00,-32.00,-86.75
11:16:51.953820,1539.00,-28.00,-86.75
11:16:52.123512,1592.00,-24.00,-86.53
11:16:52.313863,1599.00,-25.00,-84.56
11:16:52.446301,1609.00,-21.00,-78.60
11:16:52.646957,1610.00,-24.00,-69.00
11:16:52.806341,1610.00,-28.00,-61.90
11:16:52.978345,1614.00,-27.00,-53.30
11:16:53.123621,1615.00,-23.00,-45.74
11:16:53.324874,1631.00,-10.00,-41.52
11:16:53.449509,1640.00,2.00,-40.38
11:16:53.613276,1655.00,18.00,-39.50
11:16:53.780349,1668.00,37.00,-38.83
11:16:53.971030,1687.00,59.00,-38.14
11:16:54.135313,1697.00,76.00,-37.44
11:16:54.295542,1709.00,92.00,-36.78
11:16:54.474802,1724.00,115.00,-35.74
11:16:54.628675,1734.00,134.00,-34.93
11:16:54.792541,1746.00,150.00,-34.14
11:16:54.967242,1757.00,169.00,-33.15
11:16:55.128093,1770.00,189.00,-32.10
11:16:55.295581,1781.00,208.00,-31.28
11:16:55.458504,1791.00,229.00,-30.33
11:16:55.645714,1804.00,250.00,-29.58
11:16:55.779336,1813.00,270.00,-28.77
11:16:55.969341,1824.00,290.00,-27.96
11:16:56.140003,1835.00,313.00,-27.22
11:16:56.311513,1846.00,333.00,-26.29
11:16:56.445983,1854.00,349.00,-25.69
11:16:56.655040,1858.00,356.00,-30.25
11:16:56.793296,1860.00,360.00,-36.70
11:16:56.972661,1858.00,361.00,-46.29
11:16:57.152329,1860.00,360.00,-54.52
11:16:57.321717,1860.00,355.00,-61.85
11:16:57.486728,1864.00,357.00,-70.94
11:16:57.671813,1864.00,359.00,-80.49
11:16:57.806324,1864.00,360.00,-86.36
11:16:57.986944,1864.00,362.00,-94.89
11:16:58.176612,1862.00,363.00,-104.84
11:16:58.322466,1861.00,363.00,-111.94
11:16:58.500023,1862.00,357.00,-118.18
11:16:58.686568,1865.00,359.00,-122.71
11:16:58.788118,1867.00,361.00,-125.29
11:16:59.012823,1882.00,350.00,-128.64
11:16:59.124732,1893.00,341.00,-128.06
11:16:59.315670,1912.00,327.00,-126.39
11:16:59.502071,1935.00,312.00,-124.71
11:16:59.655498,1954.00,301.00,-123.50
11:16:59.795429,1960.00,299.00,-121.08
11:16:59.972683,1963.00,296.00,-113.16
11:17:00.141242,1964.00,292.00,-106.97
11:17:00.332588,1966.00,289.00,-98.78
11:17:00.483371,1966.00,292.00,-92.88
11:17:00.652459,1966.00,293.00,-85.81
11:17:00.815483,1972.00,294.00,-80.00
11:17:00.978564,1974.00,293.00,-72.77
11:17:01.133587,1978.00,294.00,-66.32
11:17:01.316984,1980.00,296.00,-59.41
11:17:01.496889,1980.00,294.00,-49.63
11:17:01.653017,1979.00,292.00,-42.19
11:17:01.813933,1978.00,294.00,-34.71
11:17:02.001258,1980.00,302.00,-26.27
11:17:02.115272,1984.00,306.00,-23.83
11:17:02.292639,1989.00,321.00,-20.63
11:17:02.441431,1994.00,334.00,-18.36
11:17:02.654059,2001.00,353.00,-14.42
11:17:02.794068,2003.00,367.00,-12.38
11:17:02.982779,2007.00,389.00,-9.71
11:17:03.124019,2008.00,400.00,-8.23
11:17:03.330490,2011.00,422.00,-6.20
11:17:03.469578,2013.00,436.00,-5.18
11:17:03.649098,2015.00,456.00,-3.14
11:17:03.807991,2014.00,470.00,-1.92
11:17:03.964941,2013.00,485.00,-0.51
11:17:04.169293,2012.00,505.00,-0.24
11:17:04.306615,2012.00,520.00,-0.48
11:17:04.487571,2010.00,538.00,-0.60
11:17:04.643450,2010.00,553.00,-0.81
11:17:04.795743,2011.00,570.00,-0.90
11:17:04.971153,2011.00,587.00,-0.96
11:17:05.178895,2011.00,608.00,-0.60
11:17:05.297413,2009.00,620.00,-1.09
11:17:05.430996,2009.00,610.00,-1.25
11:17:05.646239,2010.00,609.00,-1.34
11:17:05.950695,2009.00,607.00,-1.33
11:17:06.168617,2009.00,606.00,-1.43
11:17:06.364140,2010.00,606.00,-1.41
11:17:06.633548,2009.00,607.00,-1.48
11:18:45.335005,2009.00,482.00,-1.11
11:18:45.410362,2011.00,475.00,-1.26
11:18:45.553373,2011.00,457.00,-1.28
11:18:45.748929,2010.00,435.00,-1.47
11:18:45.894358,2011.00,417.00,-1.30
11:18:46.092306,2011.00,394.00,-1.51
11:18:46.251179,2011.00,375.00,-1.34
11:18:46.414489,2011.00,355.00,-1.24
11:18:46.571027,2011.00,337.00,-1.26
11:18:46.739571,2013.00,315.00,-1.08
11:18:46.917398,2013.00,296.00,-1.13
11:18:47.108532,2014.00,271.00,-1.25
11:18:47.238790,2014.00,257.00,-1.47
11:18:47.423364,2014.00,236.00,-1.50
11:18:47.557828,2014.00,218.00,-1.58
11:18:47.744671,2015.00,196.00,-1.52
11:18:47.909165,2015.00,176.00,-1.54
11:18:48.066610,2015.00,159.00,-1.45
11:18:48.229334,2014.00,136.00,-1.38
11:18:48.430835,2014.00,113.00,-1.20
11:18:48.548329,2015.00,101.00,-1.20
11:18:48.743132,2016.00,77.00,-1.15
11:18:48.904994,2015.00,57.00,-1.30
11:18:49.086864,2016.00,35.00,-1.54
11:18:49.232178,2014.00,21.00,-1.71
11:18:49.415175,2015.00,20.00,-1.22
11:18:49.574694,2015.00,21.00,-1.28
11:18:49.727142,2016.00,21.00,-1.30
11:45:28.786957,1806.00,-38.00,-52.80
11:45:28.956171,1823.00,-27.00,-52.99
11:45:29.115353,1837.00,-15.00,-52.21
11:45:29.278769,1840.00,-11.00,-47.57
11:45:29.451668,1842.00,-6.00,-40.60
11:45:29.612640,1857.00,17.00,-36.08
11:45:29.758160,1866.00,35.00,-34.88
11:45:29.957687,1875.00,47.00,-37.13
11:45:30.115135,1876.00,49.00,-43.47
11:45:30.295325,1878.00,40.00,-51.72
11:45:30.440986,1880.00,37.00,-59.18
11:45:30.649403,1878.00,41.00,-68.54
11:45:30.764313,1877.00,41.00,-74.49
11:45:30.959854,1876.00,42.00,-84.37
11:45:31.102133,1875.00,43.00,-90.80
11:45:31.289908,1877.00,46.00,-100.82
11:45:31.448840,1880.00,47.00,-107.92
11:45:31.620797,1881.00,41.00,-116.41
11:45:31.816634,1879.00,39.00,-124.66
11:45:31.943708,1876.00,40.00,-128.62
11:45:32.100569,1875.00,41.00,-132.46
11:45:32.278151,1880.00,35.00,-137.73
11:45:32.436724,1892.00,23.00,-138.52
11:45:32.606668,1907.00,7.00,-137.12
11:45:32.776531,1922.00,-8.00,-135.84
11:45:32.948395,1939.00,-25.00,-134.20
11:45:33.081459,1953.00,-39.00,-133.26
11:45:33.263906,1969.00,-56.00,-131.62
11:45:33.410914,1984.00,-69.00,-130.53
11:45:33.604835,2008.00,-84.00,-128.85
11:45:33.764662,2025.00,-96.00,-127.47
11:45:33.941998,2037.00,-109.00,-126.02
11:45:34.115379,2040.00,-113.00,-119.83
11:45:34.278395,2040.00,-111.00,-111.43
11:45:34.464043,2046.00,-110.00,-102.75
11:45:34.604874,2051.00,-112.00,-96.44
11:45:34.773171,2054.00,-111.00,-90.36
11:45:34.939005,2061.00,-110.00,-83.48
11:45:35.135951,2063.00,-106.00,-75.07
11:45:35.300096,2063.00,-109.00,-68.96
11:45:35.415127,2059.00,-109.00,-64.16
11:45:35.617264,2059.00,-112.00,-56.32
11:45:35.767452,2067.00,-108.00,-50.12
11:45:35.953493,2070.00,-105.00,-41.86
11:45:36.102646,2071.00,-107.00,-35.98
11:45:36.275429,2071.00,-105.00,-27.65
11:45:36.477027,2072.00,-102.00,-18.10
11:45:36.578387,2071.00,-105.00,-11.86
11:45:36.777032,2066.00,-104.00,-3.70
11:45:36.931679,2065.00,-98.00,4.82
11:45:37.109366,2067.00,-84.00,9.31
11:45:37.246790,2067.00,-76.00,11.08
11:45:37.446106,2064.00,-56.00,9.28
11:45:37.578749,2060.00,-40.00,8.03
11:45:37.791011,2057.00,-22.00,6.36
11:45:37.932077,2056.00,-8.00,5.30
11:45:38.098754,2053.00,6.00,5.45
11:45:38.273641,2050.00,23.00,5.21
11:45:38.426309,2047.00,38.00,5.14
11:45:38.609632,2047.00,59.00,5.06
11:45:38.767820,2046.00,74.00,5.13
11:45:38.949251,2044.00,92.00,5.04
11:45:39.111160,2042.00,110.00,5.14
11:45:39.289175,2040.00,127.00,5.24
11:45:39.452667,2038.00,142.00,5.36
11:45:39.619522,2037.00,160.00,5.57
11:45:39.777096,2035.00,175.00,5.53
11:45:39.941396,2034.00,191.00,5.58
11:45:40.125437,2033.00,209.00,4.40
11:45:40.283723,2031.00,225.00,4.47
11:45:40.456974,2030.00,243.00,3.05
11:45:40.595268,2029.00,256.00,3.05
11:45:40.787606,2028.00,275.00,3.00
11:45:40.931838,2026.00,291.00,2.93
11:45:41.108358,2024.00,310.00,2.90
11:45:41.285677,2023.00,327.00,3.08
11:45:41.457134,2021.00,343.00,3.07
11:45:41.606065,2020.00,359.00,3.29
11:45:41.786303,2019.00,376.00,2.29
11:45:41.952407,2018.00,390.00,2.43
11:45:42.103142,2017.00,405.00,2.41
11:45:42.273058,2015.00,423.00,2.34
11:45:42.448951,2012.00,440.00,2.29
11:45:42.616030,2010.00,457.00,2.29
11:45:42.766891,2010.00,471.00,2.14
11:45:42.931733,2008.00,490.00,2.25
11:45:43.125396,2007.00,508.00,1.99
11:45:43.247587,2005.00,520.00,1.96
11:45:43.449631,2004.00,541.00,1.35
11:45:43.622067,2002.00,560.00,1.23
11:45:43.788305,2001.00,576.00,1.47
11:45:43.934031,1999.00,591.00,1.42
11:45:44.120594,1998.00,607.00,1.87
11:45:44.288317,1998.00,604.00,1.69
11:45:44.418511,2001.00,601.00,1.37
11:45:44.625277,2001.00,599.00,1.13
11:45:44.792979,2002.00,601.00,1.25
11:45:44.918588,2002.00,599.00,1.16
11:45:45.110817,2001.00,595.00,1.19
11:45:45.277060,2002.00,585.00,1.26
11:45:45.437516,2000.00,585.00,1.35
11:45:45.628048,2000.00,571.00,1.46
11:45:45.767028,1999.00,557.00,1.44
11:45:45.946161,2002.00,541.00,1.52
11:45:46.101931,2004.00,526.00,1.47
11:45:46.250022,2004.00,511.00,1.46
11:45:46.460140,2007.00,489.00,1.44
11:45:46.600889,2009.00,476.00,1.48
11:45:46.771540,2010.00,456.00,1.55
11:45:46.949913,2011.00,438.00,1.52
11:45:47.114739,2012.00,422.00,1.51
11:45:47.292419,2013.00,406.00,1.28
11:45:47.463706,2014.00,386.00,1.14
11:45:47.626916,2016.00,371.00,1.08
11:45:47.755671,2017.00,356.00,1.06
11:45:47.956575,2018.00,337.00,1.09
11:45:48.104169,2019.00,322.00,1.05
11:45:48.293105,2019.00,304.00,1.06
11:45:48.461901,2020.00,287.00,0.99
11:45:48.605485,2021.00,271.00,0.98
11:45:48.798550,2022.00,254.00,0.93
11:45:48.923288,2023.00,241.00,1.08
11:45:49.122611,2026.00,222.00,1.24
11:45:49.271378,2026.00,207.00,1.34
11:45:49.461491,2026.00,187.00,1.08
11:45:49.586393,2026.00,175.00,1.10
11:45:49.785019,2026.00,155.00,0.78
11:45:49.960341,2027.00,137.00,0.87
11:45:50.105465,2029.00,123.00,0.84
11:45:50.286886,2028.00,106.00,0.83
11:45:50.463511,2028.00,88.00,0.92
11:45:50.589747,2028.00,75.00,0.86
11:45:50.777540,2028.00,57.00,0.94
11:45:50.932317,2029.00,41.00,0.98
11:45:51.109925,2030.00,23.00,1.11
11:45:51.282335,2032.00,20.00,0.66
11:45:51.448983,2032.00,30.00,0.27
11:45:51.632036,2030.00,46.00,0.11
11:45:51.778065,2030.00,59.00,-0.01
11:45:51.923368,2029.00,74.00,-0.11
11:45:52.103364,2030.00,92.00,-0.18
11:45:52.246503,2028.00,106.00,0.16
11:45:52.423337,2029.00,124.00,0.27
11:45:52.589092,2028.00,140.00,0.58
11:45:52.764236,2029.00,157.00,0.39
11:45:52.925716,2029.00,172.00,0.67
11:45:53.109500,2029.00,193.00,0.65
11:45:53.302386,2028.00,208.00,0.61
11:45:53.426074,2028.00,221.00,0.57
11:45:53.568575,2028.00,237.00,0.53
11:45:53.789757,2027.00,260.00,0.45
11:45:53.970348,2026.00,278.00,0.34
11:45:54.096906,2025.00,289.00,0.26
11:45:54.290251,2024.00,310.00,0.19
11:45:54.481825,2024.00,330.00,0.32
11:45:54.609836,2022.00,342.00,0.27
11:45:54.759624,2022.00,356.00,0.58
11:45:54.942111,2022.00,374.00,0.53
11:45:55.105823,2022.00,391.00,0.74
11:45:55.267030,2020.00,407.00,0.62
11:45:55.443627,2019.00,424.00,0.72
11:45:55.630895,2018.00,444.00,0.59
11:45:55.776834,2018.00,456.00,0.58
11:45:55.958891,2016.00,476.00,0.43
11:45:56.118294,2016.00,491.00,0.40
11:45:56.263666,2014.00,506.00,0.42
11:45:56.425746,2015.00,523.00,0.29
11:45:56.625988,2013.00,543.00,0.52
11:45:56.802258,2011.00,558.00,0.73
11:45:56.926717,2008.00,572.00,0.86
11:45:57.103967,2007.00,593.00,0.93
11:45:57.296903,2006.00,608.00,1.16
11:45:57.414499,2006.00,604.00,0.91
11:45:57.616835,2009.00,602.00,0.46
11:45:57.778113,2011.00,599.00,0.39
11:45:57.970384,2011.00,600.00,0.41
11:45:58.070982,2010.00,600.00,0.38
11:45:58.278594,2010.00,596.00,0.46
11:45:58.444938,2009.00,586.00,0.66
11:45:58.607839,2007.00,583.00,0.53
11:45:58.789978,2008.00,570.00,0.66
11:45:58.952353,2008.00,556.00,1.02
11:45:59.130990,2011.00,536.00,0.65
11:45:59.274358,2011.00,522.00,0.55
11:45:59.446854,2013.00,505.00,0.35
11:45:59.622125,2015.00,487.00,0.47
11:45:59.792564,2015.00,469.00,0.39
11:45:59.940518,2017.00,454.00,0.45
11:46:00.110661,2017.00,435.00,0.53
11:46:00.264837,2018.00,421.00,0.63
11:46:00.413745,2019.00,406.00,0.47
11:46:00.598078,2020.00,389.00,0.34
11:46:00.772101,2021.00,370.00,0.17
11:46:00.945590,2022.00,355.00,0.34
11:46:01.107733,2022.00,336.00,0.21
11:46:01.298568,2024.00,320.00,0.16
11:46:01.412151,2024.00,306.00,0.20
11:46:01.604022,2024.00,289.00,0.20
11:46:01.769523,2025.00,272.00,0.30
11:46:01.947979,2026.00,256.00,0.22
11:46:02.111554,2026.00,236.00,0.38
11:46:02.267702,2026.00,220.00,0.37
11:46:02.461863,2028.00,201.00,0.40
11:46:02.597090,2027.00,191.00,0.29
11:46:02.782325,2028.00,170.00,0.20
11:46:02.940397,2028.00,156.00,0.06
11:46:03.110438,2030.00,137.00,0.15
11:46:03.265627,2030.00,123.00,0.00
11:46:03.447937,2030.00,106.00,0.02
11:46:03.599558,2030.00,90.00,0.19
11:46:03.776010,2030.00,73.00,0.05
11:46:03.944766,2029.00,56.00,0.09
11:46:04.093786,2030.00,41.00,0.16
11:46:04.294665,2030.00,21.00,0.28
11:46:04.433919,2032.00,22.00,-0.22
11:46:04.628580,2032.00,31.00,-0.58
11:46:04.758939,2031.00,44.00,-0.74
11:46:04.912799,2030.00,58.00,-0.93
11:46:05.118765,2030.00,78.00,-1.03
11:46:05.275066,2031.00,94.00,-1.03
11:46:05.444491,2031.00,110.00,-0.66
11:46:05.641522,2031.00,129.00,-0.65
11:46:05.763509,2032.00,142.00,-0.44
11:46:05.951469,2032.00,159.00,-0.48
11:46:06.077951,2032.00,171.00,-0.23
11:46:06.269915,2031.00,190.00,-0.39
11:46:06.420796,2032.00,205.00,-0.34
11:46:06.631705,2031.00,228.00,-0.43
11:46:06.788669,2030.00,244.00,-0.55
11:46:06.932309,2031.00,260.00,-0.63
11:46:07.085331,2029.00,273.00,-0.27
11:46:07.271842,2029.00,292.00,0.26
11:46:07.475796,2029.00,312.00,0.19
11:46:07.592401,2028.00,325.00,0.27
11:46:07.766284,2028.00,341.00,0.45
11:46:07.956648,2027.00,362.00,0.63
11:46:08.099364,2026.00,373.00,0.58
11:46:08.288334,2026.00,392.00,0.85
11:46:08.442448,2024.00,408.00,0.76
11:46:08.611516,2023.00,425.00,0.87
11:46:08.771366,2022.00,441.00,0.77
11:46:08.945734,2021.00,456.00,0.55
11:46:09.095034,2019.00,472.00,0.73
11:46:09.284435,2018.00,492.00,0.56
11:46:09.451228,2019.00,506.00,0.54
11:46:09.621006,2018.00,526.00,0.52
11:46:09.788725,2016.00,544.00,0.64
11:46:09.960011,2014.00,562.00,0.88
11:46:10.133260,2013.00,579.00,0.93
11:46:10.268992,2013.00,592.00,0.96
11:46:10.469619,2010.00,612.00,1.46
11:46:10.606058,2011.00,607.00,1.09
11:46:10.782300,2013.00,602.00,0.76
11:46:10.947777,2012.00,600.00,0.65
11:46:11.259368,2014.00,600.00,0.61
11:46:11.484367,2013.00,592.00,0.84
11:46:11.728368,2015.00,572.00,0.48
11:46:11.889569,2014.00,572.00,0.80
11:46:11.964625,2013.00,569.00,0.92
11:46:12.117305,2013.00,554.00,0.91
11:46:12.293599,2014.00,536.00,0.82
11:46:12.437944,2015.00,522.00,0.68
11:46:12.620146,2017.00,503.00,0.54
11:46:12.793546,2018.00,485.00,0.67
11:46:12.947319,2020.00,470.00,0.66
11:46:13.107389,2021.00,452.00,0.75
11:46:13.273483,2022.00,437.00,0.76
11:46:13.452270,2022.00,421.00,0.76
11:46:13.600747,2024.00,406.00,0.63
11:46:13.771955,2024.00,387.00,0.59
11:46:13.954321,2025.00,370.00,0.48
11:46:14.101109,2026.00,356.00,0.52
11:46:14.274267,2028.00,338.00,0.39
11:46:14.423858,2028.00,323.00,0.27
11:46:14.639966,2029.00,301.00,0.35
11:46:14.767303,2028.00,288.00,0.23
11:46:14.946612,2030.00,271.00,0.36
11:46:15.123616,2031.00,252.00,0.37
11:46:15.277328,2031.00,237.00,0.54
11:46:15.455289,2032.00,216.00,0.62
11:46:15.630137,2034.00,202.00,0.70
11:46:15.763475,2034.00,188.00,0.54
11:46:15.953413,2034.00,170.00,0.42
11:46:16.092573,2034.00,156.00,0.16
11:46:16.289075,2034.00,135.00,0.19
11:46:16.457959,2035.00,118.00,0.12
11:46:16.601416,2035.00,106.00,0.11
11:46:16.796612,2036.00,88.00,0.36
11:46:16.912238,2034.00,74.00,0.16
11:46:17.093879,2035.00,57.00,0.22
11:46:17.272182,2034.00,38.00,0.16
11:46:17.439891,2035.00,23.00,0.44
11:46:17.583730,2036.00,20.00,-0.07
11:46:17.756588,2035.00,30.00,-0.30
11:46:17.940965,2037.00,46.00,-0.43
11:46:18.102232,2036.00,60.00,-0.53
11:46:18.271616,2035.00,78.00,-0.58
11:46:18.438890,2035.00,95.00,-0.74
11:46:18.598690,2035.00,109.00,-0.45
11:46:18.791270,2035.00,128.00,-0.39
11:46:18.959406,2036.00,146.00,-0.08
11:46:19.097379,2036.00,158.00,-0.23
11:46:19.272864,2036.00,175.00,0.11
11:46:19.452117,2035.00,192.00,-0.03
11:46:19.605736,2035.00,210.00,0.11
11:46:19.793870,2035.00,226.00,-0.13
11:46:19.922375,2035.00,240.00,-0.11
11:46:20.130093,2034.00,261.00,-0.33
11:46:20.249816,2033.00,272.00,-0.39
11:46:20.456776,2034.00,296.00,0.57
11:46:20.603955,2034.00,309.00,0.68
11:46:20.782269,2032.00,328.00,0.83
11:46:20.924675,2031.00,340.00,0.86
11:46:21.133996,2030.00,363.00,1.29
11:46:21.257704,2029.00,375.00,1.11
11:46:21.470885,2029.00,394.00,1.36
11:46:21.629748,2027.00,410.00,1.22
11:46:21.771045,2026.00,424.00,1.22
11:46:21.944404,2025.00,441.00,1.15
11:46:22.113380,2024.00,459.00,0.94
11:46:22.294476,2023.00,477.00,0.81
11:46:22.442127,2022.00,491.00,0.90
11:46:22.614630,2020.00,510.00,0.90
11:46:22.783700,2020.00,528.00,0.76
11:46:22.955365,2017.00,542.00,1.03
11:46:23.109514,2017.00,560.00,1.29
11:46:23.266469,2015.00,575.00,1.49
11:46:23.459903,2012.00,595.00,1.70
11:46:23.603516,2012.00,607.00,2.03
11:46:23.784885,2014.00,604.00,1.74
11:46:23.981269,2015.00,603.00,1.38
11:46:24.203568,2015.00,602.00,1.35
11:46:24.415277,2016.00,601.00,1.31
11:46:24.667114,2017.00,600.00,1.29
11:46:24.888957,2015.00,600.00,1.24
11:46:25.094044,2016.00,601.00,1.28
