07:26:22.336937,-4592.00,-1176.00,-110.40
07:26:22.519760,-4588.00,-1177.00,-110.40
07:26:22.664393,-4585.00,-1178.00,-110.39
07:26:22.861814,-4582.00,-1179.00,-110.38
07:26:22.990195,-4580.00,-1180.00,-110.38
07:26:23.228161,-4578.00,-1181.00,-110.37
07:26:23.333946,-4575.00,-1181.00,-110.36
07:26:23.514410,-4573.00,-1182.00,-110.34
07:26:23.660738,-4572.00,-1182.00,-110.33
07:26:23.813318,-4570.00,-1183.00,-110.32
07:26:23.995061,-4569.00,-1183.00,-108.49
07:26:24.174888,-4579.00,-1181.00,-105.99
07:26:24.339146,-4591.00,-1177.00,-109.51
07:26:24.499161,-4594.00,-1176.00,-108.36
07:26:24.661151,-4602.00,-1174.00,-106.65
07:26:24.829921,-4610.00,-1171.00,-110.16
07:26:24.984629,-4611.00,-1170.00,-106.14
07:26:25.159633,-4622.00,-1168.00,-107.89
07:26:25.329793,-4582.00,-1180.00,-109.16
07:26:25.497627,-4592.00,-1177.00,-107.00
07:26:25.653519,-4601.00,-1174.00,-110.29
07:26:25.829958,-4602.00,-1173.00,-106.41
07:26:25.980875,-4611.00,-1171.00,-107.82
07:26:26.160725,-4618.00,-1169.00,-109.92
07:26:26.386586,-4627.00,-1166.00,-107.64
07:26:26.489917,-4585.00,-1182.00,-109.93
07:26:26.678282,-4589.00,-1180.00,-106.36
07:26:26.841256,-4599.00,-1177.00,-107.81
07:26:26.985097,-4606.00,-1175.00,-110.33
07:26:27.156126,-4610.00,-1173.00,-106.21
07:26:27.334319,-4621.00,-1170.00,-109.87
07:26:27.523962,-4620.00,-1169.00,-107.07
07:26:27.680549,-4588.00,-1180.00,-106.91
07:26:27.834664,-4595.00,-1177.00,-109.82
07:26:28.024057,-4601.00,-1176.00,-104.81
07:26:28.192080,-4611.00,-1173.00,-107.84
07:26:28.356798,-4614.00,-1172.00,-107.38
07:26:28.514050,-4620.00,-1170.00,-106.13
07:26:28.654063,-4584.00,-1182.00,-109.97
07:26:28.837204,-4589.00,-1180.00,-106.29
07:26:29.002425,-4603.00,-1175.00,-109.10
07:26:29.182626,-4605.00,-1174.00,-107.72
07:26:29.346053,-4612.00,-1173.00,-106.40
07:26:29.508770,-4620.00,-1170.00,-109.63
07:26:29.674746,-4623.00,-1168.00,-105.74
07:26:29.832958,-4588.00,-1182.00,-108.68
07:26:29.993937,-4591.00,-1181.00,-107.72
07:26:30.195389,-4604.00,-1177.00,-107.82
07:26:30.347368,-4609.00,-1175.00,-109.51
07:26:30.494570,-4610.00,-1175.00,-105.05
07:26:30.690534,-4624.00,-1171.00,-108.38
07:26:30.826614,-4626.00,-1170.00,-109.34
07:26:31.001221,-4589.00,-1180.00,-105.73
07:26:31.161514,-4599.00,-1177.00,-109.00
07:26:31.357743,-4602.00,-1176.00,-105.47
07:26:31.520821,-4611.00,-1173.00,-106.24
07:26:31.672528,-4616.00,-1171.00,-109.23
07:26:31.838490,-4621.00,-1170.00,-105.45
07:26:32.006865,-4588.00,-1182.00,-109.33
07:26:32.156813,-4590.00,-1181.00,-107.17
07:26:32.349618,-4602.00,-1178.00,-106.56
07:26:32.501991,-4609.00,-1175.00,-109.43
07:26:32.672703,-4612.00,-1174.00,-105.67
07:26:32.831171,-4623.00,-1171.00,-108.72
07:26:33.020011,-4581.00,-1182.00,-107.33
07:26:33.165027,-4589.00,-1180.00,-105.53
07:26:33.380102,-4602.00,-1176.00,-108.93
07:26:33.498564,-4605.00,-1175.00,-105.72
07:26:33.651914,-4615.00,-1172.00,-108.18
07:26:33.829583,-4617.00,-1171.00,-107.84
07:26:34.031802,-4628.00,-1168.00,-107.67
07:26:34.164064,-4583.00,-1181.00,-108.78
07:26:34.341637,-4591.00,-1179.00,-105.19
07:26:34.518512,-4604.00,-1175.00,-109.21
07:26:34.719792,-4606.00,-1174.00,-105.42
07:26:34.832798,-4612.00,-1172.00,-105.70
07:26:35.024001,-4621.00,-1170.00,-108.76
07:26:35.176343,-4624.00,-1168.00,-105.29
07:26:35.345897,-4585.00,-1179.00,-108.01
07:26:35.516569,-4588.00,-1178.00,-106.33
07:26:35.686340,-4598.00,-1176.00,-105.31
07:26:35.822953,-4608.00,-1173.00,-108.33
07:26:35.995024,-4609.00,-1173.00,-107.11
07:26:36.216782,-4623.00,-1169.00,-107.61
07:26:36.340260,-4624.00,-1169.00,-108.68
07:26:36.506381,-4587.00,-1178.00,-105.56
07:26:36.679212,-4596.00,-1176.00,-108.44
07:26:36.843596,-4599.00,-1175.00,-104.31
07:26:37.009549,-4612.00,-1172.00,-107.26
07:26:37.170994,-4614.00,-1171.00,-107.76
07:26:37.353863,-4624.00,-1169.00,-106.40
07:26:37.496665,-4586.00,-1181.00,-109.36
07:26:37.669096,-4589.00,-1180.00,-105.29
07:26:37.821543,-4599.00,-1177.00,-106.11
07:26:38.010210,-4608.00,-1175.00,-107.94
07:26:38.175724,-4615.00,-1173.00,-106.20
07:26:38.355767,-4621.00,-1171.00,-107.96
07:26:38.493202,-4623.00,-1170.00,-105.28
07:26:38.676470,-4585.00,-1181.00,-108.57
07:26:38.857873,-4591.00,-1179.00,-104.25
07:26:38.999258,-4603.00,-1176.00,-107.26
07:26:39.161077,-4606.00,-1175.00,-107.78
07:26:39.362619,-4616.00,-1172.00,-106.56
07:26:39.497210,-4618.00,-1172.00,-108.24
07:26:39.675832,-4626.00,-1170.00,-106.16
07:26:39.854121,-4586.00,-1181.00,-107.84
07:26:40.036722,-4593.00,-1179.00,-104.41
07:26:40.161103,-4603.00,-1176.00,-107.14
07:26:40.338253,-4606.00,-1175.00,-106.88
07:26:40.531561,-4618.00,-1172.00,-106.90
07:26:40.657974,-4619.00,-1172.00,-107.52
07:26:40.816565,-4623.00,-1171.00,-105.26
07:26:41.010490,-4585.00,-1181.00,-107.80
07:26:41.180387,-4592.00,-1179.00,-104.23
07:26:41.328161,-4603.00,-1176.00,-107.57
07:26:41.532658,-4607.00,-1174.00,-105.36
07:26:41.656177,-4615.00,-1173.00,-106.37
07:26:41.867383,-4618.00,-1172.00,-105.83
07:26:42.011984,-4624.00,-1171.00,-104.60
07:26:42.178225,-4585.00,-1182.00,-108.45
07:26:42.359917,-4592.00,-1180.00,-104.68
07:26:42.519165,-4602.00,-1177.00,-107.25
07:26:42.673377,-4605.00,-1176.00,-107.42
07:26:42.852495,-4613.00,-1174.00,-104.41
07:26:43.003352,-4622.00,-1172.00,-107.80
07:26:43.194546,-4622.00,-1171.00,-104.79
07:26:43.336071,-4589.00,-1181.00,-106.00
07:26:43.534329,-4596.00,-1178.00,-106.08
07:26:43.677623,-4602.00,-1177.00,-103.24
07:26:43.843004,-4612.00,-1175.00,-106.71
07:26:43.994988,-4613.00,-1175.00,-105.75
07:26:44.177245,-4624.00,-1172.00,-105.93
07:26:44.339089,-4585.00,-1181.00,-107.75
07:26:44.520861,-4591.00,-1179.00,-103.05
07:26:44.651211,-4602.00,-1177.00,-106.06
07:26:44.882052,-4608.00,-1175.00,-104.35
07:26:45.005015,-4616.00,-1173.00,-105.19
07:26:45.179126,-4621.00,-1171.00,-107.34
07:26:45.340363,-4622.00,-1171.00,-102.97
07:26:45.511793,-4586.00,-1183.00,-105.45
07:26:45.678557,-4591.00,-1181.00,-105.13
07:26:45.861307,-4603.00,-1179.00,-104.67
07:26:45.985940,-4608.00,-1177.00,-107.41
07:26:46.179517,-4605.00,-1178.00,-104.65
07:26:46.349345,-4612.00,-1175.00,-107.15
07:26:46.524269,-4611.00,-1175.00,-104.77
07:26:46.672195,-4615.00,-1175.00,-102.69
07:26:46.855824,-4584.00,-1182.00,-107.29
07:26:47.039945,-4589.00,-1180.00,-103.28
07:26:47.169137,-4599.00,-1178.00,-104.88
07:26:47.333817,-4604.00,-1176.00,-106.22
07:26:47.552084,-4615.00,-1174.00,-103.84
07:26:47.661216,-4620.00,-1173.00,-106.16
07:26:47.863982,-4622.00,-1173.00,-103.57
07:26:47.989207,-4585.00,-1183.00,-103.68
07:26:48.193814,-4595.00,-1180.00,-105.72
07:26:48.326237,-4600.00,-1179.00,-102.01
07:26:48.517218,-4613.00,-1176.00,-105.82
07:26:48.680943,-4613.00,-1175.00,-104.00
07:26:48.861306,-4624.00,-1173.00,-104.47
07:26:48.986187,-4584.00,-1182.00,-107.07
07:26:49.192303,-4591.00,-1180.00,-102.25
07:26:49.316706,-4600.00,-1179.00,-104.89
07:26:49.506578,-4606.00,-1177.00,-104.69
07:26:49.656215,-4613.00,-1175.00,-103.55
07:26:49.852519,-4622.00,-1173.00,-106.56
07:26:50.010193,-4623.00,-1172.00,-102.25
07:26:50.189752,-4633.00,-1170.00,-105.16
07:26:50.322716,-4584.00,-1182.00,-106.41
07:26:50.499382,-4591.00,-1181.00,-102.73
07:26:50.701566,-4604.00,-1177.00,-106.40
07:26:50.837220,-4604.00,-1177.00,-102.55
07:26:51.021023,-4616.00,-1174.00,-104.35
07:26:51.185827,-4620.00,-1173.00,-105.12
07:26:51.340795,-4624.00,-1173.00,-102.45
07:26:51.515292,-4583.00,-1183.00,-106.41
07:26:51.662601,-4586.00,-1182.00,-103.35
07:26:51.843030,-4598.00,-1180.00,-103.76
07:26:52.003835,-4606.00,-1177.00,-105.84
07:26:52.185981,-4611.00,-1176.00,-102.29
07:26:52.334129,-4620.00,-1174.00,-105.68
07:26:52.530997,-4621.00,-1174.00,-102.02
07:26:52.654994,-4584.00,-1183.00,-102.23
07:26:52.834278,-4595.00,-1181.00,-105.47
07:26:53.026161,-4602.00,-1179.00,-101.47
07:26:53.166157,-4611.00,-1177.00,-104.36
07:26:53.325067,-4614.00,-1176.00,-104.30
07:26:53.534396,-4622.00,-1175.00,-102.11
07:26:53.656206,-4584.00,-1183.00,-105.47
07:26:53.845683,-4586.00,-1182.00,-102.66
07:26:53.998148,-4596.00,-1180.00,-101.88
07:26:54.197929,-4608.00,-1177.00,-106.35
07:26:54.330286,-4609.00,-1176.00,-102.45
07:26:54.512413,-4621.00,-1174.00,-104.19
07:26:54.682919,-4581.00,-1183.00,-104.19
07:26:54.846326,-4588.00,-1182.00,-100.93
07:26:55.031913,-4604.00,-1178.00,-105.52
07:26:55.182060,-4576.00,-1187.00,-104.12
07:26:55.337433,-4583.00,-1185.00,-100.65
07:26:55.509685,-4598.00,-1182.00,-104.73
07:26:55.700083,-4601.00,-1180.00,-102.62
07:26:55.843118,-4607.00,-1179.00,-101.98
07:26:56.019937,-4617.00,-1176.00,-105.91
07:26:56.194038,-4618.00,-1176.00,-101.53
07:26:56.319211,-4624.00,-1175.00,-101.92
07:26:56.499382,-4583.00,-1182.00,-105.56
07:26:56.654322,-4589.00,-1180.00,-101.21
07:26:56.866506,-4604.00,-1177.00,-105.22
07:26:57.001523,-4604.00,-1177.00,-103.49
07:26:57.167404,-4611.00,-1176.00,-101.28
07:26:57.346897,-4620.00,-1174.00,-105.44
07:26:57.505838,-4621.00,-1174.00,-101.43
07:26:57.653887,-4587.00,-1183.00,-101.40
07:26:57.866144,-4600.00,-1180.00,-105.23
07:26:58.005254,-4600.00,-1179.00,-100.64
07:26:58.197834,-4612.00,-1178.00,-101.91
07:26:58.315385,-4618.00,-1176.00,-104.95
07:26:58.526090,-4620.00,-1175.00,-99.51
07:26:58.651023,-4626.00,-1175.00,-100.93
07:26:58.852409,-4586.00,-1182.00,-105.11
07:26:59.015991,-4589.00,-1181.00,-100.44
07:26:59.186038,-4601.00,-1179.00,-101.71
07:26:59.321219,-4608.00,-1177.00,-104.66
07:26:59.508541,-4609.00,-1177.00,-99.96
07:26:59.678835,-4620.00,-1175.00,-101.07
07:26:59.858992,-4586.00,-1182.00,-105.34
07:27:00.009840,-4587.00,-1181.00,-101.13
07:27:00.189649,-4599.00,-1179.00,-100.67
07:27:00.315259,-4604.00,-1178.00,-102.93
07:27:00.521276,-4604.00,-1178.00,-92.36
07:27:00.657107,-4602.00,-1179.00,-80.66
07:27:00.835263,-4601.00,-1179.00,-68.52
07:27:01.006968,-4602.00,-1179.00,-53.69
07:27:01.163587,-4601.00,-1178.00,-43.82
07:27:01.351078,-4601.00,-1178.00,-37.73
07:27:01.514006,-4599.00,-1175.00,-33.86
07:27:01.672554,-4596.00,-1171.00,-31.63
07:27:01.868297,-4594.00,-1167.00,-33.44
07:27:02.006989,-4580.00,-1154.00,-34.39
07:27:02.174026,-4568.00,-1142.00,-33.20
07:27:02.344152,-4540.00,-1125.00,-31.96
07:27:02.500723,-4520.00,-1110.00,-28.71
07:27:02.695600,-4522.00,-1110.00,-20.80
07:27:02.850404,-4509.00,-1088.00,-16.44
07:27:03.030864,-4501.00,-1066.00,-13.92
07:27:03.177870,-4497.00,-1051.00,-10.84
07:27:03.358229,-4498.00,-1050.00,-9.35
07:27:03.523959,-4498.00,-1048.00,-7.96
07:27:03.663412,-4499.00,-1051.00,-7.46
07:27:03.843770,-4495.00,-1036.00,-7.43
07:27:03.988658,-4492.00,-1034.00,-7.48
07:27:04.196929,-4491.00,-1041.00,-13.92
07:27:04.373160,-4491.00,-1042.00,-22.62
07:27:04.500958,-4491.00,-1043.00,-30.92
07:27:04.674643,-4491.00,-1043.00,-40.69
07:27:04.854233,-4490.00,-1042.00,-57.22
07:27:05.036015,-4490.00,-1043.00,-70.44
07:27:05.159111,-4491.00,-1043.00,-74.79
07:27:05.378571,-4487.00,-1042.00,-81.48
07:27:05.506790,-4480.00,-1042.00,-82.88
07:27:05.705817,-4474.00,-1041.00,-80.64
07:27:05.839743,-4458.00,-1054.00,-79.12
07:27:06.013181,-4439.00,-1059.00,-76.77
07:27:06.198262,-4440.00,-1058.00,-70.94
07:27:06.347376,-4443.00,-1058.00,-67.07
07:27:06.512761,-4441.00,-1056.00,-65.96
07:27:06.713203,-4438.00,-1055.00,-65.91
07:27:06.846140,-4375.00,-1045.00,-66.06
07:27:07.014822,-4356.00,-1040.00,-66.23
07:27:07.208673,-4345.00,-1036.00,-79.58
07:27:07.346863,-4343.00,-1035.00,-87.22
07:27:07.521152,-4342.00,-1036.00,-93.21
07:27:07.685145,-4342.00,-1037.00,-96.88
07:27:07.896823,-4340.00,-1039.00,-110.47
07:27:07.996357,-4341.00,-1039.00,-118.35
07:27:08.196553,-4340.00,-1037.00,-134.00
07:27:08.355537,-4340.00,-1036.00,-148.15
07:27:08.480020,-4340.00,-1037.00,-157.64
07:27:08.689244,-4341.00,-1038.00,-173.39
07:27:08.806300,-4341.00,-1037.00,176.51
07:27:09.023663,-4337.00,-1035.00,162.46
07:27:09.148286,-4338.00,-1033.00,157.66
07:27:09.352625,-4341.00,-1037.00,151.49
07:27:09.513775,-4347.00,-1048.00,150.66
07:27:09.671846,-4354.00,-1060.00,152.66
07:27:09.867158,-4363.00,-1078.00,154.07
07:27:10.009121,-4369.00,-1092.00,154.48
07:27:10.156991,-4376.00,-1105.00,154.08
07:27:10.347263,-4383.00,-1121.00,153.62
08:18:52.645371,1561.00,-459.00,-74.72
08:18:52.805313,1562.00,-461.00,-64.28
08:18:52.966797,1561.00,-460.00,-51.07
08:18:53.122259,1560.00,-455.00,-40.36
08:18:53.301919,1560.00,-453.00,-26.16
08:18:53.484328,1559.00,-450.00,-11.45
08:18:53.634629,1557.00,-449.00,-0.18
08:18:53.834707,1557.00,-448.00,15.47
08:18:53.969408,1558.00,-447.00,24.22
08:18:54.149492,1553.00,-448.00,29.14
08:18:54.347304,1546.00,-439.00,33.15
08:18:54.479108,1537.00,-429.00,30.92
08:18:54.644780,1527.00,-417.00,27.27
08:18:54.816424,1522.00,-403.00,25.14
08:18:55.001751,1516.00,-388.00,24.43
08:18:55.131620,1510.00,-378.00,24.81
08:18:55.311476,1510.00,-377.00,24.97
08:18:55.469614,1512.00,-378.00,24.92
08:18:55.643599,1510.00,-377.00,24.92
08:18:55.798938,1510.00,-377.00,24.91
08:18:55.983734,1510.00,-378.00,24.90
08:18:56.153709,1510.00,-378.00,24.99
08:18:56.319628,1509.00,-378.00,25.00
08:18:56.473996,1509.00,-378.00,24.96
08:18:56.648373,1509.00,-379.00,24.97
08:18:56.797143,1509.00,-380.00,25.02
08:18:56.979409,1509.00,-380.00,24.98
08:18:57.150244,1510.00,-379.00,24.98
08:18:57.308670,1510.00,-380.00,25.01
08:18:57.458495,1512.00,-381.00,33.85
08:18:57.670198,1511.00,-378.00,51.01
08:18:57.829982,1516.00,-378.00,58.67
08:18:58.030138,1515.00,-379.00,63.95
08:18:58.209244,1502.00,-373.00,66.99
08:18:58.310847,1492.00,-370.00,66.02
08:18:58.490296,1473.00,-363.00,63.12
08:18:58.677175,1459.00,-356.00,62.02
08:18:58.840121,1445.00,-347.00,61.59
08:18:59.011525,1432.00,-342.00,61.88
08:18:59.179870,1417.00,-336.00,62.13
08:18:59.317766,1402.00,-328.00,62.20
08:18:59.532702,1386.00,-319.00,61.61
08:20:09.662047,-1386.00,-135.00,-91.32
08:20:09.873306,-1385.00,-135.00,-84.01
08:20:10.000202,-1385.00,-135.00,-74.70
08:20:10.193006,-1386.00,-135.00,-61.82
08:20:10.348933,-1386.00,-135.00,-47.64
08:20:10.510740,-1387.00,-135.00,-35.75
08:20:10.677819,-1387.00,-134.00,-22.43
08:20:10.848524,-1388.00,-134.00,-8.54
08:20:11.020485,-1388.00,-133.00,4.67
08:20:11.161239,-1389.00,-132.00,14.75
08:20:11.379911,-1389.00,-132.00,32.43
08:20:11.496172,-1389.00,-132.00,40.89
08:20:11.653482,-1389.00,-131.00,45.95
08:20:11.879690,-1394.00,-126.00,51.94
08:20:11.990720,-1401.00,-119.00,52.15
08:20:12.179719,-1415.00,-108.00,50.54
08:20:12.338109,-1425.00,-99.00,49.69
08:20:12.529875,-1439.00,-87.00,49.82
08:20:12.671291,-1449.00,-78.00,49.85
08:20:12.845942,-1463.00,-67.00,49.91
08:20:13.005650,-1473.00,-59.00,49.85
08:20:13.174800,-1485.00,-49.00,49.68
08:20:13.324088,-1496.00,-38.00,49.67
08:20:13.514858,-1510.00,-26.00,49.42
08:20:13.686863,-1521.00,-17.00,50.35
08:20:13.842878,-1531.00,-10.00,52.92
08:20:13.998754,-1542.00,-1.00,54.65
08:20:14.168885,-1542.00,-2.00,57.15
08:20:14.362509,-1543.00,-2.00,56.79
08:20:14.529711,-1553.00,6.00,56.71
08:20:14.714838,-1561.00,12.00,56.71
08:20:14.854256,-1563.00,14.00,56.71
08:20:15.010351,-1554.00,9.00,55.55
08:20:15.164072,-1548.00,4.00,47.54
08:20:15.378330,-1547.00,4.00,34.99
08:20:15.513656,-1547.00,4.00,30.07
08:20:15.737524,-1547.00,4.00,24.73
08:20:15.838204,-1549.00,8.00,22.35
08:20:16.035167,-1552.00,15.00,24.98
08:20:16.171070,-1544.00,16.00,28.93
08:20:16.359779,-1544.00,19.00,31.07
08:20:16.521126,-1545.00,19.00,33.50
08:20:16.692289,-1544.00,17.00,34.90
08:20:16.856065,-1544.00,17.00,36.09
08:20:17.012907,-1547.00,20.00,35.71
08:20:17.164889,-1549.00,22.00,35.61
08:20:17.361275,-1552.00,27.00,35.54
08:20:17.532953,-1553.00,29.00,35.49
08:20:17.696316,-1555.00,31.00,35.51
08:20:17.849103,-1554.00,29.00,35.29
08:20:18.024798,-1554.00,30.00,34.74
08:20:18.171885,-1554.00,30.00,33.59
08:20:18.364017,-1553.00,29.00,33.62
08:20:18.526902,-1552.00,29.00,33.65
08:20:18.709388,-1553.00,29.00,33.63
08:20:18.846365,-1552.00,28.00,33.93
08:20:19.040848,-1554.00,29.00,35.67
08:20:19.168059,-1553.00,28.00,36.99
08:20:19.345232,-1557.00,31.00,38.44
08:20:19.524123,-1561.00,33.00,38.30
08:20:19.684684,-1561.00,34.00,38.28
08:20:19.847810,-1563.00,36.00,38.23
08:20:20.028673,-1565.00,37.00,38.27
08:20:20.206909,-1565.00,37.00,37.35
08:20:20.341828,-1560.00,32.00,35.82
08:20:20.501020,-1559.00,32.00,33.44
08:20:20.679090,-1556.00,30.00,33.36
08:20:20.832286,-1554.00,29.00,33.48
08:20:21.015027,-1555.00,30.00,35.70
08:20:21.177639,-1557.00,32.00,37.18
08:20:21.388224,-1561.00,36.00,36.85
08:20:21.499811,-1560.00,35.00,32.29
08:20:21.684335,-1559.00,35.00,26.17
08:20:21.882480,-1559.00,38.00,27.85
08:20:22.011682,-1559.00,35.00,29.59
08:20:22.181351,-1569.00,54.00,30.37
08:20:22.352241,-1578.00,72.00,30.04
08:20:22.542714,-1587.00,89.00,30.01
08:20:22.676870,-1594.00,103.00,29.85
08:20:22.836402,-1602.00,116.00,29.91
08:20:23.016149,-1610.00,131.00,30.09
08:20:23.209686,-1621.00,149.00,29.86
08:20:23.351711,-1628.00,161.00,29.61
08:20:23.552160,-1637.00,176.00,29.39
08:20:23.662824,-1638.00,178.00,26.25
08:20:23.863392,-1637.00,176.00,12.92
08:20:24.040333,-1638.00,178.00,-0.90
08:20:24.205597,-1640.00,178.00,-9.62
08:20:24.354715,-1640.00,178.00,-13.95
08:20:24.522593,-1638.00,188.00,-18.16
08:20:24.677625,-1633.00,205.00,-17.24
08:20:24.845121,-1624.00,234.00,-15.64
08:20:24.995167,-1617.00,264.00,-15.14
08:20:25.179134,-1605.00,307.00,-15.50
08:20:25.333745,-1594.00,350.00,-15.62
08:20:25.530699,-1578.00,409.00,-15.43
08:20:25.707240,-1567.00,452.00,-15.71
08:20:30.676910,-2446.00,498.00,89.17
08:20:30.879236,-2452.00,498.00,79.16
08:20:31.006108,-2453.00,498.00,70.36
08:20:31.192916,-2454.00,494.00,60.14
08:20:31.348837,-2454.00,493.00,54.69
08:20:31.538352,-2462.00,500.00,50.21
08:20:31.676059,-2471.00,507.00,50.80
08:20:31.863543,-2485.00,519.00,52.36
08:20:32.032054,-2498.00,529.00,53.26
08:20:32.194007,-2510.00,537.00,53.47
08:20:32.358964,-2524.00,547.00,53.25
08:20:32.550330,-2539.00,557.00,52.45
08:20:32.673640,-2549.00,564.00,52.25
08:20:32.848479,-2563.00,573.00,52.12
08:20:33.031239,-2576.00,582.00,51.25
08:20:33.198424,-2590.00,592.00,50.57
08:20:33.331097,-2599.00,599.00,50.33
08:20:33.528899,-2614.00,612.00,49.68
08:20:49.355188,-2699.00,746.00,89.20
08:20:49.509038,-2700.00,745.00,89.21
08:20:49.703392,-2698.00,744.00,101.07
08:20:49.841799,-2697.00,745.00,111.40
08:20:50.037943,-2697.00,747.00,127.46
08:20:50.168290,-2696.00,745.00,137.10
08:20:50.386588,-2695.00,745.00,155.13
08:20:50.510216,-2697.00,744.00,164.45
08:20:50.702589,-2697.00,747.00,179.79
08:20:50.815745,-2697.00,746.00,-172.53
08:20:51.011799,-2697.00,747.00,-157.02
08:20:51.200778,-2697.00,746.00,-141.27
08:20:51.356923,-2697.00,747.00,-129.54
08:20:51.505127,-2697.00,747.00,-117.77
08:20:51.672523,-2697.00,748.00,-105.87
08:20:51.865200,-2696.00,748.00,-101.32
08:20:52.032845,-2689.00,747.00,-96.83
08:20:52.181205,-2676.00,746.00,-96.99
08:20:52.367560,-2660.00,744.00,-99.83
08:20:52.498934,-2645.00,742.00,-101.03
08:20:52.684160,-2629.00,740.00,-101.57
08:20:52.840490,-2614.00,736.00,-101.91
08:20:52.985324,-2601.00,731.00,-102.28
08:20:53.162395,-2584.00,727.00,-101.82
08:20:53.345180,-2567.00,724.00,-100.99
08:20:53.514173,-2550.00,722.00,-101.34
08:20:53.670897,-2533.00,720.00,-101.74
08:20:53.829474,-2519.00,717.00,-102.20
08:20:54.007634,-2502.00,714.00,-102.52
08:20:54.165191,-2487.00,712.00,-102.47
08:20:54.347259,-2473.00,708.00,-102.95
08:20:54.536139,-2470.00,708.00,-100.51
08:20:54.690788,-2469.00,707.00,-96.78
08:20:54.847489,-2461.00,706.00,-92.10
08:20:55.015138,-2449.00,706.00,-92.14
08:20:55.191414,-2434.00,703.00,-93.97
08:20:55.340777,-2419.00,702.00,-94.45
08:20:55.486318,-2404.00,700.00,-94.16
08:20:55.696584,-2384.00,699.00,-93.02
08:20:55.821583,-2375.00,699.00,-93.04
08:20:56.003324,-2372.00,698.00,-83.92
08:20:56.182693,-2370.00,698.00,-70.39
08:20:56.353979,-2371.00,698.00,-58.46
08:20:56.510366,-2369.00,704.00,-53.58
08:20:56.716747,-2367.00,709.00,-48.39
08:20:56.852944,-2357.00,716.00,-48.20
08:20:57.016542,-2346.00,723.00,-50.83
08:20:57.193863,-2334.00,729.00,-52.35
08:20:57.359845,-2320.00,743.00,-51.88
08:20:57.530143,-2307.00,752.00,-50.24
08:20:57.681674,-2295.00,764.00,-50.53
08:20:57.860097,-2282.00,775.00,-50.79
08:20:58.044039,-2274.00,782.00,-51.19
08:20:58.175957,-2273.00,781.00,-42.25
08:20:58.378362,-2272.00,782.00,-27.66
08:20:58.483063,-2273.00,779.00,-19.28
08:20:58.698168,-2273.00,777.00,-1.13
08:20:58.831393,-2272.00,780.00,5.20
08:20:59.039146,-2275.00,780.00,10.91
08:20:59.198909,-2277.00,795.00,14.80
08:20:59.370995,-2280.00,805.00,12.30
08:20:59.501683,-2283.00,819.00,10.80
08:20:59.678683,-2284.00,835.00,10.09
08:20:59.831635,-2286.00,850.00,10.68
08:21:00.023509,-2291.00,869.00,11.54
08:21:19.326660,-2393.00,815.00,150.67
08:21:19.534708,-2393.00,816.00,157.97
08:21:19.689285,-2394.00,817.00,169.06
08:21:19.829181,-2393.00,815.00,181.03
08:21:20.044503,-2392.00,819.00,-163.40
08:21:20.146667,-2393.00,818.00,-155.59
08:21:20.335359,-2393.00,818.00,-144.92
08:21:20.510814,-2392.00,817.00,-140.05
08:21:20.683337,-2384.00,807.00,-137.38
08:21:20.849885,-2374.00,796.00,-139.37
08:21:21.014392,-2367.00,787.00,-141.00
08:21:21.155110,-2359.00,774.00,-141.60
08:21:21.337235,-2349.00,762.00,-141.31
08:21:21.513603,-2337.00,748.00,-140.87
08:21:21.670979,-2327.00,736.00,-140.89
08:21:21.807360,-2318.00,726.00,-141.15
08:21:22.025758,-2314.00,723.00,-131.61
08:21:22.163190,-2314.00,723.00,-123.10
08:21:22.325403,-2314.00,724.00,-115.77
08:21:22.533885,-2309.00,726.00,-110.01
08:21:22.690649,-2298.00,723.00,-107.99
08:21:22.825796,-2286.00,718.00,-110.52
08:21:22.999594,-2274.00,714.00,-112.31
08:21:23.186787,-2271.00,713.00,-105.22
08:21:23.332396,-2270.00,713.00,-94.56
08:21:23.473278,-2271.00,713.00,-83.14
08:21:23.677141,-2273.00,713.00,-67.48
08:21:23.806720,-2273.00,712.00,-61.23
08:21:24.005744,-2272.00,715.00,-55.52
08:21:24.213917,-2261.00,725.00,-53.61
08:21:24.358564,-2249.00,735.00,-55.55
08:21:24.516953,-2237.00,741.00,-57.60
08:21:24.678725,-2224.00,747.00,-58.53
08:21:24.831518,-2212.00,754.00,-57.84
08:21:25.014324,-2198.00,762.00,-56.16
08:21:25.189060,-2184.00,772.00,-55.52
08:21:25.346576,-2174.00,779.00,-55.26
08:21:25.528131,-2170.00,782.00,-47.18
08:21:25.675254,-2170.00,777.00,-36.28
08:21:25.816200,-2170.00,777.00,-26.53
08:21:26.020047,-2170.00,775.00,-10.66
08:21:26.202900,-2172.00,775.00,3.98
08:21:26.367769,-2172.00,780.00,8.42
08:21:26.514961,-2173.00,783.00,12.51
08:21:26.674724,-2176.00,795.00,14.74
08:21:26.853935,-2180.00,811.00,13.01
08:21:27.005290,-2184.00,824.00,11.66
08:21:27.171293,-2187.00,839.00,11.07
08:21:27.346102,-2189.00,854.00,11.08
08:21:27.487412,-2192.00,869.00,11.47
08:21:38.323894,-2283.00,993.00,87.19
08:21:38.536304,-2284.00,995.00,80.07
08:21:38.679028,-2285.00,995.00,68.93
08:21:38.901269,-2284.00,990.00,51.60
08:21:39.024279,-2284.00,990.00,43.23
08:21:39.205289,-2285.00,991.00,27.47
08:21:39.337399,-2287.00,993.00,17.39
08:21:39.563942,-2287.00,993.00,0.28
08:21:39.674525,-2286.00,993.00,-9.39
08:21:39.884301,-2286.00,994.00,-16.10
08:21:40.032243,-2285.00,995.00,-20.10
08:21:40.178140,-2283.00,1005.00,-21.35
08:21:40.322050,-2279.00,1016.00,-19.87
08:21:40.516614,-2273.00,1035.00,-18.14
08:21:40.656335,-2268.00,1049.00,-18.37
08:21:40.835287,-2263.00,1064.00,-18.21
08:22:32.337849,-121.00,1709.00,-93.40
08:22:32.493913,-122.00,1708.00,-93.39
08:22:32.703044,-110.00,1708.00,-90.72
08:22:32.834973,-100.00,1709.00,-90.34
08:22:33.028033,-80.00,1709.00,-91.68
08:22:33.177866,-67.00,1709.00,-92.30
08:22:33.372740,-48.00,1708.00,-92.71
08:22:33.517676,-35.00,1708.00,-92.56
08:22:33.691215,-17.00,1706.00,-92.71
08:22:33.859275,-2.00,1704.00,-92.53
08:22:34.015813,11.00,1703.00,-92.29
08:22:34.206876,29.00,1705.00,-91.22
08:22:34.336665,39.00,1705.00,-91.15
08:22:34.486748,52.00,1706.00,-91.92
08:22:34.682833,70.00,1705.00,-92.78
08:22:34.849829,85.00,1704.00,-93.10
08:22:35.005795,102.00,1704.00,-92.92
08:22:35.193696,119.00,1704.00,-93.07
08:22:43.019945,1932.00,1703.00,-91.24
08:22:43.208310,1930.00,1704.00,-91.10
08:22:43.352573,1930.00,1704.00,-91.13
08:22:43.586716,1929.00,1704.00,-91.13
08:22:43.722118,1929.00,1704.00,-91.20
08:22:43.855950,1930.00,1704.00,-91.26
08:22:44.047657,1929.00,1704.00,-91.10
08:22:44.216284,1930.00,1704.00,-91.17
08:22:44.359261,1930.00,1705.00,-91.21
08:22:44.561537,1929.00,1704.00,-91.12
08:22:44.676687,1930.00,1704.00,-91.13
08:22:44.906656,1930.00,1704.00,-82.30
08:22:45.026712,1930.00,1703.00,-74.73
08:22:45.191525,1928.00,1704.00,-61.27
08:22:45.356004,1925.00,1705.00,-46.94
08:22:45.525125,1924.00,1705.00,-35.20
08:22:45.692126,1924.00,1705.00,-22.01
08:22:45.886791,1923.00,1704.00,-6.34
08:22:46.035888,1921.00,1704.00,5.14
08:22:46.180150,1921.00,1705.00,16.83
08:22:46.369560,1920.00,1706.00,30.92
08:22:46.530128,1920.00,1706.00,43.15
08:22:46.715816,1920.00,1705.00,49.18
08:22:46.893720,1917.00,1707.00,53.63
08:22:47.035301,1909.00,1713.00,53.69
08:22:47.192533,1898.00,1722.00,51.50
08:22:47.348328,1889.00,1731.00,50.37
08:22:47.549146,1875.00,1743.00,49.67
08:22:47.686904,1864.00,1752.00,50.13
08:22:47.869109,1851.00,1762.00,50.46
08:22:48.010627,1841.00,1771.00,50.20
08:22:48.224261,1825.00,1784.00,49.85
08:22:48.351379,1814.00,1792.00,49.71
08:22:48.529206,1801.00,1804.00,49.51
08:22:48.680058,1790.00,1813.00,49.38
08:22:48.854715,1774.00,1825.00,49.15
08:22:49.003329,1770.00,1828.00,49.14
08:22:49.212253,1774.00,1827.00,62.69
08:22:49.332002,1774.00,1827.00,70.98
08:22:49.517614,1770.00,1828.00,76.68
08:22:49.679626,1763.00,1830.00,81.81
08:22:49.900512,1746.00,1831.00,81.32
08:22:50.026962,1734.00,1833.00,80.12
08:22:50.222399,1714.00,1836.00,78.55
08:22:50.362933,1699.00,1838.00,78.19
08:22:50.531481,1685.00,1842.00,78.25
08:22:50.692065,1675.00,1844.00,78.30
08:22:50.870824,1670.00,1845.00,84.42
08:22:51.011409,1668.00,1847.00,94.14
08:22:51.213357,1668.00,1846.00,101.33
08:22:51.359267,1664.00,1846.00,105.49
08:22:51.539942,1655.00,1841.00,107.31
08:22:51.700192,1645.00,1835.00,105.82
08:22:51.867254,1629.00,1831.00,103.67
08:22:52.036000,1612.00,1828.00,102.44
08:22:52.167296,1601.00,1826.00,101.96
08:22:52.356053,1581.00,1822.00,102.95
08:22:52.515506,1566.00,1819.00,103.53
08:22:52.685132,1549.00,1814.00,104.21
08:22:52.863929,1532.00,1810.00,104.31
08:22:53.008020,1524.00,1808.00,104.21
08:22:53.190681,1521.00,1807.00,111.40
08:22:53.385574,1522.00,1808.00,124.17
08:22:53.535073,1521.00,1804.00,129.03
08:22:53.663724,1518.00,1802.00,132.71
08:22:53.842702,1509.00,1795.00,135.94
08:22:54.030951,1495.00,1783.00,134.19
08:22:54.161417,1485.00,1775.00,133.02
08:22:54.344697,1471.00,1764.00,132.67
08:22:54.533551,1457.00,1751.00,133.42
08:22:54.702083,1447.00,1741.00,134.11
08:22:54.850636,1438.00,1730.00,134.04
08:22:55.028591,1425.00,1717.00,133.66
08:22:55.175415,1415.00,1705.00,133.06
08:22:55.351567,1404.00,1694.00,132.34
08:22:55.491155,1394.00,1685.00,131.83
08:22:55.661332,1382.00,1672.00,131.52
08:22:55.833248,1375.00,1666.00,131.44
08:22:55.983074,1375.00,1665.00,140.25
08:22:56.211040,1377.00,1662.00,156.21
08:22:56.319872,1374.00,1660.00,160.87
08:22:56.532744,1377.00,1658.00,167.74
08:22:56.693650,1378.00,1648.00,170.77
08:22:56.843179,1379.00,1633.00,167.74
08:22:56.991566,1376.00,1620.00,164.49
08:22:57.203347,1369.00,1603.00,161.79
08:22:57.337036,1366.00,1590.00,162.04
08:23:21.515264,1866.00,1455.00,-91.16
08:23:21.714303,1866.00,1455.00,-87.48
08:23:21.847965,1863.00,1455.00,-78.73
08:23:22.058286,1865.00,1455.00,-61.34
08:23:22.199829,1865.00,1456.00,-51.90
08:23:22.346165,1862.00,1455.00,-39.87
08:23:22.555657,1863.00,1456.00,-24.10
08:23:22.705906,1861.00,1456.00,-9.91
08:23:22.851732,1863.00,1457.00,-0.40
08:23:23.059283,1861.00,1458.00,17.54
08:23:23.186784,1858.00,1459.00,26.92
08:23:23.374646,1858.00,1460.00,36.00
08:23:23.532922,1859.00,1458.00,40.57
08:23:23.727721,1854.00,1465.00,43.88
08:23:23.896299,1845.00,1475.00,42.02
08:23:24.047210,1838.00,1485.00,40.51
08:23:24.186183,1829.00,1495.00,39.54
08:23:24.366825,1818.00,1508.00,40.08
08:23:24.519991,1807.00,1519.00,40.29
08:23:24.718102,1793.00,1533.00,40.32
08:23:24.867493,1784.00,1545.00,39.61
08:23:25.041190,1772.00,1558.00,38.83
08:23:25.202491,1765.00,1569.00,39.01
08:23:25.359308,1753.00,1583.00,39.09
08:23:25.517647,1745.00,1594.00,39.06
08:23:25.701046,1735.00,1606.00,38.80
08:23:25.885107,1722.00,1621.00,39.25
08:23:26.043769,1718.00,1626.00,40.12
08:23:26.203143,1715.00,1626.00,50.15
08:23:26.390492,1715.00,1626.00,65.38
08:23:26.491433,1716.00,1626.00,72.59
08:23:26.705776,1711.00,1629.00,79.72
08:23:26.894263,1702.00,1630.00,84.45
08:23:27.026116,1693.00,1633.00,84.61
08:23:27.200371,1680.00,1633.00,82.33
08:23:27.389071,1660.00,1635.00,81.22
08:23:27.507550,1650.00,1637.00,81.27
08:23:27.681645,1633.00,1640.00,81.01
08:23:27.850206,1619.00,1641.00,81.41
08:23:28.020701,1601.00,1643.00,81.59
08:23:28.205720,1581.00,1644.00,81.37
08:23:28.350104,1575.00,1645.00,80.98
08:23:28.533236,1571.00,1644.00,89.70
08:23:28.665609,1568.00,1644.00,99.59
08:23:28.833393,1569.00,1644.00,108.26
08:23:29.026872,1570.00,1641.00,113.23
08:23:29.215406,1561.00,1637.00,116.45
08:23:29.353495,1552.00,1632.00,114.06
08:23:29.539674,1535.00,1624.00,111.09
08:23:29.690601,1522.00,1622.00,110.45
08:23:29.847486,1508.00,1617.00,110.49
08:23:30.021895,1493.00,1611.00,111.46
08:23:30.194183,1477.00,1604.00,112.13
08:23:30.352972,1464.00,1598.00,112.22
08:23:30.510717,1449.00,1592.00,111.99
08:23:30.737002,1429.00,1583.00,111.95
08:23:30.848888,1423.00,1579.00,111.92
08:23:31.041759,1404.00,1573.00,111.72
08:23:31.176551,1393.00,1567.00,111.64
08:23:31.355206,1378.00,1562.00,112.16
08:23:31.523913,1371.00,1560.00,116.03
08:23:31.673169,1371.00,1562.00,124.00
08:23:31.854952,1367.00,1558.00,129.40
08:23:31.995970,1362.00,1556.00,133.99
08:23:32.197777,1350.00,1546.00,135.13
08:23:32.327179,1341.00,1536.00,134.04
08:23:32.474957,1331.00,1526.00,133.35
08:23:32.683776,1315.00,1511.00,132.79
08:23:32.868752,1303.00,1499.00,133.17
08:23:33.010766,1292.00,1489.00,133.10
08:23:33.157687,1282.00,1478.00,133.19
08:23:33.348768,1270.00,1465.00,133.16
08:23:33.514142,1258.00,1453.00,132.92
08:23:33.685765,1246.00,1441.00,132.54
08:23:33.855767,1236.00,1431.00,132.32
08:23:34.030607,1226.00,1421.00,132.17
08:23:34.159178,1224.00,1418.00,135.71
08:23:34.342676,1223.00,1420.00,141.98
08:23:34.530020,1223.00,1420.00,147.11
08:23:34.685901,1217.00,1410.00,150.95
08:23:34.847774,1211.00,1397.00,150.25
08:23:35.029527,1202.00,1382.00,148.05
08:23:35.178555,1194.00,1372.00,147.29
08:23:35.339145,1187.00,1358.00,147.32
08:23:35.508275,1178.00,1343.00,147.85
08:23:35.682368,1169.00,1328.00,147.46
08:23:35.863790,1165.00,1322.00,149.32
08:23:36.007972,1164.00,1321.00,160.11
08:23:36.206619,1170.00,1322.00,173.26
08:23:36.341326,1172.00,1321.00,-174.91
08:23:36.524969,1171.00,1321.00,-160.78
08:23:36.681174,1165.00,1319.00,-149.11
08:23:36.882113,1164.00,1318.00,-131.88
08:23:37.002329,1163.00,1317.00,-124.22
08:23:37.213163,1164.00,1318.00,-110.27
08:23:37.332423,1165.00,1317.00,-107.51
08:23:37.548142,1174.00,1314.00,-102.70
08:23:37.662659,1186.00,1312.00,-103.73
08:23:37.839540,1201.00,1309.00,-105.35
08:23:38.024682,1218.00,1305.00,-105.55
08:23:46.317688,2095.00,1212.00,-107.88
08:23:46.494577,2096.00,1213.00,-107.79
08:23:46.695930,2094.00,1213.00,-97.50
08:23:46.866837,2097.00,1214.00,-84.36
08:23:46.982980,2099.00,1212.00,-74.88
08:23:47.195201,2099.00,1213.00,-59.03
08:23:47.310091,2097.00,1213.00,-48.81
08:23:47.500674,2095.00,1212.00,-35.40
08:23:47.670181,2097.00,1212.00,-21.37
08:23:47.847673,2098.00,1212.00,-8.41
08:23:48.058543,2097.00,1213.00,5.51
08:23:48.161581,2095.00,1213.00,8.42
08:23:48.327313,2092.00,1218.00,12.55
08:23:48.489017,2088.00,1229.00,14.07
08:23:48.676710,2084.00,1245.00,10.91
08:23:48.835278,2082.00,1260.00,8.49
08:23:49.018487,2079.00,1277.00,8.32
08:23:49.155045,2078.00,1289.00,8.40
08:23:49.331425,2074.00,1306.00,9.09
08:23:49.482693,2072.00,1323.00,9.06
08:23:49.678293,2067.00,1341.00,8.78
08:23:49.831393,2065.00,1355.00,8.71
08:23:50.009186,2063.00,1375.00,8.10
08:23:50.180712,2063.00,1390.00,8.14
08:23:50.348309,2061.00,1406.00,8.89
08:23:50.504632,2059.00,1420.00,10.17
08:23:50.698380,2056.00,1428.00,15.32
08:23:50.830106,2055.00,1429.00,23.78
08:23:51.051755,2055.00,1430.00,41.58
08:23:51.183534,2055.00,1429.00,53.43
08:23:51.407124,2058.00,1429.00,66.88
08:23:51.506814,2055.00,1431.00,69.83
08:23:51.689980,2049.00,1432.00,75.45
08:23:51.875936,2037.00,1436.00,76.40
08:23:52.034207,2021.00,1439.00,74.18
08:23:52.182335,2007.00,1443.00,73.30
08:23:52.362615,1990.00,1448.00,72.88
08:23:52.495307,1979.00,1451.00,72.98
08:23:52.693354,1961.00,1456.00,73.24
08:23:52.871872,1942.00,1461.00,73.36
08:23:53.041002,1927.00,1465.00,73.18
08:23:53.174075,1916.00,1468.00,73.17
08:23:53.381778,1895.00,1473.00,73.36
08:23:53.525247,1882.00,1477.00,73.43
08:23:53.704540,1866.00,1481.00,73.06
08:23:53.843138,1853.00,1484.00,72.70
08:23:54.034687,1835.00,1489.00,72.69
08:23:54.172410,1824.00,1493.00,72.68
08:23:54.383347,1820.00,1494.00,78.00
08:23:54.499850,1819.00,1494.00,81.54
08:23:54.718207,1818.00,1493.00,88.15
08:23:54.883078,1808.00,1492.00,91.86
08:23:55.023738,1797.00,1491.00,90.47
08:23:55.220331,1779.00,1490.00,88.08
08:23:55.353158,1769.00,1490.00,87.05
08:23:55.542515,1749.00,1491.00,86.49
08:23:55.715638,1730.00,1492.00,86.65
08:23:55.865430,1712.00,1493.00,86.89
08:23:56.020910,1699.00,1492.00,86.74
08:23:56.195220,1682.00,1493.00,86.71
08:23:56.343147,1671.00,1494.00,86.36
08:23:56.546612,1654.00,1494.00,86.51
08:23:56.685112,1640.00,1495.00,86.49
08:23:56.883029,1620.00,1496.00,86.39
08:23:57.006594,1609.00,1496.00,86.45
08:23:57.193017,1589.00,1497.00,86.69
08:23:57.345355,1573.00,1498.00,86.74
08:23:57.536301,1553.00,1499.00,86.83
08:23:57.676653,1541.00,1501.00,87.04
08:23:57.863121,1525.00,1503.00,87.38
08:23:58.051985,1521.00,1503.00,91.56
08:23:58.186959,1519.00,1504.00,95.81
08:23:58.344542,1521.00,1502.00,100.34
08:23:58.537242,1509.00,1498.00,103.06
08:23:58.672137,1499.00,1494.00,101.48
08:23:58.881158,1481.00,1490.00,98.78
08:23:59.028169,1468.00,1488.00,97.51
08:23:59.195380,1452.00,1486.00,97.76
08:23:59.351264,1438.00,1483.00,98.00
08:23:59.548192,1418.00,1481.00,98.25
08:23:59.679109,1405.00,1479.00,98.26
08:23:59.908736,1379.00,1474.00,98.93
08:24:00.017777,1372.00,1472.00,99.01
08:24:00.202860,1358.00,1470.00,98.97
08:24:00.349958,1346.00,1468.00,98.70
08:24:00.530813,1327.00,1465.00,98.71
08:24:00.694762,1308.00,1462.00,98.72
08:24:00.862695,1291.00,1459.00,99.42
08:24:01.033651,1275.00,1455.00,99.55
08:24:01.196236,1272.00,1454.00,100.10
08:24:01.370739,1272.00,1454.00,103.55
08:24:01.525596,1272.00,1453.00,107.96
08:24:01.670754,1263.00,1449.00,110.03
08:24:01.859097,1244.00,1442.00,107.54
08:24:02.036257,1229.00,1438.00,106.23
08:24:02.187714,1218.00,1435.00,105.86
08:24:02.354375,1205.00,1431.00,105.94
08:24:02.524890,1188.00,1426.00,106.32
08:24:02.662657,1174.00,1422.00,106.23
08:24:02.852298,1158.00,1418.00,106.06
08:24:03.027603,1141.00,1414.00,106.31
08:24:03.195405,1124.00,1410.00,106.77
08:24:03.360131,1121.00,1408.00,112.71
08:24:03.535650,1121.00,1410.00,126.12
08:24:03.669165,1122.00,1408.00,135.43
08:24:03.817422,1119.00,1407.00,147.60
08:24:04.013500,1117.00,1404.00,160.64
08:24:04.192936,1118.00,1402.00,165.70
08:24:04.345978,1116.00,1396.00,169.44
08:24:04.513713,1117.00,1383.00,169.42
08:24:04.722918,1115.00,1364.00,166.84
08:24:04.820611,1113.00,1355.00,165.64
08:24:05.034319,1108.00,1335.00,164.58
08:24:17.850749,1271.00,1202.00,-90.68
08:24:18.032958,1270.00,1202.00,-93.39
08:24:18.188258,1274.00,1201.00,-105.72
08:24:18.345705,1274.00,1202.00,-117.33
08:24:18.554713,1275.00,1202.00,-133.22
08:24:18.675053,1275.00,1204.00,-143.59
08:24:18.861507,1276.00,1203.00,-159.29
08:24:19.042241,1273.00,1204.00,-172.72
08:24:19.225139,1273.00,1204.00,173.34
08:24:19.351581,1274.00,1204.00,163.87
08:24:19.549944,1276.00,1205.00,148.19
08:24:19.684106,1279.00,1203.00,136.74
08:24:19.849655,1276.00,1205.00,125.15
08:24:20.029772,1276.00,1204.00,111.12
08:24:20.237509,1273.00,1205.00,97.30
08:24:20.339080,1274.00,1204.00,92.88
08:24:20.495345,1273.00,1202.00,89.39
08:24:20.698967,1255.00,1201.00,87.32
08:24:20.840026,1242.00,1200.00,89.09
08:24:21.025640,1225.00,1200.00,89.92
08:24:21.171191,1210.00,1200.00,90.13
08:24:21.371743,1189.00,1199.00,90.02
08:24:21.513093,1177.00,1198.00,90.18
08:24:21.690119,1175.00,1198.00,93.47
08:24:21.827850,1175.00,1200.00,101.95
08:24:22.024140,1174.00,1201.00,115.10
08:24:22.217805,1172.00,1199.00,121.47
08:24:22.368798,1165.00,1195.00,125.54
08:24:22.560075,1150.00,1185.00,124.87
08:24:22.697525,1143.00,1179.00,123.60
08:24:22.846860,1132.00,1173.00,122.56
08:24:23.022162,1125.00,1168.00,123.07
08:24:23.200898,1124.00,1166.00,134.86
08:24:23.345628,1125.00,1166.00,146.42
08:24:23.494619,1126.00,1167.00,158.51
08:24:23.685842,1126.00,1166.00,174.02
08:24:23.837625,1128.00,1165.00,-174.03
08:24:24.000896,1125.00,1165.00,-162.11
08:24:24.175042,1124.00,1164.00,-153.03
08:24:24.348181,1123.00,1164.00,-148.79
08:24:24.492158,1129.00,1157.00,-145.39
08:24:24.709214,1142.00,1140.00,-147.06
08:24:24.836591,1148.00,1132.00,-148.93
08:24:25.019356,1156.00,1118.00,-149.91
08:24:25.170141,1163.00,1106.00,-149.91
08:24:25.342325,1171.00,1093.00,-149.27
08:24:25.500161,1179.00,1080.00,-148.81
08:24:35.022063,239.00,1100.00,87.44
08:24:35.174278,239.00,1099.00,89.21
08:24:35.359843,241.00,1101.00,102.52
08:24:35.517094,241.00,1100.00,114.55
08:24:35.745468,240.00,1099.00,132.79
08:24:35.843896,241.00,1098.00,140.78
08:24:36.055418,241.00,1098.00,156.62
08:24:36.192894,244.00,1098.00,167.95
08:24:36.376138,247.00,1099.00,181.00
08:24:36.520687,248.00,1098.00,-167.52
08:24:36.710158,247.00,1099.00,-151.95
08:24:36.849009,245.00,1101.00,-142.73
08:24:37.056713,247.00,1102.00,-127.24
08:24:37.192493,244.00,1102.00,-118.96
08:24:37.369108,246.00,1101.00,-113.88
08:24:37.554864,254.00,1097.00,-109.69
08:24:37.665402,263.00,1093.00,-111.34
08:24:37.882642,280.00,1086.00,-113.99
08:24:38.021708,293.00,1081.00,-114.52
08:24:38.189849,309.00,1074.00,-114.92
08:24:38.341886,322.00,1068.00,-115.47
08:24:38.528937,326.00,1066.00,-117.26
08:24:38.697036,329.00,1066.00,-129.46
08:24:38.866192,329.00,1069.00,-143.57
08:24:39.035997,332.00,1068.00,-153.47
08:24:39.163322,329.00,1069.00,-156.88
08:24:39.351840,330.00,1064.00,-161.38
08:24:39.517711,332.00,1054.00,-162.20
08:24:39.691124,328.00,1065.00,-162.19
08:25:12.995577,-672.00,303.00,76.64
08:25:13.160046,-672.00,303.00,80.69
08:25:13.329572,-672.00,303.00,92.88
08:25:13.497005,-672.00,303.00,106.13
08:25:13.690121,-673.00,302.00,120.69
08:25:13.854110,-672.00,301.00,132.59
08:25:14.049598,-670.00,301.00,148.42
08:25:14.180392,-670.00,301.00,157.78
08:25:14.331305,-670.00,301.00,169.72
08:25:14.520085,-670.00,300.00,-174.44
08:25:14.690300,-670.00,300.00,-161.20
08:25:14.842906,-669.00,299.00,-149.31
08:25:15.025892,-669.00,298.00,-135.69
08:25:15.190949,-670.00,298.00,-127.35
08:25:15.332970,-670.00,297.00,-124.37
08:25:15.547399,-658.00,289.00,-120.07
08:25:15.679344,-648.00,283.00,-121.18
08:25:15.868875,-632.00,272.00,-123.34
08:25:16.005317,-622.00,266.00,-123.74
08:25:16.212937,-603.00,253.00,-123.60
08:25:16.359339,-593.00,246.00,-123.75
08:25:16.529274,-578.00,236.00,-123.80
08:25:16.686070,-565.00,227.00,-123.88
08:25:16.882097,-549.00,217.00,-123.62
08:25:17.031663,-536.00,208.00,-123.77
08:25:17.193791,-522.00,199.00,-123.99
08:25:17.370872,-508.00,189.00,-123.90
08:25:17.515156,-496.00,181.00,-124.17
08:25:17.699694,-482.00,172.00,-124.24
08:25:17.861541,-474.00,166.00,-124.28
08:25:18.030423,-471.00,164.00,-133.25
08:25:18.236166,-470.00,163.00,-148.14
08:25:18.362550,-469.00,163.00,-159.87
08:25:18.559796,-469.00,164.00,-174.58
08:25:18.684399,-469.00,165.00,176.06
08:25:18.871068,-469.00,165.00,160.42
08:25:19.043398,-468.00,165.00,146.33
08:25:19.220477,-468.00,166.00,136.86
08:25:19.353037,-468.00,167.00,133.14
08:25:19.560770,-475.00,162.00,128.10
08:25:19.700084,-484.00,155.00,128.96
08:25:19.871351,-497.00,146.00,131.25
08:25:20.022095,-507.00,136.00,132.10
08:25:20.226986,-522.00,122.00,132.02
08:25:39.015519,188.00,247.00,88.42
08:25:39.212384,181.00,246.00,84.51
08:25:39.361083,176.00,245.00,73.20
08:25:39.580366,175.00,244.00,55.06
08:25:39.682386,177.00,244.00,46.84
08:25:39.889557,178.00,245.00,29.13
08:25:40.027094,176.00,245.00,18.98
08:25:40.211161,174.00,243.00,5.81
08:25:40.373740,172.00,241.00,-7.98
08:25:40.523880,173.00,243.00,-19.56
08:25:40.699824,173.00,244.00,-32.42
08:25:40.900347,173.00,243.00,-47.97
08:25:41.011919,173.00,240.00,-55.95
08:25:41.209072,172.00,240.00,-71.72
08:25:41.354063,175.00,242.00,-82.70
08:25:41.533057,176.00,244.00,-88.65
08:25:41.679699,181.00,244.00,-92.35
08:25:41.879173,200.00,243.00,-92.33
08:25:42.016499,222.00,243.00,-90.45
08:25:42.196529,256.00,243.00,-89.25
08:25:42.383885,299.00,244.00,-88.92
08:25:42.545351,348.00,245.00,-89.37
08:25:42.699566,397.00,246.00,-89.69
08:25:42.857604,443.00,247.00,-89.44
08:25:43.010026,490.00,249.00,-89.49
08:25:43.208707,554.00,251.00,-90.32
08:25:43.352761,603.00,253.00,-91.02
08:25:43.537215,660.00,253.00,-91.64
08:25:43.670980,707.00,254.00,-91.90
08:25:43.857754,761.00,253.00,-92.03
08:25:44.000388,807.00,254.00,-92.21
08:25:44.179373,866.00,253.00,-91.98
08:25:44.335532,915.00,252.00,-91.91
08:25:44.527899,971.00,251.00,-92.39
08:25:44.696964,1009.00,251.00,-92.08
08:25:44.864006,1031.00,252.00,-91.13
08:25:45.026077,1038.00,253.00,-84.62
08:25:45.179714,1040.00,252.00,-73.57
08:25:45.338228,1041.00,252.00,-61.71
08:25:45.522595,1041.00,251.00,-51.10
08:25:45.712302,1043.00,252.00,-46.94
08:25:45.841066,1048.00,258.00,-44.48
08:25:46.041107,1058.00,270.00,-46.22
08:25:46.185406,1066.00,278.00,-47.93
08:25:46.357213,1079.00,288.00,-48.98
08:25:46.536406,1092.00,300.00,-48.57
08:25:46.694809,1104.00,312.00,-48.15
08:25:46.849712,1116.00,323.00,-48.31
08:25:47.014201,1129.00,333.00,-48.18
08:25:47.179808,1141.00,344.00,-48.11
08:25:47.348505,1153.00,356.00,-48.00
08:25:47.511165,1163.00,366.00,-47.90
08:25:52.203727,1872.00,413.00,-92.30
08:25:52.357884,1874.00,413.00,-100.02
08:25:52.545514,1873.00,411.00,-115.52
08:25:52.677392,1874.00,408.00,-126.10
08:25:52.883514,1873.00,405.00,-141.69
08:25:53.001741,1874.00,407.00,-151.30
08:25:53.215919,1873.00,407.00,-167.98
08:25:53.356102,1872.00,409.00,-172.09
08:25:53.516258,1869.00,407.00,-177.12
08:25:53.683321,1870.00,394.00,-178.87
08:25:53.858369,1870.00,370.00,-176.32
08:25:54.003718,1872.00,344.00,-174.58
08:25:54.169823,1876.00,304.00,-173.74
08:25:54.351398,1884.00,257.00,-173.84
08:25:54.510679,1892.00,208.00,-174.53
08:25:54.679375,1899.00,148.00,-176.29
08:25:54.831698,1904.00,103.00,-178.33
08:25:55.016700,1906.00,55.00,-179.87
08:25:55.174247,1907.00,26.00,179.88
08:26:05.714287,-596.00,-6.00,89.02
08:26:05.883641,-597.00,-6.00,97.14
08:26:06.028964,-597.00,-6.00,108.01
08:26:06.186839,-597.00,-6.00,119.56
08:26:06.356317,-596.00,-5.00,132.87
08:26:06.522289,-597.00,-6.00,146.77
08:26:06.740603,-597.00,-6.00,161.22
08:26:06.867007,-597.00,-6.00,166.15
08:26:07.043262,-597.00,-11.00,171.29
08:26:07.216141,-598.00,-24.00,172.82
08:26:07.375649,-600.00,-38.00,170.94
08:26:07.548606,-602.00,-54.00,168.84
08:26:07.713587,-604.00,-69.00,168.38
08:26:07.889770,-607.00,-86.00,167.97
08:26:08.043129,-610.00,-102.00,167.72
08:26:08.198987,-612.00,-117.00,167.79
08:26:08.387758,-616.00,-134.00,167.52
08:26:08.550192,-619.00,-151.00,167.16
08:26:08.701051,-621.00,-165.00,166.93
08:26:08.871954,-624.00,-183.00,166.98
08:26:09.053114,-628.00,-199.00,166.89
08:26:09.178730,-630.00,-211.00,166.69
08:26:09.324673,-633.00,-226.00,166.60
08:26:09.521183,-637.00,-245.00,166.37
08:26:09.700534,-640.00,-262.00,166.33
08:26:21.022114,733.00,-295.00,-92.51
08:26:21.208302,733.00,-296.00,-87.49
08:26:21.382230,731.00,-298.00,-75.29
08:26:21.511348,733.00,-299.00,-65.06
08:26:21.678876,733.00,-299.00,-51.66
08:26:21.883255,735.00,-301.00,-35.79
08:26:22.030665,735.00,-301.00,-23.99
08:26:22.208523,736.00,-300.00,-9.85
08:26:22.391137,734.00,-300.00,3.16
08:26:22.507557,733.00,-300.00,13.41
08:26:22.712903,732.00,-299.00,28.10
08:26:22.829684,733.00,-298.00,38.35
08:26:23.039674,736.00,-297.00,52.72
08:26:23.216305,734.00,-297.00,59.08
08:26:23.401541,727.00,-294.00,63.35
08:26:23.536320,719.00,-291.00,63.20
08:26:23.691150,708.00,-286.00,61.28
08:26:23.842938,693.00,-278.00,59.43
08:26:24.029964,678.00,-270.00,59.12
08:26:24.183933,674.00,-266.00,59.78
08:26:24.359608,674.00,-266.00,70.49
08:26:24.511493,671.00,-267.00,76.69
08:26:24.737903,665.00,-265.00,83.39
08:26:24.844560,656.00,-261.00,85.71
08:26:25.045956,638.00,-257.00,84.29
08:26:25.198832,625.00,-254.00,83.59
08:26:25.356299,610.00,-253.00,83.88
08:26:25.514858,596.00,-251.00,84.61
08:26:25.703327,577.00,-249.00,84.69
08:26:25.847352,574.00,-248.00,86.36
08:26:26.018996,573.00,-247.00,98.41
08:26:26.215600,571.00,-250.00,112.23
08:26:26.391712,571.00,-251.00,123.92
08:26:26.532491,570.00,-257.00,127.16
08:26:26.723176,564.00,-265.00,132.63
08:26:26.840850,557.00,-271.00,132.21
08:26:27.031411,543.00,-284.00,128.68
08:26:27.178074,531.00,-292.00,127.10
08:26:27.394984,515.00,-304.00,126.76
08:26:27.510694,507.00,-311.00,126.83
08:26:27.699606,492.00,-323.00,126.91
08:26:27.902997,476.00,-336.00,126.47
08:26:28.026599,471.00,-338.00,126.82
08:26:28.180246,472.00,-336.00,136.70
08:26:28.388991,473.00,-335.00,148.48
08:26:28.536339,474.00,-338.00,153.00
08:26:28.733963,469.00,-345.00,158.58
08:26:28.863371,464.00,-354.00,158.65
08:26:29.028802,458.00,-369.00,156.92
08:26:29.173686,450.00,-382.00,155.71
08:26:29.370048,443.00,-397.00,156.08
08:26:29.524242,439.00,-410.00,156.83
08:26:29.705662,433.00,-427.00,156.98
08:26:29.871325,425.00,-445.00,156.27
08:26:30.060379,419.00,-461.00,155.77
08:26:30.209705,413.00,-475.00,155.49
08:26:30.376904,410.00,-481.00,159.70
08:26:30.586576,409.00,-477.00,173.95
08:26:30.709120,410.00,-479.00,-176.43
08:26:30.874240,410.00,-483.00,-162.11
08:26:31.055166,411.00,-484.00,-148.45
08:26:31.212819,411.00,-484.00,-136.69
08:26:31.399770,408.00,-481.00,-121.38
08:26:31.524499,409.00,-482.00,-111.42
08:26:31.723876,408.00,-482.00,-95.90
08:26:31.866904,409.00,-482.00,-86.37
08:26:32.044226,410.00,-481.00,-81.37
08:26:32.257139,420.00,-480.00,-76.44
08:26:32.383169,430.00,-479.00,-76.99
08:26:32.564661,446.00,-475.00,-79.00
08:26:32.731590,462.00,-472.00,-78.99
08:26:32.887696,476.00,-470.00,-79.10
08:26:33.072594,495.00,-466.00,-78.71
08:26:33.176501,504.00,-464.00,-78.34
08:27:26.532948,437.00,-830.00,-177.10
08:27:26.699915,437.00,-829.00,-171.01
08:27:26.878547,434.00,-831.00,-157.86
08:27:27.047308,435.00,-828.00,-144.41
08:27:27.213315,435.00,-825.00,-132.75
08:27:27.380538,433.00,-827.00,-118.87
08:27:27.558375,435.00,-827.00,-111.56
08:27:27.723176,437.00,-829.00,-106.48
08:27:27.891239,446.00,-831.00,-104.25
08:27:28.064368,459.00,-832.00,-105.78
08:27:28.206997,472.00,-835.00,-107.65
08:27:28.406205,475.00,-836.00,-113.26
08:27:28.533490,479.00,-836.00,-121.80
08:27:28.722062,477.00,-838.00,-137.46
08:27:28.908921,479.00,-840.00,-150.10
08:27:29.029727,478.00,-838.00,-154.23
08:27:29.204355,479.00,-839.00,-159.37
08:27:29.389147,483.00,-853.00,-161.71
08:27:29.534080,488.00,-863.00,-159.67
08:27:29.718618,494.00,-876.00,-158.05
08:27:29.854543,495.00,-876.00,-157.85
08:27:30.044294,495.00,-875.00,-157.86
08:27:30.190085,495.00,-875.00,-157.91
08:27:30.361807,496.00,-875.00,-157.82
08:27:30.515692,496.00,-875.00,-157.80
08:27:30.698663,496.00,-875.00,-157.81
08:27:30.850613,496.00,-875.00,-157.76
08:27:31.032897,497.00,-875.00,-157.76
08:27:31.211174,496.00,-874.00,-157.78
08:27:31.373311,496.00,-874.00,-157.77
08:27:31.524575,496.00,-875.00,-160.73
08:27:31.739259,497.00,-875.00,-170.86
08:27:31.860188,494.00,-874.00,-174.71
08:27:32.076596,493.00,-883.00,179.48
08:27:32.227864,492.00,-897.00,179.51
08:27:32.355923,493.00,-910.00,-178.87
08:27:32.516700,496.00,-924.00,-177.18
08:27:32.706755,498.00,-944.00,-176.78
08:27:32.913641,499.00,-964.00,-177.83
08:27:33.026047,499.00,-975.00,-177.97
08:27:33.185812,501.00,-975.00,-178.10
08:27:33.384372,502.00,-976.00,-178.03
08:27:33.513656,502.00,-976.00,-178.06
08:27:33.701660,503.00,-975.00,-178.01
08:27:33.843535,504.00,-975.00,-177.97
08:27:34.023133,504.00,-975.00,-177.97
08:27:34.176824,504.00,-975.00,-177.98
08:27:34.360868,504.00,-975.00,-177.96
08:27:34.531139,503.00,-976.00,-177.96
08:27:34.697679,503.00,-976.00,-177.96
08:27:34.851122,503.00,-975.00,-171.55
08:27:35.065418,501.00,-975.00,-156.87
08:27:35.196508,502.00,-972.00,-145.05
08:27:35.408581,502.00,-973.00,-129.17
08:27:35.534077,503.00,-973.00,-119.83
08:27:35.680160,503.00,-973.00,-108.29
08:27:35.897261,503.00,-971.00,-90.26
08:27:36.018308,504.00,-974.00,-82.56
08:27:36.213091,502.00,-975.00,-66.82
08:27:36.361300,501.00,-975.00,-57.56
08:27:36.543299,503.00,-972.00,-53.03
08:27:36.732161,511.00,-965.00,-48.41
08:27:36.861006,519.00,-956.00,-49.55
08:27:37.030150,532.00,-946.00,-52.09
08:27:37.186167,542.00,-939.00,-54.16
08:27:37.360945,555.00,-929.00,-54.27
08:27:37.557837,572.00,-916.00,-54.02
08:27:37.686569,574.00,-914.00,-54.19
08:27:37.866865,575.00,-915.00,-54.11
08:27:38.051270,576.00,-914.00,-54.08
08:27:38.199354,577.00,-913.00,-54.10
08:27:38.384093,577.00,-914.00,-54.14
08:27:38.525063,576.00,-914.00,-54.15
08:27:38.716050,578.00,-913.00,-54.15
08:27:38.867172,578.00,-913.00,-54.14
08:27:39.030349,577.00,-912.00,-54.12
08:27:39.188971,578.00,-912.00,-54.10
08:27:39.383855,579.00,-912.00,-54.94
08:27:39.539134,578.00,-911.00,-65.05
08:27:39.730001,576.00,-913.00,-80.27
08:27:39.896018,576.00,-914.00,-93.74
08:27:40.056699,576.00,-912.00,-105.57
08:27:40.215193,575.00,-911.00,-117.51
08:27:40.407060,573.00,-911.00,-133.17
08:27:40.523000,573.00,-912.00,-142.42
08:27:40.740424,575.00,-911.00,-157.41
08:27:40.868378,575.00,-913.00,-163.00
08:27:41.096698,576.00,-919.00,-168.79
08:27:41.200948,577.00,-926.00,-168.99
08:27:41.381605,580.00,-941.00,-167.20
08:27:41.526888,583.00,-954.00,-165.49
08:27:41.705942,588.00,-969.00,-164.34
08:27:41.857018,590.00,-977.00,-163.63
08:27:42.070605,592.00,-979.00,-151.88
08:27:42.192304,595.00,-980.00,-146.99
08:27:42.414137,597.00,-984.00,-140.00
08:27:42.522531,604.00,-992.00,-137.78
08:27:42.716260,615.00,-1003.00,-139.30
08:27:42.855234,624.00,-1013.00,-140.72
08:28:00.361958,-779.00,-1151.00,90.39
08:28:00.553229,-779.00,-1151.00,96.71
08:28:00.699934,-780.00,-1151.00,107.71
08:28:00.883985,-779.00,-1150.00,121.04
08:28:01.004603,-779.00,-1150.00,131.37
08:28:01.231848,-779.00,-1149.00,148.33
08:28:01.367015,-779.00,-1149.00,158.43
08:28:01.525398,-779.00,-1149.00,169.51
08:28:01.706526,-777.00,-1150.00,175.03
08:28:01.886276,-777.00,-1160.00,179.24
08:28:02.034830,-778.00,-1173.00,178.10
08:28:02.188396,-778.00,-1187.00,175.51
08:28:02.344604,-780.00,-1200.00,174.44
08:28:02.524533,-781.00,-1218.00,174.23
08:28:02.695201,-783.00,-1232.00,175.01
08:28:02.873428,-785.00,-1252.00,174.79
08:28:03.051154,-786.00,-1270.00,174.80
08:28:03.169064,-786.00,-1279.00,174.86
08:28:03.353749,-787.00,-1299.00,174.70
08:28:03.533275,-788.00,-1316.00,174.44
08:28:03.677248,-788.00,-1331.00,174.14
08:28:03.854799,-789.00,-1346.00,173.58
08:28:04.006172,-790.00,-1359.00,173.31
08:28:04.202545,-792.00,-1378.00,173.69
08:28:04.346726,-793.00,-1390.00,173.69
08:28:04.525322,-794.00,-1411.00,173.66
08:28:04.681169,-795.00,-1425.00,173.28
08:28:04.865940,-794.00,-1428.00,168.59
08:28:05.023893,-792.00,-1430.00,155.65
08:28:05.224973,-792.00,-1430.00,148.74
08:28:05.347553,-793.00,-1430.00,145.35
08:28:05.532486,-800.00,-1439.00,141.36
08:28:05.685930,-808.00,-1450.00,142.05
08:28:05.851024,-818.00,-1463.00,143.34
08:28:06.029947,-826.00,-1473.00,143.62
08:28:06.218961,-828.00,-1477.00,135.91
08:28:06.398424,-829.00,-1478.00,127.64
08:28:06.534963,-829.00,-1478.00,124.01
08:28:06.731161,-839.00,-1484.00,119.35
08:28:06.844595,-846.00,-1488.00,119.51
08:28:07.040223,-862.00,-1498.00,121.46
08:28:07.196655,-875.00,-1506.00,122.13
08:28:07.409085,-893.00,-1518.00,122.08
08:28:07.534971,-903.00,-1525.00,121.70
08:28:07.700350,-917.00,-1534.00,121.30
08:29:12.858151,-782.00,-1449.00,-9.38
08:29:13.075165,-783.00,-1448.00,-2.84
08:29:13.188426,-783.00,-1448.00,1.96
08:29:13.385123,-784.00,-1447.00,6.63
08:29:13.534178,-785.00,-1445.00,10.74
08:29:13.689242,-788.00,-1434.00,13.76
08:29:13.843497,-791.00,-1421.00,12.55
08:29:14.016875,-795.00,-1405.00,9.49
08:29:14.196215,-798.00,-1388.00,8.45
08:29:14.375896,-800.00,-1376.00,8.37
08:29:14.511021,-801.00,-1373.00,2.81
08:29:14.697860,-801.00,-1371.00,-9.41
08:29:14.918376,-802.00,-1371.00,-27.32
08:29:15.040244,-803.00,-1370.00,-34.40
08:29:15.212829,-803.00,-1370.00,-40.00
08:29:15.409119,-796.00,-1363.00,-44.61
08:29:15.519498,-790.00,-1357.00,-44.29
08:29:15.704142,-778.00,-1344.00,-42.46
08:29:15.840297,-770.00,-1334.00,-41.87
08:29:16.027281,-759.00,-1322.00,-41.62
08:29:16.170070,-749.00,-1311.00,-41.91
08:29:16.376938,-735.00,-1295.00,-42.31
08:29:16.541165,-725.00,-1284.00,-42.21
08:29:16.686432,-716.00,-1274.00,-42.40
08:29:16.845409,-706.00,-1263.00,-42.72
08:29:17.039289,-696.00,-1252.00,-42.50
08:29:17.173795,-690.00,-1244.00,-42.51
08:29:17.363278,-677.00,-1230.00,-42.54
08:29:17.538825,-667.00,-1218.00,-43.16
08:29:17.693320,-658.00,-1208.00,-43.21
08:29:17.869164,-649.00,-1196.00,-43.55
08:29:18.037583,-637.00,-1183.00,-43.76
08:29:18.205343,-631.00,-1175.00,-44.22
08:29:18.362532,-631.00,-1172.00,-49.87
08:29:18.541687,-630.00,-1172.00,-55.38
08:29:18.687505,-629.00,-1171.00,-59.65
08:29:18.871570,-618.00,-1166.00,-62.30
08:29:19.018079,-606.00,-1159.00,-61.16
08:29:19.199532,-592.00,-1150.00,-59.30
08:29:19.339745,-580.00,-1142.00,-59.10
08:29:19.543762,-564.00,-1132.00,-59.72
08:29:19.692394,-551.00,-1124.00,-60.38
08:29:19.869865,-536.00,-1116.00,-60.92
08:29:20.063751,-524.00,-1109.00,-61.26
08:29:20.213181,-523.00,-1109.00,-56.34
08:29:20.392573,-522.00,-1108.00,-51.95
08:29:20.552389,-517.00,-1104.00,-46.92
08:29:20.717387,-510.00,-1096.00,-46.21
08:29:20.868770,-500.00,-1087.00,-47.85
08:29:21.030414,-488.00,-1078.00,-49.25
08:29:21.209841,-475.00,-1068.00,-49.57
08:29:21.362341,-465.00,-1059.00,-49.14
08:29:21.530273,-451.00,-1047.00,-48.50
08:29:21.707584,-440.00,-1035.00,-48.47
08:29:41.388792,-565.00,-1051.00,119.91
08:29:41.539647,-566.00,-1051.00,121.04
08:29:41.744156,-567.00,-1051.00,134.78
08:29:41.880825,-567.00,-1052.00,145.99
08:29:42.013121,-566.00,-1052.00,155.46
08:29:42.226825,-562.00,-1054.00,171.57
08:29:42.376147,-562.00,-1054.00,183.17
08:29:42.538928,-562.00,-1053.00,-162.72
08:29:42.721571,-562.00,-1053.00,-149.18
08:29:42.887310,-562.00,-1053.00,-135.61
08:29:43.066298,-562.00,-1054.00,-129.19
08:29:43.269615,-555.00,-1057.00,-123.77
08:29:43.383293,-546.00,-1065.00,-123.58
08:29:43.558877,-533.00,-1074.00,-125.43
08:29:43.743737,-525.00,-1080.00,-126.74
08:29:43.868620,-523.00,-1082.00,-125.55
08:29:44.024217,-522.00,-1082.00,-122.45
08:29:44.210304,-515.00,-1086.00,-117.31
08:29:44.395766,-503.00,-1092.00,-117.89
08:29:44.523684,-494.00,-1095.00,-119.47
08:29:44.708194,-477.00,-1105.00,-120.94
08:29:44.862365,-464.00,-1112.00,-120.85
08:29:45.038661,-449.00,-1121.00,-120.72
08:29:45.220118,-434.00,-1130.00,-120.55
08:29:45.385970,-423.00,-1137.00,-120.49
08:29:45.536064,-420.00,-1139.00,-118.32
08:29:45.727684,-419.00,-1139.00,-114.07
08:29:45.889489,-413.00,-1142.00,-109.18
08:29:46.050895,-398.00,-1148.00,-108.73
08:29:46.234566,-369.00,-1159.00,-110.70
08:29:46.385296,-341.00,-1171.00,-111.43
08:29:46.526527,-315.00,-1182.00,-111.61
08:29:46.700419,-269.00,-1200.00,-110.76
08:29:46.849391,-224.00,-1215.00,-110.27
08:29:47.024951,-172.00,-1232.00,-109.94
08:29:47.195494,-119.00,-1250.00,-110.74
08:29:47.381913,-68.00,-1270.00,-112.63
08:29:47.567220,-32.00,-1282.00,-112.94
08:29:47.698616,-19.00,-1287.00,-112.39
08:29:47.872067,-13.00,-1289.00,-118.91
08:29:48.084223,-13.00,-1289.00,-127.58
08:29:48.228085,-12.00,-1289.00,-130.92
08:29:48.393812,-3.00,-1297.00,-134.13
08:29:48.569866,5.00,-1308.00,-133.52
08:29:48.727582,17.00,-1318.00,-132.01
08:29:53.065284,974.00,-1348.00,-94.79
08:29:53.200558,982.00,-1347.00,-101.65
08:29:53.381373,983.00,-1347.00,-108.41
08:29:53.556042,989.00,-1351.00,-113.40
08:29:53.750259,1004.00,-1359.00,-113.56
08:29:53.863044,1021.00,-1367.00,-111.55
08:29:54.026937,1048.00,-1373.00,-110.03
08:29:54.237875,1101.00,-1390.00,-110.83
08:29:54.367967,1132.00,-1401.00,-112.27
08:29:54.526568,1131.00,-1401.00,-116.56
08:29:54.703245,1118.00,-1396.00,-114.59
08:29:54.855532,1112.00,-1389.00,-113.30
08:29:55.032687,1108.00,-1387.00,-109.98
08:29:55.238288,1108.00,-1388.00,-104.34
08:29:55.399866,1116.00,-1387.00,-99.03
08:29:55.521131,1130.00,-1390.00,-99.78
08:29:55.697758,1153.00,-1396.00,-106.81
08:29:55.852725,1172.00,-1403.00,-113.41
08:29:56.054567,1202.00,-1417.00,-122.71
08:29:56.185353,1217.00,-1426.00,-128.18
08:29:56.383219,1238.00,-1444.00,-136.37
08:29:56.519148,1251.00,-1455.00,-141.62
08:29:56.695843,1264.00,-1471.00,-148.75
08:29:56.871091,1264.00,-1472.00,-139.64
08:29:57.020229,1267.00,-1473.00,-128.58
08:29:57.214574,1271.00,-1473.00,-116.80
08:29:57.373543,1278.00,-1471.00,-111.59
08:29:57.579210,1291.00,-1473.00,-107.95
08:29:57.698549,1301.00,-1475.00,-109.76
08:29:57.863517,1317.00,-1480.00,-113.56
08:30:17.546715,1324.00,-1549.00,-170.59
08:30:17.717181,1323.00,-1550.00,-166.89
08:30:17.900966,1320.00,-1551.00,-154.86
08:30:18.014822,1319.00,-1549.00,-144.67
08:30:18.218634,1322.00,-1549.00,-128.77
08:30:18.379920,1325.00,-1549.00,-116.52
08:30:18.535181,1327.00,-1547.00,-103.55
08:30:18.736690,1327.00,-1549.00,-93.67
08:30:18.869593,1328.00,-1548.00,-90.88
08:30:19.062057,1339.00,-1548.00,-86.82
08:30:19.240293,1355.00,-1546.00,-88.79
08:30:19.375528,1364.00,-1548.00,-90.73
08:30:19.523181,1377.00,-1550.00,-91.75
08:30:19.725549,1394.00,-1551.00,-90.98
08:30:19.862334,1410.00,-1551.00,-90.33
08:30:20.010263,1424.00,-1550.00,-89.73
08:30:20.204183,1430.00,-1549.00,-93.63
08:30:20.356839,1431.00,-1547.00,-106.14
08:30:20.569981,1433.00,-1548.00,-120.60
08:30:20.718394,1432.00,-1549.00,-125.80
08:30:20.877142,1433.00,-1551.00,-129.89
08:30:21.084103,1447.00,-1561.00,-131.97
08:30:21.216909,1455.00,-1567.00,-130.12
08:30:21.353104,1466.00,-1573.00,-128.69
08:30:21.536540,1482.00,-1584.00,-129.27
08:30:21.690338,1494.00,-1592.00,-130.07
08:30:21.887089,1508.00,-1605.00,-131.46
08:30:22.048789,1519.00,-1615.00,-131.93
08:30:22.200887,1525.00,-1623.00,-131.88
08:30:22.396389,1528.00,-1625.00,-142.31
08:30:22.570178,1530.00,-1628.00,-156.46
08:30:22.734429,1530.00,-1628.00,-170.13
08:30:22.909827,1529.00,-1627.00,175.47
08:30:23.075989,1531.00,-1628.00,164.81
08:30:23.203356,1531.00,-1627.00,160.30
08:30:23.378916,1531.00,-1629.00,156.13
08:30:23.574828,1527.00,-1643.00,153.85
08:30:23.715809,1522.00,-1655.00,154.94
08:30:23.861217,1515.00,-1668.00,155.68
08:30:24.043857,1508.00,-1684.00,156.01
08:30:24.219228,1501.00,-1700.00,155.86
08:30:24.380198,1498.00,-1714.00,155.62
08:30:24.542562,1492.00,-1731.00,154.75
08:30:24.716091,1484.00,-1745.00,153.61
08:30:24.870007,1477.00,-1758.00,152.99
08:30:36.574322,1469.00,-1607.00,87.42
08:30:36.696810,1463.00,-1608.00,82.23
08:30:36.913386,1459.00,-1609.00,65.20
08:30:37.052935,1460.00,-1609.00,55.70
08:30:37.210512,1462.00,-1609.00,41.44
08:30:37.412259,1462.00,-1607.00,26.78
08:30:37.537781,1461.00,-1610.00,16.32
08:30:37.747107,1461.00,-1610.00,0.72
08:30:37.888628,1460.00,-1613.00,-11.08
08:30:38.086140,1461.00,-1611.00,-26.67
08:30:38.213208,1463.00,-1612.00,-36.14
08:30:38.372725,1464.00,-1612.00,-47.64
08:30:38.576956,1465.00,-1610.00,-63.30
08:30:38.691627,1466.00,-1610.00,-73.08
08:30:38.901659,1467.00,-1607.00,-84.31
08:30:39.022615,1466.00,-1607.00,-87.43
08:30:39.231238,1474.00,-1606.00,-92.21
08:30:39.388329,1488.00,-1607.00,-90.67
08:30:39.545094,1501.00,-1607.00,-89.11
08:30:39.697372,1517.00,-1605.00,-88.59
08:30:39.872355,1533.00,-1605.00,-88.46
08:30:40.028571,1547.00,-1606.00,-88.88
08:30:40.224509,1568.00,-1604.00,-88.93
08:30:40.385582,1583.00,-1603.00,-88.33
08:30:40.546658,1601.00,-1601.00,-88.59
08:30:40.701267,1615.00,-1600.00,-89.28
08:30:40.886893,1634.00,-1598.00,-89.73
08:30:41.042994,1649.00,-1598.00,-89.87
08:30:41.218585,1668.00,-1598.00,-90.60
08:30:41.364589,1681.00,-1599.00,-90.67
08:30:41.559695,1702.00,-1599.00,-90.10
08:30:41.707634,1716.00,-1598.00,-90.16
08:30:41.884733,1727.00,-1598.00,-90.16
08:30:42.063609,1731.00,-1597.00,-79.98
08:30:42.201141,1729.00,-1596.00,-70.96
08:30:42.392999,1727.00,-1600.00,-55.57
08:30:42.570163,1732.00,-1599.00,-45.11
08:30:42.706166,1732.00,-1599.00,-41.52
08:30:42.871894,1736.00,-1593.00,-37.04
08:30:43.077379,1746.00,-1581.00,-37.69
08:30:43.220083,1756.00,-1572.00,-39.87
08:30:43.365371,1763.00,-1561.00,-40.28
08:30:43.550662,1775.00,-1546.00,-39.65
08:30:43.702220,1785.00,-1533.00,-39.52
08:30:43.866753,1795.00,-1521.00,-39.82
08:30:44.017235,1803.00,-1509.00,-39.65
08:30:44.210564,1816.00,-1494.00,-39.64
08:30:44.367511,1825.00,-1482.00,-39.94
08:30:44.534962,1831.00,-1476.00,-40.25
08:30:44.684222,1831.00,-1476.00,-40.20
08:30:44.881251,1831.00,-1477.00,-40.16
08:30:45.040657,1833.00,-1477.00,-40.18
08:30:45.198843,1833.00,-1476.00,-40.18
08:30:45.386198,1832.00,-1476.00,-40.21
08:30:45.530488,1833.00,-1475.00,-40.42
08:30:45.742945,1835.00,-1472.00,-55.86
08:30:45.859998,1832.00,-1472.00,-65.33
08:30:46.067574,1831.00,-1473.00,-81.06
08:30:46.201391,1830.00,-1474.00,-91.18
08:30:46.413067,1829.00,-1474.00,-108.33
08:30:46.524017,1830.00,-1473.00,-116.17
08:30:46.735824,1831.00,-1472.00,-133.45
08:30:46.890156,1830.00,-1474.00,-145.33
08:30:47.062747,1825.00,-1475.00,-159.33
08:30:47.228663,1824.00,-1474.00,-170.99
08:30:47.371183,1824.00,-1472.00,177.28
08:30:47.572393,1826.00,-1472.00,161.71
08:30:47.721051,1827.00,-1472.00,154.25
08:30:47.898510,1824.00,-1472.00,149.52
08:30:48.078281,1815.00,-1483.00,145.91
08:30:48.229993,1802.00,-1498.00,148.09
08:30:48.354650,1790.00,-1518.00,150.50
08:30:48.531738,1778.00,-1552.00,153.25
08:30:48.739858,1752.00,-1607.00,152.32
08:30:48.873411,1736.00,-1639.00,150.72
08:30:49.048360,1710.00,-1689.00,149.00
08:30:49.215677,1682.00,-1737.00,147.40
08:30:49.384963,1652.00,-1785.00,146.97
08:30:49.540621,1629.00,-1826.00,147.41
08:30:49.720374,1604.00,-1869.00,147.50
08:30:49.867027,1585.00,-1901.00,147.50
08:31:33.229975,1022.00,-2069.00,-85.82
08:31:33.390964,1023.00,-2068.00,-81.93
08:31:33.548038,1018.00,-2072.00,-71.18
08:31:33.726307,1019.00,-2071.00,-57.60
08:31:33.907095,1020.00,-2070.00,-43.32
08:31:34.038385,1020.00,-2070.00,-31.53
08:31:34.209182,1021.00,-2072.00,-19.91
08:31:34.373625,1022.00,-2071.00,-6.82
08:31:34.527648,1024.00,-2070.00,4.90
08:31:34.718856,1022.00,-2071.00,20.45
08:31:34.851581,1023.00,-2070.00,30.57
08:31:35.038009,1020.00,-2067.00,41.73
08:31:35.199288,1020.00,-2066.00,45.35
08:31:35.423214,1013.00,-2058.00,49.51
08:31:35.540355,1003.00,-2054.00,47.80
08:31:35.737432,989.00,-2042.00,45.62
08:31:35.888202,981.00,-2031.00,44.32
08:31:36.072044,971.00,-2019.00,44.12
08:31:36.236846,956.00,-2007.00,45.16
08:31:36.402187,946.00,-1998.00,45.61
08:31:36.583894,934.00,-1985.00,44.92
08:31:36.743868,927.00,-1976.00,44.75
08:31:36.894296,924.00,-1975.00,52.15
08:31:37.084640,924.00,-1972.00,62.45
08:31:37.242893,922.00,-1974.00,67.69
08:31:37.403281,915.00,-1974.00,72.05
08:31:37.577628,902.00,-1971.00,73.25
08:31:37.732926,887.00,-1966.00,69.92
08:31:37.877789,875.00,-1961.00,68.41
08:31:38.066012,871.00,-1958.00,60.66
08:31:38.211237,870.00,-1961.00,53.30
08:31:38.430850,872.00,-1961.00,47.34
08:31:38.560948,867.00,-1953.00,43.99
08:31:38.718502,859.00,-1944.00,45.10
08:31:38.896673,847.00,-1932.00,48.34
08:31:39.073604,835.00,-1920.00,49.77
08:31:39.212029,821.00,-1910.00,49.73
08:31:39.415890,805.00,-1897.00,49.36
08:31:39.567490,794.00,-1888.00,49.13
08:31:39.730639,782.00,-1879.00,48.30
08:31:39.897382,769.00,-1866.00,47.91
08:31:40.045408,759.00,-1857.00,47.45
08:31:40.227596,747.00,-1846.00,47.42
08:31:40.380543,736.00,-1837.00,47.57
08:31:40.563104,725.00,-1830.00,47.35
08:32:11.908896,220.00,-1257.00,88.57
08:32:12.088719,219.00,-1257.00,98.62
08:32:12.260635,220.00,-1257.00,110.00
08:32:12.400348,222.00,-1257.00,122.10
08:32:12.555006,220.00,-1258.00,134.22
08:32:12.759585,219.00,-1259.00,149.92
08:32:12.919569,219.00,-1259.00,163.25
08:32:13.072304,220.00,-1260.00,172.44
08:32:13.271553,219.00,-1262.00,178.35
08:32:13.390002,220.00,-1269.00,181.84
08:32:13.595892,219.00,-1292.00,-178.03
08:32:13.729813,220.00,-1311.00,-180.07
08:32:13.902333,220.00,-1348.00,178.20
08:32:14.065263,217.00,-1391.00,178.05
08:32:14.219414,216.00,-1435.00,178.27
08:32:14.389394,216.00,-1491.00,178.90
08:32:14.528409,215.00,-1530.00,179.08
08:32:14.721587,214.00,-1595.00,178.49
08:32:14.878844,214.00,-1643.00,178.27
08:32:15.050873,215.00,-1701.00,178.77
08:32:15.236815,213.00,-1754.00,177.82
08:32:15.422135,211.00,-1818.00,176.92
08:32:15.593057,210.00,-1877.00,177.51
08:32:15.735318,210.00,-1913.00,177.97
08:32:15.926499,208.00,-1977.00,177.48
08:32:16.049007,207.00,-2020.00,177.18
08:32:16.233151,203.00,-2074.00,177.34
08:32:16.415009,201.00,-2137.00,178.04
08:32:16.571782,202.00,-2176.00,178.64
08:32:16.739864,200.00,-2212.00,178.90
08:32:26.068742,707.00,-2192.00,-91.78
08:32:26.228510,709.00,-2192.00,-91.74
08:32:26.432816,711.00,-2193.00,-103.40
08:32:26.568743,711.00,-2192.00,-115.20
08:32:26.709517,710.00,-2189.00,-123.98
08:32:26.950999,709.00,-2191.00,-143.45
08:32:27.066891,708.00,-2191.00,-153.79
08:32:27.255251,705.00,-2192.00,-166.98
08:32:27.440791,707.00,-2190.00,177.18
08:32:27.571641,707.00,-2189.00,166.94
08:32:27.729185,706.00,-2190.00,155.33
08:32:27.928200,705.00,-2193.00,139.59
08:32:28.070106,705.00,-2194.00,128.38
08:32:28.229183,704.00,-2195.00,121.90
08:32:28.424973,702.00,-2191.00,116.34
08:32:28.539434,695.00,-2195.00,113.97
08:32:28.761694,680.00,-2201.00,116.45
08:32:28.864557,669.00,-2207.00,118.50
08:32:29.052333,655.00,-2215.00,119.93
08:32:29.253425,637.00,-2226.00,119.68
08:32:29.376937,629.00,-2231.00,119.38
08:32:29.544304,613.00,-2238.00,118.79
08:32:29.762665,596.00,-2249.00,118.94
08:32:29.897043,583.00,-2255.00,119.06
08:32:30.062585,570.00,-2263.00,118.55
08:32:30.257622,553.00,-2272.00,118.40
08:32:30.397624,540.00,-2279.00,118.55
08:32:30.576328,526.00,-2287.00,118.61
08:32:30.754786,521.00,-2290.00,121.54
08:32:30.872300,524.00,-2287.00,130.07
08:32:31.117594,522.00,-2290.00,148.90
08:32:31.218027,523.00,-2294.00,157.05
08:32:31.429150,522.00,-2295.00,172.93
08:32:31.555145,522.00,-2294.00,183.36
08:32:31.752233,522.00,-2297.00,-160.93
08:32:31.910665,523.00,-2299.00,-151.29
08:32:32.074689,525.00,-2301.00,-146.63
08:32:32.263593,531.00,-2309.00,-141.67
08:32:32.402034,539.00,-2317.00,-141.93
08:32:32.586504,547.00,-2329.00,-144.86
08:32:32.758404,556.00,-2344.00,-146.27
08:32:32.895658,564.00,-2356.00,-146.06
08:32:33.079927,572.00,-2371.00,-144.94
08:33:31.544206,776.00,-3033.00,-29.39
08:33:31.729806,775.00,-3039.00,-17.46
08:33:31.877024,774.00,-3040.00,-5.92
08:33:32.070804,774.00,-3037.00,9.83
08:33:32.204088,774.00,-3033.00,20.05
08:33:32.400818,775.00,-3031.00,35.82
08:33:32.555183,773.00,-3030.00,47.68
08:33:32.726070,773.00,-3032.00,60.85
08:33:32.899566,771.00,-3030.00,74.97
08:33:33.045977,771.00,-3029.00,85.76
08:33:33.204012,768.00,-3028.00,90.83
08:33:33.411422,764.00,-3029.00,96.42
08:33:33.579568,751.00,-3031.00,96.77
08:33:33.719398,737.00,-3032.00,95.04
08:33:33.902591,720.00,-3034.00,93.11
08:33:34.058171,706.00,-3035.00,92.82
08:33:34.259703,685.00,-3037.00,93.47
08:33:34.378527,673.00,-3039.00,93.64
08:33:34.549293,657.00,-3041.00,93.46
08:33:34.706045,641.00,-3042.00,93.11
08:33:34.878607,624.00,-3044.00,92.99
08:33:35.048750,608.00,-3044.00,93.01
08:33:35.236707,591.00,-3045.00,93.27
08:33:35.366138,579.00,-3046.00,93.46
08:33:35.546936,569.00,-3048.00,98.02
08:33:35.699131,568.00,-3046.00,108.34
08:33:35.871232,567.00,-3047.00,120.72
08:33:36.031642,568.00,-3051.00,125.92
08:33:36.226140,565.00,-3055.00,131.75
08:33:36.405714,555.00,-3062.00,132.88
08:33:36.553189,545.00,-3070.00,130.36
08:33:36.698504,534.00,-3078.00,129.28
08:33:36.891417,520.00,-3087.00,129.30
08:33:37.084133,506.00,-3099.00,130.34
08:33:37.227569,496.00,-3108.00,130.89
08:33:37.362182,486.00,-3117.00,131.08
08:33:37.581840,474.00,-3129.00,130.39
08:33:37.731535,471.00,-3130.00,137.98
08:33:37.877820,470.00,-3130.00,149.22
08:33:38.086164,471.00,-3132.00,165.11
08:33:38.261024,470.00,-3133.00,179.42
08:33:38.380748,469.00,-3134.00,-171.19
08:33:38.569656,471.00,-3137.00,-155.52
08:33:38.738287,473.00,-3138.00,-144.12
08:33:38.881014,477.00,-3139.00,-137.86
08:33:39.052749,479.00,-3140.00,-133.36
08:33:39.233886,489.00,-3150.00,-131.85
08:33:39.375867,501.00,-3161.00,-133.30
08:33:39.557332,512.00,-3172.00,-134.37
08:34:01.868748,-1075.00,-3353.00,86.01
08:34:02.082703,-1074.00,-3353.00,85.93
08:34:02.235397,-1077.00,-3352.00,79.23
08:34:02.406994,-1076.00,-3353.00,71.44
08:34:02.583946,-1077.00,-3353.00,64.00
08:34:02.739500,-1077.00,-3353.00,54.94
08:34:02.891021,-1076.00,-3353.00,41.94
08:34:03.091230,-1076.00,-3353.00,34.81
08:34:03.224202,-1078.00,-3349.00,30.51
08:34:03.419088,-1082.00,-3342.00,28.90
08:34:03.538691,-1081.00,-3345.00,30.10
08:34:03.740185,-1102.00,-3322.00,31.03
08:34:03.887030,-1117.00,-3304.00,31.42
08:34:04.068944,-1131.00,-3284.00,28.94
08:34:04.230895,-1143.00,-3266.00,27.78
08:34:04.399257,-1153.00,-3250.00,26.88
08:34:04.562741,-1159.00,-3238.00,26.21
08:34:04.719334,-1166.00,-3222.00,25.64
08:34:04.929824,-1176.00,-3203.00,26.31
08:34:05.053927,-1183.00,-3191.00,26.74
08:34:05.230341,-1191.00,-3179.00,26.71
08:34:05.378681,-1194.00,-3174.00,23.93
08:34:05.558538,-1198.00,-3173.00,11.75
08:34:05.753011,-1198.00,-3172.00,-3.62
08:34:05.919144,-1198.00,-3172.00,-17.53
08:34:06.100737,-1198.00,-3172.00,-30.69
08:34:06.241237,-1198.00,-3172.00,-41.00
08:34:06.377097,-1197.00,-3170.00,-52.79
08:34:06.584810,-1197.00,-3170.00,-68.45
08:34:06.721853,-1197.00,-3170.00,-80.26
08:34:06.921686,-1196.00,-3170.00,-95.72
08:34:07.077621,-1196.00,-3172.00,-102.18
08:34:07.228883,-1197.00,-3172.00,-105.69
08:34:07.395340,-1185.00,-3176.00,-108.62
08:34:07.591239,-1171.00,-3181.00,-107.08
08:34:07.728418,-1157.00,-3185.00,-105.59
08:34:07.896371,-1140.00,-3189.00,-105.03
08:54:57.082597,-1006.00,-3544.00,122.07
08:54:57.249426,-1007.00,-3543.00,122.11
08:54:57.416999,-1008.00,-3543.00,122.13
08:54:57.609807,-1009.00,-3542.00,122.14
08:54:57.748773,-1009.00,-3542.00,122.17
08:54:57.953269,-1010.00,-3541.00,122.18
08:54:58.124773,-1011.00,-3541.00,122.19
08:54:58.246253,-1012.00,-3540.00,122.20
08:54:58.449744,-1012.00,-3540.00,122.22
08:54:58.560215,-1012.00,-3540.00,122.25
08:54:58.756973,-1013.00,-3540.00,121.31
08:54:58.963258,-1014.00,-3540.00,107.62
08:54:59.079792,-1014.00,-3541.00,98.72
08:54:59.249063,-1015.00,-3541.00,84.77
08:54:59.426419,-1014.00,-3540.00,71.47
08:54:59.556836,-1014.00,-3540.00,60.95
08:54:59.737568,-1015.00,-3540.00,47.55
08:54:59.890935,-1015.00,-3540.00,35.59
08:55:00.065661,-1015.00,-3540.00,22.31
08:55:00.246948,-1015.00,-3541.00,7.10
08:55:00.389118,-1014.00,-3540.00,1.79
08:55:00.608204,-1014.00,-3536.00,-4.57
08:55:00.731936,-1014.00,-3527.00,-6.30
08:55:00.938128,-1012.00,-3509.00,-4.76
08:55:01.080963,-1012.00,-3495.00,-3.41
08:55:01.265089,-1011.00,-3478.00,-3.07
08:55:01.430660,-1010.00,-3460.00,-3.26
08:55:01.584012,-1010.00,-3445.00,-3.47
08:55:01.724763,-1009.00,-3430.00,-3.57
08:55:01.910084,-1008.00,-3413.00,-3.61
08:55:02.102847,-1007.00,-3394.00,-3.56
08:55:02.247251,-1007.00,-3379.00,-3.64
08:55:02.429734,-1006.00,-3362.00,-3.59
08:55:02.588110,-1005.00,-3347.00,-3.93
08:55:02.752868,-1005.00,-3331.00,-4.09
08:55:02.904677,-1004.00,-3323.00,-4.13
08:55:03.081204,-1004.00,-3320.00,5.63
08:55:03.250739,-1004.00,-3320.00,18.17
08:55:03.409502,-1004.00,-3319.00,26.50
08:55:03.611591,-1005.00,-3318.00,32.40
08:55:03.774237,-1011.00,-3308.00,35.41
08:55:03.921355,-1019.00,-3297.00,33.97
08:55:04.073776,-1027.00,-3286.00,32.16
08:55:04.255831,-1034.00,-3274.00,31.62
08:55:04.394671,-1036.00,-3271.00,27.09
08:55:04.587339,-1036.00,-3272.00,15.69
08:55:04.783708,-1036.00,-3273.00,7.57
08:55:04.910387,-1035.00,-3274.00,4.65
08:55:05.086020,-1036.00,-3263.00,3.21
08:55:05.278707,-1036.00,-3246.00,3.28
08:55:05.411152,-1037.00,-3235.00,3.33
08:55:05.595721,-1037.00,-3217.00,3.86
08:55:05.747705,-1038.00,-3202.00,4.53
08:55:05.917389,-1039.00,-3187.00,4.51
08:55:06.093617,-1041.00,-3171.00,4.70
08:55:06.225354,-1042.00,-3157.00,4.52
08:55:06.404004,-1044.00,-3141.00,4.54
08:55:06.557051,-1045.00,-3127.00,4.62
08:55:06.757694,-1046.00,-3108.00,4.59
08:55:06.966019,-1048.00,-3090.00,4.24
08:55:07.099925,-1049.00,-3076.00,4.32
