09:41:21.861874,-1027.00,-1294.00,88.62
09:41:22.035928,-1047.00,-1292.00,80.90
09:41:22.209194,-1063.00,-1288.00,71.07
09:41:22.353438,-1077.00,-1274.00,58.28
09:41:22.520005,-1091.00,-1263.00,44.50
09:41:22.678408,-1101.00,-1251.00,33.25
09:41:22.857338,-1110.00,-1234.00,20.46
09:41:23.009203,-1115.00,-1219.00,9.25
09:41:23.198791,-1115.00,-1198.00,-6.00
09:41:23.337757,-1122.00,-1178.00,-17.56
09:41:23.543663,-1113.00,-1159.00,-32.68
09:41:23.673600,-1100.00,-1157.00,-41.30
09:41:23.874648,-1085.00,-1144.00,-56.52
09:41:24.013240,-1072.00,-1136.00,-68.37
09:41:24.197036,-1055.00,-1130.00,-80.90
09:41:24.359597,-1046.00,-1129.00,-87.86
09:41:31.872488,-1075.00,-999.00,88.54
09:41:32.075832,-1094.00,-998.00,82.20
09:41:32.223930,-1110.00,-995.00,71.63
09:41:32.384109,-1126.00,-991.00,59.20
09:41:32.558038,-1141.00,-981.00,47.92
09:41:32.706511,-1153.00,-965.00,35.31
09:41:32.865911,-1160.00,-951.00,22.70
09:41:33.035408,-1165.00,-936.00,10.90
09:41:33.227340,-1166.00,-920.00,355.92
09:41:33.381402,-1163.00,-905.00,-14.25
09:41:33.505964,-1165.00,-893.00,-22.60
09:41:33.683868,-1152.00,-886.00,-35.19
09:41:33.842685,-1141.00,-867.00,-47.55
09:41:34.012686,-1126.00,-856.00,-60.80
09:41:34.193187,-1103.00,-842.00,-74.11
09:41:34.382759,-1092.00,-839.00,-85.66
09:41:34.493907,-1084.00,-838.00,-90.13
09:41:40.547830,-1029.00,-701.00,87.19
09:41:40.707294,-1047.00,-700.00,81.83
09:41:40.866168,-1067.00,-696.00,69.34
09:41:41.019696,-1082.00,-689.00,58.03
09:41:41.217538,-1110.00,-675.00,42.31
09:41:41.373721,-1117.00,-663.00,31.17
09:41:41.587059,-1126.00,-644.00,16.70
09:41:41.675429,-1129.00,-634.00,9.30
09:41:41.901273,-1130.00,-610.00,-6.96
09:41:42.011099,-1128.00,-602.00,-14.02
09:41:42.189088,-1122.00,-583.00,-28.12
09:41:42.343116,-1114.00,-571.00,-38.86
09:41:42.533962,-1103.00,-559.00,-52.23
09:41:42.688408,-1087.00,-549.00,-64.71
09:41:42.891150,-1070.00,-544.00,-79.21
09:41:43.005784,-1063.00,-543.00,-84.98
09:41:51.377347,-1030.00,-404.00,83.46
09:41:51.571164,-1054.00,-399.00,70.68
09:41:51.694448,-1067.00,-393.00,62.00
09:41:51.867341,-1081.00,-386.00,47.55
09:41:52.046496,-1094.00,-372.00,34.99
09:41:52.224042,-1103.00,-357.00,21.99
09:41:52.373910,-1109.00,-343.00,11.21
09:41:52.537472,-1111.00,-327.00,360.03
09:41:52.681407,-1111.00,-312.00,-10.69
09:41:52.896852,-1104.00,-291.00,-26.51
09:41:53.014091,-1098.00,-281.00,-36.04
09:41:53.229076,-1086.00,-266.00,-50.38
09:41:53.387904,-1070.00,-257.00,-62.01
09:41:53.555753,-1053.00,-251.00,-74.61
09:41:53.691594,-1041.00,-249.00,-84.71
09:42:05.087525,-966.00,-93.00,89.99
09:42:05.218551,-986.00,-93.00,86.93
09:42:05.401842,-1010.00,-90.00,75.87
09:42:05.584053,-1030.00,-84.00,62.63
09:42:05.725033,-1049.00,-72.00,49.58
09:42:05.891618,-1065.00,-64.00,37.35
09:42:06.088624,-1074.00,-50.00,24.27
09:42:06.220978,-1079.00,-36.00,13.64
09:42:06.425237,-1082.00,-16.00,358.52
09:42:06.587965,-1081.00,-1.00,-12.19
09:42:06.707028,-1078.00,11.00,-20.92
09:42:06.915217,-1063.00,28.00,-38.09
09:42:07.079172,-1053.00,39.00,-49.23
09:42:07.212321,-1042.00,47.00,-58.28
09:42:07.393918,-1041.00,49.00,-69.97
09:42:07.548988,-1053.00,44.00,-70.33
09:42:07.710537,-1056.00,43.00,-75.04
09:42:07.871198,-1057.00,42.00,-80.08
09:42:08.065089,-1056.00,42.00,-85.69
09:42:08.247248,-1052.00,42.00,-90.55
09:42:08.356468,-1052.00,42.00,-90.24
09:42:08.532063,-1051.00,42.00,-90.13
09:42:26.534772,97.00,-318.00,-1.95
09:42:26.722656,99.00,-295.00,-13.12
09:42:26.883671,104.00,-280.00,-23.06
09:42:27.062899,114.00,-264.00,-36.83
09:42:27.225077,132.00,-250.00,-50.73
09:42:27.368649,149.00,-241.00,-62.41
09:42:27.550945,166.00,-234.00,-75.84
09:42:27.700327,180.00,-234.00,-87.28
09:42:27.879997,192.00,-226.00,-99.02
09:42:28.063011,210.00,-231.00,-112.68
09:42:28.238333,225.00,-240.00,-125.30
09:42:28.364919,234.00,-247.00,-133.97
09:42:28.580703,249.00,-266.00,-151.37
09:42:28.727648,254.00,-288.00,-163.64
09:42:28.902279,256.00,-301.00,-174.72
09:45:09.392961,-1036.00,-1298.00,88.55
09:45:09.544792,-1052.00,-1296.00,79.17
09:45:09.695925,-1068.00,-1291.00,68.91
09:45:09.864742,-1087.00,-1274.00,54.20
09:45:10.054580,-1102.00,-1260.00,38.98
09:45:10.203747,-1110.00,-1246.00,27.75
09:45:10.385558,-1117.00,-1230.00,14.05
09:45:10.522773,-1120.00,-1217.00,4.97
09:45:10.716981,-1119.00,-1196.00,-10.21
09:45:10.842927,-1116.00,-1183.00,-20.03
09:45:11.028301,-1107.00,-1165.00,-35.01
09:45:11.177245,-1097.00,-1154.00,-46.27
09:45:11.375591,-1081.00,-1142.00,-61.57
09:45:11.553464,-1062.00,-1129.00,-74.61
09:45:11.699875,-1051.00,-1127.00,-84.06
09:45:20.068714,-1033.00,-1008.00,88.47
09:45:20.209709,-1051.00,-1006.00,81.54
09:45:20.393059,-1069.00,-1001.00,69.57
09:45:20.563793,-1085.00,-988.00,54.79
09:45:20.712133,-1096.00,-979.00,45.12
09:45:20.919137,-1105.00,-963.00,28.21
09:45:21.024704,-1114.00,-949.00,21.42
09:45:21.183301,-1119.00,-932.00,5.67
09:45:21.407622,-1119.00,-910.00,-7.10
09:45:21.534515,-1120.00,-906.00,-16.39
09:45:21.736397,-1113.00,-889.00,-30.35
09:45:21.839270,-1108.00,-880.00,-37.46
09:45:22.021510,-1089.00,-869.00,-50.06
09:45:22.199278,-1074.00,-852.00,-63.54
09:45:22.364318,-1057.00,-845.00,-76.98
09:45:22.562073,-1044.00,-843.00,-87.63
09:45:28.706094,-1083.00,-702.00,87.55
09:45:28.887562,-1104.00,-700.00,76.07
09:45:29.039520,-1124.00,-697.00,64.29
09:45:29.249320,-1150.00,-691.00,49.81
09:45:29.396648,-1161.00,-680.00,38.55
09:45:29.542904,-1170.00,-666.00,27.18
09:45:29.714483,-1176.00,-647.00,14.57
09:45:29.868325,-1178.00,-632.00,363.70
09:45:30.043113,-1178.00,-615.00,-9.23
09:45:30.209206,-1174.00,-597.00,-21.48
09:45:30.393848,-1167.00,-581.00,-34.70
09:45:30.524721,-1160.00,-571.00,-43.40
09:45:30.720965,-1144.00,-558.00,-57.85
09:45:30.854336,-1130.00,-551.00,-68.78
09:45:31.053875,-1113.00,-547.00,-82.59
09:45:31.202539,-1105.00,-546.00,-89.35
09:45:36.919524,-1063.00,-411.00,85.67
09:45:37.047317,-1077.00,-409.00,81.82
09:45:37.222932,-1098.00,-404.00,70.41
09:45:37.379119,-1117.00,-395.00,55.86
09:45:37.571889,-1136.00,-386.00,42.95
09:45:37.749045,-1156.00,-370.00,29.98
09:45:37.917595,-1163.00,-354.00,17.54
09:45:38.028255,-1165.00,-343.00,8.12
09:45:38.219055,-1166.00,-324.00,-4.35
09:45:38.381098,-1163.00,-308.00,-17.67
09:45:38.552762,-1156.00,-291.00,-30.00
09:45:38.717461,-1147.00,-279.00,-41.51
09:45:38.902526,-1136.00,-268.00,-54.79
09:45:39.024034,-1124.00,-261.00,-63.70
09:45:39.215590,-1098.00,-253.00,-79.27
09:45:39.388134,-1086.00,-252.00,-88.70
09:45:45.717661,172.00,-228.00,-88.63
09:45:45.897258,193.00,-229.00,-100.35
09:45:46.036159,209.00,-233.00,-109.98
09:45:46.225891,225.00,-241.00,-123.60
09:45:46.432443,241.00,-257.00,-139.96
09:45:46.531536,246.00,-276.00,-148.19
09:45:46.716473,265.00,-300.00,-162.36
09:45:46.906975,269.00,-320.00,-177.33
09:45:47.061915,271.00,-337.00,171.56
09:45:47.222139,268.00,-352.00,160.19
09:45:47.375442,262.00,-365.00,148.81
09:45:47.568450,249.00,-380.00,133.75
09:45:47.687477,240.00,-385.00,123.49
09:45:47.865604,225.00,-393.00,111.45
09:45:48.018071,210.00,-397.00,100.37
09:45:48.217010,198.00,-399.00,90.67
09:45:54.228838,225.00,-544.00,-90.80
09:45:54.388154,241.00,-545.00,-96.61
09:45:54.554464,259.00,-548.00,-107.67
09:45:54.721690,271.00,-557.00,-119.25
09:45:54.884451,285.00,-568.00,-133.32
09:45:55.056818,291.00,-587.00,-146.40
09:45:55.238801,309.00,-603.00,-160.18
09:45:55.363503,313.00,-616.00,-169.39
09:45:55.533567,314.00,-633.00,-183.52
09:45:55.723935,310.00,-651.00,163.84
09:45:55.875119,305.00,-665.00,152.75
09:45:56.064340,294.00,-682.00,137.36
09:45:56.222926,283.00,-691.00,125.66
09:45:56.396981,267.00,-700.00,111.58
09:45:56.515245,255.00,-704.00,103.16
09:45:56.698094,245.00,-707.00,93.61
09:46:13.576108,-967.00,-88.00,90.06
09:46:13.719002,-984.00,-88.00,87.11
09:46:13.934880,-1010.00,-84.00,71.16
09:46:14.055858,-1025.00,-78.00,62.16
09:46:14.208781,-1054.00,-67.00,49.82
09:46:14.382349,-1066.00,-55.00,36.35
09:46:14.581517,-1076.00,-38.00,22.07
09:46:14.753873,-1081.00,-21.00,9.81
09:46:14.908448,-1083.00,-6.00,358.44
09:46:15.077281,-1082.00,8.00,-12.34
09:46:15.214012,-1084.00,19.00,-23.09
09:46:15.365622,-1076.00,32.00,-34.19
09:46:15.561996,-1062.00,46.00,-49.16
09:46:15.695749,-1052.00,53.00,-58.90
09:46:15.877171,-1059.00,49.00,-64.72
09:46:16.038035,-1069.00,44.00,-66.59
09:46:16.242139,-1073.00,42.00,-73.25
09:46:16.379725,-1073.00,42.00,-77.19
09:46:16.570446,-1069.00,42.00,-82.56
09:46:16.696336,-1067.00,42.00,-84.71
09:46:16.878938,-1065.00,42.00,-84.55
09:46:17.026137,-1064.00,42.00,-84.49
09:46:17.221297,-1062.00,42.00,-84.47
09:46:17.360741,-1061.00,41.00,-84.44
09:46:17.540853,-1060.00,41.00,-84.44
09:46:17.723672,-1059.00,41.00,-84.35
09:46:17.872587,-1058.00,41.00,-84.33
09:46:18.026329,-1057.00,41.00,-84.33
09:46:18.217535,-1056.00,41.00,-84.32
09:46:18.354336,-1055.00,41.00,-84.29
09:46:18.537809,-1054.00,41.00,-84.26
09:46:18.683588,-1053.00,41.00,-84.26
09:46:18.868881,-1053.00,41.00,-84.26
09:46:19.047657,-1053.00,41.00,-84.24
09:46:19.199128,-1052.00,41.00,-84.23
09:46:19.362562,-1052.00,41.00,-84.15
09:46:19.533836,-1052.00,41.00,-84.16
09:46:19.694129,-1051.00,41.00,-84.15
