I0119 08:59:21.587775 458] [CTRL] [IOT MCU]: wavesensor mcu 04-42, , SendBuf:aa 1c b8 00 00 00 00 00 01 04 42 03 01 00 00 02 01 00 01 00 00 4b 00 01 00 00 00 01 90 
I0119 09:01:21.695577 458] [CTRL] [IOT MCU]: wavesensor mcu 04-42, , SendBuf:aa 1c b8 00 00 00 00 00 01 04 42 03 01 00 00 02 01 00 01 00 00 4c 00 01 00 00 00 01 8f 
I0119 09:03:25.603039 458] [CTRL] [IOT MCU]: wavesensor mcu 04-42, , SendBuf:aa 1c b8 00 00 00 00 00 01 04 42 03 01 00 00 02 01 00 01 00 00 4d 00 01 00 00 00 01 8e 
I0119 09:05:25.709347 458] [CTRL] [IOT MCU]: wavesensor mcu 04-42, , SendBuf:aa 1c b8 00 00 00 00 00 01 04 42 03 01 00 00 02 01 00 01 00 00 4e 00 01 00 00 00 01 8d 
I0119 09:07:25.616490 458] [CTRL] [IOT MCU]: wavesensor mcu 04-42, , SendBuf:aa 1c b8 00 00 00 00 00 01 04 42 03 01 00 00 02 01 00 01 00 00 4f 00 01 00 00 00 01 8c 
I0119 09:09:37.725232 458] [CTRL] [IOT MCU]: wavesensor mcu 04-42, , SendBuf:aa 1c b8 00 00 00 00 00 01 04 42 03 01 00 00 02 01 00 01 00 00 50 00 01 00 00 00 01 8b 
I0119 09:11:53.633479 458] [CTRL] [IOT MCU]: wavesensor mcu 04-42, , SendBuf:aa 1c b8 00 00 00 00 00 01 04 42 03 01 00 00 02 01 00 01 00 00 51 00 01 00 00 00 01 8a 
I0119 09:14:17.741438 458] [CTRL] [IOT MCU]: wavesensor mcu 04-42, , SendBuf:aa 1c b8 00 00 00 00 00 01 04 42 03 01 00 00 02 01 00 01 00 00 52 00 01 00 00 00 01 89 
I0119 09:16:53.701212 458] [CTRL] [IOT MCU]: wavesensor mcu 04-42, , SendBuf:aa 1c b8 00 00 00 00 00 01 04 42 03 01 00 00 02 01 00 01 00 00 53 00 01 00 00 00 01 88 
I0119 09:19:33.660651 458] [CTRL] [IOT MCU]: wavesensor mcu 04-42, , SendBuf:aa 1c b8 00 00 00 00 00 01 04 42 03 01 00 00 02 01 00 01 00 00 54 00 01 00 00 00 01 87 
I0119 09:22:19.771229 458] [CTRL] [IOT MCU]: wavesensor mcu 04-42, , SendBuf:aa 1c b8 00 00 00 00 00 01 04 42 03 01 00 00 02 01 00 01 00 00 55 00 01 00 00 00 01 86 
I0119 09:25:19.731560 458] [CTRL] [IOT MCU]: wavesensor mcu 04-42, , SendBuf:aa 1c b8 00 00 00 00 00 01 04 42 03 01 00 00 02 01 00 01 00 00 56 00 01 00 00 00 01 85 
I0119 09:28:17.692797 458] [CTRL] [IOT MCU]: wavesensor mcu 04-42, , SendBuf:aa 1c b8 00 00 00 00 00 01 04 42 03 01 00 00 02 01 00 01 00 00 57 00 01 00 00 00 01 84 
I0119 09:28:37.743240 458] [CTRL] [IOT MCU]: wavesensor mcu 04-42, , SendBuf:aa 1c b8 00 00 00 00 00 01 04 42 03 00 02 00 02 01 00 01 00 00 56 00 01 00 00 00 01 84 
I0119 02:56:36.175848 456] [CTRL] [IOT MCU]: wavesensor mcu 04-42, , SendBuf:aa 1c b8 00 00 00 00 00 01 04 42 03 01 00 00 02 01 00 01 00 00 47 00 01 00 00 00 01 94 
I0119 03:19:52.208918 456] [CTRL] [IOT MCU]: wavesensor mcu 04-42, , SendBuf:aa 1c b8 00 00 00 00 00 01 04 42 03 01 00 00 02 01 00 01 00 00 46 00 01 00 00 00 01 95 
I0119 03:44:38.346829 456] [CTRL] [IOT MCU]: wavesensor mcu 04-42, , SendBuf:aa 1c b8 00 00 00 00 00 01 04 42 03 01 00 00 02 01 00 01 00 00 45 00 01 00 00 00 01 96 
I0119 04:11:04.342092 456] [CTRL] [IOT MCU]: wavesensor mcu 04-42, , SendBuf:aa 1c b8 00 00 00 00 00 01 04 42 03 01 00 00 02 01 00 01 00 00 44 00 01 00 00 00 01 97 
I0119 04:39:36.493702 456] [CTRL] [IOT MCU]: wavesensor mcu 04-42, , SendBuf:aa 1c b8 00 00 00 00 00 01 04 42 03 01 00 00 02 01 00 01 00 00 43 00 01 00 00 00 01 98 
I0119 05:07:44.594427 456] [CTRL] [IOT MCU]: wavesensor mcu 04-42, , SendBuf:aa 1c b8 00 00 00 00 00 01 04 42 03 01 00 00 02 01 00 01 00 00 42 00 01 00 00 00 01 99 
I0119 05:35:12.642518 456] [CTRL] [IOT MCU]: wavesensor mcu 04-42, , SendBuf:aa 1c b8 00 00 00 00 00 01 04 42 03 01 00 00 02 01 00 01 00 00 41 00 01 00 00 00 01 9a 
I0119 06:03:44.794199 456] [CTRL] [IOT MCU]: wavesensor mcu 04-42, , SendBuf:aa 1c b8 00 00 00 00 00 01 04 42 03 01 00 00 02 01 00 01 00 00 40 00 01 00 00 00 01 9b 
I0119 06:33:36.999899 456] [CTRL] [IOT MCU]: wavesensor mcu 04-42, , SendBuf:aa 1c b8 00 00 00 00 00 01 04 42 03 01 00 00 02 01 00 01 00 00 3f 00 01 00 00 00 01 9c 
I0119 07:00:29.046047 456] [CTRL] [IOT MCU]: wavesensor mcu 04-42, , SendBuf:aa 1c b8 00 00 00 00 00 01 04 42 03 01 00 00 02 01 00 01 00 00 3e 00 01 00 00 00 01 9d 
I0119 07:28:01.094486 456] [CTRL] [IOT MCU]: wavesensor mcu 04-42, , SendBuf:aa 1c b8 00 00 00 00 00 01 04 42 03 01 00 00 02 01 00 01 00 00 3d 00 01 00 00 00 01 9e 
I0119 07:56:19.195847 456] [CTRL] [IOT MCU]: wavesensor mcu 04-42, , SendBuf:aa 1c b8 00 00 00 00 00 01 04 42 03 01 00 00 02 01 00 01 00 00 3c 00 01 00 00 00 01 9f 
I0119 08:22:59.240301 456] [CTRL] [IOT MCU]: wavesensor mcu 04-42, , SendBuf:aa 1c b8 00 00 00 00 00 01 04 42 03 01 00 00 02 01 00 01 00 00 3b 00 01 00 00 00 01 a0 
I0119 08:23:43.293242 456] [CTRL] [IOT MCU]: wavesensor mcu 04-42, , SendBuf:aa 1c b8 00 00 00 00 00 01 04 42 03 01 00 00 02 01 00 01 00 00 3c 00 01 00 00 00 01 9f 
I0119 08:24:07.295092 456] [CTRL] [IOT MCU]: wavesensor mcu 04-42, , SendBuf:aa 1c b8 00 00 00 00 00 01 04 42 03 01 00 00 02 01 00 01 00 00 3d 00 01 00 00 00 01 9e 
I0119 08:24:19.295243 456] [CTRL] [IOT MCU]: wavesensor mcu 04-42, , SendBuf:aa 1c b8 00 00 00 00 00 01 04 42 03 01 00 00 02 01 00 01 00 00 3e 00 01 00 00 00 01 9d 
I0119 08:24:31.345844 456] [CTRL] [IOT MCU]: wavesensor mcu 04-42, , SendBuf:aa 1c b8 00 00 00 00 00 01 04 42 03 01 00 00 02 01 00 01 00 00 3f 00 01 00 00 00 01 9c 
I0119 08:24:55.347159 456] [CTRL] [IOT MCU]: wavesensor mcu 04-42, , SendBuf:aa 1c b8 00 00 00 00 00 01 04 42 03 01 00 00 02 01 00 01 00 00 40 00 01 00 00 00 01 9b 
I0119 08:25:07.348421 456] [CTRL] [IOT MCU]: wavesensor mcu 04-42, , SendBuf:aa 1c b8 00 00 00 00 00 01 04 42 03 01 00 00 02 01 00 01 00 00 41 00 01 00 00 00 01 9a 
I0119 08:25:31.399874 456] [CTRL] [IOT MCU]: wavesensor mcu 04-42, , SendBuf:aa 1c b8 00 00 00 00 00 01 04 42 03 01 00 00 02 01 00 01 00 00 42 00 01 00 00 00 01 99 
I0119 08:25:55.400859 456] [CTRL] [IOT MCU]: wavesensor mcu 04-42, , SendBuf:aa 1c b8 00 00 00 00 00 01 04 42 03 01 00 00 02 01 00 01 00 00 43 00 01 00 00 00 01 98 
I0119 08:26:19.402362 456] [CTRL] [IOT MCU]: wavesensor mcu 04-42, , SendBuf:aa 1c b8 00 00 00 00 00 01 04 42 03 01 00 00 02 01 00 01 00 00 44 00 01 00 00 00 01 97 
I0119 08:26:43.253527 456] [CTRL] [IOT MCU]: wavesensor mcu 04-42, , SendBuf:aa 1c b8 00 00 00 00 00 01 04 42 03 01 00 00 02 01 00 01 00 00 45 00 01 00 00 00 01 96 
I0119 08:27:07.255147 456] [CTRL] [IOT MCU]: wavesensor mcu 04-42, , SendBuf:aa 1c b8 00 00 00 00 00 01 04 42 03 01 00 00 02 01 00 01 00 00 46 00 01 00 00 00 01 95 
I0119 08:27:43.307576 456] [CTRL] [IOT MCU]: wavesensor mcu 04-42, , SendBuf:aa 1c b8 00 00 00 00 00 01 04 42 03 01 00 00 02 01 00 01 00 00 47 00 01 00 00 00 01 94 
I0119 08:28:19.308974 456] [CTRL] [IOT MCU]: wavesensor mcu 04-42, , SendBuf:aa 1c b8 00 00 00 00 00 01 04 42 03 01 00 00 02 01 00 01 00 00 48 00 01 00 00 00 01 93 
I0119 08:29:07.361876 456] [CTRL] [IOT MCU]: wavesensor mcu 04-42, , SendBuf:aa 1c b8 00 00 00 00 00 01 04 42 03 01 00 00 02 01 00 01 00 00 49 00 01 00 00 00 01 92 
I0119 08:29:55.415658 456] [CTRL] [IOT MCU]: wavesensor mcu 04-42, , SendBuf:aa 1c b8 00 00 00 00 00 01 04 42 03 01 00 00 02 01 00 01 00 00 4a 00 01 00 00 00 01 91 
I0119 08:30:43.268215 456] [CTRL] [IOT MCU]: wavesensor mcu 04-42, , SendBuf:aa 1c b8 00 00 00 00 00 01 04 42 03 01 00 00 02 01 00 01 00 00 4b 00 01 00 00 00 01 90 
I0119 08:31:43.322062 456] [CTRL] [IOT MCU]: wavesensor mcu 04-42, , SendBuf:aa 1c b8 00 00 00 00 00 01 04 42 03 01 00 00 02 01 00 01 00 00 4c 00 01 00 00 00 01 8f 
I0119 08:32:43.374955 456] [CTRL] [IOT MCU]: wavesensor mcu 04-42, , SendBuf:aa 1c b8 00 00 00 00 00 01 04 42 03 01 00 00 02 01 00 01 00 00 4d 00 01 00 00 00 01 8e 
I0119 08:34:07.430481 456] [CTRL] [IOT MCU]: wavesensor mcu 04-42, , SendBuf:aa 1c b8 00 00 00 00 00 01 04 42 03 01 00 00 02 01 00 01 00 00 4e 00 01 00 00 00 01 8d 
I0119 08:35:55.337070 456] [CTRL] [IOT MCU]: wavesensor mcu 04-42, , SendBuf:aa 1c b8 00 00 00 00 00 01 04 42 03 01 00 00 02 01 00 01 00 00 4f 00 01 00 00 00 01 8c 
I0119 08:38:07.445158 456] [CTRL] [IOT MCU]: wavesensor mcu 04-42, , SendBuf:aa 1c b8 00 00 00 00 00 01 04 42 03 01 00 00 02 01 00 01 00 00 50 00 01 00 00 00 01 8b 
I0119 08:40:43.404448 456] [CTRL] [IOT MCU]: wavesensor mcu 04-42, , SendBuf:aa 1c b8 00 00 00 00 00 01 04 42 03 01 00 00 02 01 00 01 00 00 51 00 01 00 00 00 01 8a 
I0119 08:43:31.364537 456] [CTRL] [IOT MCU]: wavesensor mcu 04-42, , SendBuf:aa 1c b8 00 00 00 00 00 01 04 42 03 01 00 00 02 01 00 01 00 00 52 00 01 00 00 00 01 89 
I0119 08:47:07.327476 456] [CTRL] [IOT MCU]: wavesensor mcu 04-42, , SendBuf:aa 1c b8 00 00 00 00 00 01 04 42 03 01 00 00 02 01 00 01 00 00 53 00 01 00 00 00 01 88 
I0119 08:50:31.339905 456] [CTRL] [IOT MCU]: wavesensor mcu 04-42, , SendBuf:aa 1c b8 00 00 00 00 00 01 04 42 03 01 00 00 02 01 00 01 00 00 54 00 01 00 00 00 01 87 
I0119 08:54:07.502795 456] [CTRL] [IOT MCU]: wavesensor mcu 04-42, , SendBuf:aa 1c b8 00 00 00 00 00 01 04 42 03 01 00 00 02 01 00 01 00 00 55 00 01 00 00 00 01 86 
