06:28:44.460624,3,162,1,85
06:28:46.960785,3,162,0,85
06:28:49.461083,3,162,0,85
06:28:51.961688,3,162,0,85
06:28:54.461997,3,162,1,85
06:28:56.962231,3,162,1,85
06:28:59.462103,3,162,0,85
06:29:01.962069,3,162,1,85
06:29:04.461776,3,162,0,85
06:29:06.961956,3,162,0,85
06:29:09.462261,3,162,0,85
06:29:11.962779,3,162,1,85
06:29:14.462620,3,162,1,85
06:29:16.962605,3,162,0,85
06:29:19.462743,3,162,0,85
06:29:21.962855,3,162,0,85
06:29:24.463510,3,162,0,85
06:29:26.963587,3,162,1,85
06:29:29.463899,3,162,1,85
06:29:31.964515,3,162,0,85
06:29:34.464346,3,162,1,85
06:29:36.964673,3,162,0,85
06:29:39.464790,3,162,0,85
06:29:41.965111,3,162,0,85
06:29:44.464427,3,162,0,85
06:29:46.964654,3,162,1,85
06:29:49.465381,3,162,0,85
06:29:51.965639,3,162,1,85
06:29:54.465412,3,162,1,85
06:29:56.965749,3,162,0,85
06:29:59.465230,3,162,1,85
06:30:01.965346,3,162,0,85
06:30:04.465596,3,162,1,85
06:30:06.965701,3,162,0,85
06:30:09.465900,3,162,0,85
06:30:11.966423,3,162,1,85
06:30:14.467193,3,162,1,85
06:30:16.966267,3,162,1,85
06:30:19.467373,3,162,1,85
06:30:21.966892,3,162,0,85
06:30:24.466715,3,162,1,85
06:30:26.966975,3,162,0,85
06:30:29.467063,3,162,0,85
06:30:31.968075,3,162,1,85
06:30:34.467614,3,162,0,85
06:30:36.968080,3,162,1,85
06:30:39.467842,3,162,1,85
06:30:41.968159,3,162,0,85
06:30:44.468336,3,162,1,85
06:30:46.968145,3,162,0,85
06:30:49.468974,3,162,1,85
06:30:51.968544,3,162,1,85
06:30:54.469360,3,162,0,85
06:30:56.969249,3,162,0,85
06:30:59.469063,3,162,1,85
06:31:01.969709,3,162,0,85
06:31:04.470010,3,162,1,85
06:31:06.969615,3,162,0,85
06:31:09.469828,3,162,0,85
06:31:11.970368,3,162,1,85
06:31:14.470304,3,162,0,85
06:31:16.970391,3,162,0,85
06:31:19.470974,3,162,0,85
06:31:21.970335,3,162,1,85
06:31:24.470943,3,162,1,85
06:31:26.971511,3,162,0,85
06:31:29.470701,3,162,1,85
06:31:31.970882,3,162,0,85
06:31:34.471966,3,162,1,85
06:31:36.971555,3,162,0,85
06:31:39.471763,3,162,0,85
06:31:41.971534,3,162,0,85
06:31:44.472395,3,162,1,85
06:31:46.971705,3,162,1,85
06:31:49.472659,3,162,0,85
06:31:51.972601,3,162,1,85
06:31:54.472748,3,162,1,85
06:31:56.973021,3,162,1,85
06:31:59.472860,3,162,1,85
06:32:01.972748,3,162,0,85
06:32:04.473645,3,162,0,85
06:32:06.973256,3,162,0,85
06:32:09.473197,3,162,1,85
06:32:11.973686,3,162,0,85
06:32:14.474378,3,162,0,85
06:32:16.974494,3,162,1,85
06:32:19.474607,3,162,1,85
06:32:21.974232,3,162,0,85
06:32:24.474153,3,162,0,85
06:32:26.974812,3,162,0,85
06:32:29.474576,3,162,1,85
06:32:31.974608,3,162,0,85
06:32:34.474849,3,162,1,85
06:32:36.974864,3,162,0,85
06:32:39.475139,3,162,0,85
06:32:41.975155,3,162,0,85
06:32:44.475886,3,162,1,85
06:32:46.975363,3,162,1,85
06:32:49.475739,3,162,0,85
06:32:51.976758,3,162,1,85
06:32:54.475973,3,162,0,85
06:32:56.976393,3,162,1,85
06:32:59.476941,3,162,1,85
06:33:01.976397,3,162,0,85
06:33:04.476637,3,162,0,85
06:33:06.977561,3,162,0,85
06:33:09.477494,3,162,1,85
06:33:11.977761,3,162,1,85
06:33:14.477324,3,162,0,85
06:33:16.977424,3,162,1,85
06:33:19.477769,3,162,1,85
06:33:21.977973,3,162,0,85
06:33:24.478315,3,162,0,85
06:33:26.977921,3,162,0,85
06:33:29.478086,3,162,0,85
06:33:31.978526,3,162,1,85
06:33:34.478646,3,162,1,85
06:33:36.979382,3,162,0,85
06:33:39.479429,3,162,1,85
06:33:41.978924,3,162,0,85
06:33:44.479648,3,162,1,85
06:33:46.979426,3,162,0,85
06:33:49.479748,3,162,0,85
06:33:51.980396,3,162,1,85
06:33:54.479781,3,162,1,85
06:33:56.980720,3,162,1,85
06:33:59.480767,3,162,1,85
06:34:01.981026,3,162,0,85
06:34:04.480370,3,162,0,85
06:34:06.980669,3,162,1,85
06:34:09.481031,3,162,1,85
06:34:11.980991,3,162,0,85
06:34:14.481748,3,162,1,85
06:34:16.981519,3,162,0,85
06:34:19.481431,3,162,0,85
06:34:21.981907,3,162,0,85
06:34:24.481889,3,162,0,85
06:34:26.982321,3,162,0,85
06:34:29.482519,3,162,1,85
06:34:31.981885,3,162,1,85
06:34:34.482836,3,162,0,85
06:34:36.982746,3,162,0,85
06:34:39.483347,3,162,0,85
06:34:41.983254,3,162,0,85
06:34:44.482945,3,162,1,85
06:34:46.983645,3,162,1,85
06:34:49.483276,3,162,1,85
06:34:51.983559,3,162,1,85
06:34:54.484027,3,162,1,85
06:34:56.984238,3,162,1,85
06:34:59.483875,3,162,1,85
06:35:01.983853,3,162,1,85
06:35:04.484086,3,162,1,85
06:35:06.984663,3,162,0,85
06:35:09.484648,3,162,0,85
06:35:11.985321,3,162,0,85
06:35:14.484498,3,162,1,85
06:35:16.984736,3,162,0,85
06:35:19.485044,3,162,0,85
06:35:21.984913,3,162,0,85
06:35:24.485141,3,162,0,85
06:35:26.985247,3,162,1,85
06:35:29.486424,3,162,0,85
06:35:31.986040,3,162,0,85
06:35:34.485692,3,162,0,85
06:35:36.986254,3,162,0,85
06:35:39.486393,3,162,0,85
06:35:41.986254,3,162,1,85
06:35:44.487345,3,162,0,85
06:35:46.986766,3,162,0,85
06:35:49.486693,3,162,0,85
06:35:51.986865,3,162,1,85
06:35:54.487638,3,162,0,85
06:35:56.987366,3,162,1,85
06:35:59.488011,3,162,1,85
06:36:01.987874,3,162,0,85
06:36:04.488343,3,162,1,85
06:36:06.988523,3,162,1,85
06:36:09.488096,3,162,1,85
06:36:11.988495,3,162,1,85
06:36:14.488749,3,162,1,85
06:36:16.989197,3,162,0,85
06:36:19.488903,3,162,0,85
06:36:21.989233,3,162,0,85
06:36:24.488883,3,162,0,85
06:36:26.989838,3,162,1,85
06:36:29.489135,3,162,1,85
06:36:31.989930,3,162,1,85
06:36:34.489426,3,162,0,85
06:36:36.989878,3,162,1,85
06:36:39.489785,3,162,1,85
06:36:41.990347,3,162,1,85
06:36:44.490173,3,162,0,85
06:36:46.990720,3,162,0,85
06:36:49.490411,3,162,0,85
06:36:51.990581,3,162,1,85
06:36:54.491128,3,162,0,85
06:36:56.991117,3,162,1,85
06:36:59.491209,3,162,0,85
06:37:01.991093,3,162,0,85
06:37:04.491775,3,162,1,85
06:37:06.991807,3,162,1,85
06:37:09.491616,3,162,1,85
06:37:11.992689,3,162,1,85
06:37:14.491871,3,162,0,85
06:37:16.992051,3,162,1,85
06:37:19.493249,3,162,0,85
06:37:21.992760,3,162,1,85
06:37:24.492955,3,162,0,85
06:37:26.992825,3,162,0,85
06:37:29.493275,3,162,1,85
06:37:31.993173,3,162,0,85
06:37:34.493049,3,162,0,85
06:37:36.993425,3,162,0,85
06:37:39.493597,3,162,1,85
06:37:41.994508,3,162,0,85
06:37:44.493937,3,162,0,85
06:37:46.994704,3,162,1,85
06:37:49.494071,3,162,0,85
06:37:51.994872,3,162,1,85
06:37:54.494571,3,162,0,85
06:37:56.994565,3,162,0,85
06:37:59.495211,3,162,1,85
06:38:01.995304,3,162,1,85
06:38:04.494884,3,162,1,85
06:38:06.995970,3,162,0,85
06:38:09.495316,3,162,0,85
06:38:11.995410,3,162,1,85
06:38:14.496594,3,162,1,85
06:38:16.995663,3,162,1,85
06:38:19.496601,3,162,1,85
06:38:21.996228,3,162,0,85
06:38:24.496424,3,162,0,85
06:38:26.996886,3,162,0,85
06:38:29.496928,3,162,0,85
06:38:31.997423,3,162,0,85
06:38:34.497639,3,162,0,85
06:38:36.997049,3,162,1,85
06:38:39.497936,3,162,1,85
06:38:41.997289,3,162,0,85
06:38:44.497426,3,162,1,85
06:38:46.997586,3,162,1,85
06:38:49.498160,3,162,1,85
06:38:51.998558,3,162,1,85
06:38:54.498030,3,162,0,85
06:38:56.998292,3,162,1,85
06:38:59.499331,3,162,1,85
06:39:01.998934,3,162,0,85
06:39:04.498685,3,162,0,85
06:39:06.998813,3,162,0,85
06:39:09.499219,3,162,1,85
06:39:11.998994,3,162,1,85
06:39:14.499307,3,162,1,85
06:39:17.000099,3,162,1,85
06:39:19.500268,3,162,0,85
06:39:22.000025,3,162,0,85
06:39:24.499881,3,162,0,85
06:39:27.000258,3,162,0,85
06:39:29.500558,3,162,0,85
06:39:32.000216,3,162,0,85
06:39:34.501245,3,162,1,85
06:39:37.001192,3,162,0,85
06:39:39.500854,3,162,0,85
06:39:42.001147,3,162,0,85
06:39:44.501175,3,162,0,85
06:39:47.001685,3,162,0,85
06:39:49.502007,3,162,1,85
06:39:52.001665,3,162,0,85
06:39:54.502432,3,162,0,85
06:39:57.002483,3,162,0,85
06:39:59.502795,3,162,0,85
06:40:02.002568,3,162,0,85
06:40:04.503147,3,162,0,85
06:40:07.003569,3,162,0,85
06:40:09.502550,3,162,0,85
06:40:12.003366,3,162,1,85
06:40:14.503362,3,162,0,85
06:40:17.004048,3,162,1,85
06:40:19.503422,3,162,0,85
06:40:22.003705,3,162,1,85
06:40:24.504241,3,162,0,85
06:40:27.003923,3,162,0,85
06:40:29.503871,3,162,0,85
06:40:32.005023,3,162,1,85
06:40:34.504861,3,162,1,85
06:40:37.004685,3,162,1,85
06:40:39.504484,3,162,1,85
06:40:42.005285,3,162,0,85
06:40:44.504760,3,162,1,85
06:40:47.005048,3,162,0,85
06:40:49.505371,3,162,0,85
06:40:52.006050,3,162,0,85
06:40:54.506227,3,162,1,85
06:40:57.005623,3,162,0,85
06:40:59.506579,3,162,0,85
06:41:02.005801,3,162,0,85
06:41:04.506064,3,162,1,85
06:41:07.006693,3,162,1,85
06:41:09.506654,3,162,0,85
06:41:12.006956,3,162,0,85
06:41:14.507529,3,162,0,85
06:41:17.007194,3,162,0,85
06:41:19.507347,3,162,1,85
06:41:22.007028,3,162,0,85
06:41:24.507660,3,162,0,85
06:41:27.007771,3,162,1,85
06:41:29.508200,3,162,0,85
06:41:32.008090,3,162,0,85
06:41:34.508335,3,162,1,85
06:41:37.008368,3,162,0,85
06:41:39.508204,3,162,1,85
06:41:42.008832,3,162,1,85
06:41:44.508406,3,162,1,85
06:41:47.008869,3,162,0,85
06:41:49.509382,3,162,0,85
06:41:52.009003,3,162,1,85
06:41:54.509130,3,162,1,85
06:41:57.009274,3,162,0,85
06:41:59.509893,3,162,1,85
06:42:02.009732,3,162,1,85
06:42:04.509735,3,162,0,85
06:42:07.010154,3,162,0,85
06:42:09.510025,3,162,0,85
06:42:12.010040,3,162,1,85
06:42:14.510641,3,162,1,85
06:42:17.011067,3,162,0,85
06:42:19.510512,3,162,0,85
06:42:22.011669,3,162,0,85
06:42:24.510968,3,162,1,85
06:42:27.011684,3,162,0,85
06:42:29.512295,3,162,1,85
06:42:32.011431,3,162,0,85
06:42:34.511552,3,162,1,85
06:42:37.012167,3,162,1,85
06:42:39.512573,3,162,0,85
06:42:42.011873,3,162,1,85
06:42:44.512173,3,162,0,85
06:42:47.012253,3,162,0,85
06:42:49.512432,3,162,0,85
06:42:52.012775,3,162,0,85
06:42:54.513278,3,162,0,85
06:42:57.012882,3,162,1,85
06:42:59.513896,3,162,1,85
06:43:02.013715,3,162,0,85
06:43:04.514333,3,162,1,85
06:43:07.013761,3,162,1,85
06:43:09.513967,3,162,1,85
06:43:12.014693,3,162,1,85
06:43:14.514585,3,162,1,85
06:43:17.014134,3,162,1,85
06:43:19.514678,3,162,0,85
06:43:22.015061,3,162,1,85
06:43:24.515064,3,162,1,85
06:43:27.015337,3,162,0,85
06:43:29.515149,3,162,1,85
06:43:32.015319,3,162,0,85
06:43:34.515338,3,162,1,85
06:43:37.015930,3,162,1,85
06:43:39.516400,3,162,1,85
06:43:42.015655,3,162,1,85
06:43:44.516173,3,162,0,85
06:43:47.016049,3,162,1,85
06:43:49.516630,3,162,0,85
06:43:52.016947,3,162,0,85
06:43:54.517051,3,162,1,85
06:43:57.016700,3,162,1,85
06:43:59.517402,3,162,1,85
06:44:02.016878,3,162,0,85
06:44:04.517952,3,162,1,85
06:44:07.018148,3,162,1,85
06:44:09.518278,3,162,0,85
06:44:12.018018,3,162,0,85
06:44:14.517936,3,162,1,85
06:44:17.018352,3,162,0,85
06:44:19.518388,3,162,0,85
06:44:22.019003,3,162,1,85
06:44:24.518944,3,162,1,85
06:44:27.018533,3,162,0,85
06:44:29.519271,3,162,1,85
06:44:32.019160,3,162,0,85
06:44:34.519748,3,162,1,85
06:44:37.019848,3,162,0,85
06:44:39.519805,3,162,1,85
06:44:42.019649,3,162,1,85
06:44:44.519862,3,162,1,85
06:44:47.019627,3,162,1,85
06:44:49.519959,3,162,0,85
06:44:52.020644,3,162,0,85
06:44:54.520565,3,162,0,85
06:44:57.020150,3,162,1,85
06:44:59.521364,3,162,0,85
06:45:02.020941,3,162,0,85
06:45:04.520908,3,162,1,85
06:45:07.021847,3,162,0,85
06:45:09.521992,3,162,0,85
06:45:12.022189,3,162,1,85
06:45:14.522059,3,162,0,85
06:45:17.021363,3,162,1,85
06:45:19.522576,3,162,1,85
06:45:22.022560,3,162,1,85
06:45:24.522656,3,162,0,85
06:45:27.022568,3,162,1,85
06:45:29.522994,3,162,0,85
06:45:32.023123,3,162,1,85
06:45:34.523242,3,162,0,85
06:45:37.023016,3,162,0,85
06:45:39.523670,3,162,0,85
06:45:42.023948,3,162,0,85
06:45:44.523767,3,162,1,85
06:45:47.023886,3,162,0,85
06:45:49.523711,3,162,0,85
06:45:52.023535,3,162,0,85
06:45:54.523762,3,162,0,85
06:45:57.024708,3,162,0,85
06:45:59.524880,3,162,1,85
06:46:02.024897,3,162,0,85
06:46:04.524627,3,162,1,85
06:46:07.024426,3,162,0,85
06:46:09.524840,3,162,0,85
06:46:12.024999,3,162,0,85
06:46:14.525380,3,162,0,85
06:46:17.026048,3,162,1,85
06:46:19.525349,3,162,1,85
06:46:22.025761,3,162,1,85
06:46:24.525672,3,162,1,85
06:46:27.025859,3,162,1,85
06:46:29.526353,3,162,0,85
06:46:32.026890,3,162,0,85
06:46:34.526672,3,162,0,85
06:46:37.027333,3,162,0,85
06:46:39.526408,3,162,0,85
06:46:42.026890,3,162,0,85
06:46:44.527001,3,162,0,85
06:46:47.027349,3,162,1,85
06:46:49.527876,3,162,1,85
06:46:52.028151,3,162,1,85
06:46:54.527878,3,162,0,85
06:46:57.028331,3,162,0,85
06:46:59.528096,3,162,0,85
06:47:02.028802,3,162,0,85
06:47:04.528381,3,162,1,85
06:47:07.028795,3,162,1,85
06:47:09.528827,3,162,0,85
06:47:12.029027,3,162,1,85
06:47:14.529047,3,162,0,85
06:47:17.029343,3,162,0,85
06:47:19.529179,3,162,1,85
06:47:22.030009,3,162,1,85
06:47:24.529368,3,162,0,85
06:47:27.029495,3,162,0,85
06:47:29.530158,3,162,1,85
06:47:32.029701,3,162,0,85
06:47:34.530416,3,162,1,85
06:47:37.030055,3,162,1,85
06:47:39.530309,3,162,0,85
06:47:42.031069,3,162,0,85
06:47:44.531038,3,162,0,85
06:47:47.031566,3,162,1,85
06:47:49.531602,3,162,1,85
06:47:52.031877,3,162,1,85
06:47:54.531225,3,162,0,85
06:47:57.031770,3,162,0,85
06:47:59.532205,3,162,1,85
06:48:02.031949,3,162,1,85
06:48:04.531761,3,162,0,85
06:48:07.032148,3,162,0,85
06:48:09.532032,3,162,0,85
06:48:12.033095,3,162,1,85
06:48:14.532404,3,162,0,85
06:48:17.032696,3,162,1,85
06:48:19.532980,3,162,0,85
06:48:22.033424,3,162,0,85
06:48:24.533926,3,162,0,85
06:48:27.033052,3,162,0,85
06:48:29.533795,3,162,0,85
06:48:32.034170,3,162,0,85
06:48:34.533643,3,162,1,85
06:48:37.033699,3,162,0,85
06:48:39.534361,3,162,1,85
06:48:42.034250,3,162,0,85
06:48:44.534307,3,162,1,85
06:48:47.034574,3,162,1,85
06:48:49.534389,3,162,0,85
06:48:52.034765,3,162,0,85
06:48:54.535086,3,162,0,85
06:48:57.035136,3,162,0,85
06:48:59.536125,3,162,0,85
06:49:02.035676,3,162,0,85
06:49:04.536207,3,162,1,85
06:49:07.036389,3,162,1,85
06:49:09.535843,3,162,1,85
06:49:12.035845,3,162,1,85
06:49:14.536064,3,162,0,85
06:49:17.036113,3,162,1,85
06:49:19.536984,3,162,1,85
06:49:22.036624,3,162,0,85
06:49:24.536856,3,162,1,85
06:49:27.037575,3,162,1,85
06:49:29.536916,3,162,1,85
06:49:32.037418,3,162,1,85
06:49:34.537842,3,162,0,85
06:49:37.038172,3,162,1,85
06:49:39.537586,3,162,1,85
06:49:42.037680,3,162,0,85
06:49:44.537947,3,162,0,85
06:49:47.038094,3,162,1,85
06:49:49.538558,3,162,1,85
06:49:52.039032,3,162,0,85
06:49:54.538538,3,162,0,85
06:49:57.038712,3,162,1,85
06:49:59.538785,3,162,0,85
06:50:02.039402,3,162,1,85
06:50:04.539078,3,162,0,85
06:50:07.039284,3,162,0,85
06:50:09.539404,3,162,0,85
06:50:12.039786,3,162,1,85
06:50:14.539867,3,162,1,85
06:50:17.040414,3,162,1,85
06:50:19.540315,3,162,0,85
06:50:22.040153,3,162,1,85
06:50:24.540318,3,162,1,85
06:50:27.040877,3,162,1,85
06:50:29.540652,3,162,0,85
06:50:32.041568,3,162,0,85
06:50:34.541983,3,162,0,85
06:50:37.041141,3,162,1,85
06:50:39.542181,3,162,0,85
06:50:42.041564,3,162,0,85
06:50:44.542429,3,162,1,85
06:50:47.042129,3,162,0,85
06:50:49.542312,3,162,0,85
06:50:52.041935,3,162,0,85
06:50:54.542569,3,162,1,85
06:50:57.043262,3,162,0,85
06:50:59.542428,3,162,1,85
06:51:02.042542,3,162,0,85
06:51:04.543574,3,162,1,85
06:51:07.043097,3,162,0,85
06:51:09.543123,3,162,1,85
06:51:12.044198,3,162,0,85
06:51:14.543697,3,162,0,85
06:51:17.043795,3,162,0,85
06:51:19.544361,3,162,1,85
06:51:22.044771,3,162,0,85
06:51:24.544222,3,162,0,85
06:51:27.044994,3,162,1,85
06:51:29.545189,3,162,0,85
06:51:32.044435,3,162,0,85
06:51:34.544652,3,162,0,85
06:51:37.045662,3,162,1,85
06:51:39.545838,3,162,0,85
06:51:42.045192,3,162,0,85
06:51:44.546002,3,162,0,85
06:51:47.045492,3,162,1,85
06:51:49.545984,3,162,0,85
06:51:52.046516,3,162,1,85
06:51:54.545902,3,162,1,85
06:51:57.046803,3,162,0,85
06:51:59.546855,3,162,1,85
06:52:02.046365,3,162,1,85
06:52:04.547086,3,162,0,85
06:52:07.046571,3,162,1,85
06:52:09.546875,3,162,1,85
06:52:12.046927,3,162,1,85
06:52:14.547987,3,162,1,85
06:52:17.048182,3,162,0,85
06:52:19.547480,3,162,0,85
06:52:22.048211,3,162,1,85
06:52:24.548259,3,162,1,85
06:52:27.048571,3,162,0,85
06:52:29.548494,3,162,0,85
06:52:32.048902,3,162,0,85
06:52:34.548396,3,162,0,85
06:52:37.049194,3,162,0,85
06:52:39.548651,3,162,0,85
06:52:42.049901,3,162,0,85
06:52:44.549031,3,162,0,85
06:52:47.049857,3,162,0,85
06:52:49.549933,3,162,0,85
06:52:52.049657,3,162,0,85
06:52:54.549489,3,162,0,85
06:52:57.049979,3,162,1,85
06:52:59.550285,3,162,0,85
06:53:02.050664,3,162,0,85
06:53:04.550504,3,162,0,85
06:53:07.050285,3,162,0,85
06:53:09.551275,3,162,0,85
06:53:12.050822,3,162,1,85
06:53:14.551299,3,162,1,85
06:53:17.051697,3,162,0,85
06:53:19.551060,3,162,1,85
06:53:22.051589,3,162,1,85
06:53:24.552137,3,162,0,85
06:53:27.051836,3,162,0,85
06:53:29.552412,3,162,1,85
06:53:32.052690,3,162,0,85
06:53:34.552512,3,162,1,85
06:53:37.052390,3,162,0,85
06:53:39.552991,3,162,0,85
06:53:42.052805,3,162,1,85
06:53:44.552556,3,162,1,85
06:53:47.053020,3,162,0,85
06:53:49.553395,3,162,0,85
06:53:52.053179,3,162,1,85
06:53:54.553508,3,162,1,85
06:53:57.054023,3,162,0,85
06:53:59.553980,3,162,0,85
06:54:02.054304,3,162,0,85
06:54:04.554639,3,162,0,85
06:54:07.053952,3,162,0,85
06:54:09.554134,3,162,1,85
06:54:12.055147,3,162,1,85
06:54:14.555207,3,162,1,85
06:54:17.054869,3,162,0,85
06:54:19.554857,3,162,1,85
06:54:22.055320,3,162,0,85
06:54:24.555223,3,162,0,85
06:54:27.055738,3,162,0,85
06:54:29.555299,3,162,0,85
06:54:32.056067,3,162,1,85
06:54:34.556288,3,162,0,85
06:54:37.055753,3,162,1,85
06:54:39.556018,3,162,0,85
06:54:42.056695,3,162,1,85
06:54:44.556882,3,162,1,85
06:54:47.056423,3,162,1,85
06:54:49.556870,3,162,0,85
06:54:52.057150,3,162,1,85
06:54:54.557891,3,162,1,85
06:54:57.057958,3,162,1,85
06:54:59.557406,3,162,1,85
06:55:02.058027,3,162,0,85
06:55:04.557883,3,162,0,85
06:55:07.058328,3,162,1,85
06:55:09.558646,3,162,0,85
06:55:12.058809,3,162,0,85
06:55:14.558575,3,162,1,85
06:55:17.058686,3,162,1,85
06:55:19.558892,3,162,1,85
06:55:22.058645,3,162,1,85
06:55:24.559341,3,162,1,85
06:55:27.059342,3,162,0,85
06:55:29.559283,3,162,0,85
06:55:32.059275,3,162,1,85
06:55:34.560120,3,162,0,85
06:55:37.059950,3,162,0,85
06:55:39.559604,3,162,1,85
06:55:42.060356,3,162,0,85
06:55:44.560416,3,162,0,85
06:55:47.060344,3,162,0,85
06:55:49.560799,3,162,0,85
06:55:52.061319,3,162,0,85
06:55:54.561111,3,162,0,85
06:55:57.060793,3,162,1,85
06:55:59.560999,3,162,0,85
06:56:02.061661,3,162,1,85
06:56:04.561888,3,162,1,85
06:56:07.061713,3,162,0,85
06:56:09.562156,3,162,1,85
06:56:12.061784,3,162,1,85
06:56:14.562263,3,162,1,85
06:56:17.062237,3,162,0,85
06:56:19.562422,3,162,0,85
06:56:22.063128,3,162,0,85
06:56:24.563191,3,162,0,85
06:56:27.062916,3,162,1,85
06:56:29.563272,3,162,0,85
06:56:32.063079,3,162,1,85
06:56:34.563623,3,162,0,85
06:56:37.063109,3,162,1,85
06:56:39.563271,3,162,0,85
06:56:42.063879,3,162,0,85
06:56:44.564038,3,162,1,85
06:56:47.064086,3,162,0,85
06:56:49.563871,3,162,0,85
06:56:52.064416,3,162,0,85
06:56:54.565121,3,162,1,85
06:56:57.064684,3,162,1,85
06:56:59.564553,3,162,0,85
06:57:02.065070,3,162,1,85
06:57:04.565045,3,162,1,85
06:57:07.065754,3,162,0,85
06:57:09.566121,3,162,0,85
06:57:12.065908,3,162,1,85
06:57:14.565403,3,162,0,85
06:57:17.066355,3,162,0,85
06:57:19.566087,3,162,1,85
06:57:22.066857,3,162,0,85
06:57:24.567020,3,162,1,85
06:57:27.066422,3,162,1,85
06:57:29.566762,3,162,0,85
06:57:32.067298,3,162,0,85
06:57:34.567313,3,162,0,85
06:57:37.067180,3,162,1,85
06:57:39.568042,3,162,1,85
06:57:42.068109,3,162,0,85
06:57:44.567575,3,162,0,85
06:57:47.068477,3,162,1,85
06:57:49.567677,3,162,0,85
06:57:52.067893,3,162,1,85
06:57:54.568603,3,162,1,85
06:57:57.068717,3,162,0,85
06:57:59.568259,3,162,0,85
06:58:02.068483,3,162,0,85
06:58:04.569240,3,162,1,85
06:58:07.069558,3,162,0,85
06:58:09.568841,3,162,0,85
06:58:12.069607,3,162,1,85
06:58:14.569947,3,162,0,85
06:58:17.069664,3,162,1,85
06:58:19.569756,3,162,0,85
06:58:22.069748,3,162,0,85
06:58:24.569952,3,162,1,85
06:58:27.070199,3,162,1,85
06:58:29.570039,3,162,0,85
06:58:32.070394,3,162,0,85
06:58:34.570989,3,162,1,85
06:58:37.070518,3,162,0,85
06:58:39.570991,3,162,0,85
06:58:42.071411,3,162,1,85
06:58:44.571429,3,162,0,85
06:58:47.071866,3,162,0,85
06:58:49.571574,3,162,1,85
06:58:52.071781,3,162,0,85
06:58:54.572429,3,162,1,85
06:58:57.072742,3,162,1,85
06:58:59.572006,3,162,1,85
06:59:02.072669,3,162,1,85
06:59:04.572913,3,162,0,85
06:59:07.072432,3,162,0,85
06:59:09.573587,3,162,0,85
06:59:12.073474,3,162,0,85
06:59:14.573017,3,162,1,85
06:59:17.073652,3,162,0,85
06:59:19.573719,3,162,1,85
06:59:22.074105,3,162,1,85
06:59:24.573413,3,162,1,85
06:59:27.074546,3,162,1,85
06:59:29.574635,3,162,1,85
06:59:32.074697,3,162,0,85
06:59:34.574975,3,162,0,85
06:59:37.074254,3,162,0,85
06:59:39.574642,3,162,1,85
06:59:42.075258,3,162,1,85
06:59:44.575176,3,162,1,85
06:59:47.075690,3,162,0,85
06:59:49.574905,3,162,1,85
06:59:52.076023,3,162,1,85
06:59:54.575855,3,162,0,85
06:59:57.075628,3,162,1,85
06:59:59.575579,3,162,0,85
07:00:02.076274,3,162,1,85
07:00:04.576421,3,162,1,85
07:00:07.075934,3,162,0,85
07:00:09.576195,3,162,1,85
07:00:12.076874,3,162,1,85
07:00:14.577162,3,162,0,85
07:00:17.076669,3,162,0,85
07:00:19.576972,3,162,0,85
07:00:22.077101,3,162,1,85
07:00:24.577113,3,162,1,85
07:00:27.077419,3,162,1,85
07:00:29.578316,3,162,1,85
07:00:32.077831,3,162,0,85
07:00:34.578258,3,162,1,85
07:00:37.078667,3,162,0,85
07:00:39.578619,3,162,1,85
07:00:42.078289,3,162,0,85
07:00:44.579285,3,162,0,85
07:00:47.078562,3,162,0,85
07:00:49.578649,3,162,1,85
07:00:52.079663,3,162,0,85
07:00:54.579120,3,162,0,85
07:00:57.079950,3,162,1,85
07:00:59.580271,3,162,0,85
07:01:02.079427,3,162,1,85
07:01:04.580415,3,162,0,85
07:01:07.079672,3,162,1,85
07:01:09.579916,3,162,0,85
07:01:12.080994,3,162,0,85
07:01:14.580888,3,162,0,85
07:01:17.080380,3,162,1,85
07:01:19.581410,3,162,0,85
07:01:22.080979,3,162,0,85
07:01:24.580937,3,162,0,85
07:01:27.081259,3,162,0,85
07:01:29.581540,3,162,0,85
07:01:32.081874,3,162,1,85
07:01:34.582170,3,162,1,85
07:01:37.081562,3,162,0,85
07:01:39.581941,3,162,0,85
07:01:42.082854,3,162,0,85
07:01:44.582257,3,162,0,85
07:01:47.083133,3,162,0,85
07:01:49.582419,3,162,0,85
07:01:52.082413,3,162,0,85
07:01:54.583055,3,162,1,85
07:01:57.082898,3,162,1,85
07:01:59.583541,3,162,0,85
07:02:02.083485,3,162,0,85
07:02:04.583209,3,162,0,85
07:02:07.084287,3,162,0,85
07:02:09.584244,3,162,1,85
07:02:12.083953,3,162,0,85
07:02:14.583967,3,162,1,85
07:02:17.084964,3,162,0,85
07:02:19.584654,3,162,0,85
07:02:22.084872,3,162,1,85
07:02:24.585330,3,162,1,85
07:02:27.085338,3,162,0,85
07:02:29.584847,3,162,0,85
07:02:32.085793,3,162,0,85
07:02:34.585335,3,162,1,85
07:02:37.086231,3,162,0,85
07:02:39.585403,3,162,1,85
07:02:42.085556,3,162,1,85
07:02:44.585669,3,162,1,85
07:02:47.086350,3,162,1,85
07:02:49.586556,3,162,1,85
07:02:52.086603,3,162,0,85
07:02:54.587060,3,162,1,85
07:02:57.086800,3,162,1,85
07:02:59.587393,3,162,0,85
07:03:02.087028,3,162,0,85
07:03:04.587301,3,162,0,85
07:03:07.087330,3,162,1,85
07:03:09.587668,3,162,1,85
07:03:12.087589,3,162,0,85
07:03:14.588017,3,162,0,85
07:03:17.088165,3,162,1,85
07:03:19.587918,3,162,0,85
07:03:22.088126,3,162,1,85
07:03:24.588179,3,162,1,85
07:03:27.088418,3,162,0,85
07:03:29.589074,3,162,1,85
07:03:32.088780,3,162,0,85
07:03:34.589540,3,162,0,85
07:03:37.089108,3,162,1,85
07:03:39.590150,3,162,0,85
07:03:42.089876,3,162,1,85
07:03:44.590108,3,162,1,85
07:03:47.090055,3,162,0,85
07:03:49.589797,3,162,1,85
07:03:52.090476,3,162,1,85
07:03:54.590947,3,162,0,85
07:03:57.090698,3,162,0,85
07:03:59.590262,3,162,0,85
07:04:02.091306,3,162,1,85
07:04:04.591243,3,162,1,85
07:04:07.091163,3,162,0,85
07:04:09.591003,3,162,0,85
07:04:12.091145,3,162,0,85
07:04:14.591861,3,162,0,85
07:04:17.091404,3,162,0,85
07:04:19.592180,3,162,0,85
07:04:22.092247,3,162,1,85
07:04:24.592238,3,162,0,85
07:04:27.092128,3,162,0,85
07:04:29.592239,3,162,0,85
07:04:32.092907,3,162,0,85
07:04:34.592813,3,162,1,85
07:04:37.092749,3,162,0,85
07:04:39.593037,3,162,0,85
07:04:42.092900,3,162,0,85
07:04:44.593315,3,162,0,85
07:04:47.093257,3,162,0,85
07:04:49.593371,3,162,0,85
07:04:52.094430,3,162,0,85
07:04:54.594218,3,162,0,85
07:04:57.094652,3,162,0,85
07:04:59.594522,3,162,1,85
07:05:02.094635,3,162,1,85
07:05:04.595109,3,162,0,85
07:05:07.094993,3,162,0,85
07:05:09.594676,3,162,0,85
07:05:12.095557,3,162,1,85
07:05:14.595888,3,162,1,85
07:05:17.095335,3,162,1,85
07:05:19.595726,3,162,1,85
07:05:22.095432,3,162,1,85
07:05:24.596042,3,162,1,85
07:05:27.096355,3,162,0,85
07:05:29.596118,3,162,1,85
07:05:32.096247,3,162,0,85
07:05:34.596377,3,162,0,85
07:05:37.097164,3,162,1,85
07:05:39.596318,3,162,1,85
07:05:42.097426,3,162,0,85
07:05:44.596920,3,162,0,85
07:05:47.097618,3,162,0,85
07:05:49.597259,3,162,0,85
07:05:52.097319,3,162,0,85
07:05:54.598014,3,162,0,85
07:05:57.098186,3,162,0,85
07:05:59.598110,3,162,0,85
07:06:02.097960,3,162,0,85
07:06:04.598798,3,162,1,85
07:06:07.098698,3,162,0,85
07:06:09.599114,3,162,1,85
07:06:12.098415,3,162,1,85
07:06:14.598781,3,162,0,85
07:06:17.099261,3,162,1,85
07:06:19.599761,3,162,0,85
07:06:22.099772,3,162,1,85
07:06:24.599678,3,162,1,85
07:06:27.099916,3,162,0,85
07:06:29.600426,3,162,1,85
07:06:32.099756,3,162,0,85
07:06:34.600348,3,162,0,85
07:06:37.100332,3,162,0,85
07:06:39.600697,3,162,0,85
07:06:42.100248,3,162,1,85
07:06:44.600412,3,162,0,85
07:06:47.100580,3,162,1,85
07:06:49.601509,3,162,1,85
07:06:52.101699,3,162,0,85
07:06:54.601778,3,162,0,85
07:06:57.101361,3,162,1,85
07:06:59.601419,3,162,0,85
07:07:02.102497,3,162,1,85
07:07:04.602712,3,162,0,85
07:07:07.102720,3,162,1,85
07:07:09.602840,3,162,1,85
07:07:12.102433,3,162,0,85
07:07:14.602296,3,162,1,85
07:07:17.103006,3,162,0,85
07:07:19.603344,3,162,0,85
07:07:22.102703,3,162,0,85
07:07:24.603077,3,162,0,85
07:07:27.103407,3,162,0,85
07:07:29.604029,3,162,1,85
07:07:32.104023,3,162,0,85
07:07:34.604146,3,162,1,85
07:07:37.103761,3,162,1,85
07:07:39.604100,3,162,1,85
07:07:42.104665,3,162,0,85
07:07:44.604852,3,162,0,85
07:07:47.104234,3,162,0,85
07:07:49.605386,3,162,0,85
07:07:52.105564,3,162,0,85
07:07:54.605432,3,162,1,85
07:07:57.105108,3,162,1,85
07:07:59.605238,3,162,1,85
07:08:02.105994,3,162,0,85
07:08:04.605317,3,162,1,85
07:08:07.105756,3,162,1,85
07:08:09.605708,3,162,0,85
07:08:12.105859,3,162,0,85
07:08:14.606081,3,162,0,85
07:08:17.106765,3,162,0,85
07:08:19.606678,3,162,0,85
07:08:22.106353,3,162,1,85
07:08:24.607334,3,162,1,85
07:08:27.107612,3,162,0,85
07:08:29.607334,3,162,0,85
07:08:32.107338,3,162,0,85
07:08:34.607884,3,162,0,85
07:08:37.107401,3,162,1,85
07:08:39.608498,3,162,1,85
07:08:42.107690,3,162,0,85
07:08:44.608033,3,162,0,85
07:08:47.108839,3,162,1,85
07:08:49.609045,3,162,0,85
07:08:52.108741,3,162,1,85
07:08:54.608669,3,162,1,85
07:08:57.109163,3,162,0,85
07:08:59.608786,3,162,0,85
07:09:02.109767,3,162,0,85
07:09:04.609025,3,162,0,85
07:09:07.109323,3,162,0,85
07:09:09.609577,3,162,0,85
07:09:12.109709,3,162,1,85
07:09:14.610229,3,162,0,85
07:09:17.110082,3,162,1,85
07:09:19.609869,3,162,0,85
07:09:22.110420,3,162,1,85
07:09:24.611018,3,162,1,85
07:09:27.110564,3,162,0,85
07:09:29.610806,3,162,0,85
07:09:32.111416,3,162,0,85
07:09:34.610987,3,162,0,85
07:09:37.111721,3,162,1,85
07:09:39.611774,3,162,0,85
07:09:42.111660,3,162,0,85
07:09:44.611775,3,162,0,85
07:09:47.111747,3,162,1,85
07:09:49.611855,3,162,0,85
07:09:52.112730,3,162,1,85
07:09:54.612975,3,162,1,85
07:09:57.112422,3,162,0,85
07:09:59.613281,3,162,1,85
07:10:02.112555,3,162,1,85
07:10:04.613693,3,162,0,85
07:10:07.113344,3,162,0,85
07:10:09.613051,3,162,1,85
07:10:12.113780,3,162,1,85
07:10:14.614368,3,162,0,85
07:10:17.113680,3,162,0,85
07:10:19.613610,3,162,1,85
07:10:22.113885,3,162,1,85
07:10:24.614156,3,162,1,85
07:10:27.114694,3,162,0,85
07:10:29.614565,3,162,0,85
07:10:32.115124,3,162,1,85
07:10:34.615206,3,162,1,85
07:10:37.115304,3,162,0,85
07:10:39.614966,3,162,1,85
07:10:42.115578,3,162,0,85
07:10:44.615622,3,162,1,85
07:10:47.115689,3,162,0,85
07:10:49.615420,3,162,1,85
07:10:52.115566,3,162,1,85
07:10:54.615907,3,162,0,85
07:10:57.116768,3,162,0,85
07:10:59.616770,3,162,1,85
07:11:02.117020,3,162,0,85
07:11:04.616400,3,162,1,85
07:11:07.117053,3,162,1,85
07:11:09.617604,3,162,0,85
07:11:12.116922,3,162,0,85
07:11:14.617661,3,162,0,85
07:11:17.117411,3,162,0,85
07:11:19.618257,3,162,1,85
07:11:22.118039,3,162,1,85
07:11:24.618332,3,162,0,85
07:11:27.117656,3,162,0,85
07:11:29.618424,3,162,1,85
07:11:32.118060,3,162,1,85
07:11:34.618222,3,162,0,85
07:11:37.119390,3,162,1,85
07:11:39.619091,3,162,1,85
07:11:42.119078,3,162,0,85
07:11:44.619357,3,162,0,85
07:11:47.119547,3,162,0,85
07:11:49.619410,3,162,0,85
07:11:52.119336,3,162,1,85
07:11:54.619774,3,162,0,85
07:11:57.119693,3,162,1,85
07:11:59.619740,3,162,0,85
07:12:02.119973,3,162,0,85
07:12:04.620734,3,162,0,85
07:12:07.120759,3,162,0,85
07:12:09.620684,3,162,1,85
07:12:12.120694,3,162,0,85
07:12:14.621194,3,162,0,85
07:12:17.121346,3,162,0,85
07:12:19.621778,3,162,0,85
07:12:22.121098,3,162,1,85
07:12:24.621842,3,162,0,85
07:12:27.121724,3,162,1,85
07:12:29.621718,3,162,1,85
07:12:32.122341,3,162,1,85
07:12:34.622133,3,162,1,85
07:12:37.122682,3,162,1,85
07:12:39.622191,3,162,0,85
07:12:42.123266,3,162,1,85
07:12:44.622534,3,162,0,85
07:12:47.122767,3,162,0,85
07:12:49.623040,3,162,0,85
07:12:52.122951,3,162,0,85
07:12:54.623411,3,162,1,85
07:12:57.124019,3,162,0,85
07:12:59.624152,3,162,1,85
07:13:02.123662,3,162,0,85
07:13:04.624735,3,162,0,85
07:13:07.124773,3,162,1,85
07:13:09.624554,3,162,1,85
07:13:12.125022,3,162,0,85
07:13:14.625078,3,162,0,85
07:13:17.125092,3,162,0,85
07:13:19.625329,3,162,0,85
07:13:22.124733,3,162,1,85
07:13:24.625274,3,162,0,85
07:13:27.125232,3,162,0,85
07:13:29.625599,3,162,1,85
07:13:32.125792,3,162,1,85
07:13:34.625967,3,162,0,85
07:13:37.126219,3,162,0,85
07:13:39.626818,3,162,0,85
07:13:42.126602,3,162,0,85
07:13:44.626855,3,162,1,85
07:13:47.126493,3,162,1,85
07:13:49.626533,3,162,1,85
07:13:52.127405,3,162,1,85
07:13:54.627344,3,162,0,85
07:13:57.127933,3,162,1,85
07:13:59.627391,3,162,1,85
07:14:02.127950,3,162,0,85
07:14:04.628108,3,162,0,85
07:14:07.127560,3,162,0,85
07:14:09.628551,3,162,0,85
07:14:12.128175,3,162,1,85
07:14:14.628554,3,162,0,85
07:14:17.128940,3,162,1,85
07:14:19.628384,3,162,0,85
07:14:22.128881,3,162,0,85
07:14:24.628626,3,162,1,85
07:14:27.129871,3,162,0,85
07:14:29.629496,3,162,1,85
07:14:32.129179,3,162,0,85
07:14:34.629776,3,162,0,85
07:14:37.129820,3,162,0,85
07:14:39.629565,3,162,1,85
07:14:42.130599,3,162,0,85
07:14:44.630643,3,162,0,85
07:14:47.130236,3,162,0,85
07:14:49.631175,3,162,1,85
07:14:52.130702,3,162,1,85
07:14:54.630960,3,162,1,85
07:14:57.131230,3,162,0,85
07:14:59.631675,3,162,1,85
07:15:02.131649,3,162,1,85
07:15:04.631093,3,162,1,85
07:15:07.131199,3,162,1,85
07:15:09.631889,3,162,1,85
07:15:12.131814,3,162,0,85
07:15:14.631847,3,162,1,85
07:15:17.132237,3,162,1,85
07:15:19.632046,3,162,0,85
07:15:22.132671,3,162,1,85
07:15:24.632406,3,162,0,85
07:15:27.132539,3,162,0,85
07:15:29.632640,3,162,1,85
07:15:32.132812,3,162,1,85
07:15:34.633415,3,162,1,85
07:15:37.133061,3,162,1,85
07:15:39.633913,3,162,1,85
07:15:42.133921,3,162,0,85
07:15:44.633529,3,162,1,85
07:15:47.134565,3,162,1,85
07:15:49.634171,3,162,0,85
07:15:52.134876,3,162,0,85
07:15:54.635030,3,162,1,85
07:15:57.135269,3,162,0,85
07:15:59.635038,3,162,0,85
07:16:02.135622,3,162,0,85
07:16:04.635340,3,162,0,85
07:16:07.134999,3,162,0,85
07:16:09.635758,3,162,0,85
07:16:12.135933,3,162,0,85
07:16:14.635787,3,162,0,85
07:16:17.135710,3,162,1,85
07:16:19.635675,3,162,0,85
07:16:22.136035,3,162,0,85
07:16:24.636409,3,162,0,85
07:16:27.136262,3,162,0,85
07:16:29.637262,3,162,0,85
07:16:32.136571,3,162,1,85
07:16:34.637411,3,162,1,85
07:16:37.137607,3,162,1,85
07:16:39.637035,3,162,0,85
07:16:42.138058,3,162,1,85
07:16:44.637769,3,162,0,85
07:16:47.137425,3,162,0,85
07:16:49.637745,3,162,0,85
07:16:52.138120,3,162,0,85
07:16:54.638124,3,162,0,85
07:16:57.138406,3,162,1,85
07:16:59.638957,3,162,1,85
07:17:02.139307,3,162,1,85
07:17:04.639348,3,162,0,85
07:17:07.138622,3,162,1,85
07:17:09.639153,3,162,1,85
07:17:12.139055,3,162,0,85
07:17:14.639550,3,162,1,85
07:17:17.140158,3,162,0,85
07:17:19.639425,3,162,0,85
07:17:22.139811,3,162,1,85
07:17:24.640558,3,162,1,85
07:17:27.140296,3,162,0,85
07:17:29.640038,3,162,1,85
07:17:32.140403,3,162,0,85
07:17:34.640413,3,162,0,85
07:17:37.140419,3,162,0,85
07:17:39.641144,3,162,1,85
07:17:42.141537,3,162,0,85
07:17:44.640910,3,162,1,85
07:17:47.141053,3,162,0,85
07:17:49.642133,3,162,0,85
07:17:52.142153,3,162,0,85
07:17:54.642379,3,162,0,85
07:17:57.142251,3,162,0,85
07:17:59.641836,3,162,0,85
07:18:02.141999,3,162,1,85
07:18:04.642908,3,162,1,85
07:18:07.142668,3,162,1,85
07:18:09.643435,3,162,1,85
07:18:12.143546,3,162,1,85
07:18:14.643558,3,162,0,85
07:18:17.143052,3,162,1,85
07:18:19.643409,3,162,1,85
07:18:22.143716,3,162,1,85
07:18:24.644476,3,162,1,85
07:18:27.143860,3,162,1,85
07:18:29.644022,3,162,1,85
07:18:32.144742,3,162,0,85
07:18:34.644318,3,162,0,85
07:18:37.144328,3,162,1,85
07:18:39.644434,3,162,0,85
07:18:42.144515,3,162,1,85
07:18:44.645586,3,162,0,85
07:18:47.144873,3,162,0,85
07:18:49.645404,3,162,0,85
07:18:52.145787,3,162,0,85
07:18:54.645406,3,162,0,85
07:18:57.146039,3,162,0,85
07:18:59.645742,3,162,1,85
07:19:02.145596,3,162,0,85
07:19:04.646502,3,162,0,85
07:19:07.146894,3,162,1,85
07:19:09.646126,3,162,0,85
07:19:12.146327,3,162,1,85
07:19:14.646803,3,162,0,85
07:19:17.146965,3,162,1,85
07:19:19.646735,3,162,1,85
07:19:22.147034,3,162,1,85
07:19:24.647229,3,162,0,85
07:19:27.148052,3,162,0,85
07:19:29.647841,3,162,1,85
07:19:32.148232,3,162,0,85
07:19:34.648327,3,162,0,85
07:19:37.148185,3,162,1,85
07:19:39.648149,3,162,0,85
07:19:42.148986,3,162,0,85
07:19:44.649273,3,162,0,85
07:19:47.148413,3,162,1,85
07:19:49.648577,3,162,1,85
07:19:52.149750,3,162,1,85
07:19:54.649330,3,162,0,85
07:19:57.149247,3,162,0,85
07:19:59.650043,3,162,0,85
07:20:02.149665,3,162,1,85
07:20:04.650126,3,162,0,85
07:20:07.150390,3,162,0,85
07:20:09.650401,3,162,0,85
07:20:12.150689,3,162,0,85
07:20:14.650187,3,162,0,85
07:20:17.151026,3,162,0,85
07:20:19.651422,3,162,0,85
07:20:22.151353,3,162,1,85
07:20:24.650763,3,162,1,85
07:20:27.151778,3,162,0,85
07:20:29.651662,3,162,1,85
07:20:32.151659,3,162,0,85
07:20:34.652247,3,162,0,85
07:20:37.152037,3,162,0,85
07:20:39.652403,3,162,1,85
07:20:42.151932,3,162,0,85
07:20:44.652365,3,162,1,85
07:20:47.152657,3,162,1,85
07:20:49.652272,3,162,0,85
07:20:52.152840,3,162,0,85
07:20:54.652592,3,162,0,85
07:20:57.153431,3,162,1,85
07:20:59.653532,3,162,0,85
07:21:02.153915,3,162,1,85
07:21:04.654021,3,162,0,85
07:21:07.153332,3,162,0,85
07:21:09.654363,3,162,0,85
07:21:12.153759,3,162,2,85
07:21:14.653936,3,162,0,85
07:21:17.154887,3,162,0,85
07:21:19.654733,3,162,0,85
07:21:22.155169,3,162,0,85
07:21:24.655355,3,162,1,85
07:21:27.154927,3,162,1,85
07:21:29.654727,3,162,1,85
07:21:32.155506,2,161,52,85
07:21:34.654642,0,161,38,85
07:21:37.155387,0,161,38,85
07:21:39.655242,0,161,70,85
07:21:42.154976,0,161,69,85
07:21:44.655062,0,161,67,85
07:21:47.155833,0,161,70,85
07:21:49.655197,0,160,84,85
07:21:52.155652,0,160,82,85
07:21:54.655589,0,160,81,85
07:21:57.155900,0,160,79,85
07:21:59.655969,0,160,81,85
07:22:02.156258,0,160,76,85
07:22:04.657044,0,160,79,85
07:22:07.157214,0,160,84,85
07:22:09.657475,0,160,78,85
07:22:12.156919,0,160,74,85
07:22:14.657104,0,160,80,85
07:22:17.157383,0,160,79,85
07:22:19.657810,0,160,89,85
07:22:22.157263,0,160,74,85
07:22:24.657980,0,160,82,85
07:22:27.157784,0,160,75,85
07:22:29.659083,0,160,74,85
07:22:32.157999,0,160,80,85
07:22:34.658355,0,160,77,85
07:22:37.158913,0,160,83,85
07:22:39.659091,0,159,101,85
07:22:42.159137,0,159,94,85
07:22:44.658608,0,160,80,85
07:22:47.159627,0,160,81,85
07:22:49.659535,0,160,70,85
07:22:52.159024,0,160,74,85
07:22:54.659266,0,160,82,85
07:22:57.159576,0,160,83,85
07:22:59.660125,0,160,79,85
07:23:02.160019,0,160,84,85
07:23:04.660109,0,160,78,85
07:23:07.160610,0,160,79,85
07:23:09.660174,0,160,77,85
07:23:12.160892,0,159,80,85
07:23:14.660950,0,160,81,85
07:23:17.160610,0,159,81,85
07:23:19.661041,0,159,82,85
07:23:22.161162,0,159,82,85
07:23:24.661178,0,160,75,85
07:23:27.161816,0,160,79,85
07:23:29.661768,0,159,81,85
07:23:32.162488,0,159,79,85
07:23:34.661911,0,159,79,85
07:23:37.162329,0,159,84,85
07:23:39.662196,0,159,89,85
07:23:42.162086,0,159,80,85
07:23:44.662413,0,159,82,85
07:23:47.162855,0,159,82,85
07:23:49.662997,0,160,67,85
07:23:52.162828,0,159,83,85
07:23:54.663231,0,159,77,85
07:23:57.163280,0,159,81,85
07:23:59.664016,0,159,79,85
07:24:02.164376,0,159,77,85
07:24:04.664419,0,159,75,85
07:24:07.163664,0,159,75,85
07:24:09.664155,0,159,86,85
07:24:12.164417,0,159,82,85
07:24:14.664261,0,159,83,85
07:24:17.165026,0,159,84,85
07:24:19.664348,0,159,91,85
07:24:22.164696,0,159,84,85
07:24:24.665650,0,159,96,85
07:24:27.165304,0,159,86,85
07:24:29.665202,0,159,82,85
07:24:32.165560,0,159,91,85
07:24:34.666280,0,159,95,85
07:24:37.165508,0,159,90,85
07:24:39.666092,0,159,94,85
07:24:42.166051,0,159,92,85
07:24:44.666558,0,159,88,85
07:24:47.166821,0,159,96,85
07:24:49.666213,0,159,91,85
07:24:52.166668,0,159,90,85
07:24:54.667618,0,159,94,85
07:24:57.167239,0,159,92,85
07:24:59.667668,0,159,93,85
07:25:02.167599,0,159,90,85
07:25:04.667528,0,159,88,85
07:25:07.167889,0,159,89,85
07:25:09.667790,0,159,92,85
07:25:12.168506,0,159,93,85
07:25:14.668429,0,159,85,85
07:25:17.168256,0,159,90,85
07:25:19.668872,0,159,90,85
07:25:22.168267,0,158,93,85
07:25:24.669173,0,158,100,85
07:25:27.169235,0,159,89,85
07:25:29.669471,0,158,93,85
07:25:32.168993,0,158,93,85
07:25:34.668963,0,158,95,85
07:25:37.169597,0,158,90,85
07:25:39.669656,0,159,86,85
07:25:42.170038,0,158,90,85
07:25:44.670136,0,158,90,85
07:25:47.170496,0,158,92,85
07:25:49.669932,0,159,94,85
07:25:52.170866,0,158,88,85
07:25:54.670730,0,158,90,85
07:25:57.171062,0,158,90,85
07:25:59.670492,0,159,83,85
07:26:02.170631,0,158,90,85
07:26:04.670748,0,158,87,85
07:26:07.171432,0,158,91,85
07:26:09.672096,0,158,87,85
07:26:12.171571,0,158,91,85
07:26:14.671762,0,158,92,85
07:26:17.172473,0,158,82,85
07:26:19.672057,0,158,90,85
07:26:22.172730,0,158,79,85
07:26:24.672646,0,158,94,85
07:26:27.172194,0,158,101,85
07:26:29.672469,0,158,91,85
07:26:32.172802,0,158,95,85
07:26:34.673164,0,158,90,85
07:26:37.172981,0,158,92,85
07:26:39.673205,0,158,81,85
07:26:42.174114,0,158,88,85
07:26:44.673964,0,158,93,85
07:26:47.173316,0,158,78,85
07:26:49.674306,0,158,92,85
07:26:52.174569,0,158,95,85
07:26:54.673996,0,158,89,85
07:26:57.174252,0,158,92,85
07:26:59.674409,0,158,91,85
07:27:02.174873,0,158,94,85
07:27:04.674983,0,158,85,85
07:27:07.175374,0,158,86,85
07:27:09.674721,0,158,93,85
07:27:12.175218,0,158,88,85
07:27:14.675034,0,158,95,85
07:27:17.175257,0,158,84,85
07:27:19.675400,0,158,74,85
07:27:22.175420,0,158,79,85
07:27:24.676578,0,158,80,85
07:27:27.175828,0,158,86,85
07:27:29.676059,0,158,81,85
07:27:32.176666,0,158,86,85
07:27:34.676189,0,158,92,85
07:27:37.177295,0,158,105,85
07:27:39.677260,0,158,84,85
07:27:42.177409,0,158,98,85
07:27:44.676841,0,158,99,85
07:27:47.177973,0,157,110,85
07:27:49.677594,0,157,117,85
07:27:52.177718,0,157,104,85
07:27:54.678198,0,157,115,85
07:27:57.178545,0,157,106,85
07:27:59.678632,0,157,101,85
07:28:02.179325,0,159,27,85
07:28:04.679555,0,159,15,85
07:28:07.179518,0,159,18,85
07:28:09.679913,0,159,14,85
07:28:12.179136,0,159,15,85
07:28:14.679564,0,159,14,85
07:28:17.179497,0,159,15,85
07:28:19.679723,0,159,14,85
07:28:22.179970,0,159,14,85
07:28:24.679895,0,159,14,85
07:28:27.180816,0,159,14,85
07:28:29.680764,0,160,15,85
07:28:32.180358,0,160,15,85
07:28:34.680835,0,160,14,85
07:28:37.180698,0,160,15,85
07:28:39.681080,0,160,14,85
07:28:42.181879,0,160,14,85
07:28:44.681413,0,160,14,85
07:28:47.181648,0,160,14,85
07:28:49.682417,0,160,14,85
07:28:52.181641,0,160,14,85
07:28:54.682296,0,160,14,85
07:28:57.182058,0,160,15,85
07:28:59.682983,0,160,15,85
07:29:02.182564,0,160,15,85
07:29:04.682888,0,160,14,85
07:29:07.183326,0,160,14,85
07:29:09.683190,0,160,14,85
07:29:12.182960,0,160,14,85
07:29:14.683235,0,160,14,85
07:29:17.183230,0,160,15,85
07:29:19.683316,0,160,14,85
07:29:22.184298,0,160,14,85
07:29:24.683950,0,160,15,85
07:29:27.184154,0,160,14,85
07:29:29.684356,0,160,14,85
07:29:32.184340,0,160,14,85
07:29:34.685036,0,160,15,85
07:29:37.184533,0,160,14,85
07:29:39.685245,0,160,14,85
07:29:42.184813,0,160,14,85
07:29:44.685333,0,160,14,85
07:29:47.185827,0,160,14,85
07:29:49.685259,0,160,14,85
07:29:52.186218,0,160,14,85
07:29:54.686378,0,160,14,85
07:29:57.185832,0,160,14,85
07:29:59.685953,0,160,14,85
07:30:02.186290,0,160,14,85
07:30:04.686544,0,160,14,85
07:30:07.186718,0,160,14,85
07:30:09.686307,0,160,15,85
07:30:12.186514,0,160,15,85
07:30:14.686637,0,160,15,85
07:30:17.187008,0,160,14,85
07:30:19.687801,0,160,14,85
07:30:22.187340,0,160,14,85
07:30:24.687413,0,160,15,85
07:30:27.188339,0,160,14,85
07:30:29.688280,0,160,14,85
07:30:32.187940,0,160,14,85
07:30:34.687907,0,160,14,85
07:30:37.188835,0,160,14,85
07:30:39.689208,0,160,15,85
07:30:42.188544,0,160,14,85
07:30:44.688989,0,160,15,85
07:30:47.189121,0,160,14,85
07:30:49.688796,0,160,15,85
07:30:52.189492,0,160,14,85
07:30:54.689116,0,160,14,85
07:30:57.190021,0,160,15,85
07:30:59.689524,0,160,14,85
07:31:02.190292,0,160,14,85
07:31:04.690541,0,160,14,85
07:31:07.189889,0,160,14,85
07:31:09.690205,0,160,15,85
07:31:12.191056,0,160,14,85
07:31:14.691052,0,160,14,85
07:31:17.190523,0,160,14,85
07:31:19.691172,0,160,15,85
07:31:22.191170,0,160,14,85
07:31:24.691012,0,160,14,85
07:31:27.191313,0,160,15,85
07:31:29.692137,0,160,14,85
07:31:32.192170,0,160,14,85
07:31:34.692214,0,160,14,85
07:31:37.192399,0,160,14,85
07:31:39.691956,0,160,15,85
07:31:42.192652,0,160,14,85
07:31:44.692540,0,160,14,85
07:31:47.192821,0,160,15,85
07:31:49.693318,0,160,14,85
07:31:52.192836,0,160,14,85
07:31:54.692857,0,160,15,85
07:31:57.193011,0,160,14,85
07:31:59.693714,0,160,14,85
07:32:02.193562,0,160,15,85
07:32:04.694324,0,160,15,85
07:32:07.194317,0,160,15,85
07:32:09.693640,0,160,14,85
07:32:12.194303,0,160,15,85
07:32:14.694923,0,160,14,85
07:32:17.194823,0,160,14,85
07:32:19.695011,0,160,14,85
07:32:22.195189,0,160,14,85
07:32:24.695554,0,160,14,85
07:32:27.195556,0,160,14,85
07:32:29.695644,0,160,15,85
07:32:32.195142,0,160,14,85
07:32:34.695420,0,160,14,85
07:32:37.195708,0,160,15,85
07:32:39.696409,0,160,14,85
07:32:42.195794,0,160,14,85
07:32:44.696297,0,160,14,85
07:32:47.196744,0,160,14,85
07:32:49.696749,0,160,14,85
07:32:52.196862,0,160,15,85
07:32:54.697381,0,160,14,85
07:32:57.196641,0,160,14,85
07:32:59.697167,0,160,14,85
07:33:02.197786,0,160,15,85
07:33:04.697263,0,160,14,85
07:33:07.197628,0,160,15,85
07:33:09.698393,0,160,14,85
07:33:12.197629,0,160,14,85
07:33:14.698225,0,160,15,85
07:33:17.197929,0,160,15,85
07:33:19.698570,0,160,14,85
07:33:22.198132,0,160,14,85
07:33:24.699352,0,160,14,85
07:33:27.198798,0,160,14,85
07:33:29.699318,0,160,14,85
07:33:32.198841,0,160,15,85
07:33:34.699496,0,160,14,85
07:33:37.198935,0,160,15,85
07:33:39.700053,0,160,14,85
07:33:42.200282,0,160,14,85
07:33:44.699630,0,160,14,85
07:33:47.199944,0,160,14,85
07:33:49.700346,0,160,15,85
07:33:52.199987,0,160,14,85
07:33:54.700723,0,160,15,85
07:33:57.200295,0,159,14,85
07:33:59.700583,0,160,14,85
07:34:02.200896,0,160,14,85
07:34:04.700717,0,159,15,85
07:34:07.200845,0,160,14,85
07:34:09.701237,0,160,14,85
07:34:12.201395,0,159,14,85
07:34:14.702170,0,160,14,85
07:34:17.201701,0,160,14,85
07:34:19.701575,0,160,14,85
07:34:22.201723,0,160,14,85
07:34:24.702178,0,160,14,85
07:34:27.202121,0,160,15,85
07:34:29.702183,0,160,14,85
07:34:32.202587,0,159,14,85
07:34:34.702662,0,159,14,85
07:34:37.203621,0,160,14,85
07:34:39.703032,0,159,14,85
07:34:42.203711,0,160,14,85
07:34:44.703577,0,159,14,85
07:34:47.203732,0,159,14,85
07:34:49.703716,0,159,14,85
07:34:52.204250,0,159,14,85
07:34:54.704528,0,159,14,85
07:34:57.204303,0,159,14,85
07:34:59.704098,0,159,14,85
07:35:02.204815,0,159,14,85
07:35:04.705358,0,159,14,85
07:35:07.205369,0,159,14,85
07:35:09.705008,0,159,14,85
07:35:12.205032,0,159,14,85
07:35:14.704933,0,159,15,85
07:35:17.206059,0,159,14,85
07:35:19.705581,0,159,14,85
07:35:22.205673,0,159,14,85
07:35:24.705611,0,159,14,85
07:35:27.206552,0,159,14,85
07:35:29.706735,0,159,14,85
07:35:32.206655,0,160,14,85
07:35:34.706763,0,159,14,85
07:35:37.206811,0,159,14,85
07:35:39.706624,0,159,14,85
07:35:42.207324,0,160,14,85
07:35:44.707736,0,159,14,85
07:35:47.207756,0,159,14,85
07:35:49.707295,0,159,14,85
07:35:52.207970,0,159,14,85
07:35:54.708384,0,159,14,85
07:35:57.208318,0,159,13,85
07:35:59.708530,0,160,14,85
07:36:02.207990,0,159,15,85
07:36:04.708909,0,159,14,85
07:36:07.209024,0,159,14,85
07:36:09.708501,0,159,14,85
07:36:12.208894,0,159,14,85
07:36:14.709362,0,159,14,85
07:36:17.209018,0,159,14,85
07:36:19.709149,0,159,14,85
07:36:22.209098,0,159,14,85
07:36:24.709996,0,159,15,85
07:36:27.209823,0,159,14,85
07:36:29.709532,0,159,13,85
07:36:32.210633,0,159,15,85
07:36:34.709933,0,159,14,85
07:36:37.210391,0,159,14,85
07:36:39.710256,0,159,14,85
07:36:42.210395,0,159,14,85
07:36:44.710494,0,159,14,85
07:36:47.211300,0,159,14,85
07:36:49.711081,0,159,14,85
07:36:52.211596,0,159,14,85
07:36:54.711392,0,159,14,85
07:36:57.211377,0,159,14,85
07:36:59.711863,0,159,14,85
07:37:02.211416,0,159,14,85
07:37:04.712616,0,159,15,85
07:37:07.211778,0,159,14,85
07:37:09.712034,0,159,14,85
07:37:12.212998,0,159,14,85
07:37:14.712906,0,159,14,85
07:37:17.212642,0,159,14,85
07:37:19.713608,0,159,14,85
07:37:22.213410,0,159,14,85
07:37:24.713639,0,159,14,85
07:37:27.213948,0,159,14,85
07:37:29.713393,0,159,14,85
07:37:32.213989,0,159,14,85
07:37:34.714071,0,159,15,85
07:37:37.214037,0,159,14,85
07:37:39.714188,0,159,14,85
07:37:42.214246,0,159,14,85
07:37:44.714083,0,159,14,85
07:37:47.215191,0,159,14,85
07:37:49.714359,0,159,15,85
07:37:52.214762,0,159,14,85
07:37:54.714779,0,159,14,85
07:37:57.215837,0,159,14,85
07:37:59.715039,0,159,14,85
07:38:02.215741,0,159,14,85
07:38:04.715817,0,159,14,85
07:38:07.216151,0,159,14,85
07:38:09.716542,0,159,14,85
07:38:12.216403,0,159,14,85
07:38:14.716140,0,159,14,85
07:38:17.216084,0,159,14,85
07:38:19.717108,0,159,14,85
07:38:22.216395,0,159,15,85
07:38:24.716859,0,159,14,85
07:38:27.216846,0,159,14,85
07:38:29.717149,0,159,15,85
07:38:32.217600,0,159,14,85
07:38:34.717741,0,159,14,85
07:38:37.217406,0,159,14,85
07:38:39.717480,0,159,14,85
07:38:42.218206,0,159,14,85
07:38:44.718299,0,159,14,85
07:38:47.217965,0,159,14,85
07:38:49.718837,0,159,14,85
07:38:52.218842,0,159,15,85
07:38:54.718868,0,159,14,85
07:38:57.218736,0,159,14,85
07:38:59.719210,0,159,14,85
07:39:02.218904,0,159,14,85
07:39:04.719504,0,159,14,85
07:39:07.220275,0,159,15,85
07:39:09.720144,0,159,14,85
07:39:12.219898,0,159,14,85
07:39:14.720176,0,159,14,85
07:39:17.220039,0,159,14,85
07:39:19.720384,0,159,14,85
07:39:22.220710,0,159,15,85
07:39:24.720997,0,159,15,85
07:39:27.221176,0,159,14,85
07:39:29.720599,0,159,14,85
07:39:32.220928,0,159,14,85
07:39:34.720948,0,159,14,85
07:39:37.220960,0,159,14,85
07:39:39.721320,0,159,14,85
07:39:42.221702,0,159,14,85
07:39:44.721431,0,159,14,85
07:39:47.222108,0,159,15,85
07:39:49.721793,0,159,14,85
07:39:52.221856,0,159,16,85
07:39:54.722549,0,159,14,85
07:39:57.222322,0,159,14,85
07:39:59.722362,0,159,14,85
07:40:02.222718,0,159,14,85
07:40:04.723434,0,159,14,85
07:40:07.222822,0,159,14,85
07:40:09.722970,0,159,14,85
07:40:12.223248,0,159,14,85
07:40:14.723978,0,159,14,85
07:40:17.224167,0,159,14,85
07:40:19.723969,0,159,14,85
07:40:22.223860,0,159,14,85
07:40:24.724576,0,159,14,85
07:40:27.224921,0,159,14,85
07:40:29.724126,0,159,14,85
07:40:32.224735,0,159,14,85
07:40:34.725378,0,159,14,85
07:40:37.224972,0,159,14,85
07:40:39.725018,0,159,14,85
07:40:42.225383,0,159,14,85
07:40:44.725944,0,159,14,85
07:40:47.226240,0,159,14,85
07:40:49.725404,0,159,14,85
07:40:52.226274,0,159,14,85
07:40:54.726037,0,159,15,85
07:40:57.226302,0,159,14,85
07:40:59.726903,0,159,14,85
07:41:02.227030,0,159,14,85
07:41:04.726323,0,159,14,85
07:41:07.227644,0,159,14,85
07:41:09.727072,0,159,14,85
07:41:12.227011,0,159,14,85
07:41:14.727870,0,159,14,85
07:41:17.227362,0,159,14,85
07:41:19.728142,0,159,14,85
07:41:22.227702,0,159,14,85
07:41:24.727553,0,159,14,85
07:41:27.228744,0,159,14,85
07:41:29.728935,0,159,14,85
07:41:32.228404,0,159,14,85
07:41:34.728222,0,159,14,85
07:41:37.228755,0,159,15,85
07:41:39.728691,0,159,14,85
07:41:42.229431,0,159,14,85
07:41:44.729110,0,159,14,85
07:41:47.229804,0,159,14,85
07:41:49.729673,0,159,14,85
07:41:52.229367,0,159,14,85
07:41:54.730340,0,159,14,85
07:41:57.229944,0,159,14,85
07:41:59.729737,0,159,14,85
07:42:02.229964,0,159,14,85
07:42:04.730705,0,159,14,85
07:42:07.230589,0,159,14,85
07:42:09.731307,0,159,14,85
07:42:12.231370,0,159,14,85
07:42:14.730996,0,159,14,85
07:42:17.231319,0,159,15,85
07:42:19.730835,0,159,15,85
07:42:22.231137,0,159,14,85
07:42:24.731317,0,159,14,85
07:42:27.231688,0,159,14,85
07:42:29.732017,0,159,14,85
07:42:32.232045,0,159,14,85
07:42:34.732280,0,159,14,85
07:42:37.232373,0,159,14,85
07:42:39.732141,0,159,14,85
07:42:42.232316,0,159,14,85
07:42:44.732632,0,159,14,85
07:42:47.232703,0,159,14,85
07:42:49.733359,0,159,14,85
07:42:52.233693,0,159,14,85
07:42:54.733359,0,159,14,85
07:42:57.233939,0,159,14,85
07:42:59.733765,0,159,14,85
07:43:02.234328,0,159,14,85
07:43:04.733633,0,159,14,85
07:43:07.234526,0,159,14,85
07:43:09.734562,0,159,15,85
07:43:12.234154,0,159,14,85
07:43:14.734565,0,159,14,85
07:43:17.235332,0,159,15,85
07:43:19.734722,0,159,14,85
07:43:22.234648,0,159,14,85
07:43:24.735215,0,159,14,85
07:43:27.235368,0,159,14,85
07:43:29.735584,0,159,15,85
07:43:32.236122,0,159,14,85
07:43:34.735806,0,159,14,85
07:43:37.236061,0,159,14,85
07:43:39.736392,0,159,14,85
07:43:42.236183,0,159,14,85
07:43:44.736649,0,159,14,85
07:43:47.237118,0,159,15,85
07:43:49.736877,0,159,14,85
07:43:52.236761,0,159,14,85
07:43:54.737426,0,159,15,85
07:43:57.236860,0,159,14,85
07:43:59.737342,0,159,14,85
07:44:02.237519,0,159,14,85
07:44:04.738248,0,159,14,85
07:44:07.237562,0,159,14,85
07:44:09.737638,0,159,14,85
07:44:12.237896,0,159,14,85
07:44:14.737968,0,159,14,85
07:44:17.238385,0,159,14,85
07:44:19.738776,0,159,14,85
07:44:22.239112,0,159,14,85
07:44:24.739095,0,159,14,85
07:44:27.239176,0,159,14,85
07:44:29.739224,0,159,14,85
07:44:32.239332,0,159,14,85
07:44:34.740113,0,159,14,85
07:44:37.239318,0,159,14,85
07:44:39.739394,0,159,15,85
07:44:42.239735,0,159,14,85
07:44:44.740406,0,159,14,85
07:44:47.240628,0,159,14,85
07:44:49.740918,0,159,14,85
07:44:52.240175,0,159,15,85
07:44:54.740707,0,159,14,85
07:44:57.241102,0,159,14,85
07:44:59.740928,0,159,14,85
07:45:02.241216,0,159,14,85
07:45:04.741317,0,159,14,85
07:45:07.241888,0,159,14,85
07:45:09.742234,0,159,15,85
07:45:12.242367,0,159,14,85
07:45:14.741730,0,159,14,85
07:45:17.242213,0,159,14,85
07:45:19.742324,0,159,14,85
07:45:22.242377,0,159,14,85
07:45:24.742632,0,159,14,85
07:45:27.242944,0,159,15,85
07:45:29.742622,0,159,14,85
07:45:32.243294,0,159,14,85
07:45:34.743525,0,159,15,85
07:45:37.243680,0,159,14,85
07:45:39.743985,0,159,15,85
07:45:42.243860,0,159,14,85
07:45:44.743732,0,159,14,85
07:45:47.244136,0,159,14,85
07:45:49.744423,0,159,14,85
07:45:52.244763,0,159,14,85
07:45:54.744940,0,159,14,85
07:45:57.244642,0,159,14,85
07:45:59.744676,0,159,14,85
07:46:02.245221,0,159,14,85
07:46:04.744432,0,159,14,85
07:46:07.244930,0,159,14,85
07:46:09.745389,0,159,14,85
07:46:12.245695,0,159,14,85
07:46:14.745563,0,159,14,85
07:46:17.245390,0,159,15,85
07:46:19.745584,0,159,14,85
07:46:22.246265,0,159,14,85
07:46:24.746268,0,159,14,85
07:46:27.246541,0,159,14,85
07:46:29.746351,0,159,14,85
07:46:32.247081,0,159,14,85
07:46:34.747375,0,159,14,85
07:46:37.247092,0,159,15,85
07:46:39.747293,0,159,14,85
07:46:42.247346,0,159,14,85
07:46:44.747946,0,159,14,85
07:46:47.248070,0,159,14,85
07:46:49.748090,0,159,14,85
07:46:52.248355,0,159,14,85
07:46:54.748652,0,159,15,85
07:46:57.248226,0,159,14,85
07:46:59.748651,0,159,14,85
07:47:02.249018,0,159,14,85
07:47:04.748775,0,159,14,85
07:47:07.249392,0,159,15,85
07:47:09.748975,0,159,14,85
07:47:12.249744,0,159,14,85
07:47:14.749414,0,159,15,85
07:47:17.249405,0,159,14,85
07:47:19.749785,0,159,14,85
07:47:22.249387,0,159,14,85
07:47:24.749569,0,159,15,85
07:47:27.249826,0,159,14,85
07:47:29.750674,0,159,14,85
07:47:32.249933,0,159,14,85
07:47:34.750115,0,159,15,85
07:47:37.250560,0,159,14,85
07:47:39.750681,0,159,14,85
07:47:42.250614,0,159,14,85
07:47:44.751649,0,159,14,85
07:47:47.251832,0,159,14,85
07:47:49.751543,0,159,14,85
07:47:52.251739,0,159,14,85
07:47:54.751829,0,159,14,85
07:47:57.251653,0,159,14,85
07:47:59.751808,0,159,14,85
07:48:02.252306,0,159,14,85
07:48:04.752408,0,159,14,85
07:48:07.252539,0,159,14,85
07:48:09.752579,0,159,14,85
07:48:12.252377,0,159,14,85
07:48:14.752532,0,159,14,85
07:48:17.252864,0,159,14,85
07:48:19.753089,0,159,14,85
07:48:22.252992,0,159,14,85
07:48:24.753175,0,159,14,85
07:48:27.253634,0,159,15,85
07:48:29.753756,0,159,14,85
07:48:32.254192,0,159,14,85
07:48:34.754094,0,159,15,85
07:48:37.254985,0,159,14,85
07:48:39.754966,0,159,14,85
07:48:42.254108,0,159,14,85
07:48:44.755208,0,159,14,85
07:48:47.255245,0,159,14,85
07:48:49.755138,0,159,14,85
07:48:52.255180,0,159,15,85
07:48:54.754881,0,159,14,85
07:48:57.255167,0,159,15,85
07:48:59.755602,0,159,14,85
07:49:02.256004,0,159,14,85
07:49:04.756376,0,159,14,85
07:49:07.255851,0,159,15,85
07:49:09.756625,0,159,14,85
07:49:12.256528,0,159,14,85
07:49:14.756523,0,159,15,85
07:49:17.257148,0,159,14,85
07:49:19.756831,0,159,14,85
07:49:22.256778,0,159,15,85
07:49:24.756835,0,159,14,85
07:49:27.257848,0,159,15,85
07:49:29.757385,0,159,14,85
07:49:32.257719,0,159,15,85
07:49:34.757534,0,159,14,85
07:49:37.258607,0,159,14,85
07:49:39.758219,0,159,14,85
07:49:42.258241,0,159,14,85
07:49:44.758014,0,159,15,85
07:49:47.258216,0,159,14,85
07:49:49.758236,0,159,14,85
07:49:52.258397,0,159,14,85
07:49:54.759280,0,159,14,85
07:49:57.259748,0,159,14,85
07:49:59.759407,0,159,14,85
07:50:02.259903,0,159,15,85
07:50:04.759373,0,159,14,85
07:50:07.259971,0,159,14,85
07:50:09.760380,0,159,14,85
07:50:12.260198,0,159,14,85
07:50:14.759984,0,159,14,85
07:50:17.260157,0,159,15,85
07:50:19.761034,0,159,14,85
07:50:22.261111,0,159,14,85
07:50:24.760942,0,159,14,85
07:50:27.261034,0,159,15,85
07:50:29.761389,0,159,14,85
07:50:32.260907,0,159,15,85
07:50:34.762034,0,159,14,85
07:50:37.262097,0,159,14,85
07:50:39.762117,0,159,14,85
07:50:42.262068,0,159,14,85
07:50:44.761863,0,159,14,85
07:50:47.262830,0,159,14,85
07:50:49.762351,0,159,14,85
07:50:52.262209,0,159,14,85
07:50:54.763038,0,159,14,85
07:50:57.262915,0,159,14,85
07:50:59.762903,0,159,14,85
07:51:02.263267,0,159,14,85
07:51:04.763732,0,159,14,85
07:51:07.263861,0,159,14,85
07:51:09.763731,0,159,14,85
07:51:12.264127,0,159,14,85
07:51:14.763542,0,159,14,85
07:51:17.263866,0,159,14,85
07:51:19.764680,0,159,14,85
07:51:22.264151,0,159,15,85
07:51:24.765048,0,159,15,85
07:51:27.265199,0,159,14,85
07:51:29.765378,0,159,14,85
07:51:32.265578,0,159,14,85
07:51:34.765344,0,159,14,85
07:51:37.265190,0,159,14,85
07:51:39.765075,0,159,14,85
07:51:42.265370,0,159,15,85
07:51:44.766106,0,159,14,85
07:51:47.266072,0,159,14,85
07:51:49.766117,0,159,15,85
07:51:52.266742,0,159,14,85
07:51:54.766589,0,159,15,85
07:51:57.266481,0,159,14,85
07:51:59.766360,0,159,14,85
07:52:02.267307,0,159,14,85
07:52:04.767231,0,159,14,85
07:52:07.267064,0,159,14,85
07:52:09.767201,0,159,14,85
07:52:12.267136,0,159,14,85
07:52:14.767762,0,159,14,85
07:52:17.267709,0,159,14,85
07:52:19.767874,0,159,14,85
07:52:22.268110,0,159,14,85
07:52:24.768215,0,159,15,85
07:52:27.268424,0,159,14,85
07:52:29.768137,0,159,14,85
07:52:32.268571,0,159,14,85
07:52:34.769047,0,159,15,85
07:52:37.268927,0,159,14,85
07:52:39.768918,0,159,14,85
07:52:42.269356,0,159,14,85
07:52:44.769531,0,159,14,85
07:52:47.269238,0,159,14,85
07:52:49.769872,0,159,14,85
07:52:52.270299,0,159,14,85
07:52:54.769484,0,159,14,85
07:52:57.269851,0,159,14,85
07:52:59.770810,0,159,14,85
07:53:02.270092,0,159,14,85
07:53:04.770200,0,159,14,85
07:53:07.270720,0,159,14,85
07:53:09.770546,0,159,14,85
07:53:12.271651,0,159,14,85
07:53:14.770771,0,159,14,85
07:53:17.271548,0,159,14,85
07:53:19.771742,0,159,14,85
07:53:22.271762,0,159,14,85
07:53:24.771526,0,159,14,85
07:53:27.271968,0,159,14,85
07:53:29.772212,0,159,15,85
07:53:32.272372,0,159,14,85
07:53:34.772428,0,159,14,85
07:53:37.272558,0,159,14,85
07:53:39.772840,0,159,14,85
07:53:42.272524,0,159,14,85
07:53:44.773097,0,159,15,85
07:53:47.273388,0,159,15,85
07:53:49.773743,0,159,14,85
07:53:52.274049,0,159,14,85
07:53:54.774287,0,159,14,85
07:53:57.274219,0,159,14,85
07:53:59.773888,0,159,14,85
07:54:02.274366,0,159,14,85
07:54:04.774611,0,159,14,85
07:54:07.274397,0,159,14,85
07:54:09.775125,0,159,14,85
07:54:12.274740,0,159,14,85
07:54:14.775243,0,159,14,85
07:54:17.274772,0,159,14,85
07:54:19.775652,0,159,14,85
07:54:22.275321,0,159,15,85
07:54:24.775919,0,159,14,85
07:54:27.275400,0,159,14,85
07:54:29.775804,0,159,14,85
07:54:32.276000,0,159,14,85
07:54:34.776561,0,159,14,85
07:54:37.275779,0,159,14,85
07:54:39.776551,0,159,14,85
07:54:42.276533,0,159,14,85
07:54:44.776541,0,159,14,85
07:54:47.276698,0,159,14,85
07:54:49.776702,0,159,14,85
07:54:52.277034,0,159,14,85
07:54:54.776940,0,159,14,85
07:54:57.277714,0,159,14,85
07:54:59.777956,0,159,14,85
07:55:02.278025,0,159,14,85
07:55:04.778147,0,159,14,85
07:55:07.278554,0,159,14,85
07:55:09.778275,0,159,14,85
07:55:12.278136,0,159,14,85
07:55:14.778957,0,159,14,85
07:55:17.279227,0,159,14,85
07:55:19.778640,0,159,14,85
07:55:22.279085,0,159,15,85
07:55:24.778786,0,159,14,85
07:55:27.279752,0,159,14,85
07:55:29.779075,0,159,14,85
07:55:32.279891,0,159,14,85
07:55:34.780062,0,159,14,85
07:55:37.280292,0,159,14,85
07:55:39.780567,0,159,15,85
07:55:42.279723,0,159,14,85
07:55:44.780000,0,159,14,85
07:55:47.280388,0,159,14,85
07:55:49.781203,0,159,14,85
07:55:52.280972,0,159,14,85
07:55:54.780607,0,159,14,85
07:55:57.280968,0,159,14,85
07:55:59.781754,0,159,14,85
07:56:02.281539,0,159,15,85
07:56:04.781281,0,159,15,85
07:56:07.281545,0,159,14,85
07:56:09.781565,0,159,14,85
07:56:12.282377,0,159,15,85
07:56:14.782099,0,159,14,85
07:56:17.282888,0,159,14,85
07:56:19.783011,0,159,14,85
07:56:22.282251,0,159,14,85
07:56:24.783129,0,159,14,85
07:56:27.283149,0,159,14,85
07:56:29.783623,0,159,14,85
07:56:32.283375,0,159,14,85
07:56:34.782958,0,159,14,85
07:56:37.283879,0,159,14,85
07:56:39.783540,0,159,14,85
07:56:42.283865,0,159,14,85
07:56:44.784111,0,159,14,85
07:56:47.284397,0,159,14,85
07:56:49.784032,0,159,15,85
07:56:52.284116,0,159,14,85
07:56:54.785007,0,159,14,85
07:56:57.284894,0,159,14,85
07:56:59.785327,0,159,14,85
07:57:02.284852,0,159,14,85
07:57:04.785676,0,159,14,85
07:57:07.285323,0,159,14,85
07:57:09.785703,0,159,14,85
07:57:12.285341,0,159,14,85
07:57:14.785641,0,159,15,85
07:57:17.286629,0,159,14,85
07:57:19.786049,0,159,14,85
07:57:22.285996,0,159,14,85
07:57:24.786237,0,159,14,85
07:57:27.286911,0,159,14,85
07:57:29.787065,0,159,14,85
07:57:32.287210,0,159,14,85
07:57:34.787077,0,159,15,85
07:57:37.287364,0,159,15,85
07:57:39.787811,0,159,14,85
07:57:42.288120,0,159,14,85
07:57:44.788226,0,159,14,85
07:57:47.287396,0,159,14,85
07:57:49.787539,0,159,14,85
07:57:52.288323,0,159,14,85
07:57:54.788830,0,159,15,85
07:57:57.288797,0,159,14,85
07:57:59.788341,0,159,15,85
07:58:02.288363,0,159,14,85
07:58:04.789386,0,159,14,85
07:58:07.289399,0,159,14,85
07:58:09.789625,0,159,14,85
07:58:12.289659,0,159,14,85
07:58:14.789153,0,159,15,85
07:58:17.289489,0,159,14,85
07:58:19.789827,0,159,14,85
07:58:22.289842,0,159,14,85
07:58:24.790094,0,159,15,85
07:58:27.289924,0,159,14,85
07:58:29.790745,0,159,14,85
07:58:32.290648,0,159,14,85
07:58:34.790558,0,159,14,85
07:58:37.290560,0,159,14,85
07:58:39.791095,0,159,16,85
07:58:42.291016,0,159,14,85
07:58:44.791035,0,159,14,85
07:58:47.291832,0,159,15,85
07:58:49.791930,0,159,14,85
07:58:52.292305,0,159,14,85
07:58:54.791638,0,159,14,85
07:58:57.292248,0,159,14,85
07:58:59.791790,0,159,14,85
07:59:02.292032,0,159,14,85
07:59:04.792099,0,159,14,85
07:59:07.293059,0,159,14,85
07:59:09.793104,0,159,14,85
07:59:12.293226,0,159,14,85
07:59:14.793365,0,159,14,85
07:59:17.293745,0,158,14,85
07:59:19.793879,0,159,14,85
07:59:22.294035,0,159,14,85
07:59:24.794149,0,159,14,85
07:59:27.293843,0,159,14,85
07:59:29.794333,0,158,14,85
07:59:32.293823,0,159,14,85
07:59:34.793560,0,159,15,85
07:59:37.294885,0,159,14,85
07:59:39.794368,0,159,14,85
07:59:42.294883,0,159,14,85
07:59:44.794855,0,158,14,85
07:59:47.295662,0,159,14,85
07:59:49.795426,0,159,14,85
07:59:52.295784,0,159,14,85
07:59:54.796032,0,159,14,85
07:59:57.296417,0,159,15,85
07:59:59.796164,0,158,14,85
08:00:02.296588,0,159,14,85
08:00:04.796267,0,158,14,85
08:00:07.296116,0,158,14,85
08:00:09.796710,0,158,14,85
08:00:12.296255,0,159,14,85
08:00:14.796656,0,159,14,85
08:00:17.296628,0,158,14,85
08:00:19.797633,0,158,14,85
08:00:22.297732,0,158,15,85
08:00:24.797894,0,159,14,85
08:00:27.297681,0,159,14,85
08:00:29.798163,0,159,14,85
08:00:32.297964,0,158,14,85
08:00:34.797741,0,158,14,85
08:00:37.298525,0,158,14,85
08:00:39.797993,0,158,14,85
08:00:42.298211,0,159,14,85
08:00:44.798543,0,158,15,85
08:00:47.299244,0,158,14,85
08:00:49.799226,0,158,18,85
08:00:52.299639,0,158,14,85
08:00:54.799664,0,158,14,85
08:00:57.299896,0,159,14,85
08:00:59.799805,0,158,14,85
08:01:02.300350,0,158,14,85
08:01:04.799757,0,158,14,85
08:01:07.300398,0,158,15,85
08:01:09.800367,0,158,14,85
08:01:12.300853,0,158,14,85
08:01:14.801041,0,158,16,85
08:01:17.300928,0,158,14,85
08:01:19.800495,0,158,14,85
08:01:22.301080,0,158,14,85
08:01:24.801234,0,158,14,85
08:01:27.300887,0,158,14,85
08:01:29.801033,0,158,14,85
08:01:32.302021,0,158,14,85
08:01:34.801352,0,158,14,85
08:01:37.302171,0,158,14,85
08:01:39.802270,0,158,14,85
08:01:42.302367,0,158,14,85
08:01:44.802851,0,158,14,85
08:01:47.302902,0,158,14,85
08:01:49.802382,0,158,14,85
08:01:52.303107,0,158,14,85
08:01:54.803387,0,158,15,85
08:01:57.302933,0,158,14,85
08:01:59.803402,0,158,14,85
08:02:02.303429,0,158,14,85
08:02:04.803216,0,158,14,85
08:02:07.303203,0,158,14,85
08:02:09.803310,0,158,14,85
08:02:12.303719,0,158,15,85
08:02:14.804394,0,158,14,85
08:02:17.304543,0,158,14,85
08:02:19.804203,0,158,14,85
08:02:22.304661,0,158,14,85
08:02:24.805136,0,158,14,85
08:02:27.305325,0,158,14,85
08:02:29.805574,0,158,15,85
08:02:32.304733,0,158,14,85
08:02:34.805327,0,158,15,85
08:02:37.305641,0,158,14,85
08:02:39.805246,0,158,14,85
08:02:42.305721,0,158,15,85
08:02:44.805482,0,158,14,85
08:02:47.306541,0,158,14,85
08:02:49.806603,0,158,14,85
08:02:52.306579,0,158,14,85
08:02:54.806228,0,158,14,85
08:02:57.306957,0,158,14,85
08:02:59.806790,0,158,15,85
08:03:02.306785,0,158,14,85
08:03:04.807359,0,158,15,85
08:03:07.307694,0,158,14,85
08:03:09.807909,0,158,14,85
08:03:12.307525,0,158,14,85
08:03:14.807648,0,158,14,85
08:03:17.308387,0,158,14,85
08:03:19.808156,0,158,14,85
08:03:22.307858,0,158,14,85
08:03:24.808274,0,158,14,85
08:03:27.308327,0,158,14,85
08:03:29.808724,0,158,14,85
08:03:32.308959,0,158,15,85
08:03:34.809396,0,158,14,85
08:03:37.309126,0,158,14,85
08:03:39.808885,0,158,14,85
08:03:42.309837,0,158,14,85
08:03:44.810001,0,158,14,85
08:03:47.310257,0,158,14,85
08:03:49.809517,0,158,14,85
08:03:52.310513,0,158,15,85
08:03:54.810529,0,158,14,85
08:03:57.310014,0,158,15,85
08:03:59.810552,0,158,14,85
08:04:02.310609,0,158,14,85
08:04:04.810510,0,158,14,85
08:04:07.311385,0,158,15,85
08:04:09.810999,0,158,14,85
08:04:12.311677,0,158,14,85
08:04:14.811101,0,158,14,85
08:04:17.311981,0,158,14,85
08:04:19.811825,0,158,14,85
08:04:22.311846,0,158,14,85
08:04:24.811872,0,158,14,85
08:04:27.312386,0,158,15,85
08:04:29.812610,0,158,14,85
08:04:32.312399,0,158,14,85
08:04:34.812841,0,158,14,85
08:04:37.313011,0,158,17,85
08:04:39.812914,0,158,14,85
08:04:42.313390,0,158,14,85
08:04:44.813179,0,158,14,85
08:04:47.313596,0,158,14,85
08:04:49.813709,0,158,14,85
08:04:52.313896,0,158,14,85
08:04:54.813621,0,158,14,85
08:04:57.314203,0,158,15,85
08:04:59.814587,0,158,14,85
08:05:02.314231,0,158,15,85
08:05:04.814133,0,158,14,85
08:05:07.314582,0,158,14,85
08:05:09.815232,0,158,14,85
08:05:12.314553,0,158,14,85
08:05:14.815116,0,158,14,85
08:05:17.315145,0,158,14,85
08:05:19.815111,0,158,14,85
08:05:22.315199,0,158,14,85
08:05:24.816215,0,158,14,85
08:05:27.315774,0,158,14,85
08:05:29.816610,0,158,15,85
08:05:32.315934,0,158,14,85
08:05:34.816401,0,158,14,85
08:05:37.316813,0,158,15,85
08:05:39.817076,0,158,14,85
08:05:42.316629,0,158,14,85
08:05:44.817224,0,158,14,85
08:05:47.316951,0,158,14,85
08:05:49.817723,0,158,15,85
08:05:52.317555,0,158,15,85
08:05:54.817513,0,158,14,85
08:05:57.318063,0,158,14,85
08:05:59.818325,0,158,14,85
08:06:02.317648,0,158,14,85
08:06:04.818847,0,158,14,85
08:06:07.317960,0,158,14,85
08:06:09.818264,0,158,14,85
08:06:12.318325,0,158,14,85
08:06:14.818401,0,158,14,85
08:06:17.319298,0,158,14,85
08:06:19.819221,0,158,14,85
08:06:22.318830,0,158,14,85
08:06:24.819231,0,158,14,85
08:06:27.319248,0,158,14,85
08:06:29.819818,0,158,14,85
08:06:32.319403,0,158,14,85
08:06:34.819669,0,158,14,85
08:06:37.320194,0,158,14,85
08:06:39.820195,0,158,15,85
08:06:42.321007,0,158,14,85
08:06:44.820574,0,158,14,85
08:06:47.320557,0,158,14,85
08:06:49.821146,0,158,14,85
08:06:52.321558,0,158,14,85
08:06:54.821239,0,158,14,85
08:06:57.321027,0,158,14,85
08:06:59.821363,0,158,15,85
08:07:02.322113,0,158,14,85
08:07:04.821826,0,158,15,85
08:07:07.321638,0,158,14,85
08:07:09.822333,0,158,14,85
08:07:12.321868,0,158,14,85
08:07:14.822559,0,158,14,85
08:07:17.322613,0,158,14,85
08:07:19.822275,0,158,14,85
08:07:22.322994,0,158,14,85
08:07:24.823398,0,158,14,85
08:07:27.322847,0,158,14,85
08:07:29.823544,0,158,14,85
08:07:32.324051,0,158,14,85
08:07:34.824285,0,158,14,85
08:07:37.324162,0,158,14,85
08:07:39.824196,0,158,14,85
08:07:42.324214,0,158,14,85
08:07:44.824295,0,158,14,85
08:07:47.324018,0,158,14,85
08:07:49.824271,0,158,15,85
08:07:52.324542,0,158,14,85
08:07:54.824507,0,158,14,85
08:07:57.325071,0,158,14,85
08:07:59.825402,0,158,14,85
08:08:02.325660,0,158,14,85
08:08:04.825181,0,158,14,85
08:08:07.325632,0,158,14,85
08:08:09.826308,0,158,14,85
08:08:12.326331,0,158,14,85
08:08:14.826009,0,158,15,85
08:08:17.326084,0,158,14,85
08:08:19.826398,0,158,14,85
08:08:22.326705,0,158,14,85
08:08:24.827103,0,158,14,85
08:08:27.326658,0,158,14,85
08:08:29.827157,0,158,14,85
08:08:32.327594,0,158,14,85
08:08:34.826995,0,158,14,85
08:08:37.327157,0,158,15,85
08:08:39.828080,0,158,14,85
08:08:42.327358,0,158,14,85
08:08:44.827680,0,158,14,85
08:08:47.328220,0,158,14,85
08:08:49.828088,0,158,14,85
08:08:52.328016,0,158,14,85
08:08:54.829053,0,158,14,85
08:08:57.328624,0,158,14,85
08:08:59.828617,0,158,15,85
08:09:02.329335,0,158,14,85
08:09:04.829515,0,158,14,85
08:09:07.328933,0,158,14,85
08:09:09.829898,0,158,15,85
08:09:12.329950,0,158,14,85
08:09:14.830001,0,158,14,85
08:09:17.329818,0,158,14,85
08:09:19.830564,0,158,14,85
08:09:22.329700,0,158,14,85
08:09:24.830111,0,158,14,85
08:09:27.330128,0,158,14,85
08:09:29.830561,0,158,14,85
08:09:32.331295,0,158,14,85
08:09:34.831387,0,158,14,85
08:09:37.331167,0,158,14,85
08:09:39.830940,0,158,14,85
08:09:42.331190,0,158,14,85
08:09:44.832079,0,158,15,85
08:09:47.332033,0,158,15,85
08:09:49.831604,0,158,14,85
08:09:52.332424,0,158,14,85
08:09:54.831941,0,157,91,85
08:09:57.332262,0,158,34,85
08:09:59.833060,0,158,15,85
08:10:02.332705,0,158,14,85
08:10:04.833120,0,158,14,85
08:10:07.333114,0,158,5,85
08:10:09.833168,0,158,5,85
08:10:12.333674,0,158,5,85
08:10:14.833001,0,158,5,85
08:10:17.333849,0,158,23,85
08:10:19.833024,0,158,15,85
08:10:22.333732,0,157,80,85
08:10:24.833964,0,157,69,85
08:10:27.334717,0,157,64,85
08:10:29.833992,0,157,80,85
08:10:32.334137,0,156,92,85
08:10:34.833771,0,156,88,85
08:10:37.334511,0,156,82,85
08:10:39.834570,0,157,77,85
08:10:42.334393,0,157,79,85
08:10:44.834664,0,156,77,85
08:10:47.334957,0,157,65,85
08:10:49.834882,0,156,82,85
08:10:52.335078,0,156,79,85
08:10:54.834731,0,157,76,84
08:10:57.335430,0,156,87,84
08:10:59.835021,0,156,82,84
08:11:02.336314,0,156,91,84
08:11:04.835631,0,156,87,84
08:11:07.336429,0,156,77,84
08:11:09.836529,0,156,83,84
08:11:12.335861,0,156,82,84
08:11:14.836630,0,156,83,84
08:11:17.336923,0,156,79,84
08:11:19.837306,0,156,74,83
08:11:22.336843,0,156,82,83
08:11:24.837189,0,156,85,83
08:11:27.337165,0,156,75,83
08:11:29.837373,0,156,79,83
08:11:32.337534,0,156,86,83
08:11:34.837584,0,156,72,83
08:11:37.337997,0,156,91,83
08:11:39.838296,0,156,75,83
08:11:42.338083,0,156,90,83
08:11:44.838196,0,156,104,83
08:11:47.338622,0,156,89,83
08:11:49.839350,0,156,81,83
08:11:52.338924,0,156,81,83
08:11:54.838846,0,156,75,82
08:11:57.339148,0,156,78,82
08:11:59.839015,0,156,77,82
08:12:02.338912,0,156,89,82
08:12:04.844785,0,156,74,82
08:12:07.340592,0,156,77,82
08:12:09.840241,0,156,80,82
08:12:12.339834,0,156,72,82
08:12:14.839884,0,156,77,82
08:12:17.340704,0,156,81,82
08:12:19.840590,0,156,75,82
08:12:22.340605,0,156,84,82
08:12:24.840775,0,156,74,82
08:12:27.340535,0,156,79,82
08:12:29.841519,0,156,65,82
08:12:32.341293,0,156,80,82
08:12:34.841707,0,156,85,82
08:12:37.341621,0,156,79,82
08:12:39.841588,0,156,78,82
08:12:42.341809,0,156,76,82
08:12:44.842399,0,156,82,82
08:12:47.342065,0,156,85,82
08:12:49.842093,0,156,74,82
08:12:52.342034,0,156,81,82
08:12:54.842819,0,156,81,81
08:12:57.342736,0,156,80,81
08:12:59.842782,0,156,79,81
08:13:02.343340,0,156,77,81
08:13:04.843966,0,156,79,81
08:13:07.344501,0,156,75,81
08:13:09.843242,0,156,84,81
08:13:12.344143,0,156,81,81
08:13:14.844048,0,156,82,81
08:13:17.344974,0,156,82,81
08:13:19.844044,0,155,84,81
08:13:22.344991,0,156,81,81
08:13:24.843858,0,156,76,81
08:13:27.344033,0,156,78,81
08:13:29.844882,0,156,80,81
08:13:32.351155,0,156,86,81
08:13:34.844723,0,155,85,81
08:13:37.344810,0,155,90,81
08:13:39.844748,0,156,80,81
08:13:42.345602,0,155,84,81
08:13:44.846385,0,156,75,81
08:13:47.345674,0,155,89,81
08:13:49.846107,0,155,89,81
08:13:52.352212,0,155,92,81
08:13:54.852262,0,155,78,80
08:13:57.346370,0,155,82,80
08:13:59.846608,0,155,90,80
08:14:02.347060,0,155,82,80
08:14:04.847393,0,155,90,80
08:14:07.346745,0,155,75,80
08:14:09.847301,0,155,83,80
08:14:12.347421,0,155,84,80
08:14:14.857934,0,155,77,80
08:14:17.347051,0,155,79,80
08:14:19.847998,0,155,77,80
08:14:22.347833,0,155,92,80
08:14:24.848510,0,155,82,80
08:14:27.347797,0,155,75,80
08:14:29.848003,0,155,79,80
08:14:32.348417,0,156,66,80
08:14:34.848376,0,155,81,80
08:14:37.348640,0,155,78,80
08:14:39.849197,0,155,75,80
08:14:42.348831,0,155,81,80
08:14:44.849366,0,155,82,80
08:14:47.349243,0,155,82,80
08:14:49.849180,0,155,82,80
08:14:52.350114,0,155,80,80
08:14:54.849261,0,155,77,80
08:14:57.349638,0,155,78,80
08:14:59.850251,0,155,81,80
08:15:02.350605,0,155,71,80
08:15:04.850831,0,155,77,80
08:15:07.351034,0,155,82,80
08:15:09.851202,0,155,75,80
08:15:12.351044,0,155,83,80
08:15:14.851502,0,155,86,80
08:15:17.351287,0,155,81,80
08:15:19.851333,0,155,76,80
08:15:22.351415,0,155,84,79
08:15:24.851886,0,155,89,79
08:15:27.351290,0,155,80,79
08:15:29.851897,0,155,82,79
08:15:32.351900,0,155,75,79
08:15:34.852684,0,155,77,79
08:15:37.352871,0,155,78,79
08:15:39.852761,0,155,74,79
08:15:42.352370,0,155,80,79
08:15:44.852933,0,155,90,79
08:15:47.353129,0,155,79,79
08:15:49.853286,0,155,72,79
08:15:52.353253,0,155,78,79
08:15:54.853711,0,155,80,79
08:15:57.353530,0,155,78,79
08:15:59.853824,0,155,77,79
08:16:02.353776,0,155,84,79
08:16:04.854382,0,155,84,79
08:16:07.354475,0,155,81,79
08:16:09.853785,0,155,77,79
08:16:12.354319,0,155,81,79
08:16:14.854107,0,155,86,79
08:16:17.354791,0,155,79,79
08:16:19.854858,0,155,74,79
08:16:22.354841,0,155,74,79
08:16:24.855549,0,155,80,79
08:16:27.355775,0,155,80,79
08:16:29.855602,0,155,81,79
08:16:32.355952,0,155,81,79
08:16:34.855948,0,155,65,79
08:16:37.356300,0,155,79,79
08:16:39.856204,0,155,74,79
08:16:42.356200,0,155,77,79
08:16:44.856725,0,155,81,79
08:16:47.357658,0,155,78,79
08:16:49.856333,0,155,77,79
08:16:52.356925,0,155,84,79
08:16:54.856536,0,155,83,79
08:16:57.356890,0,155,74,79
08:16:59.857821,0,155,80,79
08:17:02.357842,0,155,79,79
08:17:04.857203,0,155,76,79
08:17:07.357775,0,155,73,79
08:17:09.858091,0,155,80,79
08:17:12.357686,0,155,84,79
08:17:14.857925,0,155,84,79
08:17:17.358065,0,155,83,79
08:17:19.858741,0,155,79,79
08:17:22.358731,0,155,76,79
08:17:24.858911,0,155,75,78
08:17:27.358636,0,155,83,78
08:17:29.858848,0,154,82,78
08:17:32.358917,0,155,76,78
08:17:34.859158,0,155,73,78
08:17:37.359619,0,155,77,78
08:17:39.860082,0,154,84,78
08:17:42.359634,0,155,77,78
08:17:44.860177,0,154,81,78
08:17:47.360752,0,155,77,78
08:17:49.860392,0,154,84,78
08:17:52.360625,0,154,80,78
08:17:54.860692,0,155,75,78
08:17:57.360777,0,154,90,78
08:17:59.860954,0,154,79,78
08:18:02.360730,0,154,81,78
08:18:04.861346,0,154,84,78
08:18:07.361018,0,155,73,78
08:18:09.862107,0,154,80,78
08:18:12.361479,0,154,79,78
08:18:14.861712,0,154,83,78
08:18:17.361726,0,154,79,78
08:18:19.862022,0,155,75,78
08:18:22.362913,0,154,72,78
08:18:24.862109,0,154,75,78
08:18:27.363091,0,154,83,78
08:18:29.862591,0,154,82,78
08:18:32.362746,0,154,75,78
08:18:34.862962,0,154,83,78
08:18:37.363809,0,155,63,78
08:18:39.863541,0,155,65,78
08:18:42.363919,0,154,79,78
08:18:44.864060,0,154,82,78
08:18:47.363430,0,154,73,78
08:18:49.864192,0,154,77,78
08:18:52.363867,0,155,66,78
08:18:54.864431,0,154,73,78
08:18:57.364171,0,154,68,78
08:18:59.864221,0,154,83,78
08:19:02.364609,0,154,78,78
08:19:04.865056,0,154,80,78
08:19:07.364964,0,154,81,78
08:19:09.865100,0,154,86,77
08:19:12.365715,0,154,89,77
08:19:14.865829,0,154,108,77
08:19:17.365562,0,154,113,77
08:19:19.866235,0,154,107,77
08:19:22.365425,0,154,107,77
08:19:24.866391,0,154,102,77
08:19:27.366360,0,154,99,77
08:19:29.866531,0,154,100,77
08:19:32.366236,0,154,96,77
08:19:34.866261,0,153,105,77
08:19:37.367022,0,153,112,77
08:19:39.866925,0,154,106,77
08:19:42.367060,0,154,95,77
08:19:44.867048,0,154,103,77
08:19:47.367023,0,153,104,77
08:19:49.867332,0,154,101,77
08:19:52.367966,0,153,94,77
08:19:54.868222,0,154,93,77
08:19:57.368494,0,154,93,77
08:19:59.867832,0,153,106,77
08:20:02.368842,0,153,103,77
08:20:04.868644,0,153,99,77
08:20:07.368907,0,153,99,77
08:20:09.869510,0,153,98,77
08:20:12.368669,0,154,99,76
08:20:14.869500,0,153,101,76
08:20:17.369428,0,153,109,76
08:20:19.869575,0,153,103,76
08:20:22.369166,0,153,98,76
08:20:24.870055,0,153,97,76
08:20:27.369413,0,153,101,76
08:20:29.870054,0,153,105,76
08:20:32.370354,0,153,93,76
08:20:34.869885,0,153,100,76
08:20:37.370795,0,153,105,76
08:20:39.870929,0,153,110,76
08:20:42.370414,0,153,94,76
08:20:44.871716,0,153,94,76
08:20:47.370643,0,153,107,76
08:20:49.871577,0,153,103,76
08:20:52.371239,0,153,95,76
08:20:54.871170,0,153,96,76
08:20:57.372054,0,153,92,76
08:20:59.872218,0,153,95,76
08:21:02.372189,0,153,92,76
08:21:04.871706,0,153,95,76
08:21:07.372848,0,153,97,76
08:21:09.872684,0,153,100,76
08:21:12.372962,0,153,97,76
08:21:14.872884,0,153,100,76
08:21:17.373081,0,153,94,75
08:21:19.873483,0,153,87,75
08:21:22.373212,0,153,93,75
08:21:24.873626,0,153,98,75
08:21:27.373359,0,153,90,75
08:21:29.873265,0,153,93,75
08:21:32.373977,0,153,96,75
08:21:34.873937,0,153,98,75
08:21:37.374351,0,153,104,75
08:21:39.874732,0,153,83,75
08:21:42.374264,0,153,98,75
08:21:44.874392,0,153,104,75
08:21:47.374672,0,153,106,75
08:21:49.875425,0,153,112,75
08:21:52.374822,0,153,100,75
08:21:54.874795,0,153,113,75
08:21:57.375775,0,153,111,75
08:21:59.875749,0,152,117,75
08:22:02.376001,0,153,102,75
08:22:04.876125,0,153,106,75
08:22:07.375620,0,153,108,75
08:22:09.875720,0,152,112,75
08:22:12.376570,0,153,103,75
08:22:14.875946,0,152,113,75
08:22:17.376978,0,153,110,75
08:22:19.876576,0,152,112,75
08:22:22.377290,0,153,101,75
08:22:24.877049,0,153,106,75
08:22:27.377070,0,152,128,75
08:22:29.877120,0,153,108,75
08:22:32.377662,0,153,85,75
08:22:34.877564,0,153,101,75
08:22:37.377526,0,152,113,74
08:22:39.877844,0,152,105,74
08:22:42.377867,0,153,86,74
08:22:44.878108,0,153,86,74
08:22:47.377965,0,153,97,74
08:22:49.879024,0,152,101,74
08:22:52.379194,0,153,99,74
08:22:54.879139,0,153,95,74
08:22:57.379081,0,153,94,74
08:22:59.879598,0,153,98,74
08:23:02.379276,0,153,99,74
08:23:04.879838,0,152,107,74
08:23:07.379047,0,152,105,74
08:23:09.879356,0,152,102,74
08:23:12.379952,0,152,104,74
08:23:14.879757,0,152,95,74
08:23:17.380352,0,152,108,74
08:23:19.880089,0,152,100,74
08:23:22.380632,0,152,98,74
08:23:24.881064,0,152,101,74
08:23:27.380333,0,152,102,74
08:23:29.880996,0,152,97,74
08:23:32.380657,0,152,101,74
08:23:34.880915,0,152,96,74
08:23:37.381490,0,152,102,74
08:23:39.881964,0,153,89,74
08:23:42.381834,0,152,107,74
08:23:44.881340,0,152,107,74
08:23:47.382215,0,152,88,73
08:23:49.882035,0,152,94,73
08:23:52.381896,0,152,97,73
08:23:54.882844,0,152,108,73
08:23:57.382344,0,152,101,73
08:23:59.883093,0,152,93,73
08:24:02.383428,0,152,96,73
08:24:04.882531,0,152,97,73
08:24:07.383553,0,152,96,73
08:24:09.883230,0,152,106,73
08:24:12.384318,0,152,101,73
08:24:14.883409,0,152,105,73
08:24:17.383236,0,152,110,73
08:24:19.884215,0,152,106,73
08:24:22.383999,0,152,95,73
08:24:24.884368,0,152,95,73
08:24:27.384651,0,152,92,73
08:24:29.884925,0,152,102,73
08:24:32.384809,0,152,107,73
08:24:34.888880,0,152,93,73
08:24:37.385526,0,152,99,73
08:24:39.885191,0,152,93,73
08:24:42.384909,0,152,95,73
08:24:44.885740,0,152,93,73
08:24:47.385406,0,152,100,73
08:24:49.886085,0,152,96,73
08:24:52.385623,0,152,99,72
08:24:54.885727,0,152,101,72
08:24:57.386582,0,152,102,72
08:24:59.886629,0,152,97,72
08:25:02.386767,0,152,92,72
08:25:04.886124,0,152,96,72
08:25:07.387116,0,152,92,72
08:25:09.887022,0,152,99,72
08:25:12.387509,0,152,86,72
08:25:14.887573,0,152,98,72
08:25:17.387743,0,152,95,72
08:25:19.887429,0,152,102,72
08:25:22.387226,0,152,93,72
08:25:24.887696,0,152,101,72
08:25:27.388232,0,152,110,72
08:25:29.888350,0,152,105,72
08:25:32.388295,0,152,100,72
08:25:34.888991,0,152,108,72
08:25:37.388511,0,152,102,72
08:25:39.889557,0,152,108,72
08:25:42.388419,0,152,104,72
08:25:44.889495,0,152,111,72
08:25:47.388842,0,152,94,72
08:25:49.889720,0,152,89,72
08:25:52.389603,0,152,105,72
08:25:54.889323,0,152,107,72
08:25:57.390120,0,152,96,72
08:25:59.890241,0,151,103,72
08:26:02.389961,0,151,106,72
08:26:04.890558,0,152,105,72
08:26:07.390298,0,152,102,72
08:26:09.890202,0,152,93,72
08:26:12.390534,0,152,97,72
08:26:14.890846,0,151,102,72
08:26:17.390656,0,151,108,72
08:26:19.890683,0,151,105,72
08:26:22.391512,0,152,101,72
08:26:24.891141,0,152,95,71
08:26:27.391666,0,152,88,71
08:26:29.892052,0,152,91,71
08:26:32.391618,0,152,97,71
08:26:34.892305,0,152,96,71
08:26:37.392501,0,151,102,71
08:26:39.891927,0,151,104,71
08:26:42.392545,0,151,108,71
08:26:44.892235,0,152,96,71
08:26:47.392937,0,152,84,71
08:26:49.893352,0,151,106,71
08:26:52.393586,0,151,98,71
08:26:54.893585,0,151,99,71
08:26:57.393862,0,151,110,71
08:26:59.893597,0,152,90,71
08:27:02.393735,0,152,95,71
08:27:04.894129,0,152,85,71
08:27:07.394153,0,151,105,71
08:27:09.894479,0,151,100,71
08:27:12.394074,0,151,98,71
08:27:14.893993,0,151,96,71
08:27:17.395022,0,151,95,71
08:27:19.894377,0,151,93,71
08:27:22.394548,0,151,99,71
08:27:24.895211,0,151,100,71
08:27:27.395108,0,152,85,71
08:27:29.895676,0,151,111,70
08:27:32.395009,0,151,98,70
08:27:34.896108,0,151,85,70
08:27:37.395520,0,151,92,70
08:27:39.895885,0,151,82,70
08:27:42.396420,0,152,87,70
08:27:44.895800,0,151,101,70
08:27:47.396193,0,151,93,70
08:27:49.896800,0,151,100,70
08:27:52.396358,0,151,100,70
08:27:54.897114,0,151,101,70
08:27:57.397024,0,151,109,70
08:27:59.897337,0,151,105,70
08:28:02.397713,0,151,98,70
08:28:04.897737,0,151,97,70
08:28:07.398124,0,151,85,70
08:28:09.897591,0,151,87,70
08:28:12.398376,0,151,104,70
08:28:14.898681,0,151,104,70
08:28:17.397938,0,151,105,70
08:28:19.898089,0,151,103,70
08:28:22.398690,0,151,99,70
08:28:24.898676,0,151,92,70
08:28:27.398802,0,151,104,70
08:28:29.898579,0,151,98,70
08:28:32.399284,0,151,104,70
08:28:34.899549,0,151,97,70
08:28:37.399000,0,151,99,70
08:28:39.899871,0,151,104,70
08:28:42.399547,0,151,96,70
08:28:44.899509,0,151,91,70
08:28:47.400336,0,151,97,70
08:28:49.900019,0,151,81,70
08:28:52.399957,0,151,93,69
08:28:54.900135,0,151,94,69
08:28:57.400247,0,151,93,69
08:28:59.901185,0,151,93,69
08:29:02.400941,0,151,101,69
08:29:04.900806,0,151,90,69
08:29:07.401410,0,151,104,69
08:29:09.901918,0,151,100,69
08:29:12.401125,0,151,82,69
08:29:14.901923,0,151,89,69
08:29:17.401700,0,151,87,69
08:29:19.901638,0,151,89,69
08:29:22.401727,0,151,92,69
08:29:24.902887,0,151,94,69
08:29:27.402823,0,151,84,69
08:29:29.902693,0,151,92,69
08:29:32.402611,0,151,96,69
08:29:34.903293,0,151,92,69
08:29:37.403509,0,151,93,69
08:29:39.902949,0,151,90,69
08:29:42.403548,0,151,93,69
08:29:44.903105,0,151,92,69
08:29:47.403545,0,151,93,68
08:29:49.903954,0,151,91,68
08:29:52.403692,0,151,100,68
08:29:54.904211,0,151,104,68
08:29:57.404420,0,151,94,68
08:29:59.905016,0,151,94,68
08:30:02.404664,0,151,85,68
08:30:04.904688,0,151,90,68
08:30:07.404925,0,151,87,68
08:30:09.904508,0,151,87,68
08:30:12.405033,0,151,93,68
08:30:14.904953,0,151,84,68
08:30:17.405144,0,151,95,68
08:30:19.905405,0,151,90,68
08:30:22.405717,0,151,86,68
08:30:24.905860,0,151,86,68
08:30:27.406059,0,151,96,68
08:30:29.905769,0,151,88,68
08:30:32.406049,0,151,81,68
08:30:34.906229,0,151,95,68
08:30:37.406777,0,150,99,68
08:30:39.906518,0,151,93,68
08:30:42.406780,0,150,92,68
08:30:44.907061,0,151,86,68
08:30:47.406841,0,151,89,68
08:30:49.907133,0,150,99,68
08:30:52.407315,0,151,93,67
08:30:54.908139,0,151,91,67
08:30:57.407857,0,151,95,67
08:30:59.907721,0,150,100,67
08:31:02.408646,0,150,101,67
08:31:04.908305,0,150,93,67
08:31:07.408918,0,150,97,67
08:31:09.908383,0,150,94,67
08:31:12.408983,0,151,86,67
08:31:14.908674,0,151,88,67
08:31:17.408680,0,151,84,67
08:31:19.909513,0,151,85,67
08:31:22.409760,0,150,92,67
08:31:24.909094,0,151,88,67
08:31:27.410174,0,150,82,67
08:31:29.909559,0,150,88,67
08:31:32.409555,0,150,96,67
08:31:34.910164,0,150,96,67
08:31:37.410696,0,151,85,67
08:31:39.910763,0,150,84,67
08:31:42.410104,0,151,84,67
08:31:44.910507,0,150,98,67
08:31:47.410498,0,150,87,67
08:31:49.910511,0,150,104,67
08:31:52.411303,0,150,88,67
08:31:54.911828,0,150,108,67
08:31:57.411341,0,150,91,67
08:31:59.911407,0,150,95,67
08:32:02.412052,0,150,99,66
08:32:04.912070,0,150,104,66
08:32:07.412233,0,150,87,66
08:32:09.912106,0,150,92,66
08:32:12.412912,0,150,91,66
08:32:14.912580,0,150,103,66
08:32:17.412869,0,150,96,66
08:32:19.912896,0,150,89,66
08:32:22.412860,0,150,89,66
08:32:24.913583,0,150,99,66
08:32:27.412952,0,150,91,66
08:32:29.913589,0,150,90,66
08:32:32.413272,0,150,84,66
08:32:34.913925,0,150,87,66
08:32:37.413807,0,150,102,66
08:32:39.914590,0,150,90,66
08:32:42.414597,0,150,92,66
08:32:44.914631,0,150,93,66
08:32:47.414064,0,150,105,66
08:32:49.914536,0,150,96,66
08:32:52.414631,0,150,99,66
08:32:54.914700,0,150,103,66
08:32:57.415580,0,150,104,66
08:32:59.915205,0,150,75,66
08:33:02.414902,0,150,113,66
08:33:04.915701,0,150,106,66
08:33:07.415786,0,150,100,66
08:33:09.916208,0,150,89,66
08:33:12.415849,0,150,100,66
08:33:14.916366,0,150,85,66
08:33:17.415973,0,150,90,66
08:33:19.916016,0,150,92,66
08:33:22.416826,0,150,90,66
08:33:24.916215,0,150,85,66
08:33:27.417837,0,150,97,66
08:33:29.916713,0,150,90,66
08:33:32.417677,0,150,90,66
08:33:34.917820,0,150,89,65
08:33:37.417016,0,150,90,65
08:33:39.917935,0,150,95,65
08:33:42.417941,0,150,92,65
08:33:44.917937,0,150,88,65
08:33:47.418223,0,149,110,65
08:33:49.918169,0,150,92,65
08:33:52.418671,0,150,97,65
08:33:54.918620,0,150,95,65
08:33:57.418931,0,149,102,65
08:33:59.918419,0,149,107,65
08:34:02.419144,0,150,94,65
08:34:04.919159,0,150,92,65
08:34:07.418934,0,149,96,65
08:34:09.919299,0,150,88,65
08:34:12.419909,0,150,89,65
08:34:14.920166,0,149,137,65
08:34:17.420248,0,149,96,65
08:34:19.920167,0,149,112,65
08:34:22.420327,0,149,95,65
08:34:24.920536,0,150,90,65
08:34:27.420817,0,150,90,65
08:34:29.920269,0,149,99,65
08:34:32.421156,0,149,99,64
08:34:34.921042,0,149,95,64
08:34:37.421530,0,149,94,64
08:34:39.921039,0,149,95,64
08:34:42.421834,0,149,94,64
08:34:44.921855,0,149,103,64
08:34:47.422149,0,149,97,64
08:34:49.922155,0,149,96,64
08:34:52.421993,0,149,95,64
08:34:54.922659,0,149,98,64
08:34:57.421885,0,149,99,64
08:34:59.922689,0,149,100,64
08:35:02.422554,0,149,96,64
08:35:04.923051,0,149,97,64
08:35:07.422554,0,149,98,64
08:35:09.923143,0,149,102,64
08:35:12.423740,0,149,102,64
08:35:14.922885,0,149,96,64
08:35:17.423144,0,149,93,64
08:35:19.923171,0,149,97,64
08:35:22.424247,0,149,92,64
08:35:24.924393,0,149,96,64
08:35:27.424551,0,149,96,64
08:35:29.924813,0,149,103,64
08:35:32.424201,0,149,96,63
08:35:34.924923,0,149,102,63
08:35:37.425164,0,149,100,63
08:35:39.925168,0,149,96,63
08:35:42.425483,0,149,94,63
08:35:44.925225,0,149,104,63
08:35:47.425101,0,149,100,63
08:35:49.926079,0,149,101,63
08:35:52.425516,0,149,102,63
08:35:54.925738,0,149,98,63
08:35:57.425366,0,149,96,63
08:35:59.925716,0,149,102,63
08:36:02.426698,0,149,100,63
08:36:04.926486,0,149,97,63
08:36:07.426990,0,149,99,63
08:36:09.926198,0,149,99,63
08:36:12.427080,0,149,97,63
08:36:14.927163,0,149,94,63
08:36:17.427588,0,149,98,63
08:36:19.927676,0,149,99,63
08:36:22.426996,0,149,96,63
08:36:24.928027,0,149,93,63
08:36:27.427346,0,149,100,63
08:36:29.928356,0,149,93,63
08:36:32.428561,0,149,99,63
08:36:34.928409,0,149,93,63
08:36:37.428249,0,149,98,63
08:36:39.928527,0,149,98,63
08:36:42.428804,0,149,103,62
08:36:44.929100,0,149,99,62
08:36:47.428889,0,149,99,62
08:36:49.928560,0,149,102,62
08:36:52.428799,0,149,96,62
08:36:54.929694,0,149,99,62
08:36:57.429729,0,149,95,62
08:36:59.929695,0,149,96,62
08:37:02.429813,0,149,93,62
08:37:04.929518,0,149,94,62
08:37:07.429749,0,149,98,62
08:37:09.930047,0,149,102,62
08:37:12.430166,0,149,98,62
08:37:14.930761,0,149,100,62
08:37:17.430285,0,149,98,62
08:37:19.930792,0,149,96,62
08:37:22.430630,0,149,100,62
08:37:24.931125,0,149,97,62
08:37:27.431080,0,149,97,62
08:37:29.931939,0,149,95,62
08:37:32.431190,0,148,103,62
08:37:34.931504,0,148,100,62
08:37:37.432386,0,149,93,62
08:37:39.932503,0,148,100,62
08:37:42.432337,0,149,93,62
08:37:44.932850,0,148,99,62
08:37:47.432313,0,149,95,62
08:37:49.932631,0,148,100,62
08:37:52.433207,0,148,96,62
08:37:54.933068,0,148,103,62
08:37:57.432607,0,148,99,62
08:37:59.933382,0,148,100,62
08:38:02.433073,0,149,93,62
08:38:04.933364,0,148,93,62
08:38:07.434412,0,148,96,62
08:38:09.934239,0,148,100,62
08:38:12.433665,0,148,93,61
08:38:14.934239,0,148,95,61
08:38:17.434732,0,148,97,61
08:38:19.934829,0,148,98,61
08:38:22.434235,0,148,94,61
08:38:24.934607,0,148,94,61
08:38:27.435241,0,148,99,61
08:38:29.935242,0,148,101,61
08:38:32.435159,0,148,99,61
08:38:34.936054,0,148,94,61
08:38:37.435096,0,148,96,61
08:38:39.935286,0,148,100,61
08:38:42.436044,0,148,95,61
08:38:44.935708,0,148,97,61
08:38:47.435897,0,148,101,61
08:38:49.936841,0,148,100,61
08:38:52.436672,0,148,96,61
08:38:54.936424,0,148,95,61
08:38:57.436501,0,148,96,61
08:38:59.937227,0,148,99,61
08:39:02.436648,0,148,96,61
08:39:04.936866,0,148,92,61
08:39:07.437090,0,148,96,60
08:39:09.937184,0,148,94,60
08:39:12.437429,0,148,93,60
08:39:14.937507,0,148,100,60
08:39:17.438179,0,148,96,60
08:39:19.938823,0,148,94,60
08:39:22.438249,0,148,95,60
08:39:24.938421,0,148,96,60
08:39:27.438621,0,148,97,60
08:39:29.938735,0,148,95,60
08:39:32.439029,0,148,95,60
08:39:34.938632,0,148,97,60
08:39:37.438738,0,148,92,60
08:39:39.939954,0,148,91,60
08:39:42.439540,0,148,97,60
08:39:44.939105,0,148,101,60
08:39:47.440145,0,148,93,60
08:39:49.940179,0,148,94,60
08:39:52.440090,0,148,96,60
08:39:54.940510,0,148,89,60
08:39:57.440529,0,148,95,60
08:39:59.940681,0,148,100,60
08:40:02.440744,0,148,94,59
08:40:04.940399,0,148,100,59
08:40:07.441251,0,148,95,59
08:40:09.940946,0,148,95,59
08:40:12.441113,0,148,99,59
08:40:14.941794,0,148,95,59
08:40:17.441936,0,148,90,59
08:40:19.941622,0,148,93,59
08:40:22.441529,0,148,97,59
08:40:24.941560,0,148,96,59
08:40:27.441648,0,148,99,59
08:40:29.941800,0,148,100,59
08:40:32.442359,0,148,95,59
08:40:34.942253,0,148,104,59
08:40:37.442498,0,148,94,59
08:40:39.942832,0,148,99,59
08:40:42.442914,0,148,102,59
08:40:44.943883,0,148,100,59
08:40:47.443812,0,148,96,59
08:40:49.943527,0,148,103,59
08:40:52.443750,0,148,95,59
08:40:54.943635,0,148,92,59
08:40:57.444026,0,148,96,59
08:40:59.944348,0,148,99,59
08:41:02.443804,0,148,91,59
08:41:04.944372,0,148,99,59
08:41:07.444525,0,148,101,59
08:41:09.944411,0,148,95,59
08:41:12.445196,0,148,96,59
08:41:14.945403,0,148,96,58
08:41:17.444887,0,148,92,58
08:41:19.945317,0,148,96,58
08:41:22.445237,0,148,101,58
08:41:24.945735,0,148,95,58
08:41:27.446179,0,147,99,58
08:41:29.946094,0,148,100,58
08:41:32.445607,0,148,92,58
08:41:34.947297,0,148,93,58
08:41:37.446069,0,147,97,58
08:41:39.946852,0,148,91,58
08:41:42.446995,0,147,99,58
08:41:44.947247,0,148,96,58
08:41:47.446799,0,148,99,58
08:41:49.946815,0,147,96,58
08:41:52.446776,0,148,95,58
08:41:54.947414,0,147,95,58
08:41:57.447338,0,148,93,58
08:41:59.947834,0,147,97,58
08:42:02.448196,0,148,95,58
08:42:04.947767,0,147,98,58
08:42:07.448277,0,147,101,58
08:42:09.948798,0,148,95,58
08:42:12.457736,0,147,92,58
08:42:14.948112,0,147,102,58
08:42:17.452965,0,147,95,58
08:42:19.954332,0,147,95,58
08:42:22.448784,0,147,96,58
08:42:24.949023,0,147,97,57
08:42:27.449715,0,147,99,57
08:42:29.949291,0,147,91,57
08:42:32.449568,0,147,93,57
08:42:34.952579,0,147,93,57
08:42:37.449945,0,147,99,57
08:42:39.950523,0,147,95,57
08:42:42.450752,0,147,92,57
08:42:44.954103,0,147,103,57
08:42:47.450426,0,147,97,57
08:42:49.950716,0,147,92,57
08:42:52.450425,0,147,95,57
08:42:54.951195,0,147,96,57
08:42:57.450811,0,147,93,57
08:42:59.951016,0,147,99,57
08:43:02.451046,0,147,95,57
08:43:04.951146,0,147,93,57
08:43:07.451576,0,147,95,57
08:43:09.954780,0,147,100,57
08:43:12.451679,0,147,94,57
08:43:14.958153,0,147,94,57
08:43:17.452309,0,147,96,57
08:43:19.952533,0,147,95,57
08:43:22.452945,0,147,99,57
08:43:24.952644,0,147,96,57
08:43:27.454166,0,147,98,57
08:43:29.953385,0,147,95,56
08:43:32.454941,0,147,93,56
08:43:34.956830,0,147,94,56
08:43:37.456662,0,147,99,56
08:43:39.954103,0,147,94,56
08:43:42.453294,0,147,101,56
08:43:44.955125,0,147,93,56
08:43:47.453920,0,147,91,56
08:43:49.955006,0,147,96,56
08:43:52.454862,0,147,93,56
08:43:54.956282,0,147,97,56
08:43:57.454841,0,147,100,56
08:43:59.954881,0,147,93,56
08:44:02.457760,0,147,96,56
08:44:04.954934,0,147,95,56
08:44:07.459707,0,147,95,56
08:44:09.955926,0,147,98,56
08:44:12.456883,0,147,95,56
08:44:14.955672,0,147,92,56
08:44:17.457383,0,147,96,56
08:44:19.961251,0,147,95,56
08:44:22.456421,0,147,95,55
08:44:24.957226,0,147,94,55
08:44:27.463230,0,147,102,55
08:44:29.956308,0,147,93,55
08:44:32.456647,0,147,94,55
08:44:34.958734,0,147,99,55
08:44:37.457991,0,147,95,55
08:44:39.962656,0,147,96,55
08:44:42.457589,0,147,97,55
08:44:44.957882,0,147,95,55
08:44:47.457844,0,147,99,55
08:44:49.957425,0,147,96,55
08:44:52.457928,0,147,89,55
08:44:54.959169,0,147,98,55
08:44:57.462781,0,147,100,55
08:44:59.958297,0,147,99,55
08:45:02.458659,0,147,101,55
08:45:04.959414,0,147,96,55
08:45:07.462790,0,147,94,55
08:45:09.959749,0,147,95,55
08:45:12.468904,0,147,92,55
08:45:14.959134,0,147,97,55
08:45:17.463523,0,147,95,55
08:45:19.959985,0,147,92,55
08:45:22.471422,0,147,91,55
08:45:24.960508,0,147,93,55
08:45:27.460290,0,147,93,55
08:45:29.960884,0,147,97,55
08:45:32.461884,0,147,93,55
08:45:34.960291,0,147,94,55
08:45:37.460862,0,146,98,55
08:45:39.960894,0,147,100,55
08:45:42.460819,0,147,97,55
08:45:44.964308,0,147,96,55
08:45:47.461426,0,147,96,55
08:45:49.962018,0,146,96,55
08:45:52.470872,0,146,97,55
08:45:54.961838,0,147,91,54
08:45:57.462642,0,147,96,54
08:45:59.963093,0,146,100,54
08:46:02.462312,0,146,97,54
08:46:04.962865,0,147,92,54
08:46:07.462826,0,147,95,54
08:46:09.962695,0,147,96,54
08:46:12.463142,0,147,95,54
08:46:14.970316,0,146,94,54
08:46:17.463217,0,146,96,54
08:46:19.963609,0,146,97,54
08:46:22.464677,0,146,93,54
08:46:24.964231,0,146,93,54
08:46:27.466295,0,146,94,54
08:46:29.964414,0,146,93,54
08:46:32.466023,0,146,97,54
08:46:34.964303,0,146,99,54
08:46:37.464304,0,146,100,54
08:46:39.970057,0,146,96,54
08:46:42.469686,0,146,100,54
08:46:44.964565,0,146,96,54
08:46:47.465670,0,147,93,54
08:46:49.965278,0,146,94,54
08:46:52.466123,0,146,96,54
08:46:54.965171,0,146,99,54
08:46:57.465574,0,146,97,54
08:46:59.966185,0,146,97,54
08:47:02.468791,0,146,97,54
08:47:04.975263,0,146,97,53
08:47:07.481557,0,146,91,53
08:47:09.966550,0,146,95,53
08:47:12.466552,0,146,91,53
08:47:14.966639,0,146,94,53
08:47:17.466747,0,146,102,53
08:47:19.966590,0,146,94,53
08:47:22.467603,0,146,92,53
08:47:24.967411,0,146,96,53
08:47:27.467919,0,146,99,53
08:47:29.968258,0,146,95,53
08:47:32.471841,0,146,93,53
08:47:34.967847,0,146,96,53
08:47:37.468466,0,146,90,53
08:47:39.971396,0,146,96,53
08:47:42.469386,0,146,101,53
08:47:44.969595,0,146,91,53
08:47:47.468274,0,146,94,53
08:47:49.975586,0,146,95,53
08:47:52.468528,0,146,96,53
08:47:54.968876,0,146,97,53
08:47:57.471871,0,146,97,53
08:47:59.969662,0,146,100,53
08:48:02.469199,0,146,97,53
08:48:04.970194,0,146,92,53
08:48:07.470255,0,146,91,53
08:48:09.977025,0,146,93,53
08:48:12.470674,0,146,99,52
08:48:14.971973,0,146,98,52
08:48:17.469892,0,146,97,52
08:48:19.970106,0,146,97,52
08:48:22.478240,0,146,90,52
08:48:24.970337,0,146,94,52
08:48:27.471946,0,146,97,52
08:48:29.971567,0,146,93,52
08:48:32.472081,0,146,96,52
08:48:34.971189,0,146,97,52
08:48:37.471866,0,146,103,52
08:48:39.971333,0,146,96,52
08:48:42.471562,0,146,95,52
08:48:44.971801,0,146,98,52
08:48:47.471968,0,146,92,52
08:48:49.976368,0,146,92,52
08:48:52.472761,0,146,93,52
08:48:54.973158,0,146,94,52
08:48:57.472957,0,146,96,52
08:48:59.973242,0,146,96,52
08:49:02.473825,0,146,97,52
08:49:04.972990,0,146,95,52
08:49:07.473387,0,146,95,52
08:49:09.976549,0,146,95,52
08:49:12.477041,0,146,96,52
08:49:14.973809,0,146,99,52
08:49:17.473889,0,146,100,52
08:49:19.974378,0,146,91,52
08:49:22.477857,0,146,94,52
08:49:24.974929,0,146,95,52
08:49:27.474382,0,146,97,52
08:49:29.975157,0,146,94,52
08:49:32.474691,0,146,98,51
08:49:34.974611,0,146,96,51
08:49:37.477563,0,146,95,51
08:49:39.975761,0,146,95,51
08:49:42.475167,0,146,93,51
08:49:44.975630,0,146,97,51
08:49:47.483883,0,146,96,51
08:49:49.975720,0,146,90,51
08:49:52.476267,0,146,93,51
08:49:54.976743,0,146,95,51
08:49:57.476141,0,146,99,51
08:49:59.976868,0,146,97,51
08:50:02.476893,0,146,97,51
08:50:04.977355,0,146,95,51
08:50:07.476927,0,146,95,51
08:50:09.982978,0,146,95,51
08:50:12.477200,0,146,100,51
08:50:14.977916,0,145,99,51
08:50:17.477319,0,146,93,51
08:50:19.977627,0,146,93,51
08:50:22.478242,0,146,98,51
08:50:24.978333,0,146,95,51
08:50:27.477862,0,145,99,51
08:50:29.978111,0,146,94,51
08:50:32.478392,0,145,95,51
08:50:34.979077,0,146,96,51
08:50:37.480073,0,146,95,51
08:50:39.979713,0,146,91,51
08:50:42.478971,0,146,94,51
08:50:44.980343,0,146,94,51
08:50:47.481168,0,146,96,51
08:50:49.979319,0,145,92,50
08:50:52.481117,0,145,95,50
08:50:54.979776,0,145,94,50
08:50:57.481657,0,146,90,50
08:50:59.980672,0,146,92,50
08:51:02.480432,0,145,93,50
08:51:04.980684,0,145,95,50
08:51:07.481079,0,145,100,50
08:51:09.981071,0,146,94,50
08:51:12.480896,0,145,96,50
08:51:14.981266,0,145,95,50
08:51:17.481724,0,145,94,50
08:51:19.981410,0,145,91,50
08:51:22.481952,0,145,95,50
08:51:24.982184,0,145,96,50
08:51:27.481798,0,145,99,50
08:51:29.981724,0,145,96,50
08:51:32.482225,0,145,96,50
08:51:34.982606,0,145,96,50
08:51:37.482726,0,145,93,50
08:51:39.982266,0,145,93,50
08:51:42.483289,0,145,91,50
08:51:44.983073,0,145,93,50
08:51:47.483039,0,145,96,50
08:51:49.983194,0,145,95,50
08:51:52.484163,0,145,94,49
08:51:54.983958,0,145,96,49
08:51:57.483842,0,145,98,49
08:51:59.983850,0,145,92,49
08:52:02.484395,0,145,95,49
08:52:04.983848,0,145,92,49
08:52:07.484257,0,145,95,49
08:52:09.984311,0,145,97,49
08:52:12.483983,0,145,90,49
08:52:14.984664,0,145,100,49
08:52:17.485288,0,145,99,49
08:52:19.984792,0,145,93,49
08:52:22.484917,0,145,95,49
08:52:24.985795,0,145,94,49
08:52:27.485072,0,145,95,49
08:52:29.985244,0,145,93,49
08:52:32.486001,0,145,96,49
08:52:34.985566,0,145,98,49
08:52:37.485620,0,145,101,49
08:52:39.986302,0,145,96,49
08:52:42.485954,0,145,98,49
08:52:44.985936,0,145,92,49
08:52:47.486423,0,145,93,49
08:52:49.987042,0,145,94,49
08:52:52.486833,0,145,92,49
08:52:54.986960,0,145,94,49
08:52:57.487740,0,145,94,49
08:52:59.987047,0,145,94,49
08:53:02.487555,0,145,94,49
08:53:04.987135,0,145,98,49
08:53:07.488214,0,145,96,49
08:53:09.988584,0,145,96,49
08:53:12.488675,0,145,95,49
08:53:14.987800,0,145,95,49
08:53:17.488880,0,145,96,49
08:53:19.988582,0,145,94,49
08:53:22.489130,0,145,97,48
08:53:24.988899,0,145,92,48
08:53:27.488538,0,145,94,48
08:53:29.988991,0,145,93,48
08:53:32.489253,0,145,97,48
08:53:34.989681,0,145,95,48
08:53:37.489944,0,145,90,48
08:53:39.989334,0,145,93,48
08:53:42.490180,0,145,94,48
08:53:44.990270,0,145,94,48
08:53:47.489989,0,145,93,48
08:53:49.990375,0,145,97,48
08:53:52.490223,0,145,95,48
08:53:54.991005,0,145,97,48
08:53:57.490734,0,145,95,48
08:53:59.991367,0,145,93,48
08:54:02.490746,0,145,99,48
08:54:04.991750,0,145,96,48
08:54:07.491801,0,145,93,48
08:54:09.991173,0,145,97,48
08:54:12.491756,0,145,91,48
08:54:14.992305,0,145,91,48
08:54:17.492281,0,145,95,48
08:54:19.992746,0,145,90,48
08:54:22.492507,0,145,93,48
08:54:24.992017,0,145,98,48
08:54:27.497892,0,145,96,48
08:54:29.993531,0,145,112,48
08:54:32.493172,0,146,20,48
08:54:34.993681,0,146,15,48
08:54:37.493610,0,146,16,48
08:54:39.993400,0,146,15,48
08:54:42.493950,0,147,6,48
08:54:44.993968,0,147,5,48
08:54:47.494618,0,147,6,48
08:54:49.994871,0,147,15,48
08:54:52.493844,0,145,95,48
08:54:54.994765,0,145,74,48
08:54:57.495635,0,145,77,48
08:54:59.994889,0,145,72,48
08:55:02.494952,0,145,90,48
08:55:04.995043,0,145,99,48
08:55:07.496078,0,145,90,48
08:55:09.995851,0,145,84,48
08:55:12.495169,0,145,96,48
08:55:14.995664,0,145,94,48
08:55:17.496023,0,145,93,48
08:55:19.995848,0,145,85,48
