11:45:47.939426,-3328.00,272.00,-24.65
11:45:48.122906,-3327.00,274.00,-20.20
11:45:48.287232,-3327.00,273.00,-6.18
11:45:48.407424,-3326.00,274.00,-2.74
11:45:48.622292,-3326.00,278.00,1.73
11:45:48.776098,-3327.00,295.00,2.75
11:45:48.941156,-3328.00,310.00,1.32
11:45:49.096658,-3329.00,324.00,0.37
11:45:49.309864,-3329.00,341.00,0.42
11:45:49.430603,-3329.00,342.00,-0.84
11:45:49.637686,-3328.00,343.00,-16.59
11:45:49.769415,-3327.00,343.00,-26.21
11:45:49.991964,-3327.00,343.00,-44.48
11:45:50.107987,-3326.00,343.00,-53.89
11:45:50.263674,-3326.00,342.00,-65.82
11:45:50.449651,-3324.00,341.00,-78.77
11:45:50.605222,-3323.00,342.00,-86.93
11:45:50.775434,-3322.00,342.00,-91.35
11:45:50.943480,-3314.00,343.00,-93.08
11:45:51.127871,-3285.00,342.00,-92.40
11:45:51.269253,-3258.00,342.00,-91.50
11:45:51.448844,-3204.00,341.00,-90.82
11:45:51.605331,-3148.00,341.00,-90.90
11:45:51.782541,-3088.00,340.00,-90.72
11:45:51.945170,-3038.00,340.00,-91.10
11:45:52.150755,-2965.00,339.00,-91.01
11:45:52.267650,-2931.00,338.00,-91.01
11:45:52.443758,-2870.00,337.00,-90.82
11:45:52.595129,-2820.00,337.00,-90.90
11:45:52.792762,-2754.00,336.00,-90.53
11:45:52.930992,-2704.00,335.00,-90.60
11:45:53.142588,-2637.00,334.00,-90.48
11:45:53.281139,-2587.00,333.00,-90.26
11:45:53.447569,-2537.00,333.00,-89.69
11:45:53.596016,-2487.00,333.00,-89.89
11:45:53.772115,-2430.00,333.00,-89.57
11:45:53.923331,-2379.00,333.00,-89.58
11:45:54.115211,-2312.00,334.00,-89.20
11:45:54.254734,-2261.00,334.00,-89.43
11:45:54.451764,-2194.00,335.00,-89.29
11:45:54.588460,-2149.00,335.00,-89.40
11:45:54.767436,-2092.00,335.00,-89.17
11:45:54.915164,-2042.00,335.00,-89.43
11:45:55.117719,-2000.00,335.00,-88.21
11:45:55.268795,-1986.00,335.00,-89.56
11:45:55.456744,-1964.00,334.00,-89.77
11:45:55.640192,-1945.00,334.00,-89.33
11:45:55.761072,-1932.00,333.00,-89.21
11:45:55.941805,-1914.00,333.00,-89.12
11:45:56.083763,-1898.00,333.00,-89.23
11:45:56.259610,-1880.00,333.00,-89.67
11:45:56.421802,-1871.00,333.00,-89.59
11:45:56.611618,-1888.00,332.00,-88.84
11:47:06.021322,-4225.00,3768.00,93.46
11:47:06.237895,-4234.00,3815.00,105.43
11:47:06.399314,-4234.00,3818.00,-242.88
11:47:06.572690,-4233.00,3820.00,130.28
11:47:06.745842,-4233.00,3823.00,144.12
11:47:06.882445,-4232.00,3825.00,156.07
11:47:07.076597,-4232.00,3826.00,169.47
11:47:07.229712,-4232.00,3827.00,178.02
11:47:07.404150,-4231.00,3827.00,180.98
11:47:07.573734,-4230.00,3818.00,-178.27
11:47:07.741343,-4230.00,3792.00,-179.28
11:47:07.896164,-4230.00,3758.00,-180.13
11:47:08.045498,-4230.00,3714.00,179.73
11:47:08.233307,-4230.00,3686.00,-178.92
11:47:08.406533,-4231.00,3672.00,-180.66
11:47:08.633721,-4232.00,3650.00,179.42
11:47:08.722564,-4232.00,3645.00,179.49
11:47:08.917294,-4232.00,3626.00,179.64
11:47:09.067633,-4233.00,3612.00,179.67
11:47:09.231650,-4233.00,3594.00,180.13
11:47:09.381184,-4233.00,3579.00,-179.57
11:47:09.575340,-4233.00,3563.00,-180.40
11:47:09.733117,-4234.00,3545.00,178.47
11:47:09.915203,-4235.00,3528.00,178.35
11:47:10.094619,-4236.00,3510.00,179.75
11:47:10.227268,-4236.00,3498.00,179.99
11:47:10.421816,-4236.00,3478.00,179.68
11:47:10.570420,-4237.00,3463.00,179.42
11:47:10.719264,-4237.00,3449.00,179.52
11:47:10.955652,-4237.00,3424.00,-179.67
11:47:11.056978,-4238.00,3414.00,-180.07
11:47:11.301677,-4238.00,3392.00,179.41
11:47:11.372640,-4238.00,3385.00,179.77
11:47:11.553289,-4239.00,3367.00,-179.73
11:47:11.736145,-4239.00,3346.00,-180.53
11:47:11.919656,-4239.00,3328.00,179.32
11:47:12.048743,-4240.00,3308.00,179.73
11:47:12.292697,-4240.00,3247.00,-179.78
11:47:12.388871,-4240.00,3214.00,-179.89
11:47:12.548226,-4241.00,3163.00,-179.29
11:47:12.732692,-4240.00,3097.00,-179.26
11:47:12.896834,-4240.00,3048.00,-180.74
11:47:13.045842,-4241.00,3025.00,179.69
11:47:13.252667,-4241.00,3005.00,-180.90
11:47:13.397297,-4241.00,2988.00,179.81
11:47:13.578677,-4241.00,2969.00,-178.97
11:47:13.742954,-4241.00,2949.00,-178.41
11:47:13.889636,-4241.00,2932.00,-179.07
11:47:14.082834,-4241.00,2910.00,-179.89
11:47:14.226806,-4241.00,2897.00,-180.33
11:47:14.438562,-4241.00,2872.00,180.47
11:47:14.631853,-4241.00,2851.00,-179.05
11:47:14.699147,-4241.00,2845.00,-179.25
11:47:14.930984,-4240.00,2819.00,-178.92
11:47:15.060252,-4240.00,2806.00,-178.37
11:47:15.275544,-4240.00,2786.00,-178.47
11:47:15.434664,-4240.00,2767.00,-179.54
11:47:15.601452,-4240.00,2751.00,-179.95
11:47:15.742724,-4240.00,2735.00,-179.40
11:47:15.874889,-4240.00,2723.00,-178.86
11:47:16.037305,-4240.00,2704.00,-178.66
11:47:16.239940,-4239.00,2683.00,-178.99
11:47:16.415853,-4239.00,2665.00,-179.64
11:47:16.563823,-4240.00,2649.00,-179.58
11:47:16.756614,-4240.00,2629.00,-178.76
11:47:16.943697,-4240.00,2610.00,-178.59
11:47:17.076056,-4240.00,2598.00,-178.85
11:47:17.266245,-4240.00,2577.00,-178.95
11:47:17.427546,-4240.00,2560.00,-178.39
11:47:17.591910,-4240.00,2544.00,-178.78
11:47:17.756583,-4239.00,2528.00,-179.73
11:47:17.937290,-4239.00,2511.00,-179.38
11:47:18.083214,-4239.00,2495.00,-178.96
11:47:18.254895,-4239.00,2478.00,-178.74
11:47:18.408519,-4239.00,2462.00,-179.03
11:47:18.609557,-4238.00,2441.00,-179.15
11:47:18.718509,-4238.00,2431.00,-179.06
11:47:18.938506,-4237.00,2407.00,-179.02
11:47:19.065726,-4237.00,2395.00,-179.01
11:47:19.297812,-4236.00,2372.00,-178.82
11:47:19.411728,-4236.00,2360.00,-178.86
11:47:19.620309,-4235.00,2340.00,-179.16
11:47:19.768780,-4235.00,2325.00,-179.17
11:47:19.879551,-4235.00,2315.00,-179.10
11:47:20.116094,-4234.00,2290.00,-179.16
11:47:20.280920,-4234.00,2272.00,-179.13
11:47:20.451647,-4233.00,2257.00,-179.55
11:47:20.598323,-4233.00,2242.00,-179.34
11:47:20.749810,-4232.00,2227.00,-179.35
11:47:20.932741,-4232.00,2207.00,-179.68
11:47:21.042070,-4231.00,2196.00,-179.53
11:47:21.219152,-4231.00,2178.00,-179.26
11:47:21.386307,-4230.00,2160.00,-179.49
11:47:21.615142,-4229.00,2138.00,-179.60
11:47:21.738864,-4229.00,2126.00,-179.52
11:47:21.878998,-4228.00,2114.00,-179.59
11:47:22.110324,-4227.00,2089.00,-179.72
11:47:22.274793,-4227.00,2075.00,-179.67
11:47:22.417075,-4226.00,2060.00,-179.93
11:47:22.586966,-4225.00,2043.00,-179.68
11:47:22.766142,-4224.00,2026.00,-179.80
11:47:22.917409,-4223.00,2011.00,-180.00
11:47:23.074733,-4223.00,1996.00,-180.02
11:47:23.257041,-4222.00,1977.00,-179.73
11:47:23.443730,-4221.00,1959.00,-179.83
11:47:23.611286,-4220.00,1942.00,-179.64
11:47:23.762887,-4219.00,1926.00,-179.56
11:47:23.948622,-4218.00,1909.00,-179.20
11:47:24.065251,-4218.00,1897.00,-180.06
11:47:24.280241,-4217.00,1877.00,179.79
11:47:24.401286,-4217.00,1863.00,179.82
11:47:24.576005,-4216.00,1845.00,180.09
11:47:24.769930,-4216.00,1824.00,-179.77
11:47:24.936311,-4216.00,1806.00,178.57
11:47:25.114866,-4216.00,1789.00,179.28
11:47:25.221611,-4216.00,1779.00,179.30
11:47:25.419487,-4216.00,1760.00,179.12
11:47:25.577318,-4216.00,1758.00,178.72
11:47:33.599625,-4130.00,355.00,176.87
11:47:33.793486,-4132.00,352.00,190.05
11:47:33.970593,-4134.00,352.00,-156.74
11:47:34.121062,-4135.00,352.00,-144.99
11:47:34.279003,-4137.00,349.00,-132.85
11:47:34.431954,-4138.00,349.00,-118.67
11:47:34.638761,-4139.00,350.00,-102.70
11:47:34.764678,-4140.00,349.00,-94.81
11:47:34.989459,-4138.00,348.00,-88.53
11:47:35.128782,-4133.00,346.00,-88.55
11:47:35.282743,-4109.00,345.00,-88.60
11:47:35.430940,-4084.00,343.00,-88.90
11:47:35.636883,-4017.00,343.00,-89.18
11:47:35.776568,-3978.00,342.00,-89.12
11:47:35.940109,-3919.00,342.00,-89.07
11:47:36.099558,-3869.00,343.00,-89.22
11:47:36.303685,-3804.00,344.00,-89.53
11:47:36.446511,-3755.00,345.00,-89.42
11:47:36.595428,-3705.00,346.00,-89.31
11:47:36.793702,-3639.00,347.00,-89.48
11:47:36.950678,-3589.00,348.00,-89.82
11:47:37.110986,-3533.00,348.00,-89.60
11:47:37.300400,-3474.00,349.00,-89.77
11:47:37.444036,-3424.00,349.00,-89.89
11:47:37.591933,-3374.00,349.00,-90.20
11:47:37.774709,-3318.00,348.00,-89.93
11:47:37.939739,-3258.00,348.00,-90.05
11:47:38.133728,-3215.00,348.00,-89.47
11:47:38.264633,-3211.00,347.00,-88.82
11:47:38.458910,-3210.00,347.00,-88.81
11:47:38.596170,-3209.00,347.00,-88.82
11:47:38.773674,-3204.00,346.00,-88.80
14:32:50.985281,733.00,-288.00,89.87
14:32:51.146777,734.00,-288.00,90.05
14:32:51.320116,734.00,-287.00,90.22
14:32:51.487658,734.00,-287.00,90.38
14:32:51.648833,734.00,-287.00,90.52
14:32:51.822590,735.00,-286.00,90.59
14:32:51.943868,735.00,-286.00,90.70
14:32:52.138038,735.00,-286.00,90.75
14:32:52.270763,735.00,-286.00,90.81
14:32:52.477131,735.00,-285.00,90.87
14:32:52.626158,735.00,-285.00,90.92
14:32:52.812995,736.00,-285.00,90.96
14:32:52.991760,736.00,-285.00,90.99
14:32:53.117287,736.00,-285.00,91.02
14:32:53.278980,736.00,-285.00,91.04
14:32:53.475970,736.00,-284.00,95.61
14:32:53.628113,737.00,-284.00,107.49
14:32:53.823781,737.00,-284.00,123.16
14:32:54.002787,737.00,-284.00,136.55
14:32:54.148768,737.00,-285.00,148.48
14:32:54.275936,737.00,-284.00,158.89
14:32:54.483136,737.00,-284.00,174.94
14:32:54.685318,738.00,-284.00,-167.83
14:32:54.835700,738.00,-285.00,-155.85
14:32:54.985306,739.00,-285.00,-144.20
14:32:55.168906,739.00,-284.00,-130.35
14:32:55.318889,739.00,-283.00,-118.57
14:32:55.496685,740.00,-284.00,-105.40
14:32:55.640102,741.00,-284.00,-95.75
14:32:55.828418,741.00,-283.00,-90.82
14:32:56.005889,742.00,-283.00,-81.81
14:32:56.155264,741.00,-282.00,-69.41
14:32:56.318516,741.00,-282.00,-56.48
14:32:56.497113,741.00,-282.00,-47.49
14:33:27.289921,-1878.00,306.00,0.80
14:33:27.434944,-1878.00,307.00,9.57
14:33:27.616268,-1877.00,307.00,25.51
14:33:27.779773,-1878.00,308.00,37.09
14:33:27.961652,-1877.00,307.00,52.83
14:33:28.160684,-1876.00,307.00,66.37
14:33:28.284441,-1876.00,308.00,76.76
14:33:28.466500,-1876.00,309.00,86.89
14:33:28.630336,-1876.00,311.00,90.39
14:33:28.817134,-1886.00,312.00,92.68
14:33:28.956672,-1903.00,312.00,92.01
14:33:29.150889,-1945.00,313.00,90.50
14:33:29.257445,-1972.00,314.00,90.17
14:33:29.451012,-2037.00,316.00,90.33
14:33:29.630764,-2092.00,316.00,90.27
14:33:29.800120,-2151.00,317.00,90.42
14:33:29.962620,-2207.00,318.00,90.39
14:33:30.133117,-2256.00,320.00,90.54
14:33:30.359262,-2332.00,321.00,90.47
14:33:30.450850,-2366.00,322.00,90.48
14:33:30.608482,-2416.00,323.00,90.55
14:33:30.810750,-2483.00,324.00,90.69
14:33:30.981616,-2539.00,325.00,90.60
14:33:31.142027,-2600.00,326.00,90.82
14:33:31.301628,-2650.00,326.00,91.07
14:33:31.503787,-2717.00,327.00,90.84
14:33:31.632135,-2757.00,329.00,90.77
14:33:31.801955,-2819.00,330.00,90.93
14:33:31.979997,-2877.00,332.00,91.01
14:33:32.152222,-2938.00,333.00,90.84
14:33:32.328016,-2996.00,334.00,91.19
14:33:32.498694,-3057.00,336.00,91.22
14:33:32.638569,-3109.00,337.00,91.53
14:33:32.781898,-3151.00,339.00,91.36
14:33:32.999423,-3229.00,339.00,91.71
14:33:33.161984,-3288.00,341.00,91.65
14:33:33.318146,-3339.00,341.00,91.86
14:33:33.505432,-3400.00,342.00,91.55
14:33:33.653558,-3452.00,344.00,91.85
14:33:33.803135,-3504.00,345.00,91.61
14:33:33.972992,-3563.00,347.00,91.83
14:33:34.158708,-3624.00,347.00,91.65
14:33:34.333791,-3682.00,348.00,91.88
14:33:34.497546,-3743.00,348.00,91.89
14:33:34.654242,-3793.00,347.00,92.11
14:33:34.839927,-3859.00,346.00,92.12
14:33:34.974750,-3898.00,344.00,92.44
14:33:35.141005,-3948.00,341.00,92.54
14:33:35.302044,-3964.00,340.00,94.08
14:33:35.497164,-3984.00,339.00,92.30
14:33:35.649062,-3999.00,339.00,92.72
14:33:35.811062,-4014.00,339.00,93.25
14:33:36.012776,-4036.00,338.00,93.33
14:33:36.120929,-4046.00,337.00,93.64
14:33:36.298812,-4064.00,337.00,93.73
14:33:36.485692,-4082.00,336.00,93.92
14:33:36.645772,-4100.00,335.00,93.82
14:33:36.824690,-4118.00,334.00,93.83
14:33:37.015211,-4138.00,334.00,93.83
14:33:37.127301,-4143.00,334.00,94.07
14:33:37.318449,-4144.00,335.00,108.54
14:33:37.515442,-4145.00,335.00,-235.99
14:33:37.674034,-4147.00,339.00,135.84
14:33:37.843716,-4147.00,339.00,148.98
14:33:37.986639,-4147.00,340.00,160.87
14:33:38.183140,-4148.00,341.00,173.77
14:33:38.337339,-4148.00,341.00,179.73
14:33:38.519845,-4149.00,337.00,180.96
14:33:38.688194,-4150.00,318.00,-178.88
14:33:38.829072,-4150.00,296.00,-179.36
14:33:39.009485,-4151.00,249.00,-179.69
14:33:39.149675,-4152.00,202.00,-179.93
14:33:39.367261,-4154.00,151.00,180.57
14:33:39.484087,-4155.00,143.00,-179.35
14:33:39.668181,-4158.00,124.00,179.29
14:33:39.809895,-4160.00,112.00,179.60
14:33:40.023535,-4162.00,92.00,179.81
14:33:40.157558,-4164.00,80.00,179.96
14:33:40.369334,-4166.00,60.00,179.99
14:33:40.501168,-4168.00,49.00,179.89
14:33:40.662412,-4170.00,33.00,179.98
14:33:40.863705,-4172.00,15.00,180.03
14:33:40.995970,-4173.00,3.00,-179.91
14:33:41.178282,-4174.00,-12.00,-179.58
14:33:41.343315,-4176.00,-28.00,-179.59
14:33:41.486304,-4176.00,-43.00,-179.44
14:33:41.670581,-4176.00,-47.00,-180.01
14:33:41.788149,-4176.00,-34.00,-178.81
14:38:23.490861,-2353.00,218.00,3.02
14:38:23.645803,-2354.00,220.00,2.89
14:38:23.806457,-2355.00,227.00,-1.92
14:38:23.997159,-2354.00,246.00,-1.79
14:38:24.128726,-2355.00,260.00,-0.10
14:38:24.327188,-2355.00,268.00,0.61
14:38:24.522270,-2355.00,270.00,-13.83
14:38:24.641896,-2355.00,272.00,-23.39
14:38:24.792995,-2354.00,272.00,-35.23
14:38:25.000922,-2353.00,273.00,-50.69
14:38:25.151022,-2353.00,271.00,-62.33
14:38:25.330946,-2351.00,271.00,-77.96
14:38:25.495851,-2349.00,273.00,-86.23
14:38:25.637143,-2348.00,273.00,-89.80
14:38:25.819849,-2340.00,273.00,-92.09
14:38:25.990439,-2317.00,272.00,-91.35
14:38:26.132094,-2284.00,272.00,-90.28
14:38:26.313289,-2231.00,272.00,-89.85
14:38:26.495242,-2174.00,272.00,-89.33
14:38:26.649542,-2124.00,273.00,-89.65
14:38:26.780946,-2077.00,273.00,-89.53
14:38:26.975894,-2054.00,274.00,-88.36
14:38:27.158206,-2034.00,274.00,-90.51
14:38:27.303014,-2019.00,274.00,-90.08
14:38:27.482456,-2001.00,274.00,-89.79
14:38:27.652655,-1986.00,274.00,-89.40
14:38:27.811998,-1966.00,274.00,-89.60
14:38:27.959864,-1951.00,275.00,-89.74
14:38:28.105712,-1935.00,275.00,-89.53
14:38:28.326689,-1914.00,275.00,-89.61
14:38:28.462486,-1899.00,276.00,-89.47
14:38:28.611186,-1883.00,276.00,-89.47
14:38:28.801174,-1866.00,277.00,-89.44
14:38:28.988057,-1851.00,277.00,-89.66
14:38:29.125012,-1861.00,278.00,-89.59
14:40:38.336992,-4176.00,3835.00,95.69
14:40:38.499104,-4177.00,3836.00,108.28
14:40:38.670424,-4177.00,3839.00,119.17
14:40:38.839437,-4177.00,3840.00,132.95
14:40:38.992270,-4177.00,3842.00,144.97
14:40:39.136765,-4176.00,3843.00,157.10
14:40:39.307116,-4176.00,3845.00,168.99
14:40:39.525007,-4175.00,3845.00,179.34
14:40:39.654158,-4175.00,3844.00,181.22
14:40:39.853840,-4175.00,3829.00,-178.87
14:40:40.019979,-4174.00,3798.00,-179.10
14:40:40.161199,-4174.00,3759.00,-179.31
14:40:40.332887,-4174.00,3712.00,-179.67
14:40:40.491889,-4174.00,3657.00,-180.26
14:40:40.684803,-4174.00,3599.00,180.01
14:40:40.834952,-4175.00,3544.00,-179.70
14:40:41.017395,-4175.00,3484.00,-180.12
14:40:41.193519,-4176.00,3428.00,179.38
14:40:41.335132,-4178.00,3385.00,179.47
14:40:41.494273,-4179.00,3331.00,179.93
14:40:41.677768,-4180.00,3271.00,-180.18
14:40:41.824342,-4181.00,3222.00,179.53
14:40:42.010892,-4182.00,3155.00,-179.92
14:40:42.174273,-4183.00,3105.00,-179.63
14:40:42.354463,-4183.00,3047.00,-179.90
14:40:42.485574,-4185.00,2998.00,179.90
14:40:42.678004,-4186.00,2938.00,180.35
14:40:42.831811,-4187.00,2888.00,-179.44
14:40:43.002569,-4187.00,2831.00,-179.71
14:40:43.179394,-4188.00,2771.00,180.05
14:40:43.345552,-4189.00,2714.00,-179.54
14:40:43.502470,-4190.00,2663.00,-179.52
14:40:43.659852,-4191.00,2611.00,-179.60
14:40:43.819602,-4191.00,2553.00,-178.97
14:40:44.015504,-4192.00,2495.00,-179.35
14:40:44.147104,-4192.00,2481.00,-178.29
14:40:44.329763,-4192.00,2462.00,-179.66
14:40:44.509181,-4192.00,2444.00,-179.37
14:40:44.657044,-4193.00,2429.00,-179.15
14:40:44.816221,-4193.00,2411.00,-178.89
14:40:45.007781,-4193.00,2393.00,-178.42
14:40:45.184641,-4192.00,2373.00,-178.73
14:40:45.349423,-4192.00,2355.00,-178.20
14:40:45.484848,-4192.00,2341.00,-178.14
14:40:45.689833,-4191.00,2318.00,-178.33
14:40:45.809046,-4191.00,2308.00,-178.59
14:40:45.991995,-4191.00,2288.00,-177.93
14:40:46.187239,-4190.00,2266.00,-177.99
14:40:46.333474,-4189.00,2252.00,-178.14
14:40:46.518406,-4188.00,2231.00,-177.96
14:40:46.674697,-4188.00,2215.00,-177.82
14:40:46.799310,-4187.00,2201.00,-178.37
14:40:46.989827,-4186.00,2181.00,-178.29
14:40:47.157085,-4186.00,2165.00,-178.11
14:40:47.324129,-4185.00,2147.00,-178.15
14:40:47.483419,-4185.00,2132.00,-178.17
14:40:47.647132,-4184.00,2114.00,-177.73
14:40:47.824543,-4184.00,2096.00,-177.63
14:40:47.971230,-4183.00,2081.00,-177.90
14:40:48.118499,-4182.00,2065.00,-178.48
14:40:48.330484,-4182.00,2045.00,-178.67
14:40:48.486557,-4181.00,2027.00,-177.90
14:40:48.660342,-4180.00,2007.00,-177.83
14:40:48.820255,-4180.00,1993.00,-177.75
14:40:48.974270,-4179.00,1979.00,-179.15
14:40:49.134532,-4179.00,1965.00,180.20
14:40:49.383531,-4179.00,1939.00,-178.91
14:40:49.501417,-4179.00,1928.00,-178.95
14:40:49.647480,-4179.00,1914.00,-178.71
14:40:49.847024,-4179.00,1896.00,-178.39
14:40:50.007676,-4179.00,1883.00,-178.71
14:40:50.158587,-4179.00,1869.00,-179.43
14:40:50.327060,-4179.00,1853.00,-179.57
14:40:50.504051,-4179.00,1837.00,-179.48
14:40:50.663986,-4179.00,1819.00,-178.98
14:40:50.817003,-4178.00,1802.00,-179.24
14:40:51.000857,-4178.00,1784.00,-179.14
14:40:51.168332,-4178.00,1764.00,-179.86
14:40:51.312178,-4178.00,1746.00,-179.33
14:40:51.443635,-4178.00,1733.00,-178.99
14:40:51.648524,-4178.00,1711.00,-179.21
14:40:51.796936,-4178.00,1696.00,-179.94
14:40:51.989043,-4178.00,1662.00,-179.55
14:40:52.171809,-4178.00,1613.00,-179.55
14:40:52.312759,-4178.00,1564.00,-179.28
14:40:52.476794,-4178.00,1518.00,-179.59
14:40:52.631803,-4179.00,1498.00,-179.14
14:40:52.818671,-4180.00,1479.00,-180.23
14:40:52.979777,-4180.00,1461.00,179.98
14:40:53.147527,-4180.00,1442.00,-179.47
14:40:53.304200,-4180.00,1426.00,-179.15
14:40:53.465164,-4181.00,1407.00,-179.15
14:40:53.625875,-4182.00,1392.00,-179.65
14:40:53.814451,-4182.00,1372.00,-178.82
14:40:53.974494,-4183.00,1358.00,-178.96
14:40:54.146834,-4183.00,1340.00,-179.23
14:40:54.309283,-4183.00,1324.00,-179.25
14:40:54.490065,-4182.00,1303.00,-178.96
14:40:54.613848,-4181.00,1288.00,-178.93
14:40:54.821308,-4179.00,1266.00,-178.82
14:40:54.992935,-4179.00,1249.00,-178.49
14:40:55.147663,-4178.00,1232.00,-178.58
14:40:55.321182,-4177.00,1213.00,-178.67
14:40:55.470837,-4176.00,1197.00,-178.20
14:40:55.651135,-4174.00,1179.00,-177.75
14:40:55.811866,-4174.00,1161.00,-178.60
14:40:56.001179,-4173.00,1143.00,-179.28
14:40:56.150156,-4172.00,1126.00,-179.06
14:40:56.320397,-4172.00,1108.00,-178.61
14:40:56.486093,-4171.00,1093.00,-180.56
14:40:56.686794,-4172.00,1092.00,178.54
14:41:02.161118,-4146.00,278.00,180.13
14:41:02.382786,-4149.00,264.00,-170.58
14:41:02.504293,-4152.00,265.00,-161.84
14:41:02.660267,-4186.00,299.00,-150.15
14:41:02.847914,-4185.00,296.00,-134.47
14:41:03.063982,-4184.00,292.00,-117.03
14:41:03.181143,-4184.00,291.00,-109.16
14:41:03.345221,-4186.00,293.00,-96.21
14:41:03.519572,-4184.00,292.00,-89.97
14:41:03.710669,-4179.00,293.00,-89.11
14:41:03.833133,-4165.00,294.00,-89.98
14:41:04.010756,-4133.00,293.00,-90.68
14:41:04.175580,-4083.00,292.00,-90.91
14:41:04.352882,-4029.00,291.00,-91.10
14:41:04.510314,-3980.00,289.00,-91.41
14:41:04.677811,-3919.00,285.00,-91.44
14:41:04.855314,-3863.00,282.00,-91.67
14:41:05.005898,-3813.00,281.00,-91.68
14:41:05.175190,-3753.00,278.00,-91.29
14:41:05.338214,-3696.00,275.00,-91.24
14:41:05.520727,-3636.00,273.00,-91.11
14:41:05.676201,-3586.00,272.00,-90.71
14:41:05.853160,-3529.00,270.00,-90.54
14:41:05.995462,-3478.00,269.00,-90.47
14:41:06.194262,-3410.00,268.00,-90.13
14:41:06.332039,-3366.00,267.00,-89.82
14:41:06.492298,-3309.00,267.00,-89.60
14:41:06.668109,-3248.00,266.00,-89.70
14:41:06.838903,-3191.00,265.00,-89.54
14:41:07.003872,-3140.00,264.00,-89.28
14:41:07.179844,-3079.00,263.00,-89.15
14:41:07.313628,-3028.00,262.00,-89.39
14:41:07.516957,-2960.00,260.00,-89.28
14:41:07.649430,-2919.00,259.00,-89.15
14:41:07.841725,-2851.00,258.00,-89.19
14:41:08.019155,-2790.00,256.00,-89.54
14:41:08.149724,-2748.00,255.00,-89.47
14:41:08.306152,-2697.00,253.00,-89.24
14:41:08.491896,-2629.00,252.00,-89.09
14:41:08.656724,-2579.00,251.00,-89.29
14:41:08.848228,-2511.00,251.00,-89.06
14:41:08.971673,-2466.00,250.00,-88.86
14:41:09.174060,-2399.00,250.00,-88.76
14:41:09.307658,-2358.00,250.00,-88.95
14:41:09.493538,-2291.00,251.00,-88.76
14:41:09.652716,-2241.00,251.00,-88.55
14:41:09.823252,-2231.00,250.00,-86.20
14:41:09.960850,-2228.00,250.00,-86.24
14:41:10.124539,-2226.00,249.00,-86.24
14:41:10.298285,-2223.00,249.00,-86.23
14:41:10.475850,-2221.00,248.00,-86.21
14:41:10.630458,-2220.00,248.00,-86.21
14:50:08.091675,399.00,-325.00,-127.73
14:50:08.299141,408.00,-332.00,-116.46
14:50:08.448042,409.00,-333.00,-105.74
14:50:08.613420,409.00,-334.00,-95.37
14:50:08.779209,410.00,-335.00,-90.13
14:50:08.964323,418.00,-336.00,-88.72
14:50:09.141083,437.00,-336.00,-88.74
14:50:09.304275,455.00,-337.00,-89.35
14:50:09.451088,470.00,-337.00,-89.38
14:50:09.642858,491.00,-338.00,-89.48
14:50:09.797336,506.00,-338.00,-89.56
14:50:09.970669,523.00,-339.00,-89.60
14:50:10.112323,537.00,-339.00,-89.56
14:50:10.313261,557.00,-340.00,-89.54
14:50:10.448556,573.00,-341.00,-89.28
14:50:10.672153,596.00,-342.00,-89.42
14:50:10.783769,607.00,-342.00,-89.33
14:50:10.954155,625.00,-343.00,-89.11
14:50:11.111050,641.00,-343.00,-89.29
14:50:11.316778,664.00,-344.00,-89.01
14:50:11.460180,677.00,-344.00,-88.96
14:50:11.651991,698.00,-344.00,-88.71
14:50:11.805141,714.00,-345.00,-88.70
14:50:11.959666,729.00,-344.00,-88.69
14:50:12.154945,749.00,-345.00,-88.95
14:50:12.290947,761.00,-344.00,-88.78
14:50:12.445938,779.00,-344.00,-88.68
14:50:12.641634,799.00,-344.00,-88.53
14:50:12.800089,815.00,-344.00,-88.61
14:50:12.974058,836.00,-344.00,-88.57
14:50:13.113592,861.00,-344.00,-88.73
14:50:13.309098,916.00,-344.00,-88.60
14:50:13.453163,951.00,-343.00,-87.87
14:50:13.643088,972.00,-343.00,-88.16
14:50:13.804872,988.00,-343.00,-88.79
14:50:13.990989,1006.00,-343.00,-89.05
14:50:14.102658,1020.00,-344.00,-88.53
14:50:14.283841,1038.00,-344.00,-88.54
14:50:14.446853,1057.00,-344.00,-88.54
14:50:14.634865,1075.00,-344.00,-88.36
14:50:14.801172,1094.00,-344.00,-88.56
14:50:14.960770,1111.00,-344.00,-88.39
14:50:15.133811,1129.00,-344.00,-88.26
14:50:15.287968,1145.00,-344.00,-88.01
14:50:15.443617,1163.00,-344.00,-88.18
14:50:15.625877,1181.00,-343.00,-88.19
14:50:15.778316,1197.00,-343.00,-88.44
14:50:15.956195,1215.00,-343.00,-88.25
14:50:16.133819,1233.00,-343.00,-88.22
14:50:16.307875,1252.00,-343.00,-88.06
14:50:16.450114,1268.00,-343.00,-88.28
14:50:16.639506,1285.00,-344.00,-88.15
14:50:16.788050,1301.00,-343.00,-88.27
14:50:16.963781,1320.00,-343.00,-88.29
14:50:17.122004,1338.00,-343.00,-88.09
14:50:17.289446,1359.00,-343.00,-88.23
14:50:17.472468,1403.00,-342.00,-88.00
14:50:17.625546,1439.00,-341.00,-88.01
14:50:17.783268,1456.00,-341.00,-87.23
14:50:17.940196,1471.00,-340.00,-88.65
14:50:18.107841,1490.00,-340.00,-88.63
14:50:18.280058,1507.00,-341.00,-88.51
14:50:18.435446,1523.00,-341.00,-88.43
14:50:18.623333,1544.00,-341.00,-88.47
14:50:18.771878,1561.00,-341.00,-88.45
14:50:18.943400,1580.00,-341.00,-88.32
14:50:19.118616,1599.00,-340.00,-88.06
14:50:19.278970,1615.00,-340.00,-88.25
14:50:19.460557,1634.00,-340.00,-88.17
14:50:19.622407,1652.00,-339.00,-88.44
14:50:19.783634,1669.00,-339.00,-88.17
14:50:19.936074,1684.00,-338.00,-88.24
14:50:20.126642,1705.00,-338.00,-88.07
14:50:20.290105,1721.00,-338.00,-88.34
14:50:20.436986,1737.00,-338.00,-88.10
14:50:20.605047,1756.00,-337.00,-88.29
14:50:20.770409,1774.00,-337.00,-88.46
14:50:20.938562,1790.00,-337.00,-88.20
14:50:21.110882,1809.00,-336.00,-88.24
14:50:21.253723,1825.00,-336.00,-88.05
14:50:21.425750,1849.00,-335.00,-88.19
14:50:21.586041,1882.00,-334.00,-88.45
14:50:21.793918,1953.00,-332.00,-88.17
14:50:21.961295,2004.00,-330.00,-88.42
14:50:22.135965,2061.00,-328.00,-88.36
14:50:22.256598,2105.00,-327.00,-88.37
14:50:22.440443,2163.00,-325.00,-88.56
14:50:22.618767,2232.00,-322.00,-88.89
14:50:22.789876,2283.00,-321.00,-88.78
14:50:22.952118,2343.00,-319.00,-88.91
14:50:23.119087,2400.00,-318.00,-89.00
14:50:23.307798,2461.00,-317.00,-89.22
14:50:23.439954,2502.00,-317.00,-89.04
14:50:23.608091,2562.00,-316.00,-89.14
14:50:23.781040,2619.00,-315.00,-89.30
14:50:23.935518,2669.00,-315.00,-89.56
14:50:24.122529,2736.00,-315.00,-89.33
14:50:24.309963,2796.00,-315.00,-89.56
14:50:24.441921,2837.00,-315.00,-89.61
14:50:24.607635,2897.00,-316.00,-89.78
14:50:24.791810,2954.00,-316.00,-89.50
14:50:24.952915,3014.00,-317.00,-89.67
14:50:25.101841,3064.00,-317.00,-89.65
14:50:25.263581,3114.00,-318.00,-89.84
14:50:25.466004,3180.00,-318.00,-89.53
14:50:25.595541,3230.00,-319.00,-89.70
14:50:25.772614,3287.00,-320.00,-89.66
14:50:25.947911,3347.00,-320.00,-89.76
14:50:26.096688,3397.00,-321.00,-89.40
14:50:26.295917,3463.00,-321.00,-89.55
14:50:26.434126,3504.00,-321.00,-89.52
14:50:26.612594,3564.00,-320.00,-89.62
14:50:26.775630,3621.00,-320.00,-89.23
14:50:26.968520,3688.00,-320.00,-89.28
14:50:27.130550,3738.00,-319.00,-89.35
14:50:27.287333,3788.00,-319.00,-89.44
14:50:27.463959,3848.00,-319.00,-89.24
14:50:27.622761,3905.00,-319.00,-89.35
14:50:27.779829,3956.00,-320.00,-89.39
14:50:27.921979,4007.00,-320.00,-89.50
14:50:28.095201,4065.00,-320.00,-89.09
14:50:28.297952,4089.00,-321.00,-88.29
14:50:28.468165,4108.00,-321.00,-89.61
14:50:28.628193,4125.00,-322.00,-89.31
14:50:28.800772,4144.00,-323.00,-89.36
14:50:28.929874,4158.00,-324.00,-89.14
14:50:29.140763,4179.00,-324.00,-89.17
14:50:29.281800,4196.00,-325.00,-89.13
14:50:29.445933,4215.00,-325.00,-88.93
14:50:29.628211,4233.00,-326.00,-88.63
14:50:29.791307,4249.00,-326.00,-88.63
14:50:29.943492,4268.00,-326.00,-88.64
14:50:30.113807,4284.00,-326.00,-88.65
14:50:30.296519,4304.00,-326.00,-88.85
14:50:30.480484,4322.00,-326.00,-88.53
14:50:30.615464,4336.00,-326.00,-88.57
14:50:30.804987,4356.00,-325.00,-88.45
14:50:30.955947,4373.00,-325.00,-88.51
14:50:31.110294,4389.00,-324.00,-88.33
14:50:31.266445,4405.00,-324.00,-88.56
14:50:31.468016,4429.00,-323.00,-88.44
14:50:31.622592,4445.00,-323.00,-88.47
14:50:31.782433,4460.00,-323.00,-88.48
14:50:31.950798,4479.00,-323.00,-88.31
14:50:32.129328,4496.00,-323.00,-88.47
14:50:32.304050,4515.00,-323.00,-88.76
14:50:32.447614,4529.00,-323.00,-88.75
14:50:32.611655,4544.00,-323.00,-88.58
14:50:32.774226,4561.00,-323.00,-88.77
14:50:32.942203,4569.00,-323.00,-88.68
14:52:30.434274,1651.00,1025.00,116.32
14:52:30.589730,1650.00,1025.00,127.55
14:52:30.739543,1649.00,1026.00,139.43
14:52:30.925915,1648.00,1027.00,155.55
14:52:31.098995,1649.00,1028.00,167.29
14:52:31.268065,1649.00,1030.00,177.29
14:52:31.449136,1649.00,1027.00,-179.24
14:52:31.609606,1649.00,1014.00,-179.71
14:52:31.778594,1648.00,998.00,-180.19
14:52:31.919662,1648.00,985.00,539.36
14:52:32.111418,1648.00,966.00,178.94
14:52:32.254834,1647.00,951.00,178.66
14:52:32.436095,1647.00,934.00,178.57
14:52:32.570487,1647.00,921.00,178.36
14:52:32.768790,1646.00,902.00,178.32
14:52:32.935911,1646.00,896.00,-181.85
14:52:33.086915,1647.00,911.00,-181.11
14:52:41.585568,1821.00,1038.00,-0.81
14:52:41.768038,1867.00,1078.00,-2.65
14:52:41.941612,1869.00,1080.00,-16.50
14:52:42.099463,1869.00,1080.00,-28.01
14:52:42.272815,1869.00,1079.00,-41.19
14:52:42.451243,1870.00,1080.00,-56.66
14:52:42.602123,1871.00,1081.00,-68.04
14:52:42.779232,1871.00,1081.00,-81.89
14:52:42.964253,1872.00,1081.00,-95.13
14:52:43.074743,1872.00,1080.00,-105.08
14:52:43.268929,1872.00,1080.00,-118.40
14:52:43.453263,1873.00,1080.00,-133.90
14:52:43.607995,1873.00,1080.00,-145.62
14:52:43.790290,1873.00,1079.00,-158.90
14:52:43.950834,1873.00,1078.00,-171.10
14:52:44.115123,1873.00,1078.00,-175.48
14:52:44.264668,1874.00,1077.00,-178.80
14:52:44.433580,1875.00,1067.00,-179.78
14:52:44.585705,1876.00,1053.00,-178.07
14:52:44.775570,1877.00,1035.00,-176.54
14:52:44.930233,1879.00,1019.00,-176.29
14:52:45.115684,1880.00,1001.00,-176.37
14:52:45.255513,1881.00,986.00,-176.82
14:52:45.435571,1883.00,969.00,-177.10
14:52:45.615135,1884.00,952.00,-177.14
14:52:45.777760,1884.00,935.00,-177.42
14:52:45.920626,1884.00,921.00,-177.70
14:52:46.093922,1885.00,903.00,-178.07
14:52:46.244961,1884.00,907.00,-178.31
14:54:15.931970,-364.00,2933.00,92.06
14:54:16.126894,-371.00,2931.00,88.48
14:54:16.297526,-354.00,2928.00,92.35
14:54:16.439584,-345.00,2927.00,95.90
14:54:16.580127,-343.00,2926.00,104.90
14:54:16.771744,-344.00,2925.00,122.18
14:54:16.948874,-343.00,2924.00,131.07
14:54:17.136248,-344.00,2924.00,141.72
14:54:17.306746,-344.00,2923.00,154.06
14:54:17.494834,-344.00,2924.00,170.02
14:54:17.636210,-344.00,2923.00,177.82
14:54:17.782474,-344.00,2922.00,179.53
14:54:17.959250,-344.00,2913.00,181.25
14:54:18.117687,-343.00,2902.00,-178.97
14:54:18.255203,-341.00,2865.00,-179.89
14:54:18.462193,-340.00,2800.00,179.67
14:54:18.599064,-339.00,2759.00,179.50
14:54:18.771222,-339.00,2702.00,178.94
14:54:18.920441,-339.00,2681.00,179.78
14:54:19.141285,-338.00,2658.00,178.49
14:54:19.268911,-338.00,2644.00,178.95
14:54:19.481567,-338.00,2620.00,178.63
14:54:19.608722,-338.00,2606.00,178.48
14:54:19.761032,-338.00,2594.00,177.69
14:54:19.899214,-338.00,2599.00,177.96
14:54:24.112980,-368.00,2168.00,123.71
14:54:24.287156,-371.00,2166.00,132.69
14:54:24.463462,-371.00,2165.00,146.73
14:54:24.605096,-372.00,2164.00,156.22
14:54:24.754096,-372.00,2164.00,167.99
14:54:24.924721,-373.00,2164.00,177.04
14:54:25.138996,-373.00,2159.00,180.30
14:54:25.249894,-373.00,2149.00,-180.01
14:54:25.517189,-374.00,2105.00,178.85
14:54:25.587287,-375.00,2097.00,179.30
14:54:25.791465,-375.00,2077.00,178.54
14:54:25.982005,-376.00,2057.00,178.83
14:54:26.071035,-377.00,2049.00,178.98
14:54:26.254501,-377.00,2032.00,178.75
14:54:26.484869,-378.00,2007.00,179.05
14:54:26.615638,-379.00,1994.00,179.11
14:54:26.781006,-379.00,1977.00,179.11
14:54:26.935278,-379.00,1963.00,179.81
14:54:27.117906,-380.00,1945.00,179.80
14:54:27.289620,-381.00,1928.00,179.03
14:54:27.428025,-381.00,1915.00,178.86
14:54:27.668262,-382.00,1890.00,178.77
14:54:27.751152,-383.00,1883.00,179.14
14:54:27.936777,-384.00,1863.00,179.35
14:54:28.102527,-384.00,1848.00,179.67
14:54:28.271746,-385.00,1830.00,179.53
14:54:28.458631,-385.00,1810.00,180.01
14:54:28.626338,-385.00,1795.00,-179.61
14:54:28.817761,-385.00,1775.00,-539.14
14:54:28.912946,-385.00,1764.00,180.40
14:54:29.104199,-385.00,1747.00,-180.17
14:54:29.278692,-386.00,1729.00,179.45
14:54:29.458971,-386.00,1705.00,179.27
14:54:29.607539,-386.00,1675.00,179.85
14:54:29.784828,-386.00,1628.00,180.26
14:54:29.972692,-386.00,1589.00,-538.86
14:54:30.123261,-386.00,1576.00,180.58
14:54:30.282683,-386.00,1559.00,179.81
14:54:30.477908,-386.00,1541.00,-178.99
14:54:30.603797,-387.00,1529.00,-178.94
14:54:30.784220,-387.00,1508.00,-180.00
14:54:30.919986,-387.00,1495.00,179.73
14:54:31.152247,-387.00,1472.00,179.80
14:54:31.279245,-388.00,1458.00,179.81
14:54:31.473057,-388.00,1438.00,-179.31
14:54:31.603641,-388.00,1427.00,-179.50
14:54:31.791327,-388.00,1406.00,-179.59
14:54:31.927700,-389.00,1393.00,-179.61
14:54:32.085769,-389.00,1376.00,-539.15
14:54:32.277055,-389.00,1358.00,-179.12
14:54:32.460922,-389.00,1338.00,-178.98
14:54:32.613061,-390.00,1323.00,-179.08
14:54:32.798074,-390.00,1305.00,-179.47
14:54:32.989573,-390.00,1284.00,-179.59
14:54:33.085983,-390.00,1273.00,-179.34
14:54:33.289289,-390.00,1252.00,-179.13
14:54:33.442042,-391.00,1237.00,-538.70
14:54:33.663921,-391.00,1214.00,-177.98
14:54:33.769614,-391.00,1204.00,-178.21
14:54:33.985006,-391.00,1181.00,180.14
14:54:34.109320,-392.00,1168.00,-180.02
14:54:34.266862,-393.00,1153.00,-539.09
14:54:34.454780,-394.00,1136.00,-178.64
14:54:34.611001,-394.00,1117.00,-177.87
14:54:34.783087,-393.00,1100.00,-177.94
14:54:34.978124,-393.00,1081.00,180.69
14:54:35.108944,-394.00,1066.00,-179.68
14:54:35.309578,-394.00,1046.00,-538.52
14:54:35.419095,-394.00,1036.00,-178.64
14:54:35.609992,-393.00,1016.00,-178.62
14:54:35.792522,-393.00,998.00,-177.95
14:54:35.932169,-392.00,984.00,-177.16
14:54:36.120395,-391.00,965.00,-177.95
14:54:36.306196,-391.00,948.00,-178.48
14:54:36.440486,-390.00,933.00,-178.76
14:54:36.622910,-390.00,914.00,-178.34
14:54:36.797147,-389.00,897.00,-178.57
14:54:36.956560,-389.00,881.00,-178.88
14:54:37.141697,-388.00,861.00,-178.25
14:54:37.303135,-388.00,847.00,-178.78
14:54:37.466274,-388.00,829.00,-178.75
14:54:37.643203,-388.00,812.00,-178.09
14:54:37.788990,-388.00,796.00,-178.48
14:54:37.971618,-388.00,768.00,180.61
14:54:38.140034,-388.00,753.00,-179.88
14:54:38.314733,-389.00,735.00,-539.20
14:54:38.471890,-389.00,720.00,-178.74
14:54:38.643746,-389.00,704.00,-178.91
14:54:38.809763,-389.00,686.00,-178.55
14:54:38.971685,-390.00,671.00,-178.71
14:54:39.144865,-390.00,654.00,-178.75
14:54:39.312273,-390.00,636.00,-178.60
14:54:39.451519,-390.00,624.00,-178.70
14:54:39.644843,-390.00,604.00,-178.79
14:54:39.794559,-391.00,589.00,-178.77
14:54:39.975960,-391.00,572.00,-178.68
14:54:40.113070,-391.00,557.00,-178.65
14:54:40.302081,-391.00,540.00,-178.55
14:54:40.480511,-392.00,523.00,-178.67
14:54:40.630570,-392.00,509.00,-178.51
14:54:40.810412,-392.00,488.00,-178.57
14:54:40.974462,-392.00,474.00,-178.36
14:54:41.104754,-392.00,462.00,-178.46
14:54:41.299883,-392.00,442.00,-178.33
14:54:41.490803,-392.00,422.00,-178.38
14:54:41.624152,-393.00,409.00,-178.48
14:54:41.820302,-393.00,389.00,-178.45
14:54:41.969095,-393.00,374.00,-178.51
14:54:42.120046,-393.00,359.00,-178.34
14:54:42.298288,-393.00,342.00,-178.25
14:54:42.449642,-393.00,327.00,-178.32
14:54:42.643184,-394.00,307.00,-178.25
14:54:42.789304,-394.00,293.00,-178.06
14:54:42.964488,-394.00,276.00,-178.36
14:54:43.151912,-394.00,259.00,-178.05
14:54:43.285923,-394.00,245.00,-178.22
14:54:43.441138,-394.00,230.00,-178.18
14:54:43.624727,-395.00,213.00,-178.06
14:54:43.803303,-395.00,197.00,-178.18
14:54:43.963428,-396.00,179.00,-178.37
14:54:44.131253,-396.00,165.00,-178.32
14:54:44.329509,-397.00,146.00,-178.24
14:54:44.445551,-397.00,135.00,-178.18
14:54:44.640241,-398.00,116.00,-178.14
14:54:44.792487,-398.00,101.00,-178.04
14:54:44.967084,-399.00,85.00,-178.03
14:54:45.128023,-399.00,70.00,-177.98
14:54:45.324250,-399.00,51.00,-177.79
14:54:45.455000,-400.00,40.00,-177.99
14:54:45.614974,-400.00,23.00,-177.72
14:54:45.805661,-400.00,7.00,-177.82
14:54:45.973917,-400.00,-8.00,-177.96
14:54:46.112558,-400.00,-22.00,-177.90
14:54:46.285717,-401.00,-38.00,-177.92
14:54:46.452845,-401.00,-53.00,-177.86
14:54:46.620704,-401.00,-70.00,-177.57
14:54:46.769914,-401.00,-85.00,-177.72
14:54:46.991856,-400.00,-106.00,-177.60
14:54:47.105968,-400.00,-115.00,-177.53
14:54:47.288031,-400.00,-135.00,-177.69
14:54:47.453977,-399.00,-149.00,-177.54
14:54:47.654469,-399.00,-170.00,-177.60
14:54:47.778054,-399.00,-184.00,-177.45
14:54:47.952916,-398.00,-201.00,-177.58
14:54:48.115738,-397.00,-219.00,-177.60
14:54:48.290112,-397.00,-237.00,-177.88
14:54:48.468039,-397.00,-255.00,-177.67
14:54:48.641750,-396.00,-273.00,-177.69
14:54:48.782609,-396.00,-286.00,-177.81
14:54:48.938395,-396.00,-285.00,-177.54
14:54:49.124658,-398.00,-269.00,-174.48
14:54:49.294682,-398.00,-265.00,-166.37
14:54:49.434491,-398.00,-265.00,-154.25
14:54:49.633235,-398.00,-265.00,-138.53
14:54:49.780056,-397.00,-269.00,-128.40
14:54:49.981043,-396.00,-269.00,-112.36
14:54:50.090160,-396.00,-269.00,-102.74
14:54:50.307801,-396.00,-269.00,-92.51
14:54:50.466650,-395.00,-270.00,-88.40
14:54:50.650774,-387.00,-271.00,-86.85
14:54:50.792038,-367.00,-271.00,-88.08
14:54:50.989145,-323.00,-271.00,-89.12
14:54:51.122748,-290.00,-271.00,-89.58
14:54:51.308957,-269.00,-272.00,-88.88
14:54:51.446149,-257.00,-272.00,-90.69
14:54:51.633996,-237.00,-273.00,-90.21
14:54:51.806686,-222.00,-273.00,-89.77
14:54:51.985723,-203.00,-273.00,-89.68
14:54:52.122220,-190.00,-273.00,-89.86
14:54:52.293176,-173.00,-274.00,-90.05
14:54:52.497299,-153.00,-274.00,-89.89
14:54:52.624282,-140.00,-275.00,-89.75
14:54:52.818436,-120.00,-275.00,-89.64
14:54:52.961104,-105.00,-275.00,-89.88
14:54:53.114799,-91.00,-274.00,-89.88
14:54:53.321002,-71.00,-275.00,-89.95
14:54:53.445602,-59.00,-274.00,-89.98
14:54:53.635810,-39.00,-274.00,-89.90
14:54:53.798331,-25.00,-274.00,-90.02
14:54:53.990617,-5.00,-274.00,-89.87
14:54:54.112237,6.00,-274.00,-89.86
14:54:54.306216,23.00,-274.00,-90.09
14:54:54.458061,38.00,-274.00,-90.54
14:54:54.622978,55.00,-274.00,-90.16
14:54:54.783573,72.00,-274.00,-90.15
14:54:54.974184,89.00,-274.00,-90.13
14:54:55.108633,104.00,-274.00,-90.21
14:54:55.299196,120.00,-273.00,-90.31
14:54:55.478071,138.00,-273.00,-90.36
14:54:55.640869,155.00,-274.00,-90.29
14:54:55.777217,167.00,-274.00,-90.31
14:54:55.985234,189.00,-274.00,-90.28
14:54:56.110714,202.00,-274.00,-90.14
14:54:56.313074,222.00,-274.00,-90.23
14:54:56.468907,237.00,-274.00,-90.37
14:54:56.639818,254.00,-274.00,-90.48
14:54:56.800185,269.00,-274.00,-90.40
14:54:56.950614,284.00,-274.00,-90.35
14:54:57.138479,304.00,-274.00,-90.22
14:54:57.270470,317.00,-275.00,-90.36
14:54:57.474764,337.00,-275.00,-90.31
14:54:57.638206,354.00,-275.00,-90.42
14:54:57.814641,365.00,-275.00,-90.33
14:54:57.936725,365.00,-275.00,-89.94
14:54:58.119395,366.00,-275.00,-90.25
14:54:58.274322,366.00,-275.00,-90.26
14:54:58.454779,366.00,-275.00,-90.28
