09:45:09.923486,-389.00,-4960.00,118.91
09:45:10.056869,-402.00,-4967.00,118.88
09:45:10.252349,-424.00,-4979.00,118.28
09:45:10.430292,-431.00,-4982.00,119.97
09:45:10.574131,-429.00,-4981.00,123.82
09:45:10.750762,-426.00,-4980.00,129.91
09:45:10.916749,-424.00,-4979.00,134.72
09:45:11.070355,-424.00,-4978.00,140.84
09:45:11.277684,-422.00,-4976.00,148.04
09:45:11.397641,-422.00,-4976.00,152.61
09:45:11.600591,-422.00,-4976.00,159.39
09:45:11.680734,-422.00,-4976.00,161.88
09:45:11.891896,-422.00,-4976.00,169.02
09:45:12.047992,-422.00,-4976.00,175.39
09:45:12.226480,-422.00,-4976.00,-177.82
09:45:12.413385,-422.00,-4976.00,-171.69
09:45:12.549378,-422.00,-4976.00,-166.22
09:45:12.738623,-422.00,-4976.00,-159.51
09:45:12.862078,-422.00,-4976.00,-155.52
09:45:13.062314,-422.00,-4976.00,-150.38
09:45:13.223615,-422.00,-4976.00,-146.64
09:45:13.391964,-422.00,-4976.00,-143.11
09:45:13.577384,-413.00,-4988.00,-139.87
09:45:13.710088,-413.00,-4987.00,-140.01
09:45:13.888506,-413.00,-4987.00,-140.51
09:45:14.058044,-395.00,-5009.00,-140.74
09:45:14.243924,-383.00,-5022.00,-142.34
09:45:14.376642,-381.00,-5024.00,-146.62
09:45:14.634795,-380.00,-5026.00,-155.06
09:45:14.746415,-378.00,-5027.00,-159.32
09:45:14.925204,-378.00,-5029.00,-164.99
09:45:15.073792,-377.00,-5030.00,-170.56
09:45:15.277042,-377.00,-5030.00,-177.47
09:45:15.404620,-377.00,-5030.00,177.95
09:45:15.582706,-377.00,-5030.00,171.86
09:45:15.790614,-377.00,-5031.00,165.61
09:45:15.895790,-378.00,-5032.00,161.86
09:45:16.027070,-378.00,-5031.00,158.18
09:45:16.281702,-378.00,-5032.00,150.65
09:45:16.397389,-378.00,-5031.00,146.55
09:45:16.599602,-379.00,-5032.00,141.43
09:45:16.740537,-378.00,-5031.00,137.84
09:45:16.927860,-379.00,-5032.00,131.71
09:45:17.067915,-379.00,-5031.00,127.95
09:45:17.256328,-378.00,-5030.00,121.46
09:45:17.406250,-378.00,-5030.00,116.38
09:45:17.612653,-379.00,-5031.00,109.97
09:45:17.737620,-379.00,-5031.00,105.74
09:45:17.966756,-378.00,-5030.00,98.27
09:45:18.083863,-377.00,-5030.00,93.54
09:45:18.256883,-377.00,-5030.00,87.72
09:45:18.411561,-381.00,-5030.00,83.06
09:45:18.642716,-395.00,-5027.00,78.60
09:45:18.757977,-391.00,-5027.00,77.27
09:45:18.930271,-392.00,-5027.00,77.52
09:45:19.092423,-421.00,-5034.00,78.37
09:45:19.240564,-442.00,-5038.00,79.68
09:45:19.403523,-463.00,-5038.00,81.09
09:45:19.583231,-478.00,-5037.00,81.95
09:45:19.725231,-491.00,-5038.00,82.05
09:45:19.922874,-509.00,-5037.00,82.57
09:45:20.058662,-520.00,-5035.00,82.81
09:45:20.246302,-540.00,-5032.00,82.72
09:45:20.383924,-550.00,-5031.00,83.08
09:45:20.581483,-568.00,-5029.00,83.19
09:45:20.732658,-580.00,-5029.00,83.18
09:45:20.885975,-593.00,-5029.00,82.98
09:45:21.056318,-590.00,-5030.00,83.19
09:45:21.317514,-588.00,-5031.00,83.20
09:45:21.596812,-584.00,-5033.00,83.27
09:45:21.759333,-582.00,-5034.00,83.31
09:45:21.928310,-580.00,-5035.00,83.35
09:45:22.205638,-578.00,-5035.00,83.39
09:45:22.433909,-576.00,-5036.00,83.41
09:57:09.163465,360.00,-5791.00,179.35
09:57:09.344957,365.00,-5795.00,-177.72
09:57:09.517349,360.00,-5800.00,-175.12
09:57:09.661195,359.00,-5801.00,-173.19
09:57:09.848933,354.00,-5801.00,-170.79
09:57:10.015755,357.00,-5801.00,-170.02
09:57:10.192346,355.00,-5790.00,-170.07
09:57:10.349931,354.00,-5793.00,-168.91
09:57:10.525506,352.00,-5792.00,-163.59
09:57:10.705566,342.00,-5788.00,-163.30
09:57:10.858973,341.00,-5792.00,-160.94
09:57:11.006863,347.00,-5786.00,-158.92
09:57:11.180207,351.00,-5787.00,-158.82
09:57:11.364758,349.00,-5788.00,-156.96
09:57:11.500859,350.00,-5787.00,-157.06
09:57:11.715448,353.00,-5789.00,-154.48
09:57:11.861897,358.00,-5782.00,-153.72
09:57:12.036235,347.00,-5790.00,-151.07
09:57:12.185775,347.00,-5794.00,-144.13
09:57:12.362272,347.00,-5792.00,-138.37
09:57:12.500234,348.00,-5785.00,-137.99
09:57:12.661518,345.00,-5786.00,-137.84
09:57:12.849855,343.00,-5790.00,-135.38
09:57:12.997977,346.00,-5791.00,-132.37
09:57:13.144662,342.00,-5792.00,-129.69
09:57:13.342378,349.00,-5796.00,-125.04
09:57:13.485401,345.00,-5791.00,-123.54
09:57:13.658207,340.00,-5790.00,-123.78
09:57:13.841660,348.00,-5793.00,-122.11
09:57:14.020864,352.00,-5793.00,-118.13
09:57:14.159518,344.00,-5795.00,-114.85
09:57:14.351219,352.00,-5794.00,-110.29
09:57:14.505972,360.00,-5793.00,-105.66
09:57:14.658025,365.00,-5794.00,-101.54
09:57:14.847196,371.00,-5793.00,-99.51
09:57:15.005533,385.00,-5798.00,-98.02
09:57:15.159858,399.00,-5793.00,-96.44
09:57:15.326649,408.00,-5791.00,-94.58
09:57:15.491928,427.00,-5797.00,-92.58
09:57:15.662453,417.00,-5796.00,-90.60
09:57:15.817915,437.00,-5789.00,-90.17
09:57:15.997963,474.00,-5793.00,-89.72
09:57:16.160734,497.00,-5793.00,-90.24
09:57:16.334944,516.00,-5793.00,-90.85
09:57:16.476053,554.00,-5796.00,-90.65
09:57:16.656076,598.00,-5793.00,-90.20
09:57:16.822038,629.00,-5792.00,-90.31
09:57:17.006825,669.00,-5790.00,-90.68
09:57:17.154079,701.00,-5790.00,-90.89
09:57:17.319703,734.00,-5786.00,-90.70
09:57:17.511467,778.00,-5785.00,-89.84
09:57:17.647222,798.00,-5787.00,-89.41
09:57:17.846484,838.00,-5784.00,-90.18
09:57:17.986425,866.00,-5785.00,-90.64
09:57:18.182082,907.00,-5781.00,-90.54
09:57:18.323017,931.00,-5784.00,-90.25
09:57:18.495826,964.00,-5781.00,-90.33
09:57:18.637701,993.00,-5779.00,-90.64
09:57:18.853945,1034.00,-5781.00,-90.43
09:57:19.002918,1047.00,-5781.00,-90.07
09:57:19.171456,1078.00,-5780.00,-89.88
09:57:19.317387,1104.00,-5780.00,-89.99
09:57:19.503739,1143.00,-5778.00,-90.64
09:57:19.662590,1168.00,-5777.00,-91.69
09:57:19.836362,1191.00,-5775.00,-93.68
09:57:19.995054,1206.00,-5783.00,-98.62
09:57:20.176667,1227.00,-5789.00,-104.19
09:57:20.335476,1247.00,-5791.00,-109.96
09:57:20.531818,1275.00,-5798.00,-116.41
09:57:20.661195,1280.00,-5803.00,-120.53
09:57:20.850183,1292.00,-5812.00,-125.51
09:57:20.997225,1302.00,-5822.00,-129.69
09:57:21.191628,1322.00,-5843.00,-136.06
09:57:21.361709,1333.00,-5865.00,-141.13
09:57:21.529409,1342.00,-5893.00,-147.00
09:57:21.700094,1355.00,-5910.00,-151.16
09:57:21.889276,1369.00,-5927.00,-156.65
09:57:22.031584,1373.00,-5935.00,-161.08
09:57:22.234122,1380.00,-5959.00,-167.39
09:57:22.394291,1381.00,-5976.00,-172.19
09:57:22.529217,1380.00,-5997.00,-176.80
09:57:22.710187,1379.00,-6025.00,-181.88
09:57:22.867218,1373.00,-6041.00,173.71
10:11:13.562006,-435.00,-5216.00,42.04
10:11:13.694564,-447.00,-5211.00,41.71
10:11:13.872051,-457.00,-5199.00,42.34
10:11:14.059958,-472.00,-5184.00,43.45
10:11:14.193270,-480.00,-5176.00,44.12
10:11:14.352674,-492.00,-5163.00,45.16
10:11:14.564456,-509.00,-5149.00,44.73
10:11:14.711026,-520.00,-5143.00,46.02
10:11:14.858402,-533.00,-5132.00,46.05
10:11:15.057186,-536.00,-5122.00,47.75
10:11:15.210062,-546.00,-5123.00,44.14
10:11:15.348100,-526.00,-5123.00,39.23
10:11:15.558347,-523.00,-5120.00,31.73
10:11:15.751780,-519.00,-5118.00,24.95
10:11:15.915078,-521.00,-5122.00,21.15
10:11:16.074050,-522.00,-5116.00,13.97
10:11:16.264931,-519.00,-5119.00,8.13
10:11:16.344914,-522.00,-5115.00,4.62
10:11:16.555549,-525.00,-5116.00,-2.58
10:11:16.711776,-525.00,-5122.00,-7.08
10:11:16.905084,-525.00,-5120.00,-14.32
10:11:17.045694,-515.00,-5119.00,-17.22
10:11:17.234813,-519.00,-5123.00,-21.12
10:11:17.354326,-516.00,-5126.00,-20.46
10:11:17.578064,-523.00,-5131.00,-14.04
10:11:17.725090,-523.00,-5136.00,-9.31
10:11:17.882014,-523.00,-5137.00,-6.65
10:11:18.025856,-527.00,-5134.00,-3.96
10:11:18.222801,-525.00,-5134.00,0.62
10:11:18.400326,-517.00,-5136.00,4.63
10:11:18.559480,-517.00,-5136.00,6.40
10:11:18.752367,-532.00,-5138.00,10.10
10:11:18.903875,-539.00,-5135.00,9.96
10:11:19.049325,-525.00,-5129.00,4.45
10:11:19.238261,-523.00,-5130.00,-2.33
10:11:19.400269,-512.00,-5127.00,-8.79
10:11:19.579841,-517.00,-5126.00,-13.96
10:11:19.719854,-513.00,-5123.00,-18.23
10:11:19.892776,-521.00,-5125.00,-22.68
10:11:20.045909,-518.00,-5130.00,-22.23
10:11:20.208325,-525.00,-5135.00,-17.65
10:11:20.391466,-526.00,-5141.00,-11.85
10:11:20.546502,-525.00,-5148.00,-7.48
10:11:20.767763,-530.00,-5157.00,-3.76
10:11:20.877923,-527.00,-5154.00,-1.97
10:11:21.086838,-527.00,-5153.00,1.12
10:11:21.221228,-524.00,-5152.00,3.42
10:11:21.419719,-526.00,-5152.00,6.93
10:11:21.557627,-523.00,-5148.00,8.30
10:11:21.755816,-522.00,-5143.00,3.74
10:11:21.881031,-524.00,-5139.00,-1.40
10:11:22.061866,-524.00,-5137.00,-8.57
10:11:22.234046,-510.00,-5136.00,-14.99
10:11:22.383901,-506.00,-5135.00,-18.98
10:11:22.552500,-509.00,-5137.00,-23.79
10:11:22.714063,-514.00,-5143.00,-20.94
10:11:22.875375,-518.00,-5146.00,-15.70
10:11:23.037508,-520.00,-5151.00,-10.92
10:11:23.244181,-520.00,-5155.00,-6.59
10:11:23.417906,-523.00,-5156.00,-3.70
10:11:23.547667,-525.00,-5157.00,-1.98
10:11:23.772342,-527.00,-5158.00,1.26
10:11:23.882076,-530.00,-5155.00,3.68
10:11:24.096789,-530.00,-5155.00,6.43
10:11:24.203379,-528.00,-5154.00,8.23
10:11:24.411041,-523.00,-5148.00,5.20
10:11:24.540350,-528.00,-5149.00,0.58
10:11:24.749899,-523.00,-5148.00,-8.02
10:11:24.865309,-514.00,-5146.00,-12.13
10:11:25.054692,-511.00,-5141.00,-18.80
10:11:25.206817,-510.00,-5143.00,-23.02
10:11:25.398217,-510.00,-5147.00,-21.00
10:11:25.554355,-515.00,-5151.00,-15.26
10:11:25.716112,-519.00,-5157.00,-10.87
10:11:25.882745,-522.00,-5162.00,-7.02
10:11:26.090548,-524.00,-5163.00,-3.80
10:11:26.230537,-525.00,-5162.00,-2.03
10:11:26.440063,-528.00,-5164.00,1.58
10:11:26.557274,-528.00,-5161.00,3.57
10:11:26.764350,-523.00,-5159.00,6.45
10:11:26.896337,-521.00,-5156.00,7.66
10:11:27.088472,-517.00,-5150.00,3.85
10:11:27.216110,-522.00,-5152.00,-0.69
10:11:27.433205,-521.00,-5150.00,-9.32
10:11:27.544592,-513.00,-5150.00,-13.08
10:11:27.722669,-508.00,-5146.00,-18.94
10:11:27.872439,-505.00,-5145.00,-24.07
10:11:28.088285,-509.00,-5154.00,-18.86
10:11:28.216507,-512.00,-5157.00,-14.31
10:11:28.423449,-521.00,-5165.00,-8.33
10:11:28.543249,-524.00,-5166.00,-6.44
10:11:28.725443,-524.00,-5166.00,-3.42
10:11:28.922191,-526.00,-5166.00,-1.01
10:11:29.059620,-522.00,-5162.00,1.53
10:11:29.248817,-520.00,-5162.00,4.39
10:11:29.417943,-521.00,-5162.00,6.25
10:11:29.564958,-517.00,-5156.00,7.42
10:11:29.745615,-518.00,-5154.00,4.64
10:11:29.934931,-516.00,-5150.00,-3.15
10:11:30.070487,-521.00,-5153.00,-7.85
10:11:30.246107,-514.00,-5157.00,-5.90
10:11:30.398623,-514.00,-5163.00,-0.71
10:11:30.589182,-521.00,-5170.00,3.31
10:11:30.724452,-520.00,-5168.00,5.37
10:11:30.936631,-519.00,-5167.00,9.19
10:11:31.054957,-518.00,-5163.00,11.63
10:11:31.266662,-515.00,-5163.00,13.74
10:11:31.391935,-514.00,-5159.00,13.75
10:11:31.613327,-511.00,-5160.00,15.26
10:11:31.725260,-511.00,-5157.00,16.21
10:11:31.931694,-511.00,-5158.00,18.86
10:11:32.065819,-509.00,-5153.00,21.03
10:11:32.265771,-510.00,-5149.00,22.85
10:11:32.387508,-512.00,-5150.00,20.18
10:11:32.591279,-513.00,-5147.00,13.12
10:11:32.718659,-510.00,-5156.00,9.43
10:11:32.921042,-504.00,-5154.00,2.43
10:11:33.031399,-503.00,-5153.00,-1.95
10:11:33.247036,-503.00,-5156.00,-9.11
10:11:33.372627,-498.00,-5154.00,-13.69
10:11:33.565644,-494.00,-5152.00,-20.47
10:11:33.719902,-494.00,-5154.00,-25.49
10:11:33.923878,-494.00,-5153.00,-31.79
10:11:34.046334,-489.00,-5151.00,-36.04
10:11:34.250500,-492.00,-5146.00,-43.26
10:11:34.375591,-489.00,-5140.00,-45.86
10:11:34.570780,-489.00,-5140.00,-49.21
10:11:34.763865,-493.00,-5141.00,-52.79
10:11:34.881330,-483.00,-5132.00,-54.27
10:11:35.058662,-466.00,-5121.00,-54.74
10:11:35.211964,-460.00,-5116.00,-53.86
10:11:35.396230,-445.00,-5106.00,-52.32
10:11:35.557204,-433.00,-5092.00,-51.09
10:11:35.738092,-419.00,-5083.00,-50.29
10:11:35.880517,-414.00,-5074.00,-49.22
10:11:36.071669,-401.00,-5062.00,-48.44
10:11:36.251276,-409.00,-5063.00,-43.63
10:11:36.465417,-419.00,-5061.00,-36.42
10:11:36.575316,-418.00,-5063.00,-32.09
10:11:36.742792,-413.00,-5067.00,-27.11
10:11:36.900707,-415.00,-5068.00,-21.05
10:11:37.092897,-413.00,-5068.00,-16.14
10:11:37.228096,-410.00,-5062.00,-11.03
10:11:37.431392,-410.00,-5060.00,-4.42
10:11:37.547940,-412.00,-5054.00,-1.29
10:11:37.721400,-411.00,-5050.00,5.09
10:11:37.892849,-414.00,-5046.00,11.78
10:11:38.065840,-415.00,-5039.00,17.34
10:11:38.252036,-414.00,-5035.00,23.20
10:11:38.389304,-416.00,-5033.00,27.05
10:11:38.513355,-417.00,-5035.00,31.00
10:11:38.738703,-417.00,-5039.00,39.12
10:11:38.873559,-412.00,-5039.00,43.09
10:11:39.061494,-412.00,-5041.00,49.84
10:11:39.230327,-414.00,-5036.00,54.88
10:11:39.400447,-426.00,-5026.00,59.29
10:11:39.576581,-429.00,-5021.00,65.05
10:11:39.729017,-426.00,-5020.00,70.12
10:11:39.882452,-424.00,-5019.00,-284.49
10:11:40.096115,-426.00,-5018.00,82.51
10:11:40.209426,-438.00,-5012.00,86.29
10:11:40.401324,-458.00,-5015.00,89.93
10:11:40.575111,-470.00,-5019.00,90.62
10:11:40.731719,-473.00,-5020.00,90.71
10:11:40.908057,-489.00,-5016.00,90.86
10:11:41.059780,-496.00,-5021.00,91.58
10:11:41.222388,-504.00,-5019.00,91.08
10:11:41.364856,-511.00,-5022.00,91.26
10:11:41.521991,-502.00,-5028.00,91.69
10:11:41.685850,-520.00,-5032.00,91.57
10:11:41.869449,-525.00,-5034.00,91.87
10:11:42.018568,-528.00,-5035.00,91.75
10:11:42.207259,-525.00,-5031.00,91.23
10:11:42.454593,-522.00,-5032.00,91.58
10:11:42.668190,-520.00,-5032.00,91.63
10:11:42.838465,-522.00,-5034.00,91.63
10:11:43.002604,-519.00,-5034.00,91.85
10:11:43.162938,-521.00,-5034.00,91.78
10:11:43.322268,-521.00,-5033.00,91.64
10:11:43.495077,-522.00,-5034.00,91.60
10:16:51.469754,-491.00,-5032.00,91.70
10:16:51.573232,-488.00,-5034.00,91.93
10:16:51.639079,-494.00,-5032.00,91.68
10:16:51.809837,-493.00,-5031.00,91.51
10:16:51.987381,-490.00,-5035.00,92.07
10:16:52.127290,-494.00,-5032.00,91.61
10:16:52.325738,-490.00,-5032.00,91.21
10:16:52.482398,-491.00,-5031.00,90.78
10:16:52.661464,-492.00,-5032.00,91.00
10:16:52.803047,-497.00,-5033.00,91.16
10:16:52.995327,-492.00,-5033.00,91.16
10:16:53.156921,-495.00,-5033.00,91.10
10:16:53.328570,-494.00,-5032.00,91.04
10:16:53.470221,-496.00,-5032.00,91.05
10:16:53.658540,-497.00,-5032.00,90.93
10:16:53.816581,-494.00,-5033.00,91.29
10:16:53.985901,-496.00,-5034.00,91.23
10:16:54.170840,-491.00,-5033.00,91.15
10:16:54.350013,-489.00,-5032.00,91.01
10:16:54.466008,-498.00,-5031.00,90.88
10:16:54.648661,-494.00,-5032.00,90.97
10:16:54.806576,-497.00,-5033.00,91.17
10:16:54.994964,-495.00,-5032.00,91.18
10:16:55.146996,-495.00,-5033.00,91.26
10:16:55.315789,-498.00,-5033.00,91.34
10:16:55.513109,-493.00,-5031.00,90.85
10:16:55.668650,-491.00,-5032.00,91.21
10:16:55.852882,-490.00,-5032.00,91.01
10:16:55.974964,-496.00,-5032.00,91.13
10:16:56.168761,-504.00,-5033.00,91.14
10:16:56.305678,-518.00,-5033.00,91.24
10:16:56.509445,-522.00,-5032.00,91.03
10:16:56.675060,-524.00,-5032.00,91.03
10:26:48.170353,2438.00,-2739.00,6.10
10:26:48.344218,2434.00,-2712.00,5.49
10:26:48.504521,2428.00,-2726.00,4.00
10:26:48.685087,2427.00,-2723.00,0.38
10:26:48.854358,2428.00,-2739.00,-4.12
10:26:49.008675,2429.00,-2734.00,-6.91
10:26:49.176203,2431.00,-2735.00,-9.02
10:26:49.364661,2428.00,-2733.00,-10.90
10:26:49.489527,2429.00,-2746.00,-12.21
10:26:49.695830,2427.00,-2755.00,-14.52
10:26:49.836385,2422.00,-2763.00,-15.99
10:26:50.042884,2426.00,-2758.00,-21.70
10:26:50.158246,2426.00,-2747.00,-23.85
10:26:50.375711,2426.00,-2727.00,-30.06
10:26:50.539981,2427.00,-2719.00,-33.22
10:26:50.709682,2424.00,-2723.00,-37.44
10:26:50.853991,2428.00,-2715.00,-41.44
10:26:51.040515,2425.00,-2723.00,-45.00
10:26:51.180439,2427.00,-2750.00,-49.27
10:26:51.352479,2424.00,-2754.00,-54.28
10:26:51.510829,2430.00,-2741.00,-57.83
10:26:51.691531,2436.00,-2753.00,-62.14
10:26:51.813474,2441.00,-2746.00,-64.25
10:26:52.024689,2441.00,-2740.00,-69.04
10:26:52.193382,2438.00,-2753.00,-73.44
10:26:52.344218,2440.00,-2749.00,-76.01
10:26:52.527350,2426.00,-2749.00,-79.14
10:26:52.680579,2419.00,-2736.00,-80.63
10:26:52.861405,2414.00,-2726.00,-82.02
10:26:53.026188,2422.00,-2730.00,-86.83
10:26:53.206346,2431.00,-2735.00,-91.62
10:26:53.338918,2427.00,-2765.00,-94.44
10:26:53.534898,2431.00,-2764.00,-100.55
10:26:53.662642,2428.00,-2766.00,-103.90
10:26:53.869683,2425.00,-2770.00,-107.92
10:26:54.006234,2423.00,-2775.00,-111.16
10:26:54.207037,2428.00,-2779.00,-117.49
10:26:54.318558,2434.00,-2778.00,-120.23
10:26:54.535271,2437.00,-2784.00,-125.70
10:26:54.681174,2440.00,-2787.00,-129.21
10:26:54.872263,2438.00,-2783.00,-133.64
10:26:54.990774,2441.00,-2784.00,-136.89
10:26:55.201989,2439.00,-2780.00,-144.26
10:26:55.328405,2436.00,-2776.00,-147.97
10:26:55.542726,2435.00,-2786.00,-153.69
10:26:55.667806,2432.00,-2793.00,-155.50
10:26:55.878242,2427.00,-2794.00,-161.54
10:26:55.992883,2431.00,-2793.00,-165.18
10:26:56.194316,2428.00,-2796.00,-166.49
10:26:56.335739,2425.00,-2786.00,-163.60
10:26:56.506851,2419.00,-2773.00,-160.91
10:26:56.657171,2427.00,-2782.00,-157.34
10:26:56.842497,2430.00,-2777.00,-155.66
10:26:57.028578,2425.00,-2783.00,-151.59
10:26:57.220417,2424.00,-2785.00,-149.43
10:26:57.331238,2424.00,-2787.00,-147.32
10:26:57.545620,2426.00,-2791.00,-145.18
10:26:57.671291,2429.00,-2752.00,-142.80
10:26:57.880051,2423.00,-2738.00,-140.85
10:26:57.998404,2420.00,-2741.00,-139.29
10:26:58.210407,2420.00,-2742.00,-136.38
10:26:58.329959,2426.00,-2753.00,-136.62
10:26:58.530460,2431.00,-2782.00,-140.40
10:26:58.662734,2439.00,-2779.00,-144.44
10:26:58.876432,2438.00,-2783.00,-152.21
10:26:58.993568,2439.00,-2792.00,-154.92
10:26:59.205440,2437.00,-2795.00,-161.25
10:26:59.340071,2439.00,-2802.00,-164.39
10:26:59.521863,2439.00,-2796.00,-165.49
10:26:59.671645,2428.00,-2792.00,-162.72
10:26:59.864382,2423.00,-2788.00,-157.47
10:27:00.006158,2429.00,-2789.00,-153.54
10:27:00.197964,2431.00,-2787.00,-151.03
10:27:00.343453,2431.00,-2791.00,-149.60
10:27:00.510900,2433.00,-2788.00,-146.69
10:27:00.663460,2427.00,-2793.00,-144.37
10:27:00.847640,2427.00,-2770.00,-141.39
10:27:01.034801,2424.00,-2757.00,-139.51
10:27:01.202852,2421.00,-2747.00,-137.51
10:27:01.320796,2410.00,-2743.00,-135.33
10:27:01.520079,2410.00,-2750.00,-134.41
10:27:01.686796,2404.00,-2773.00,-137.25
10:27:01.865238,2407.00,-2771.00,-143.60
10:27:02.034655,2435.00,-2780.00,-148.43
10:27:02.171989,2439.00,-2798.00,-152.50
10:27:02.371989,2434.00,-2808.00,-157.79
10:27:02.494674,2433.00,-2810.00,-160.70
10:27:02.702553,2428.00,-2809.00,-156.56
10:27:02.852025,2425.00,-2805.00,-151.92
10:27:03.025707,2425.00,-2790.00,-150.58
10:27:03.195461,2423.00,-2795.00,-147.97
10:27:03.366477,2428.00,-2792.00,-145.37
10:27:03.504227,2426.00,-2795.00,-141.94
10:27:03.679644,2428.00,-2786.00,-139.86
10:27:03.863826,2427.00,-2758.00,-138.57
10:27:04.025517,2419.00,-2747.00,-134.66
10:27:04.197225,2428.00,-2750.00,-133.15
10:27:04.357746,2430.00,-2753.00,-132.14
10:27:04.507292,2427.00,-2758.00,-131.19
10:27:04.669463,2436.00,-2761.00,-131.52
10:27:04.874611,2436.00,-2769.00,-133.67
10:27:04.994015,2434.00,-2797.00,-135.97
10:27:05.217213,2434.00,-2811.00,-142.65
10:27:05.334363,2435.00,-2813.00,-147.46
10:27:05.528868,2435.00,-2808.00,-153.78
10:27:05.687319,2433.00,-2815.00,-156.93
10:27:05.863206,2436.00,-2807.00,-157.15
10:27:06.019476,2431.00,-2807.00,-152.12
10:27:06.185276,2427.00,-2799.00,-149.50
10:27:06.362542,2430.00,-2794.00,-147.40
10:27:06.541407,2423.00,-2795.00,-143.16
10:27:06.675942,2429.00,-2794.00,-140.92
10:27:06.845747,2427.00,-2791.00,-139.63
10:27:07.002848,2431.00,-2768.00,-138.28
10:27:07.204530,2428.00,-2756.00,-132.86
10:27:07.325389,2430.00,-2753.00,-131.93
10:27:07.513464,2429.00,-2756.00,-130.86
10:27:07.660024,2412.00,-2754.00,-130.26
10:27:07.849064,2426.00,-2760.00,-128.06
10:27:07.992235,2419.00,-2758.00,-129.07
10:27:08.192502,2439.00,-2793.00,-131.57
10:27:08.363389,2440.00,-2810.00,-135.42
10:27:08.522935,2438.00,-2816.00,-139.51
10:27:08.687039,2433.00,-2812.00,-145.64
10:27:08.865723,2431.00,-2817.00,-150.42
10:27:09.038861,2436.00,-2813.00,-155.97
10:27:09.187433,2434.00,-2820.00,-155.16
10:27:09.333402,2429.00,-2815.00,-151.08
10:27:09.525957,2423.00,-2805.00,-148.08
10:27:09.689648,2426.00,-2800.00,-145.50
10:27:09.883728,2425.00,-2796.00,-142.22
10:27:10.010290,2432.00,-2800.00,-140.07
10:27:10.196517,2433.00,-2795.00,-137.61
10:27:10.367019,2428.00,-2773.00,-136.02
10:27:10.493320,2429.00,-2765.00,-134.67
10:27:10.685905,2427.00,-2759.00,-131.85
10:27:10.823945,2432.00,-2759.00,-130.87
10:27:11.037770,2436.00,-2757.00,-128.79
10:27:11.164616,2438.00,-2758.00,-127.07
10:27:11.362116,2439.00,-2759.00,-127.03
10:27:11.510437,2443.00,-2767.00,-128.10
10:27:11.705401,2442.00,-2778.00,-132.16
10:27:11.831866,2440.00,-2809.00,-135.22
10:27:12.042452,2438.00,-2809.00,-141.70
10:27:12.179344,2437.00,-2813.00,-146.73
10:27:12.370751,2432.00,-2816.00,-151.85
10:27:12.517750,2431.00,-2816.00,-150.69
10:27:12.692667,2424.00,-2810.00,-145.99
10:27:12.861284,2425.00,-2803.00,-143.21
10:27:13.035648,2425.00,-2804.00,-139.12
10:27:13.167284,2429.00,-2798.00,-137.44
10:27:13.342917,2426.00,-2796.00,-135.66
10:27:13.555635,2425.00,-2774.00,-134.09
10:27:13.644611,2432.00,-2772.00,-133.33
10:27:13.863772,2426.00,-2765.00,-132.07
10:27:14.036235,2428.00,-2767.00,-130.38
10:27:14.170778,2430.00,-2770.00,-128.20
10:27:14.362040,2429.00,-2768.00,-122.35
10:27:14.479354,2438.00,-2779.00,-120.66
10:27:14.658998,2442.00,-2792.00,-121.15
10:27:14.837769,2446.00,-2799.00,-122.51
10:27:15.013836,2444.00,-2816.00,-124.52
10:27:15.160416,2448.00,-2824.00,-126.55
10:27:15.327356,2448.00,-2821.00,-130.42
10:27:15.494776,2444.00,-2821.00,-133.69
10:27:15.702339,2431.00,-2811.00,-142.31
10:27:15.818372,2438.00,-2817.00,-144.75
10:27:16.044761,2434.00,-2821.00,-151.28
10:27:16.152077,2435.00,-2826.00,-154.33
10:27:16.371903,2434.00,-2831.00,-156.68
10:27:16.476313,2426.00,-2826.00,-153.81
10:27:16.679570,2422.00,-2825.00,-147.66
10:27:16.840196,2423.00,-2811.00,-145.70
10:27:17.011615,2427.00,-2805.00,-143.31
10:27:17.185269,2427.00,-2808.00,-140.60
10:27:17.356663,2430.00,-2788.00,-138.91
10:27:17.532429,2433.00,-2782.00,-137.77
10:27:17.687719,2436.00,-2779.00,-136.33
10:27:17.876725,2435.00,-2779.00,-133.13
10:27:17.978051,2436.00,-2780.00,-130.73
10:27:18.177934,2435.00,-2777.00,-127.46
10:27:18.327857,2447.00,-2781.00,-127.53
10:27:18.496338,2448.00,-2791.00,-128.41
10:27:18.686348,2448.00,-2817.00,-131.30
10:27:18.836501,2443.00,-2827.00,-134.91
10:27:19.031442,2442.00,-2819.00,-141.59
10:27:19.166638,2435.00,-2819.00,-145.20
10:27:19.347712,2433.00,-2815.00,-148.02
10:27:19.516260,2421.00,-2819.00,-144.64
10:27:19.677199,2427.00,-2812.00,-141.90
10:27:19.857690,2430.00,-2807.00,-138.83
10:27:20.006759,2431.00,-2801.00,-136.36
10:27:20.192318,2428.00,-2783.00,-133.07
10:27:20.354907,2434.00,-2781.00,-131.74
10:27:20.505300,2435.00,-2781.00,-130.41
10:27:20.677888,2434.00,-2784.00,-128.32
10:27:20.813892,2437.00,-2788.00,-125.74
10:27:20.984475,2433.00,-2789.00,-121.88
10:27:21.159785,2435.00,-2797.00,-118.82
10:27:21.344669,2440.00,-2806.00,-117.36
10:27:21.513854,2443.00,-2824.00,-118.21
10:27:21.660332,2438.00,-2818.00,-119.31
10:27:21.818075,2439.00,-2825.00,-121.95
10:27:21.983649,2443.00,-2827.00,-124.97
10:27:22.188920,2420.00,-2828.00,-130.11
10:27:22.301751,2434.00,-2831.00,-130.08
10:27:22.523056,2443.00,-2826.00,-134.68
10:27:22.688210,2443.00,-2816.00,-140.88
10:27:22.855532,2434.00,-2823.00,-145.52
10:27:23.027637,2432.00,-2826.00,-149.81
10:27:23.194908,2424.00,-2825.00,-148.03
10:27:23.335242,2423.00,-2818.00,-144.40
10:27:23.509699,2420.00,-2818.00,-140.42
10:27:23.682787,2423.00,-2815.00,-138.26
10:27:23.842561,2420.00,-2799.00,-136.25
10:27:24.013892,2428.00,-2788.00,-134.24
10:27:24.142112,2431.00,-2785.00,-132.08
10:27:24.342633,2432.00,-2785.00,-126.60
10:27:24.479614,2434.00,-2789.00,-124.16
10:27:24.669865,2434.00,-2788.00,-122.32
10:27:24.817541,2434.00,-2797.00,-121.16
10:27:25.003562,2439.00,-2804.00,-119.35
10:27:25.183928,2443.00,-2811.00,-119.63
10:27:25.348309,2415.00,-2802.00,-122.60
10:27:25.477416,2416.00,-2821.00,-124.57
10:27:25.651526,2438.00,-2832.00,-127.10
10:27:25.811230,2444.00,-2828.00,-129.87
10:27:26.016646,2443.00,-2832.00,-133.38
10:27:26.171559,2443.00,-2825.00,-138.30
10:27:26.345525,2438.00,-2818.00,-143.83
10:27:26.500707,2433.00,-2828.00,-148.53
10:27:26.686866,2431.00,-2826.00,-152.73
10:27:26.840229,2433.00,-2830.00,-156.48
10:27:27.025859,2430.00,-2836.00,-160.55
10:27:27.199273,2434.00,-2834.00,-165.73
10:27:27.358410,2438.00,-2834.00,189.85
10:27:27.540553,2438.00,-2838.00,-174.90
10:27:27.694898,2439.00,-2841.00,-179.26
10:27:27.833746,2445.00,-2844.00,-182.60
10:27:28.015961,2445.00,-2835.00,172.23
10:27:28.194669,2448.00,-2830.00,167.60
10:27:28.322366,2448.00,-2833.00,164.53
10:27:28.552508,2444.00,-2832.00,158.54
10:27:28.674393,2438.00,-2836.00,155.18
10:27:28.841434,2440.00,-2839.00,151.31
10:27:29.035943,2434.00,-2844.00,147.29
10:27:29.185371,2431.00,-2849.00,145.51
10:27:29.361661,2431.00,-2849.00,142.13
10:27:29.515554,2433.00,-2840.00,139.09
10:27:29.691457,2432.00,-2848.00,138.11
10:27:29.862447,2426.00,-2855.00,136.76
10:27:29.990723,2431.00,-2854.00,134.79
10:27:30.198276,2426.00,-2863.00,132.84
10:27:30.338397,2424.00,-2868.00,131.03
10:27:30.528983,2433.00,-2865.00,127.70
10:27:30.655969,2426.00,-2874.00,126.29
10:27:30.865900,2437.00,-2874.00,121.99
10:27:31.043906,2441.00,-2872.00,119.50
10:27:31.185066,2448.00,-2867.00,118.44
10:27:31.351307,2453.00,-2865.00,118.39
10:27:31.520006,2449.00,-2864.00,117.36
10:27:31.705081,2449.00,-2862.00,114.45
10:27:31.822024,2445.00,-2870.00,110.78
10:27:32.041790,2441.00,-2856.00,104.15
10:27:32.179368,2439.00,-2843.00,100.92
10:27:32.368407,2434.00,-2850.00,97.84
10:27:32.492844,2430.00,-2854.00,94.01
10:27:32.701737,2424.00,-2861.00,89.40
10:27:32.824230,2421.00,-2864.00,87.49
10:27:33.037729,2424.00,-2864.00,83.13
10:27:33.159022,2424.00,-2862.00,80.52
10:27:33.365216,2423.00,-2858.00,77.93
10:27:33.511926,2427.00,-2862.00,75.50
10:27:33.689942,2426.00,-2870.00,74.75
10:27:33.849809,2428.00,-2838.00,73.53
10:27:34.018631,2432.00,-2858.00,71.94
10:27:34.192320,2435.00,-2873.00,71.72
10:27:34.353375,2436.00,-2876.00,69.80
10:27:34.498339,2443.00,-2877.00,69.14
10:27:34.689980,2450.00,-2873.00,69.28
10:27:34.841491,2430.00,-2874.00,67.93
10:27:35.001283,2439.00,-2882.00,68.08
10:27:35.214498,2453.00,-2884.00,67.73
10:27:35.333897,2448.00,-2877.00,67.55
10:27:35.523689,2443.00,-2883.00,65.67
10:27:35.704254,2444.00,-2876.00,61.25
10:27:35.871227,2444.00,-2874.00,57.72
10:27:36.005661,2455.00,-2861.00,56.24
10:27:36.166437,2461.00,-2857.00,56.77
10:27:36.354393,2453.00,-2866.00,55.55
10:27:36.500732,2447.00,-2866.00,52.24
10:27:36.693085,2446.00,-2840.00,47.96
10:27:36.825477,2446.00,-2835.00,44.71
10:27:37.036450,2455.00,-2845.00,44.69
10:27:37.171805,2449.00,-2839.00,44.85
10:27:37.366382,2442.00,-2840.00,41.49
10:27:37.545531,2440.00,-2838.00,37.14
10:27:37.689410,2439.00,-2841.00,34.60
10:27:37.888029,2438.00,-2839.00,30.55
10:27:38.003252,2435.00,-2844.00,27.76
10:27:38.207796,2432.00,-2856.00,22.51
10:27:38.336007,2434.00,-2860.00,18.21
10:27:38.527700,2433.00,-2861.00,12.88
10:27:38.695713,2429.00,-2865.00,8.54
10:27:38.870028,2431.00,-2865.00,4.84
10:27:39.001577,2435.00,-2857.00,4.62
10:27:39.189777,2437.00,-2844.00,4.15
10:27:39.336640,2435.00,-2794.00,3.39
10:27:39.519182,2433.00,-2776.00,3.14
10:27:39.693090,2432.00,-2759.00,4.18
10:27:39.854296,2426.00,-2748.00,4.01
10:27:40.012907,2427.00,-2748.00,5.23
10:27:40.211570,2429.00,-2752.00,0.62
10:27:40.319283,2428.00,-2771.00,-3.21
10:27:40.509745,2429.00,-2766.00,-8.93
10:27:40.662654,2430.00,-2768.00,-12.01
10:27:40.837996,2423.00,-2776.00,-13.34
10:27:41.004563,2424.00,-2779.00,-14.12
10:27:41.166083,2421.00,-2781.00,-15.32
10:27:41.333469,2424.00,-2782.00,-17.90
10:27:41.538691,2427.00,-2788.00,-19.16
10:27:41.651085,2428.00,-2793.00,-19.89
10:27:41.858240,2431.00,-2807.00,-21.00
10:27:41.987237,2426.00,-2797.00,-21.56
10:27:42.198601,2430.00,-2798.00,-22.79
10:27:42.310998,2430.00,-2790.00,-23.14
10:27:42.522380,2430.00,-2792.00,-23.29
10:27:42.674039,2430.00,-2799.00,-23.46
10:27:42.850201,2434.00,-2797.00,-22.76
10:27:43.023316,2428.00,-2767.00,-15.96
10:27:43.190635,2427.00,-2758.00,-5.67
10:27:43.314651,2432.00,-2750.00,1.37
10:27:43.526990,2431.00,-2740.00,11.53
10:27:43.672003,2413.00,-2737.00,16.10
10:27:43.863535,2411.00,-2731.00,20.08
10:27:44.007241,2411.00,-2724.00,23.57
10:27:44.177002,2409.00,-2732.00,33.50
10:27:44.321652,2425.00,-2730.00,40.76
10:27:44.539096,2431.00,-2723.00,52.70
10:27:44.679343,2442.00,-2751.00,62.48
10:27:44.857923,2438.00,-2772.00,67.19
10:27:45.005771,2436.00,-2777.00,70.27
10:27:45.187757,2429.00,-2775.00,76.39
10:27:45.344776,2425.00,-2773.00,80.83
10:27:45.536800,2411.00,-2774.00,82.44
10:27:45.657348,2411.00,-2772.00,82.16
10:27:45.850931,2432.00,-2769.00,81.33
10:27:46.006834,2438.00,-2766.00,79.10
10:27:46.201879,2430.00,-2769.00,72.88
10:27:46.368935,2429.00,-2771.00,71.25
10:27:46.526765,2435.00,-2775.00,71.85
10:27:46.651383,2442.00,-2781.00,72.18
10:27:46.844929,2440.00,-2779.00,70.07
10:27:47.021399,2442.00,-2776.00,69.54
10:27:47.183015,2443.00,-2778.00,68.04
10:27:47.339524,2452.00,-2780.00,67.73
10:27:47.532892,2448.00,-2786.00,65.90
10:27:47.673046,2451.00,-2793.00,65.45
10:27:47.845314,2453.00,-2784.00,65.13
10:27:48.030714,2445.00,-2778.00,60.74
10:27:48.184247,2452.00,-2755.00,59.85
10:27:48.362244,2445.00,-2770.00,56.50
10:27:48.535183,2451.00,-2747.00,55.81
10:27:48.700363,2446.00,-2747.00,56.38
10:27:48.844267,2444.00,-2759.00,53.73
10:27:49.030400,2450.00,-2746.00,53.40
10:27:49.151935,2440.00,-2761.00,53.23
10:27:49.330358,2437.00,-2754.00,48.29
10:27:49.514647,2444.00,-2754.00,48.08
10:27:49.667238,2439.00,-2759.00,46.28
10:27:49.823894,2437.00,-2748.00,43.07
10:27:50.037693,2449.00,-2753.00,42.52
10:27:50.199645,2436.00,-2763.00,39.27
10:27:50.340404,2437.00,-2753.00,36.22
10:27:50.528858,2442.00,-2759.00,34.08
10:27:50.690974,2433.00,-2748.00,24.89
10:27:50.867192,2433.00,-2742.00,21.21
10:27:51.033177,2430.00,-2747.00,19.30
10:27:51.162240,2430.00,-2744.00,15.45
10:27:51.366971,2426.00,-2752.00,10.06
10:27:51.493081,2424.00,-2752.00,9.23
10:27:51.695225,2431.00,-2758.00,6.79
10:27:51.825554,2432.00,-2758.00,5.17
10:27:52.032399,2432.00,-2777.00,0.23
10:27:52.155454,2435.00,-2787.00,-2.98
10:27:52.369446,2436.00,-2788.00,-7.18
10:27:52.492707,2435.00,-2795.00,-10.05
10:27:52.681879,2434.00,-2777.00,-16.30
10:27:52.835433,2425.00,-2772.00,-16.94
10:27:53.011762,2421.00,-2772.00,-17.30
10:27:53.176874,2420.00,-2782.00,-17.45
10:27:53.386639,2425.00,-2791.00,-18.01
10:27:53.518354,2423.00,-2794.00,-17.89
10:27:53.700237,2428.00,-2791.00,-18.28
10:27:53.870077,2428.00,-2794.00,-18.72
10:27:53.993441,2430.00,-2786.00,-19.12
10:27:54.198462,2428.00,-2785.00,-20.02
10:27:54.314404,2426.00,-2787.00,-20.16
10:27:54.515190,2428.00,-2785.00,-20.89
10:27:54.660892,2432.00,-2781.00,-21.55
10:27:54.848925,2428.00,-2783.00,-21.94
10:27:54.985404,2425.00,-2784.00,-22.84
10:27:55.165889,2420.00,-2819.00,-23.13
10:27:55.342523,2420.00,-2837.00,-22.50
10:27:55.526366,2417.00,-2839.00,-22.74
10:27:55.665704,2421.00,-2841.00,-22.68
10:27:55.866801,2420.00,-2841.00,-22.48
10:27:55.974992,2423.00,-2814.00,-22.95
10:27:56.193441,2421.00,-2812.00,-22.52
10:27:56.335628,2421.00,-2822.00,-22.88
10:27:56.532353,2414.00,-2835.00,-23.08
10:27:56.647800,2416.00,-2836.00,-23.13
10:27:56.859484,2419.00,-2834.00,-22.85
10:27:56.992595,2418.00,-2828.00,-23.59
10:27:57.178061,2417.00,-2832.00,-23.81
10:27:57.350185,2415.00,-2827.00,-23.32
10:27:57.521716,2422.00,-2808.00,-23.47
10:27:57.663830,2423.00,-2812.00,-22.48
10:27:57.855223,2421.00,-2825.00,-23.33
10:27:57.995905,2421.00,-2826.00,-23.98
10:27:58.176971,2417.00,-2834.00,-22.94
10:27:58.328104,2422.00,-2825.00,-23.13
10:27:58.507617,2422.00,-2832.00,-22.96
10:27:58.689458,2420.00,-2832.00,-23.10
10:27:58.840617,2421.00,-2834.00,-22.53
10:27:59.031554,2420.00,-2829.00,-22.62
10:27:59.151855,2421.00,-2823.00,-23.11
10:27:59.364392,2416.00,-2835.00,-23.17
10:27:59.514889,2422.00,-2836.00,-22.79
10:27:59.686455,2421.00,-2835.00,-22.85
10:27:59.811517,2419.00,-2820.00,-24.06
10:28:00.022933,2420.00,-2826.00,-23.21
10:28:00.174437,2423.00,-2824.00,-22.83
10:28:00.344866,2423.00,-2828.00,-23.12
10:28:00.513092,2421.00,-2828.00,-23.14
10:28:00.670009,2416.00,-2830.00,-23.18
10:28:00.839421,2416.00,-2827.00,-23.06
10:28:01.023448,2419.00,-2827.00,-22.47
10:28:01.172399,2423.00,-2817.00,-22.47
10:28:01.345513,2418.00,-2825.00,-23.80
10:28:01.508715,2419.00,-2823.00,-23.14
10:28:01.684285,2416.00,-2823.00,-23.26
10:28:01.831616,2420.00,-2825.00,-22.93
10:28:02.018332,2422.00,-2829.00,-22.97
10:28:02.137341,2422.00,-2818.00,-23.14
10:28:02.333782,2420.00,-2824.00,-23.09
10:28:02.519544,2425.00,-2818.00,-22.95
10:28:02.687036,2418.00,-2796.00,-21.84
10:28:02.800837,2425.00,-2795.00,-22.46
10:28:02.988580,2417.00,-2802.00,-23.16
10:28:03.165428,2417.00,-2817.00,-23.42
10:28:03.329237,2416.00,-2819.00,-23.12
10:28:03.508661,2417.00,-2826.00,-23.16
10:28:03.669195,2420.00,-2807.00,-23.73
10:28:03.855242,2414.00,-2818.00,-23.02
10:28:03.999486,2416.00,-2798.00,-24.02
10:28:04.179466,2416.00,-2808.00,-22.94
10:28:04.319190,2413.00,-2810.00,-23.29
10:28:04.518105,2411.00,-2814.00,-23.22
10:28:04.645785,2414.00,-2813.00,-23.26
10:28:04.846256,2413.00,-2825.00,-22.98
10:28:05.002744,2419.00,-2813.00,-22.90
