11:21:43.388778,2524.00,178.00,79.49
11:21:43.575053,2518.00,179.00,81.27
11:21:43.759001,2516.00,177.00,85.93
11:21:43.913347,2510.00,177.00,90.99
11:21:44.094921,2490.00,177.00,91.98
11:21:44.236975,2464.00,178.00,88.78
11:21:44.406164,2434.00,182.00,86.23
11:21:44.571158,2392.00,183.00,85.23
11:21:44.734079,2349.00,180.00,85.53
11:21:44.905949,2292.00,185.00,86.10
11:21:45.055486,2242.00,189.00,86.09
11:21:45.264587,2167.00,199.00,86.20
11:21:45.391031,2124.00,199.00,86.98
11:21:45.575109,2071.00,193.00,87.72
11:21:45.730336,2022.00,195.00,87.86
11:21:45.925745,1956.00,203.00,87.85
11:21:46.079522,1906.00,208.00,88.66
11:21:46.248594,1848.00,209.00,89.06
11:21:46.407388,1798.00,207.00,89.13
11:21:46.559599,1750.00,206.00,89.49
11:21:46.726418,1728.00,204.00,90.33
11:21:46.904068,1710.00,203.00,90.51
11:21:47.060539,1693.00,203.00,90.27
11:21:47.218968,1678.00,201.00,90.15
11:21:47.388823,1660.00,203.00,89.82
11:21:47.581017,1643.00,203.00,89.73
11:21:47.743417,1624.00,203.00,89.61
11:21:47.886482,1611.00,203.00,89.70
11:21:48.074615,1604.00,203.00,89.71
11:21:48.238763,1614.00,203.00,89.48
11:22:22.724242,1199.00,-179.00,-167.83
11:22:22.888028,1198.00,-181.00,-155.82
11:22:23.069181,1199.00,-182.00,-141.45
11:22:23.223978,1196.00,-182.00,-129.97
11:22:23.414942,1196.00,-180.00,-113.67
11:22:23.558365,1193.00,-179.00,-104.35
11:22:23.719146,1197.00,-178.00,-94.58
11:22:23.863409,1200.00,-177.00,-91.40
11:22:24.052508,1213.00,-179.00,-86.00
11:22:24.228144,1235.00,-176.00,-83.13
11:22:24.358635,1250.00,-175.00,-83.96
11:22:24.558290,1271.00,-172.00,-84.70
11:22:24.726665,1287.00,-170.00,-84.92
11:22:24.895077,1284.00,-169.00,-85.26
11:22:25.058943,1275.00,-169.00,-84.93
11:22:25.215291,1271.00,-169.00,-78.87
11:22:25.396955,1268.00,-171.00,-65.69
11:22:25.557166,1270.00,-173.00,-53.57
11:22:25.726181,1273.00,-173.00,-40.84
11:22:25.882375,1269.00,-173.00,-28.94
11:22:26.071718,1266.00,-172.00,-13.35
11:22:26.212574,1266.00,-175.00,-1.47
11:22:26.405247,1264.00,-178.00,11.97
11:22:26.550820,1269.00,-176.00,23.76
11:22:26.709033,1273.00,-174.00,35.06
11:22:26.880007,1270.00,-174.00,48.67
11:22:27.085253,1270.00,-176.00,64.60
11:22:27.213373,1273.00,-177.00,75.74
11:22:27.398478,1272.00,-174.00,85.67
11:22:27.545881,1268.00,-175.00,89.10
11:22:27.733749,1259.00,-174.00,92.40
11:22:27.871389,1247.00,-177.00,89.63
11:22:28.088143,1226.00,-176.00,86.39
11:22:28.197893,1218.00,-175.00,85.73
11:22:28.348304,1201.00,-175.00,84.68
11:22:28.551064,1183.00,-174.00,84.18
11:22:28.693689,1170.00,-173.00,84.22
11:22:28.880519,1175.00,-171.00,84.49
11:25:12.427845,-35.00,-926.00,47.07
11:25:12.618065,-35.00,-923.00,58.79
11:25:12.742556,-40.00,-926.00,67.87
11:25:12.941956,-37.00,-922.00,82.72
11:25:13.059904,-33.00,-922.00,87.85
11:25:13.272684,-38.00,-924.00,93.75
11:25:13.392660,-45.00,-928.00,96.21
11:25:13.586563,-63.00,-930.00,97.50
11:25:13.753618,-82.00,-933.00,96.97
11:25:13.931457,-99.00,-937.00,95.61
11:25:14.062669,-109.00,-938.00,95.17
11:25:14.247027,-129.00,-942.00,94.69
11:25:14.406419,-140.00,-942.00,94.65
11:25:14.587704,-150.00,-940.00,94.59
11:25:14.744107,-142.00,-938.00,94.50
11:25:40.123425,-9.00,-821.00,-20.46
11:25:40.246912,-9.00,-815.00,-29.81
11:25:40.444171,-2.00,-812.00,-43.60
11:25:40.562180,0.00,-807.00,-53.72
11:25:40.760495,0.00,-807.00,-69.45
11:25:40.924388,0.00,-811.00,-81.75
11:25:41.088886,-2.00,-814.00,-86.62
11:25:41.254629,-1.00,-811.00,-91.60
11:25:41.437115,10.00,-809.00,-96.58
11:25:41.550238,23.00,-812.00,-97.84
11:25:41.734275,37.00,-813.00,-98.18
11:25:41.880708,53.00,-815.00,-97.79
11:25:42.068958,72.00,-817.00,-97.80
11:25:42.234131,90.00,-818.00,-97.94
11:25:42.401656,108.00,-820.00,-98.11
11:25:42.563758,116.00,-822.00,-98.44
11:25:42.744930,124.00,-823.00,-98.41
11:25:42.878015,114.00,-822.00,-98.40
11:26:49.884465,813.00,-176.00,160.88
11:26:50.076407,812.00,-181.00,169.05
11:26:50.239091,808.00,-181.00,-179.58
11:26:50.394508,806.00,-182.00,-167.81
11:26:50.562541,807.00,-185.00,-154.62
11:26:50.714700,807.00,-184.00,-142.99
11:26:50.906359,804.00,-184.00,-127.79
11:26:51.062875,801.00,-181.00,-115.75
11:26:51.245110,800.00,-184.00,-102.40
11:26:51.375775,805.00,-188.00,-93.97
11:26:51.576143,808.00,-187.00,-89.18
11:26:51.731571,817.00,-186.00,-84.94
11:26:51.893080,828.00,-183.00,-81.91
11:26:52.053287,843.00,-180.00,-81.90
11:26:52.232048,834.00,-180.00,-82.13
11:28:55.761956,2496.00,-215.00,1.21
11:28:55.933105,2496.00,-225.00,13.94
11:28:56.088276,2496.00,-231.00,25.39
11:28:56.270699,2497.00,-229.00,38.58
11:28:56.420135,2497.00,-233.00,50.10
11:28:56.602980,2494.00,-234.00,63.15
11:28:56.749925,2492.00,-237.00,75.04
11:28:56.939441,2496.00,-240.00,85.98
11:28:57.111582,2496.00,-235.00,90.70
11:28:57.240037,2491.00,-234.00,92.72
11:28:57.412708,2475.00,-235.00,87.61
11:28:57.593524,2460.00,-233.00,84.22
11:28:57.730268,2447.00,-236.00,82.82
11:28:57.910333,2428.00,-239.00,82.05
11:28:58.049921,2415.00,-237.00,81.93
11:28:58.263911,2392.00,-231.00,81.48
11:28:58.397791,2379.00,-231.00,81.02
11:28:58.571128,2362.00,-228.00,80.55
11:29:01.250316,2340.00,-56.00,-89.62
11:29:01.441819,2349.00,-54.00,-93.33
11:29:01.574729,2362.00,-54.00,-92.40
11:29:01.737273,2378.00,-55.00,-90.37
11:29:01.880383,2391.00,-54.00,-89.59
11:29:02.068593,2411.00,-54.00,-88.90
11:29:02.221818,2427.00,-52.00,-88.75
11:29:02.431546,2448.00,-52.00,-88.77
11:29:02.606617,2467.00,-49.00,-88.74
11:29:02.765365,2481.00,-50.00,-88.99
11:29:02.916507,2495.00,-49.00,-89.05
11:29:03.078825,2510.00,-49.00,-89.08
11:29:05.921047,2532.00,95.00,93.29
11:29:06.058390,2520.00,96.00,93.68
11:29:06.251303,2498.00,92.00,91.62
11:29:06.423918,2468.00,92.00,89.97
11:29:06.598134,2430.00,88.00,88.81
11:29:06.746054,2389.00,89.00,88.15
11:29:06.923995,2333.00,92.00,87.94
11:29:07.099589,2276.00,94.00,87.96
11:29:07.235412,2224.00,93.00,88.37
11:29:07.426649,2168.00,92.00,88.58
11:29:07.603368,2112.00,89.00,88.20
11:29:07.758028,2052.00,91.00,88.15
11:29:07.935163,1997.00,91.00,88.33
11:29:08.076619,1959.00,90.00,88.11
11:29:08.240991,1901.00,92.00,87.65
11:29:08.402626,1852.00,99.00,87.56
11:29:08.590634,1792.00,102.00,88.15
11:29:08.752910,1759.00,98.00,88.24
11:29:08.914357,1739.00,98.00,88.33
11:29:09.076859,1726.00,98.00,88.41
11:29:09.246511,1724.00,97.00,88.40
11:29:09.382609,1725.00,98.00,88.53
11:29:09.563793,1726.00,98.00,88.53
11:30:29.613656,-127.00,323.00,46.69
11:30:29.754683,-131.00,327.00,37.02
11:30:29.969476,-131.00,325.00,19.60
11:30:30.090823,-132.00,327.00,9.91
11:30:30.292148,-135.00,326.00,-5.38
11:30:30.447937,-136.00,326.00,-16.73
11:30:30.605996,-133.00,328.00,-28.32
11:30:30.790006,-130.00,327.00,-43.01
11:30:30.970511,-130.00,327.00,-57.27
11:30:31.075809,-130.00,327.00,-65.77
11:30:31.294276,-129.00,330.00,-82.39
11:30:31.435714,-131.00,329.00,-87.90
11:30:31.607597,-128.00,329.00,-91.43
11:30:31.793788,-104.00,328.00,-95.76
11:30:31.947074,-79.00,324.00,-96.01
11:30:32.104568,-46.00,322.00,-95.82
11:30:32.275393,-2.00,320.00,-95.53
11:30:32.408931,35.00,318.00,-95.63
11:30:32.607549,96.00,314.00,-95.25
11:30:32.738140,128.00,309.00,-94.25
11:30:32.917809,146.00,309.00,-99.82
11:30:33.123608,149.00,311.00,-114.09
11:30:33.233758,156.00,310.00,-122.77
11:30:33.391283,156.00,310.00,-136.92
11:30:33.614238,156.00,308.00,-154.22
11:30:33.735424,155.00,309.00,-163.90
11:30:33.929277,156.00,307.00,-176.80
11:30:34.083425,162.00,304.00,531.43
11:30:34.255594,158.00,311.00,157.29
11:30:34.427624,157.00,309.00,144.40
11:30:34.598239,151.00,313.00,130.14
11:30:34.755930,152.00,308.00,118.20
11:30:34.937110,153.00,303.00,102.92
11:30:35.089607,148.00,304.00,94.97
11:30:35.259744,145.00,305.00,91.28
11:30:35.423818,131.00,304.00,87.55
11:30:35.578826,115.00,303.00,88.16
11:30:35.737586,85.00,304.00,89.73
11:30:35.933240,46.00,304.00,90.59
11:30:36.056293,13.00,305.00,90.79
11:30:36.237381,-46.00,303.00,90.78
11:30:36.407478,-94.00,302.00,90.92
11:30:36.580024,-152.00,298.00,91.15
11:30:36.757170,-205.00,296.00,90.97
11:30:36.924603,-264.00,295.00,90.34
11:30:37.055553,-301.00,294.00,90.12
11:30:37.256578,-364.00,296.00,89.77
11:30:37.394477,-409.00,297.00,89.23
11:30:37.594698,-459.00,294.00,89.07
11:30:40.411273,-491.00,445.00,-94.47
11:30:40.564265,-478.00,445.00,-94.32
11:30:40.752146,-464.00,445.00,-91.92
11:30:40.899428,-450.00,446.00,-89.95
11:30:41.079299,-432.00,445.00,-89.02
11:30:41.227784,-418.00,446.00,-88.83
11:30:41.458053,-396.00,449.00,-89.22
11:30:41.586971,-381.00,449.00,-89.43
11:30:41.757112,-365.00,450.00,-89.71
11:30:41.908542,-350.00,448.00,-89.76
11:30:42.082340,-333.00,447.00,-89.84
11:30:42.250802,-315.00,448.00,-90.23
11:30:42.416889,-298.00,448.00,-89.86
11:30:49.104001,-288.00,162.00,535.64
11:30:49.227741,-288.00,159.00,165.97
11:30:49.432454,-289.00,163.00,149.67
11:30:49.573004,-291.00,165.00,137.84
11:30:49.774284,-290.00,161.00,122.23
11:30:49.922972,-288.00,153.00,111.39
11:30:50.087231,-291.00,156.00,99.14
11:30:50.268105,-289.00,160.00,92.44
11:30:50.414134,-293.00,160.00,88.41
11:30:50.595801,-303.00,158.00,87.60
11:30:50.732000,-316.00,158.00,89.39
11:30:50.914695,-336.00,159.00,90.84
11:30:51.069977,-352.00,157.00,91.64
11:30:51.262295,-371.00,157.00,92.05
11:30:51.392350,-384.00,156.00,92.06
11:30:51.588922,-404.00,158.00,91.60
11:30:51.744787,-418.00,155.00,91.65
11:30:51.940335,-438.00,154.00,91.83
11:30:52.076258,-451.00,155.00,91.83
11:30:52.275872,-470.00,151.00,92.00
11:30:52.415941,-479.00,148.00,92.31
11:30:52.618419,-483.00,145.00,104.52
11:30:52.735368,-484.00,147.00,112.20
11:30:52.926087,-484.00,154.00,128.10
11:30:53.068295,-483.00,152.00,139.73
11:30:53.281245,-483.00,151.00,155.41
11:30:53.426568,-482.00,158.00,167.24
11:30:53.571545,-483.00,157.00,178.88
11:30:53.735169,-483.00,159.00,-169.94
11:30:53.933483,-483.00,157.00,-154.52
11:30:54.075240,-483.00,155.00,-142.92
11:30:54.265574,-484.00,157.00,-127.16
11:30:54.409104,-484.00,159.00,-117.77
11:30:54.616003,-486.00,156.00,-100.41
11:30:54.737316,-485.00,152.00,-94.23
11:30:54.932029,-482.00,151.00,-89.43
11:30:55.073004,-471.00,152.00,-86.58
11:30:55.269691,-447.00,156.00,-87.38
11:30:55.411144,-420.00,160.00,-89.30
11:30:55.605248,-384.00,160.00,-90.72
11:30:55.734827,-351.00,160.00,-91.05
11:30:55.922760,-291.00,160.00,-91.37
11:30:56.086498,-235.00,158.00,-91.60
11:30:56.248467,-187.00,160.00,-92.32
11:30:56.427111,-128.00,159.00,-92.01
11:30:56.613854,-63.00,159.00,-91.76
11:30:56.737696,-24.00,161.00,-91.96
11:30:56.909174,25.00,158.00,-92.32
11:30:57.075726,85.00,155.00,-91.99
11:30:57.239583,140.00,157.00,-91.80
11:30:57.404453,190.00,156.00,-91.85
11:30:57.581620,253.00,153.00,-92.41
11:30:57.737753,309.00,152.00,-91.98
11:30:57.927800,366.00,151.00,-91.57
11:30:58.083962,417.00,151.00,-91.58
11:30:58.223501,466.00,152.00,-91.91
11:30:58.393261,523.00,152.00,-91.49
11:31:01.245744,590.00,4.00,87.31
11:31:01.377171,579.00,3.00,87.16
11:31:01.561295,549.00,4.00,88.43
11:31:01.733942,519.00,3.00,89.88
11:31:01.899322,477.00,2.00,90.66
11:31:02.072053,425.00,0.00,90.88
11:31:02.245529,372.00,-2.00,90.84
11:31:02.425457,313.00,-4.00,90.39
11:31:02.565613,262.00,-7.00,89.94
11:31:02.730844,214.00,-9.00,89.90
11:31:02.905503,161.00,-12.00,89.73
11:31:03.088132,94.00,-12.00,89.05
11:31:03.275986,32.00,-12.00,88.28
11:31:03.406328,-6.00,-10.00,88.20
11:31:03.592052,-68.00,-11.00,88.03
11:31:03.760641,-118.00,-17.00,88.01
11:31:03.946382,-186.00,-18.00,87.86
11:31:04.082669,-228.00,-14.00,87.89
11:31:04.248940,-280.00,-13.00,87.63
11:31:04.420357,-342.00,-16.00,87.42
11:31:04.586707,-398.00,-10.00,86.96
11:31:04.747831,-420.00,-6.00,86.94
11:31:04.919661,-424.00,-9.00,86.81
11:31:05.074424,-426.00,-10.00,87.08
11:31:21.758237,-12.00,-626.00,-147.31
11:31:21.931236,-8.00,-631.00,-159.45
11:31:22.103727,-4.00,-632.00,-172.20
11:31:22.247499,-6.00,-637.00,-182.98
11:31:22.433233,-3.00,-639.00,162.44
11:31:22.578781,-6.00,-636.00,150.62
11:31:22.777756,-7.00,-640.00,134.82
11:31:22.941751,-4.00,-639.00,120.98
11:31:23.103633,-4.00,-637.00,109.95
11:31:23.272593,-4.00,-637.00,97.85
11:31:23.421455,-6.00,-639.00,92.88
11:31:23.599905,-19.00,-640.00,87.50
11:31:23.748733,-46.00,-640.00,82.77
11:31:23.921856,-73.00,-639.00,82.15
11:31:24.135870,-122.00,-634.00,82.60
11:31:24.235339,-151.00,-628.00,82.88
11:31:24.449646,-217.00,-617.00,83.29
11:31:24.568773,-260.00,-613.00,83.65
11:31:24.755172,-319.00,-609.00,84.43
11:31:24.916705,-375.00,-606.00,85.35
11:31:25.091361,-426.00,-601.00,86.32
11:31:25.268049,-465.00,-602.00,86.88
11:31:28.410426,-549.00,-463.00,-88.69
11:31:28.599261,-543.00,-459.00,-91.08
11:31:28.748520,-532.00,-457.00,-90.42
11:31:28.916019,-533.00,-456.00,-89.47
11:41:46.930418,597.00,-1077.00,-14.53
11:41:47.093751,600.00,-1073.00,-17.95
11:41:47.279889,599.00,-1073.00,-28.52
11:41:47.451263,588.00,-1089.00,-32.04
11:41:47.593766,588.00,-1093.00,-38.40
11:41:47.768329,589.00,-1096.00,-50.65
11:41:47.919270,590.00,-1094.00,-62.48
11:41:48.109555,587.00,-1092.00,-76.72
11:41:48.261493,587.00,-1093.00,-85.05
11:41:48.432076,591.00,-1095.00,-89.64
11:41:48.604307,600.00,-1096.00,-93.67
11:41:48.745822,610.00,-1095.00,-94.11
11:41:48.912294,628.00,-1094.00,-92.11
11:41:49.087462,643.00,-1094.00,-91.11
11:41:49.246229,661.00,-1096.00,-90.60
11:41:49.421756,678.00,-1094.00,-90.43
11:41:49.598035,699.00,-1095.00,-90.43
11:41:49.748644,713.00,-1094.00,-90.56
11:41:49.923471,729.00,-1095.00,-90.72
11:41:50.087262,743.00,-1094.00,-90.85
11:41:50.255472,760.00,-1094.00,-90.98
11:41:50.417814,776.00,-1094.00,-91.14
11:41:50.586784,782.00,-1093.00,-96.28
11:41:50.785173,785.00,-1094.00,-111.10
11:41:50.923605,785.00,-1094.00,-123.48
11:41:51.102320,785.00,-1092.00,-136.55
11:41:51.254433,786.00,-1094.00,-148.39
11:41:51.428687,790.00,-1093.00,-161.57
11:41:51.588459,785.00,-1095.00,-172.32
11:41:51.789098,788.00,-1095.00,-187.98
11:41:51.910024,791.00,-1095.00,522.00
11:41:52.088721,790.00,-1097.00,148.73
11:41:52.262516,789.00,-1098.00,134.05
11:41:52.434399,784.00,-1096.00,120.99
11:41:52.596323,785.00,-1096.00,106.70
11:41:52.776418,787.00,-1095.00,96.35
11:41:52.936522,787.00,-1096.00,92.11
11:41:53.086930,785.00,-1097.00,88.25
11:41:53.232035,772.00,-1098.00,87.36
11:41:53.419790,745.00,-1098.00,88.52
11:41:53.581871,716.00,-1098.00,89.71
11:41:53.770674,667.00,-1097.00,90.26
11:41:53.917498,625.00,-1099.00,90.16
11:41:54.094156,569.00,-1101.00,90.36
11:41:54.247264,522.00,-1101.00,90.39
11:41:54.428347,467.00,-1103.00,90.51
11:41:54.582621,416.00,-1102.00,89.84
11:41:54.770860,350.00,-1102.00,89.49
11:41:54.942358,303.00,-1107.00,89.81
11:41:55.119269,238.00,-1110.00,89.82
11:41:55.270584,190.00,-1108.00,89.31
11:41:55.421942,140.00,-1106.00,89.06
11:41:55.591722,90.00,-1106.00,88.92
11:41:55.795027,17.00,-1104.00,88.40
11:41:55.975603,-29.00,-1109.00,88.64
11:41:56.109381,-59.00,-1111.00,89.07
11:42:01.925720,124.00,-1016.00,-61.69
11:42:02.130079,128.00,-1014.00,-68.59
11:42:02.248049,128.00,-1011.00,-77.29
11:42:02.447623,121.00,-1008.00,-85.93
11:42:02.586926,121.00,-1006.00,-88.86
11:42:02.788026,132.00,-1006.00,-93.31
11:42:02.931005,153.00,-1011.00,-91.81
11:42:03.096093,186.00,-1009.00,-89.59
11:42:03.279284,218.00,-1011.00,-87.53
11:42:03.411546,214.00,-1012.00,-87.37
11:42:03.566112,204.00,-1013.00,-88.57
