09:41:26.551970,-529.00,-1159.00,-87.96
09:41:26.691346,-510.00,-1158.00,-78.32
09:41:26.846424,-492.00,-1154.00,-67.37
09:41:27.035140,-478.00,-1146.00,-53.69
09:41:27.185284,-467.00,-1136.00,-42.34
09:41:27.365459,-455.00,-1121.00,-27.18
09:41:27.532284,-449.00,-1107.00,-15.88
09:41:27.721032,-444.00,-1099.00,-0.52
09:41:27.845618,-445.00,-1086.00,8.82
09:41:28.022483,-450.00,-1068.00,22.19
09:41:28.201579,-457.00,-1052.00,34.85
09:41:28.373448,-470.00,-1033.00,48.93
09:41:28.521304,-482.00,-1024.00,60.38
09:41:28.708935,-498.00,-1015.00,74.14
09:41:28.861550,-508.00,-1013.00,83.06
09:41:36.195485,-690.00,-860.00,-90.60
09:41:36.380934,-671.00,-861.00,-85.20
09:41:36.541417,-651.00,-858.00,-73.62
09:41:36.732829,-636.00,-853.00,-58.86
09:41:36.825333,-622.00,-847.00,-49.47
09:41:37.019994,-608.00,-833.00,-33.31
09:41:37.199697,-600.00,-819.00,-23.21
09:41:37.357568,-596.00,-805.00,-12.07
09:41:37.549803,-595.00,-786.00,2.78
09:41:37.733206,-597.00,-768.00,16.15
09:41:37.854934,-602.00,-756.00,25.16
09:41:38.023118,-611.00,-742.00,38.84
09:41:38.198161,-624.00,-730.00,51.96
09:41:38.360062,-634.00,-720.00,63.16
09:41:38.557628,-652.00,-713.00,78.64
09:41:38.681869,-662.00,-713.00,86.94
09:41:46.238432,-766.00,-560.00,-89.28
09:41:46.373266,-752.00,-560.00,-81.01
09:41:46.535910,-737.00,-557.00,-71.50
09:41:46.735311,-724.00,-555.00,-55.72
09:41:46.855602,-718.00,-549.00,-45.75
09:41:47.006333,-709.00,-538.00,-34.77
09:41:47.206568,-701.00,-524.00,-19.98
09:41:47.371037,-700.00,-509.00,-7.74
09:41:47.509910,-699.00,-497.00,1.54
09:41:47.705078,-708.00,-474.00,17.71
09:41:47.880816,-714.00,-458.00,30.88
09:41:48.041728,-724.00,-447.00,42.77
09:41:48.228418,-736.00,-432.00,55.92
09:41:48.348163,-747.00,-425.00,65.11
09:41:48.543437,-762.00,-420.00,80.61
09:41:59.902199,-164.00,-251.00,-80.70
09:42:00.106825,-141.00,-245.00,-66.10
09:42:00.179829,-134.00,-243.00,-60.48
09:42:00.375774,-118.00,-233.00,-47.58
09:42:00.538611,-106.00,-221.00,-34.50
09:42:00.733779,-99.00,-206.00,-20.78
09:42:00.899515,-94.00,-189.00,-7.92
09:42:01.097820,-94.00,-170.00,-352.68
09:42:01.244809,-97.00,-155.00,18.77
09:42:01.413810,-104.00,-141.00,32.31
09:42:01.543860,-113.00,-131.00,41.68
09:42:01.739918,-123.00,-118.00,57.04
09:42:01.941256,-142.00,-109.00,71.88
09:42:02.070830,-153.00,-110.00,79.29
09:42:02.203548,-162.00,-109.00,85.29
09:45:15.346781,-574.00,-1155.00,-91.66
09:45:15.537628,-555.00,-1156.00,-85.91
09:45:15.711032,-534.00,-1153.00,-75.00
09:45:15.860877,-520.00,-1147.00,-63.90
09:45:16.033944,-508.00,-1144.00,-49.74
09:45:16.182550,-497.00,-1134.00,-38.37
09:45:16.375927,-486.00,-1118.00,-23.17
09:45:16.512159,-481.00,-1105.00,-13.17
09:45:16.695699,-481.00,-1087.00,-0.57
09:45:16.842768,-482.00,-1073.00,10.45
09:45:17.025444,-487.00,-1054.00,25.64
09:45:17.187104,-500.00,-1037.00,38.08
09:45:17.397740,-514.00,-1022.00,53.29
09:45:17.515084,-523.00,-1015.00,62.37
09:45:17.711555,-540.00,-1009.00,76.68
09:45:17.882009,-550.00,-1007.00,85.22
09:45:24.227505,-719.00,-854.00,-90.91
09:45:24.427420,-697.00,-853.00,-79.42
09:45:24.531581,-687.00,-851.00,-71.98
09:45:24.701678,-670.00,-839.00,-58.44
09:45:24.894786,-656.00,-829.00,-43.29
09:45:25.035480,-648.00,-819.00,-34.50
09:45:25.193763,-640.00,-807.00,-23.63
09:45:25.368454,-636.00,-789.00,-10.97
09:45:25.540199,-638.00,-779.00,2.32
09:45:25.699647,-634.00,-756.00,13.09
09:45:25.873309,-639.00,-739.00,26.16
09:45:26.046962,-660.00,-732.00,41.57
09:45:26.199954,-670.00,-721.00,52.99
09:45:26.369665,-685.00,-711.00,66.43
09:45:26.552500,-702.00,-704.00,82.27
09:45:26.701869,-711.00,-703.00,88.56
09:45:32.900840,-763.00,-559.00,-88.99
09:45:33.066937,-746.00,-559.00,-81.39
09:45:33.262627,-726.00,-554.00,-68.56
09:45:33.383662,-723.00,-556.00,-57.85
09:45:33.545807,-712.00,-548.00,-46.37
09:45:33.721743,-702.00,-535.00,-33.25
09:45:33.874461,-695.00,-522.00,-21.75
09:45:34.035902,-691.00,-507.00,-8.79
09:45:34.210152,-695.00,-494.00,3.68
09:45:34.393236,-698.00,-478.00,17.32
09:45:34.545174,-706.00,-457.00,28.92
09:45:34.734026,-715.00,-442.00,43.00
09:45:34.882725,-726.00,-432.00,54.24
09:45:35.058048,-737.00,-426.00,67.50
09:45:35.214841,-750.00,-422.00,78.91
09:45:35.370893,-760.00,-422.00,87.51
09:45:49.717833,62.00,-396.00,92.18
09:45:49.871459,45.00,-398.00,102.88
09:45:50.015246,26.00,-404.00,114.87
09:45:50.196163,11.00,-412.00,128.21
09:45:50.377907,-2.00,-426.00,143.23
09:45:50.526186,-12.00,-431.00,153.22
09:45:50.700649,-17.00,-447.00,166.49
09:45:50.877737,-18.00,-467.00,-177.75
09:45:51.064600,-14.00,-493.00,-165.23
09:45:51.186947,-9.00,-504.00,-155.21
09:45:51.379757,0.00,-520.00,-141.34
09:45:51.521427,11.00,-530.00,-130.81
09:45:51.716614,28.00,-541.00,-115.50
09:45:51.886229,42.00,-546.00,-102.03
09:45:52.066565,54.00,-548.00,-92.76
09:45:57.880086,144.00,-703.00,87.79
09:45:58.041270,131.00,-703.00,91.62
09:45:58.214026,113.00,-706.00,103.07
09:45:58.380885,97.00,-712.00,116.41
09:45:58.544620,84.00,-719.00,129.10
09:45:58.703742,66.00,-728.00,143.29
09:45:58.870122,58.00,-741.00,154.22
09:45:59.033169,53.00,-756.00,167.75
09:45:59.201690,52.00,-771.00,178.62
09:45:59.349522,53.00,-786.00,-170.38
09:45:59.538204,59.00,-805.00,-155.57
09:45:59.759994,70.00,-825.00,-140.92
09:45:59.902997,80.00,-834.00,-132.23
09:46:00.116894,102.00,-844.00,-119.48
09:46:00.257833,119.00,-841.00,-108.22
09:46:00.446549,129.00,-843.00,-96.76
09:46:00.612344,138.00,-843.00,-88.32
09:46:00.781798,139.00,-842.00,-86.64
09:46:00.933436,140.00,-842.00,-86.46
