07:27:16.161546,-3425.00,-1146.00,-91.44
07:27:16.301826,-3427.00,-1145.00,-83.95
07:27:16.492163,-3428.00,-1145.00,-74.92
07:27:16.649973,-3428.00,-1144.00,-70.55
07:27:16.833374,-3428.00,-1144.00,-62.78
07:27:17.006842,-3429.00,-1144.00,-51.14
07:27:17.179844,-3431.00,-1145.00,-38.47
07:27:17.313031,-3434.00,-1143.00,-29.99
07:27:17.510190,-3434.00,-1144.00,-16.12
07:27:17.643488,-3434.00,-1144.00,-7.25
07:27:17.855933,-3432.00,-1126.00,-9.91
07:27:17.983760,-3430.00,-1119.00,-10.54
07:27:18.127691,-3428.00,-1110.00,-9.19
07:27:18.327755,-3426.00,-1092.00,-7.30
07:27:18.492172,-3425.00,-1077.00,-5.74
07:27:18.645215,-3424.00,-1060.00,-5.00
07:27:18.817695,-3423.00,-1035.00,-4.11
07:27:18.981662,-3422.00,-1010.00,-4.75
07:27:19.152621,-3422.00,-1011.00,-8.15
07:27:19.332942,-3424.00,-1027.00,-7.90
07:27:19.489909,-3426.00,-1030.00,-6.22
07:27:19.644543,-3427.00,-1033.00,-2.77
07:27:19.828503,-3431.00,-1030.00,3.57
07:27:20.015149,-3432.00,-1009.00,2.72
07:27:20.162007,-3430.00,-986.00,-3.07
07:27:20.340363,-3425.00,-960.00,-10.22
07:27:20.484046,-3420.00,-940.00,-16.45
07:27:20.668073,-3424.00,-945.00,-18.72
07:27:20.835791,-3427.00,-957.00,-17.02
07:27:20.979322,-3430.00,-958.00,-12.24
07:27:21.199656,-3428.00,-960.00,-6.06
07:27:21.322289,-3428.00,-959.00,-2.41
07:27:21.522338,-3429.00,-940.00,-2.52
07:27:21.631939,-3427.00,-923.00,-6.94
07:27:21.849329,-3420.00,-893.00,-15.58
07:27:21.998154,-3414.00,-871.00,-22.30
07:27:22.183418,-3401.00,-845.00,-31.03
07:27:22.317292,-3393.00,-831.00,-35.94
07:27:22.499687,-3380.00,-811.00,-43.50
07:27:22.676509,-3362.00,-792.00,-52.01
07:27:22.821800,-3346.00,-782.00,-57.27
07:27:23.009840,-3320.00,-767.00,-65.92
07:27:23.143626,-3306.00,-760.00,-71.34
07:27:23.336818,-3276.00,-751.00,-79.65
07:27:23.488708,-3255.00,-748.00,-85.95
07:27:23.694528,-3227.00,-746.00,-94.34
07:27:23.803341,-3211.00,-749.00,-99.42
07:27:23.996366,-3189.00,-756.00,-107.36
07:27:24.176823,-3171.00,-763.00,-114.72
07:27:24.325381,-3166.00,-765.00,-112.26
07:27:24.478930,-3154.00,-770.00,-108.28
07:27:24.669168,-3138.00,-774.00,-104.08
07:27:24.829304,-3121.00,-777.00,-97.73
07:27:24.974774,-3104.00,-778.00,-93.44
07:27:25.173929,-3078.00,-779.00,-92.54
07:27:25.368063,-3044.00,-780.00,-92.35
07:27:25.468844,-3028.00,-782.00,-92.42
07:27:25.648813,-3000.00,-783.00,-93.10
07:27:25.818217,-2964.00,-783.00,-91.53
07:27:25.994532,-2922.00,-782.00,-91.26
07:27:26.171012,-2876.00,-781.00,-91.18
07:27:26.329159,-2835.00,-782.00,-91.32
07:27:26.466224,-2808.00,-783.00,-91.15
07:27:26.635054,-2772.00,-784.00,-90.91
07:27:26.809183,-2729.00,-785.00,-90.70
07:27:27.004675,-2674.00,-784.00,-90.64
07:27:27.160081,-2637.00,-783.00,-93.64
07:27:27.321931,-2641.00,-781.00,-93.64
07:27:27.508719,-2656.00,-778.00,-92.56
07:27:27.655767,-2660.00,-777.00,-89.22
07:27:27.820417,-2661.00,-777.00,-84.82
07:27:27.985616,-2660.00,-777.00,-80.72
07:27:28.167742,-2657.00,-776.00,-76.37
07:27:28.342990,-2643.00,-771.00,-73.32
07:27:28.486634,-2623.00,-766.00,-78.05
07:27:28.665530,-2598.00,-761.00,-84.94
07:27:28.846765,-2573.00,-761.00,-92.52
07:27:28.977670,-2557.00,-764.00,-99.21
07:27:29.170087,-2535.00,-768.00,-106.39
07:27:29.338424,-2513.00,-776.00,-113.85
07:27:29.503213,-2491.00,-786.00,-120.54
07:27:29.675287,-2484.00,-796.00,-125.53
07:27:29.820004,-2480.00,-804.00,-129.26
07:27:29.985999,-2479.00,-813.00,-134.43
07:27:30.150810,-2468.00,-827.00,-139.60
07:27:30.307757,-2469.00,-828.00,-143.95
07:27:30.491797,-2482.00,-812.00,-143.57
07:27:30.673118,-2485.00,-807.00,-144.91
07:27:30.810027,-2492.00,-801.00,-143.75
07:27:31.026156,-2497.00,-797.00,-139.55
07:27:31.147965,-2500.00,-796.00,-136.18
07:27:31.325780,-2497.00,-799.00,-129.97
07:27:31.519232,-2488.00,-806.00,-134.31
07:27:31.651311,-2478.00,-820.00,-140.38
07:27:31.828064,-2485.00,-813.00,-142.44
07:27:32.002943,-2496.00,-800.00,-143.09
07:27:32.145574,-2494.00,-802.00,-143.22
07:27:32.339179,-2500.00,-796.00,-141.05
07:27:32.479316,-2504.00,-793.00,-137.02
07:27:32.658308,-2504.00,-795.00,-131.11
07:27:32.832062,-2508.00,-795.00,-129.91
07:27:32.994428,-2504.00,-801.00,-135.38
07:27:33.170928,-2489.00,-819.00,-140.82
07:27:33.324635,-2492.00,-818.00,-140.44
07:27:33.519567,-2497.00,-812.00,-141.67
07:27:33.654536,-2503.00,-806.00,-140.34
07:27:33.801148,-2507.00,-802.00,-138.20
07:27:34.001152,-2509.00,-800.00,-132.68
07:27:34.168077,-2512.00,-798.00,-129.62
07:27:34.362385,-2502.00,-807.00,-136.70
07:27:34.476018,-2495.00,-816.00,-140.25
07:27:34.671223,-2508.00,-802.00,-139.99
07:27:34.799098,-2508.00,-802.00,-141.33
07:27:34.983759,-2516.00,-793.00,-140.48
07:27:35.173892,-2519.00,-790.00,-136.95
07:27:35.367328,-2518.00,-790.00,-131.11
07:27:35.486497,-2520.00,-790.00,-127.90
07:27:35.676908,-2506.00,-802.00,-135.24
07:27:35.831339,-2494.00,-816.00,-138.82
07:27:35.973765,-2485.00,-828.00,-138.71
07:27:36.116334,-2488.00,-825.00,-138.72
07:27:36.302376,-2499.00,-814.00,-138.99
07:27:36.534806,-2511.00,-801.00,-139.42
07:27:36.634744,-2514.00,-797.00,-137.49
07:27:36.846590,-2517.00,-795.00,-132.52
07:27:36.996956,-2512.00,-799.00,-127.54
07:27:37.179915,-2504.00,-806.00,-132.94
07:27:37.333355,-2492.00,-819.00,-137.91
07:27:37.502434,-2499.00,-812.00,-138.39
07:27:37.653856,-2509.00,-800.00,-138.79
07:27:37.837699,-2507.00,-803.00,-139.11
07:27:37.997958,-2511.00,-799.00,-136.61
07:27:38.184082,-2514.00,-797.00,-131.55
07:27:38.353837,-2507.00,-803.00,-125.88
07:27:38.508996,-2501.00,-807.00,-131.37
07:27:38.663555,-2496.00,-815.00,-138.15
07:27:38.827663,-2496.00,-817.00,-138.42
07:27:38.973227,-2505.00,-807.00,-139.06
07:27:39.153225,-2514.00,-797.00,-139.03
07:27:39.314611,-2518.00,-794.00,-136.27
07:27:39.496186,-2521.00,-792.00,-131.69
07:27:39.674314,-2525.00,-790.00,-126.22
07:27:39.846976,-2512.00,-800.00,-132.03
07:27:40.012158,-2496.00,-816.00,-137.48
07:27:40.159757,-2498.00,-815.00,-137.06
07:27:40.309959,-2508.00,-805.00,-138.24
07:27:40.508383,-2517.00,-796.00,-134.88
07:27:40.679260,-2521.00,-793.00,-129.71
07:27:40.851003,-2532.00,-784.00,-125.52
07:27:40.984792,-2537.00,-781.00,-120.40
07:27:41.198374,-2519.00,-787.00,-120.61
07:27:41.319118,-2509.00,-793.00,-124.54
07:27:41.510617,-2492.00,-808.00,-129.38
07:27:41.667201,-2492.00,-809.00,-131.95
07:27:41.844278,-2494.00,-809.00,-135.37
07:27:41.976119,-2496.00,-807.00,-135.19
07:27:42.155865,-2493.00,-811.00,-135.15
07:27:42.349395,-2478.00,-827.00,-135.15
07:27:42.510426,-2464.00,-843.00,-135.14
07:27:42.651867,-2497.00,-819.00,-134.82
07:27:42.850422,-2480.00,-837.00,-134.84
07:27:43.007257,-2496.00,-824.00,-134.99
07:27:43.154083,-2483.00,-837.00,-134.99
07:27:43.350837,-2499.00,-821.00,-134.89
07:27:43.502161,-2483.00,-838.00,-134.91
07:27:43.686177,-2469.00,-852.00,-134.90
07:27:43.833736,-2495.00,-824.00,-134.88
07:27:43.977044,-2482.00,-838.00,-134.87
07:27:44.169790,-2499.00,-821.00,-134.92
07:27:44.330637,-2484.00,-837.00,-134.95
07:27:44.505582,-2469.00,-852.00,-134.93
07:27:44.644100,-2495.00,-825.00,-134.55
07:27:44.832686,-2477.00,-843.00,-134.59
07:27:44.988582,-2504.00,-820.00,-134.91
07:27:45.166348,-2488.00,-836.00,-134.91
07:27:45.359977,-2470.00,-853.00,-134.95
07:27:45.487385,-2498.00,-823.00,-135.11
07:27:45.643561,-2485.00,-836.00,-135.13
07:27:45.837523,-2499.00,-821.00,-135.01
07:27:45.974984,-2488.00,-832.00,-135.02
07:27:46.154969,-2471.00,-850.00,-135.05
07:27:46.318187,-2497.00,-823.00,-135.10
07:27:46.487787,-2483.00,-838.00,-135.10
07:27:46.632551,-2506.00,-819.00,-135.01
07:27:46.823675,-2489.00,-836.00,-135.02
07:27:46.970373,-2477.00,-848.00,-135.02
07:27:47.185256,-2494.00,-828.00,-134.92
07:27:47.302907,-2483.00,-839.00,-134.97
07:27:47.502015,-2499.00,-823.00,-134.93
07:27:47.646185,-2486.00,-836.00,-134.92
07:27:47.831560,-2501.00,-822.00,-135.02
07:27:47.978116,-2488.00,-835.00,-135.03
07:27:48.181282,-2470.00,-852.00,-135.06
07:27:48.303246,-2501.00,-823.00,-135.07
07:27:48.483480,-2486.00,-838.00,-135.06
07:27:48.678987,-2501.00,-825.00,-135.04
07:27:48.826279,-2490.00,-836.00,-135.08
07:27:48.999312,-2476.00,-850.00,-135.09
07:27:49.150880,-2502.00,-821.00,-135.18
07:27:49.338495,-2484.00,-840.00,-135.15
07:27:49.465159,-2505.00,-818.00,-135.14
07:27:49.654639,-2486.00,-837.00,-135.13
07:27:49.848035,-2472.00,-851.00,-135.13
07:27:50.008966,-2495.00,-827.00,-135.04
07:27:50.176306,-2481.00,-840.00,-135.05
07:27:50.307493,-2498.00,-820.00,-135.12
07:27:50.517226,-2480.00,-839.00,-135.07
07:27:50.668977,-2499.00,-821.00,-135.03
07:27:50.840363,-2484.00,-837.00,-135.02
07:27:50.981942,-2472.00,-849.00,-135.05
07:27:51.135135,-2503.00,-821.00,-135.03
07:27:51.347817,-2484.00,-840.00,-135.05
07:27:51.481917,-2506.00,-821.00,-135.01
07:27:51.677739,-2490.00,-837.00,-135.04
07:27:51.837930,-2475.00,-851.00,-135.05
07:27:51.993603,-2503.00,-823.00,-135.05
07:27:52.128108,-2492.00,-834.00,-135.06
07:27:52.337656,-2473.00,-854.00,-135.04
07:27:52.465337,-2499.00,-821.00,-135.18
07:27:52.670204,-2481.00,-839.00,-135.16
07:27:52.837286,-2468.00,-853.00,-135.17
07:27:52.998695,-2492.00,-826.00,-135.08
07:27:53.200651,-2474.00,-844.00,-135.07
07:27:53.319020,-2464.00,-853.00,-135.07
07:27:53.492274,-2499.00,-825.00,-135.06
07:27:53.643736,-2485.00,-838.00,-135.05
07:27:53.819408,-2498.00,-822.00,-135.04
07:27:53.975100,-2485.00,-835.00,-135.04
07:27:54.154356,-2500.00,-824.00,-135.16
07:27:54.318895,-2487.00,-837.00,-135.16
07:27:54.487987,-2473.00,-851.00,-135.16
07:27:54.640055,-2501.00,-823.00,-134.97
07:27:54.826345,-2485.00,-840.00,-134.99
07:27:55.008426,-2501.00,-824.00,-135.06
07:27:55.159282,-2487.00,-838.00,-135.07
07:27:55.312495,-2475.00,-849.00,-135.08
07:27:55.505201,-2489.00,-827.00,-135.14
07:27:55.648193,-2480.00,-837.00,-135.11
07:27:55.826997,-2501.00,-822.00,-135.07
07:27:55.974097,-2488.00,-835.00,-135.06
07:27:56.169847,-2471.00,-852.00,-135.07
07:27:56.318641,-2497.00,-824.00,-135.06
07:27:56.499169,-2482.00,-840.00,-135.09
07:27:56.677923,-2495.00,-823.00,-135.20
07:27:56.824815,-2482.00,-836.00,-135.19
07:27:56.978559,-2504.00,-820.00,-135.07
07:27:57.158020,-2487.00,-837.00,-135.05
07:27:57.328253,-2473.00,-851.00,-135.06
07:27:57.526526,-2481.00,-828.00,-135.14
07:27:57.657157,-2469.00,-841.00,-135.13
07:27:57.825096,-2494.00,-821.00,-135.13
07:27:57.979270,-2480.00,-836.00,-135.14
07:27:58.171279,-2500.00,-823.00,-135.08
07:27:58.327327,-2486.00,-836.00,-135.08
07:27:58.508781,-2469.00,-854.00,-135.07
07:27:58.653304,-2497.00,-827.00,-134.95
07:27:58.848273,-2482.00,-842.00,-135.00
07:27:58.979264,-2502.00,-823.00,-135.18
07:27:59.190567,-2484.00,-841.00,-135.20
07:27:59.310045,-2474.00,-851.00,-135.18
07:27:59.522727,-2494.00,-827.00,-135.09
07:27:59.657078,-2481.00,-840.00,-135.07
07:27:59.806015,-2503.00,-821.00,-135.10
07:28:00.023098,-2485.00,-840.00,-135.12
07:28:00.139036,-2476.00,-849.00,-135.09
07:28:00.320814,-2491.00,-824.00,-135.02
07:28:00.470937,-2479.00,-837.00,-135.00
07:28:00.691378,-2496.00,-825.00,-135.09
07:28:00.824299,-2485.00,-836.00,-135.09
07:28:01.013847,-2499.00,-824.00,-135.15
07:28:01.179570,-2493.00,-830.00,-135.14
08:19:20.321552,-1326.00,-149.00,90.30
08:19:20.484059,-1322.00,-149.00,94.60
08:19:20.680887,-1319.00,-149.00,107.50
08:19:20.836725,-1319.00,-149.00,118.14
08:19:21.015736,-1319.00,-149.00,132.84
08:19:21.179388,-1319.00,-149.00,143.87
08:19:21.344219,-1318.00,-149.00,153.50
08:19:21.532179,-1318.00,-150.00,158.77
08:19:21.659586,-1318.00,-152.00,162.53
08:19:21.807199,-1320.00,-161.00,165.63
08:19:21.998606,-1322.00,-169.00,162.54
08:19:22.140607,-1319.00,-162.00,162.43
08:19:22.292244,-1315.00,-152.00,163.87
08:19:22.503091,-1314.00,-149.00,175.47
08:19:22.686421,-1314.00,-149.00,-178.29
08:19:22.877957,-1313.00,-148.00,-172.50
08:19:22.997714,-1312.00,-149.00,-164.38
08:19:23.190598,-1309.00,-161.00,-164.99
08:19:23.354993,-1309.00,-160.00,-166.96
08:19:23.521342,-1312.00,-148.00,-167.31
08:19:23.659179,-1312.00,-145.00,-164.14
08:19:23.881399,-1314.00,-141.00,-157.70
08:19:24.001044,-1314.00,-140.00,-154.35
08:19:24.199928,-1310.00,-147.00,-147.72
08:19:24.338927,-1305.00,-154.00,-149.09
08:19:24.504175,-1299.00,-165.00,-152.93
08:19:24.675693,-1304.00,-155.00,-153.13
08:19:24.845157,-1308.00,-147.00,-151.86
08:19:25.036653,-1310.00,-144.00,-145.81
08:19:25.164309,-1311.00,-143.00,-142.46
08:19:25.332494,-1310.00,-144.00,-137.71
08:19:25.521142,-1304.00,-149.00,-130.65
08:19:25.677080,-1300.00,-151.00,-125.13
08:19:25.847501,-1295.00,-155.00,-118.68
08:19:25.994385,-1290.00,-157.00,-115.40
08:19:26.171797,-1281.00,-161.00,-114.73
08:19:26.315522,-1272.00,-165.00,-114.34
08:19:26.466871,-1257.00,-171.00,-112.94
08:19:26.666035,-1237.00,-179.00,-110.74
08:19:26.817179,-1215.00,-186.00,-109.25
08:19:26.982380,-1194.00,-192.00,-108.21
08:19:27.152873,-1166.00,-201.00,-107.60
08:19:27.316681,-1137.00,-210.00,-107.15
08:19:27.481608,-1109.00,-218.00,-107.03
08:19:27.673118,-1102.00,-220.00,-107.10
08:19:27.814028,-1116.00,-215.00,-106.59
08:19:27.966958,-1121.00,-213.00,-105.33
08:19:28.189388,-1123.00,-211.00,-100.88
08:19:28.306908,-1121.00,-211.00,-97.42
08:19:28.511950,-1116.00,-212.00,-90.29
08:19:28.690594,-1115.00,-211.00,-84.55
08:19:28.844259,-1114.00,-211.00,-79.85
08:19:29.023617,-1098.00,-207.00,-79.16
08:19:29.157580,-1080.00,-203.00,-83.13
08:19:29.380648,-1048.00,-201.00,-92.45
08:19:29.499166,-1028.00,-202.00,-97.76
08:19:29.649624,-1006.00,-206.00,-104.22
08:19:29.832515,-982.00,-214.00,-111.78
08:19:30.005203,-957.00,-225.00,-119.00
08:19:30.183493,-936.00,-239.00,-126.78
08:19:30.343111,-916.00,-256.00,-134.18
08:19:30.540556,-898.00,-273.00,-141.65
08:19:30.658897,-887.00,-289.00,-147.11
08:19:30.840370,-876.00,-310.00,-154.27
08:19:31.042225,-866.00,-340.00,-164.76
08:19:31.169292,-862.00,-357.00,-170.35
08:19:31.323179,-859.00,-378.00,-177.25
08:19:31.509620,-858.00,-385.00,176.91
08:19:31.661057,-857.00,-373.00,178.61
08:19:31.832301,-856.00,-361.00,180.58
08:19:31.996486,-856.00,-358.00,-176.55
08:19:32.191061,-855.00,-357.00,-172.46
08:19:32.335559,-853.00,-363.00,-167.42
08:19:32.516762,-847.00,-387.00,-170.78
08:19:32.687254,-845.00,-408.00,-176.46
08:19:32.856024,-844.00,-434.00,176.09
08:19:32.995373,-846.00,-455.00,169.77
08:19:33.153409,-851.00,-476.00,163.28
08:19:33.323643,-856.00,-491.00,156.45
08:19:33.490691,-858.00,-498.00,158.81
08:19:33.675158,-863.00,-513.00,162.36
08:19:33.855032,-869.00,-531.00,163.54
08:19:33.981810,-871.00,-545.00,163.84
08:19:34.160995,-878.00,-568.00,164.28
08:19:34.303809,-883.00,-589.00,164.61
08:19:34.489185,-889.00,-615.00,165.01
08:19:34.709129,-898.00,-654.00,165.09
08:19:34.850987,-906.00,-682.00,165.31
08:19:35.000031,-914.00,-713.00,165.46
08:19:35.159806,-923.00,-745.00,165.50
08:19:35.307652,-932.00,-780.00,165.63
08:19:35.476003,-940.00,-820.00,165.68
08:19:35.659133,-951.00,-863.00,165.58
08:19:35.830037,-962.00,-905.00,165.52
08:19:36.015415,-972.00,-946.00,165.43
08:19:36.178627,-982.00,-986.00,165.49
08:19:36.302593,-990.00,-1018.00,165.56
08:19:36.479301,-999.00,-1057.00,163.38
08:19:36.664075,-997.00,-1055.00,162.76
08:19:36.840090,-992.00,-1041.00,163.16
08:19:37.000408,-990.00,-1036.00,167.66
08:19:37.162762,-990.00,-1035.00,172.05
08:19:37.326916,-989.00,-1035.00,176.77
08:19:37.518052,-989.00,-1043.00,-178.59
08:19:37.680223,-987.00,-1057.00,178.56
08:19:37.853518,-987.00,-1073.00,172.82
08:19:37.990303,-986.00,-1065.00,172.93
08:19:38.177095,-984.00,-1053.00,172.85
08:19:38.322038,-983.00,-1049.00,-179.14
08:19:38.467885,-984.00,-1047.00,-171.43
08:19:38.672744,-983.00,-1047.00,-165.57
08:19:38.841518,-983.00,-1048.00,-160.13
08:19:39.021657,-976.00,-1060.00,-153.99
08:19:39.181643,-970.00,-1071.00,-158.12
08:19:39.382872,-976.00,-1058.00,-157.97
08:19:39.489210,-977.00,-1053.00,-157.66
08:19:39.640354,-979.00,-1050.00,-152.66
08:19:39.845265,-979.00,-1048.00,-146.24
08:19:40.010512,-979.00,-1050.00,-142.12
08:19:40.186023,-975.00,-1054.00,-135.74
08:19:40.341156,-971.00,-1058.00,-130.38
08:19:40.544319,-960.00,-1065.00,-122.92
08:19:40.651386,-951.00,-1068.00,-125.50
08:19:40.824743,-932.00,-1082.00,-132.06
08:19:41.010551,-914.00,-1101.00,-139.04
08:19:41.187261,-900.00,-1120.00,-147.06
08:19:41.344070,-886.00,-1142.00,-154.58
08:19:41.499374,-877.00,-1161.00,-161.20
08:19:41.700592,-871.00,-1175.00,-169.12
08:19:41.833758,-871.00,-1166.00,-167.74
08:19:41.989363,-874.00,-1153.00,-166.50
08:19:42.163275,-876.00,-1143.00,-163.56
08:19:42.320839,-877.00,-1141.00,-158.21
08:19:42.525131,-877.00,-1140.00,-152.78
08:19:42.654371,-874.00,-1143.00,-148.39
08:19:42.836508,-866.00,-1158.00,-147.41
08:19:43.015139,-854.00,-1179.00,-154.02
08:19:43.173362,-844.00,-1203.00,-160.96
08:19:43.329943,-838.00,-1224.00,-167.55
08:19:43.481968,-834.00,-1245.00,-173.83
08:19:43.675431,-833.00,-1276.00,177.53
08:19:43.819412,-834.00,-1297.00,171.01
08:19:44.034358,-839.00,-1325.00,162.56
08:19:44.177641,-847.00,-1345.00,156.26
08:19:44.344852,-859.00,-1369.00,148.84
08:19:44.506625,-871.00,-1387.00,142.50
08:19:44.669121,-887.00,-1406.00,135.22
08:19:44.835719,-903.00,-1421.00,128.77
08:19:44.994369,-925.00,-1437.00,121.19
08:19:45.168828,-945.00,-1446.00,114.05
08:19:45.370754,-970.00,-1456.00,105.66
08:19:45.520761,-992.00,-1461.00,99.20
08:19:45.693899,-1017.00,-1462.00,91.45
08:19:45.845913,-1037.00,-1459.00,85.04
08:19:46.029631,-1063.00,-1456.00,77.93
08:19:46.160079,-1081.00,-1451.00,72.90
08:19:46.318620,-1077.00,-1455.00,69.24
08:19:46.501166,-1063.00,-1459.00,70.25
08:19:46.670236,-1059.00,-1462.00,75.28
08:19:46.863235,-1057.00,-1462.00,80.45
08:19:47.008424,-1057.00,-1462.00,84.64
08:19:47.196717,-1069.00,-1462.00,90.57
08:19:47.343348,-1089.00,-1459.00,86.66
08:19:47.493109,-1110.00,-1457.00,80.92
08:19:47.678972,-1135.00,-1451.00,73.19
08:19:47.824616,-1155.00,-1444.00,66.78
08:19:48.006875,-1179.00,-1432.00,59.60
08:19:48.190824,-1200.00,-1418.00,52.02
08:19:48.339692,-1217.00,-1403.00,45.80
08:19:48.495177,-1235.00,-1384.00,38.60
08:19:48.685235,-1247.00,-1365.00,30.80
08:19:48.830962,-1258.00,-1346.00,24.28
08:19:49.014261,-1268.00,-1321.00,17.12
08:19:49.165601,-1273.00,-1299.00,10.87
08:19:49.336071,-1277.00,-1273.00,3.74
08:19:49.543517,-1276.00,-1239.00,-6.11
08:19:49.685215,-1274.00,-1221.00,-11.37
08:19:49.834697,-1269.00,-1199.00,-17.72
08:19:49.981055,-1261.00,-1180.00,-23.52
08:19:50.183030,-1267.00,-1193.00,-24.04
08:19:50.305662,-1271.00,-1202.00,-24.02
08:19:50.529318,-1276.00,-1209.00,-12.57
08:19:50.699343,-1276.00,-1209.00,-0.02
08:19:50.831624,-1276.00,-1210.00,8.70
08:19:51.019394,-1275.00,-1211.00,23.44
08:19:51.186801,-1275.00,-1211.00,34.32
08:19:51.362673,-1275.00,-1209.00,41.95
08:19:51.506147,-1276.00,-1210.00,46.34
08:19:51.712083,-1280.00,-1209.00,52.74
08:19:51.831698,-1283.00,-1207.00,56.45
08:19:52.021914,-1288.00,-1204.00,62.75
08:19:52.170614,-1293.00,-1201.00,64.58
08:19:52.372968,-1305.00,-1195.00,64.59
08:19:52.488798,-1313.00,-1191.00,64.88
08:19:52.666164,-1331.00,-1183.00,66.41
08:19:52.841784,-1350.00,-1176.00,68.46
08:19:52.977386,-1369.00,-1168.00,70.55
08:19:53.161392,-1395.00,-1159.00,72.08
08:19:53.332182,-1423.00,-1150.00,72.58
08:19:53.509785,-1455.00,-1141.00,72.97
08:19:53.680325,-1488.00,-1131.00,73.01
08:19:53.842528,-1501.00,-1127.00,72.84
08:19:53.987854,-1486.00,-1136.00,72.62
08:19:54.156193,-1483.00,-1141.00,73.98
08:19:54.354120,-1481.00,-1143.00,78.10
08:19:54.512542,-1485.00,-1143.00,82.95
08:19:54.675343,-1492.00,-1141.00,89.12
08:19:54.831032,-1511.00,-1141.00,87.02
08:19:55.041616,-1538.00,-1139.00,79.27
08:19:55.161686,-1556.00,-1133.00,73.91
08:19:55.373277,-1585.00,-1119.00,64.03
08:19:55.525969,-1604.00,-1108.00,57.95
08:19:55.703877,-1616.00,-1098.00,50.23
08:19:55.849911,-1610.00,-1105.00,51.29
08:19:56.084364,-1602.00,-1113.00,55.77
08:19:56.206528,-1602.00,-1113.00,60.02
08:19:56.368959,-1602.00,-1114.00,64.69
08:19:56.539319,-1604.00,-1113.00,68.89
08:19:56.698859,-1625.00,-1106.00,66.68
08:19:56.866684,-1644.00,-1098.00,60.80
08:19:57.011195,-1660.00,-1086.00,54.26
08:19:57.190941,-1679.00,-1069.00,47.15
08:19:57.341022,-1694.00,-1052.00,40.75
08:19:57.517561,-1711.00,-1030.00,33.04
08:19:57.683377,-1723.00,-1009.00,25.59
08:19:57.856530,-1732.00,-985.00,18.00
08:19:57.999964,-1738.00,-965.00,11.85
08:19:58.245434,-1743.00,-928.00,1.27
08:19:58.350836,-1744.00,-916.00,-2.99
08:19:58.540341,-1741.00,-891.00,-10.30
08:19:58.671255,-1737.00,-870.00,-16.61
08:19:58.883307,-1728.00,-842.00,-24.87
08:19:59.002058,-1720.00,-826.00,-29.90
08:19:59.202244,-1707.00,-806.00,-38.53
08:19:59.331269,-1703.00,-800.00,-37.66
08:19:59.540782,-1694.00,-789.00,-33.24
08:19:59.683131,-1686.00,-776.00,-28.97
08:19:59.827529,-1679.00,-763.00,-23.67
08:20:00.022794,-1671.00,-739.00,-16.23
08:20:00.191685,-1666.00,-718.00,-15.32
08:20:00.380735,-1660.00,-690.00,-15.30
08:20:00.501802,-1655.00,-669.00,-15.58
08:20:00.668996,-1647.00,-637.00,-15.52
08:20:00.859050,-1637.00,-601.00,-15.50
08:20:01.006836,-1629.00,-569.00,-15.38
08:20:01.174552,-1619.00,-530.00,-15.03
08:20:01.316740,-1613.00,-502.00,-15.57
08:20:01.521538,-1605.00,-476.00,-17.63
08:20:01.657251,-1610.00,-492.00,-15.58
08:20:01.829197,-1615.00,-501.00,-13.84
08:20:02.021800,-1617.00,-504.00,-10.81
08:20:02.194423,-1617.00,-504.00,-6.49
08:20:02.335865,-1616.00,-501.00,-2.49
08:20:02.533938,-1617.00,-499.00,4.46
08:20:02.689873,-1617.00,-498.00,7.55
08:20:02.824903,-1617.00,-499.00,10.58
08:20:03.016067,-1619.00,-490.00,12.65
08:20:03.177021,-1624.00,-468.00,8.26
08:20:03.329500,-1627.00,-446.00,2.44
08:20:03.516243,-1627.00,-421.00,-4.96
08:20:03.708650,-1622.00,-396.00,-13.60
08:20:03.843809,-1615.00,-377.00,-20.30
08:20:04.003322,-1607.00,-361.00,-26.86
08:20:04.203753,-1600.00,-350.00,-29.15
08:20:04.334278,-1597.00,-347.00,-26.73
08:20:04.510638,-1590.00,-334.00,-23.68
08:20:04.672662,-1584.00,-316.00,-22.84
08:20:04.864845,-1573.00,-291.00,-30.33
08:20:05.006886,-1563.00,-270.00,-36.23
08:20:05.176707,-1567.00,-273.00,-38.87
08:20:05.374078,-1576.00,-286.00,-38.74
08:20:05.506598,-1578.00,-288.00,-37.53
08:20:05.684547,-1580.00,-289.00,-33.54
08:20:05.865603,-1577.00,-281.00,-28.91
08:20:05.993291,-1569.00,-266.00,-31.57
08:20:06.204552,-1551.00,-242.00,-40.24
08:20:06.335389,-1555.00,-246.00,-42.75
08:20:06.524600,-1566.00,-259.00,-41.25
08:20:06.693143,-1569.00,-262.00,-37.09
08:20:06.844705,-1569.00,-264.00,-31.89
08:20:07.013288,-1569.00,-262.00,-27.67
08:20:07.208709,-1562.00,-247.00,-25.79
08:20:07.322199,-1557.00,-230.00,-30.40
08:20:07.499189,-1543.00,-208.00,-37.71
08:20:07.654795,-1528.00,-193.00,-44.10
08:20:07.857594,-1507.00,-177.00,-52.94
08:20:07.999167,-1488.00,-165.00,-59.19
08:20:08.160796,-1473.00,-156.00,-64.23
08:20:08.323745,-1450.00,-146.00,-71.63
08:20:08.508247,-1425.00,-139.00,-79.03
08:20:08.661751,-1403.00,-136.00,-85.45
08:20:08.835301,-1388.00,-136.00,-92.21
08:20:08.992501,-1389.00,-136.00,-91.91
08:20:09.191571,-1387.00,-135.00,-91.63
08:20:09.331972,-1386.00,-135.00,-91.45
08:20:09.510598,-1386.00,-135.00,-91.34
08:21:02.484917,-2373.00,885.00,82.88
08:21:02.681746,-2369.00,887.00,90.51
08:21:02.822788,-2369.00,884.00,99.00
08:21:03.046306,-2370.00,883.00,105.37
08:21:03.172557,-2368.00,882.00,110.61
08:21:03.410964,-2376.00,877.00,118.08
08:21:03.519419,-2378.00,874.00,115.42
08:21:03.719092,-2363.00,880.00,115.41
08:21:03.836367,-2361.00,879.00,118.34
08:21:04.052788,-2359.00,881.00,124.97
08:21:04.177284,-2358.00,880.00,128.80
08:21:04.376602,-2361.00,877.00,135.02
08:21:04.523649,-2365.00,873.00,140.39
08:21:04.674988,-2369.00,868.00,145.55
08:21:04.845337,-2369.00,867.00,151.08
08:21:05.021059,-2378.00,853.00,151.76
08:21:05.179157,-2389.00,832.00,145.40
08:21:05.340826,-2402.00,814.00,139.18
08:21:05.544409,-2424.00,793.00,130.60
08:21:05.684085,-2441.00,783.00,123.65
08:21:05.847115,-2461.00,772.00,117.24
08:21:06.027724,-2488.00,761.00,108.96
08:21:06.165021,-2507.00,756.00,103.52
08:21:06.345904,-2532.00,752.00,96.25
08:21:06.511848,-2526.00,753.00,92.70
08:21:06.701690,-2513.00,752.00,94.56
08:21:06.833950,-2511.00,753.00,99.30
08:21:07.024356,-2510.00,755.00,105.20
08:21:07.208961,-2512.00,754.00,110.86
08:21:07.360813,-2522.00,751.00,114.39
08:21:07.512529,-2539.00,743.00,109.71
08:21:07.692742,-2563.00,735.00,102.27
08:21:07.839999,-2585.00,730.00,95.51
08:21:08.002563,-2611.00,728.00,88.24
08:21:08.188088,-2636.00,732.00,80.64
08:21:08.350401,-2662.00,735.00,73.40
08:21:08.543009,-2686.00,744.00,65.71
08:21:08.684868,-2706.00,754.00,59.40
08:21:08.860229,-2728.00,767.00,52.24
08:21:09.010790,-2744.00,783.00,45.88
08:21:09.166262,-2759.00,799.00,39.68
08:21:09.357918,-2778.00,823.00,31.39
08:21:09.514557,-2788.00,842.00,24.84
08:21:09.681110,-2797.00,866.00,17.12
08:21:09.811691,-2802.00,884.00,12.01
08:21:10.020740,-2807.00,914.00,3.82
08:21:10.168224,-2808.00,936.00,-2.36
08:21:10.324522,-2808.00,961.00,-10.04
08:21:10.486372,-2804.00,981.00,-16.42
08:21:10.661098,-2797.00,1005.00,-23.65
08:21:10.836854,-2789.00,1027.00,-30.78
08:21:11.005749,-2774.00,1049.00,-38.37
08:21:11.204344,-2754.00,1067.00,-46.97
08:21:11.321566,-2743.00,1076.00,-51.26
08:21:11.511850,-2736.00,1083.00,-58.30
08:21:11.688158,-2748.00,1075.00,-57.09
08:21:11.835101,-2760.00,1067.00,-56.03
08:21:11.999583,-2764.00,1064.00,-50.93
08:21:12.203254,-2765.00,1063.00,-45.18
08:21:12.327260,-2765.00,1062.00,-41.69
08:21:12.525276,-2756.00,1071.00,-36.13
08:21:12.702198,-2740.00,1093.00,-41.85
08:21:12.833786,-2728.00,1104.00,-46.71
08:21:12.988333,-2711.00,1118.00,-52.93
08:21:13.160094,-2689.00,1132.00,-60.43
08:21:13.342761,-2668.00,1142.00,-67.59
08:21:13.498391,-2643.00,1152.00,-75.28
08:21:13.666997,-2621.00,1157.00,-81.67
08:21:13.826897,-2596.00,1163.00,-89.04
08:21:13.985082,-2574.00,1165.00,-95.46
08:21:14.153769,-2547.00,1163.00,-102.51
08:21:14.303709,-2525.00,1156.00,-108.80
08:21:14.522950,-2496.00,1143.00,-118.67
08:21:14.649236,-2479.00,1131.00,-123.74
08:21:14.835394,-2460.00,1116.00,-131.52
08:21:14.997275,-2445.00,1101.00,-137.78
08:21:15.149729,-2428.00,1082.00,-144.77
08:21:15.337067,-2412.00,1061.00,-152.60
08:21:15.542237,-2399.00,1033.00,-161.19
08:21:15.662964,-2394.00,1014.00,-166.23
08:21:15.821851,-2389.00,992.00,-172.53
08:21:16.014644,-2387.00,964.00,179.11
08:21:16.164767,-2387.00,947.00,173.02
08:21:16.350800,-2384.00,960.00,172.21
08:21:16.493889,-2381.00,967.00,172.84
08:21:16.712960,-2380.00,971.00,-180.05
08:21:16.826690,-2380.00,972.00,-176.52
08:21:17.014274,-2379.00,971.00,-170.86
08:21:17.216615,-2377.00,954.00,-167.74
08:21:17.326040,-2374.00,937.00,-171.67
08:21:17.508752,-2372.00,911.00,-178.80
08:21:17.692358,-2373.00,887.00,173.44
08:21:17.832273,-2376.00,863.00,166.64
08:21:18.012974,-2384.00,838.00,158.94
08:21:18.157565,-2393.00,817.00,152.74
08:21:18.329146,-2392.00,816.00,149.83
08:21:18.485213,-2393.00,815.00,150.16
08:21:18.659960,-2392.00,816.00,150.34
08:21:18.824630,-2393.00,815.00,150.45
08:21:18.993623,-2393.00,815.00,150.57
08:21:19.171521,-2393.00,815.00,150.69
08:23:40.000140,1366.00,1307.00,-90.11
08:23:40.170011,1359.00,1305.00,-84.19
08:23:40.358944,1362.00,1306.00,-78.48
08:23:40.542054,1368.00,1307.00,-72.81
08:23:40.684566,1370.00,1309.00,-67.58
08:23:40.856848,1377.00,1313.00,-61.39
08:23:41.009855,1381.00,1315.00,-55.84
08:23:41.196511,1394.00,1326.00,-53.79
08:23:41.316097,1408.00,1339.00,-58.17
08:23:41.537847,1436.00,1352.00,-67.44
08:23:41.693771,1455.00,1358.00,-74.31
08:23:41.860309,1481.00,1363.00,-82.41
08:23:41.999342,1498.00,1365.00,-87.95
08:23:42.195971,1525.00,1365.00,-96.80
08:23:42.324378,1543.00,1365.00,-102.57
08:23:42.508271,1556.00,1365.00,-104.75
08:23:42.667695,1568.00,1365.00,-104.24
08:23:42.819202,1580.00,1363.00,-104.10
08:23:43.003250,1595.00,1360.00,-104.07
08:23:43.152825,1613.00,1355.00,-104.41
08:23:43.341864,1640.00,1348.00,-105.19
08:23:43.502008,1661.00,1342.00,-105.86
08:23:43.684556,1695.00,1333.00,-106.49
08:23:43.833590,1720.00,1325.00,-106.84
08:23:44.039752,1760.00,1313.00,-107.40
08:23:44.187404,1793.00,1304.00,-107.92
08:23:44.360005,1833.00,1293.00,-108.32
08:23:44.520745,1866.00,1283.00,-108.60
08:23:44.676384,1899.00,1271.00,-108.57
08:23:44.866608,1942.00,1256.00,-108.31
08:23:45.006261,1969.00,1247.00,-108.15
08:23:45.167153,2011.00,1235.00,-108.18
08:23:45.334295,2050.00,1224.00,-108.39
08:23:45.498286,2086.00,1213.00,-108.24
08:23:45.666427,2090.00,1213.00,-108.01
08:23:45.845602,2093.00,1212.00,-107.84
08:23:46.005118,2094.00,1212.00,-107.84
08:23:46.162071,2095.00,1213.00,-107.86
08:24:39.851332,326.00,1069.00,-161.69
08:24:39.990489,326.00,1070.00,-156.97
08:24:40.215546,326.00,1071.00,-150.60
08:24:40.340734,327.00,1071.00,-146.58
08:24:40.517155,333.00,1065.00,-140.41
08:24:40.684617,337.00,1061.00,-135.26
08:24:40.836948,328.00,1070.00,-131.20
08:24:41.038221,323.00,1077.00,-129.26
08:24:41.186197,322.00,1077.00,-125.99
08:24:41.348212,322.00,1077.00,-121.60
08:24:41.535135,326.00,1073.00,-115.48
08:24:41.707123,330.00,1070.00,-108.74
08:24:41.842738,335.00,1067.00,-103.49
08:24:42.002300,342.00,1066.00,-99.84
08:24:42.207692,353.00,1065.00,-99.11
08:24:42.330983,362.00,1063.00,-99.06
08:24:42.499089,378.00,1061.00,-97.52
08:24:42.645148,394.00,1060.00,-96.14
08:24:42.855944,418.00,1057.00,-94.66
08:24:43.021422,446.00,1055.00,-93.92
08:24:43.175609,468.00,1055.00,-93.18
08:24:43.356056,499.00,1055.00,-93.02
08:24:43.492795,529.00,1054.00,-92.95
08:24:43.664011,531.00,1054.00,-93.46
08:24:43.845796,516.00,1056.00,-93.21
08:24:44.004979,514.00,1058.00,-91.34
08:24:44.181567,515.00,1059.00,-87.09
08:24:44.372539,522.00,1060.00,-80.47
08:24:44.476270,526.00,1059.00,-77.21
08:24:44.688313,527.00,1060.00,-76.82
08:24:44.849838,528.00,1058.00,-77.01
08:24:45.021631,527.00,1058.00,-77.06
08:24:45.169816,526.00,1058.00,-77.17
08:24:45.340764,527.00,1058.00,-77.23
08:24:45.525575,531.00,1058.00,-77.18
08:24:45.654480,532.00,1058.00,-77.16
08:24:45.847370,529.00,1058.00,-77.16
08:24:46.017678,529.00,1057.00,-77.13
08:24:46.180208,531.00,1058.00,-73.52
08:24:46.338018,532.00,1058.00,-68.32
08:24:46.529986,531.00,1058.00,-63.53
08:24:46.687997,540.00,1065.00,-61.59
08:24:46.844555,558.00,1075.00,-66.65
08:24:46.996560,578.00,1083.00,-72.85
08:24:47.197203,606.00,1090.00,-81.72
08:24:47.342983,629.00,1091.00,-88.30
08:24:47.500540,645.00,1090.00,-94.58
08:24:47.666646,668.00,1088.00,-101.66
08:24:47.833202,688.00,1082.00,-107.96
08:24:48.001282,704.00,1077.00,-112.97
08:24:48.179381,717.00,1071.00,-108.92
08:24:48.341241,731.00,1067.00,-104.67
08:24:48.508533,745.00,1066.00,-100.19
08:24:48.655107,760.00,1064.00,-94.76
08:24:48.834157,785.00,1065.00,-93.07
08:24:49.000681,811.00,1063.00,-100.74
08:24:49.174829,809.00,1065.00,-103.71
08:24:49.352749,794.00,1069.00,-103.30
08:24:49.517113,792.00,1070.00,-101.24
08:24:49.692490,791.00,1072.00,-97.01
08:24:49.861655,803.00,1070.00,-94.70
08:24:50.007583,821.00,1069.00,-98.90
08:24:50.186120,842.00,1065.00,-106.68
08:24:50.335489,832.00,1069.00,-106.93
08:24:50.501735,824.00,1072.00,-106.61
08:24:50.676152,821.00,1075.00,-100.82
08:24:50.860350,821.00,1074.00,-95.44
08:24:51.009402,820.00,1075.00,-90.93
08:24:51.222697,845.00,1071.00,-93.67
08:24:51.335269,860.00,1070.00,-97.71
08:24:51.511054,886.00,1067.00,-104.86
08:24:51.679864,911.00,1058.00,-112.83
08:24:51.856758,932.00,1046.00,-120.19
08:24:52.043126,957.00,1032.00,-128.51
08:24:52.206969,974.00,1017.00,-134.76
08:24:52.323122,985.00,1004.00,-140.18
08:24:52.498687,1002.00,984.00,-147.41
08:24:52.650115,1012.00,966.00,-153.97
08:24:52.839285,1024.00,940.00,-162.49
08:24:53.001276,1031.00,919.00,-168.81
08:24:53.184866,1034.00,895.00,-176.02
08:24:53.332975,1033.00,875.00,177.67
08:24:53.513516,1031.00,846.00,169.25
08:24:53.665349,1027.00,831.00,163.39
08:24:53.819808,1027.00,822.00,166.85
08:24:53.990763,1027.00,808.00,171.02
08:24:54.146526,1025.00,793.00,173.19
08:24:54.342696,1023.00,768.00,175.20
08:24:54.490578,1022.00,748.00,176.24
08:24:54.668054,1020.00,722.00,177.11
08:24:54.826414,1018.00,697.00,177.77
08:24:55.000150,1017.00,667.00,178.29
08:24:55.150863,1017.00,639.00,178.55
08:24:55.368840,1018.00,590.00,178.80
08:24:55.483752,1019.00,569.00,179.42
08:24:55.671345,1019.00,524.00,178.91
08:24:55.835498,1017.00,500.00,173.82
08:24:56.006644,1012.00,477.00,165.70
08:24:56.189162,1001.00,452.00,156.54
08:24:56.364140,989.00,430.00,148.49
08:24:56.501406,980.00,417.00,143.20
08:24:56.677662,965.00,397.00,135.64
08:24:56.862948,944.00,377.00,127.52
08:24:56.992933,932.00,369.00,122.55
08:24:57.174176,910.00,356.00,114.65
08:24:57.333081,896.00,349.00,108.07
08:24:57.528323,867.00,341.00,100.05
08:24:57.676074,846.00,338.00,93.98
08:24:57.824687,821.00,337.00,87.70
08:24:58.011746,800.00,339.00,81.38
08:24:58.189518,787.00,340.00,85.89
08:24:58.326483,774.00,341.00,87.61
08:24:58.486765,756.00,341.00,88.32
08:24:58.680346,736.00,342.00,88.84
08:24:58.821009,714.00,341.00,89.38
08:24:59.024338,684.00,340.00,89.80
08:24:59.182874,659.00,339.00,90.28
08:24:59.331148,636.00,339.00,90.01
08:24:59.502718,605.00,338.00,89.65
08:24:59.712574,556.00,337.00,89.46
08:24:59.822652,535.00,338.00,89.26
08:25:00.013706,487.00,338.00,88.99
08:25:00.151716,458.00,339.00,88.90
08:25:00.340723,409.00,337.00,89.04
08:25:00.502482,371.00,336.00,89.02
08:25:00.677865,328.00,337.00,88.88
08:25:00.853566,285.00,338.00,88.97
08:25:01.002861,248.00,336.00,89.05
08:25:01.160884,213.00,337.00,88.13
08:25:01.360424,180.00,339.00,82.88
08:25:01.518961,156.00,343.00,75.02
08:25:01.673951,136.00,349.00,68.38
08:25:01.845104,132.00,348.00,64.53
08:25:02.008824,143.00,342.00,63.90
08:25:02.193692,150.00,338.00,67.70
08:25:02.345191,152.00,338.00,73.39
08:25:02.510056,152.00,338.00,77.71
08:25:02.701730,135.00,339.00,79.96
08:25:02.860513,125.00,342.00,75.16
08:25:03.053715,140.00,336.00,74.81
08:25:03.182431,147.00,335.00,76.10
08:25:03.339275,149.00,334.00,82.57
08:25:03.511003,150.00,332.00,86.80
08:25:03.674847,142.00,331.00,91.87
08:25:03.843576,120.00,332.00,86.91
08:25:03.995254,119.00,332.00,83.49
08:25:04.183408,134.00,329.00,83.23
08:25:04.334780,139.00,327.00,86.97
08:25:04.514339,141.00,325.00,93.09
08:25:04.710314,139.00,324.00,98.12
08:25:04.878252,133.00,325.00,104.10
08:25:05.024962,128.00,325.00,109.51
08:25:05.202008,121.00,322.00,115.00
08:25:05.387877,100.00,310.00,108.83
08:25:05.528825,84.00,306.00,103.62
08:25:05.678825,64.00,302.00,97.16
08:25:05.856317,41.00,300.00,89.39
08:25:06.029085,26.00,301.00,83.82
08:25:06.171995,40.00,298.00,85.01
08:25:06.369742,47.00,295.00,86.41
08:25:06.544610,49.00,295.00,89.95
08:25:06.686851,48.00,297.00,94.32
08:25:06.871181,43.00,296.00,100.85
08:25:07.022661,44.00,296.00,107.41
08:25:07.185223,42.00,296.00,111.59
08:25:07.370560,27.00,289.00,114.26
08:25:07.537343,6.00,279.00,107.62
08:25:07.669281,-12.00,275.00,102.66
08:25:07.873255,-39.00,270.00,94.00
08:25:08.015838,-60.00,271.00,87.28
08:25:08.189977,-83.00,275.00,79.80
08:25:08.354254,-104.00,281.00,73.53
08:25:08.508345,-117.00,284.00,69.75
08:25:08.705823,-132.00,287.00,74.48
08:25:08.828164,-145.00,288.00,77.75
08:25:08.999899,-162.00,292.00,81.99
08:25:09.155248,-182.00,294.00,83.49
08:25:09.346712,-209.00,296.00,84.73
08:25:09.486610,-233.00,298.00,85.37
08:25:09.694600,-267.00,300.00,86.11
08:25:09.812857,-291.00,302.00,86.50
08:25:10.000985,-325.00,303.00,86.83
08:25:10.153682,-358.00,303.00,87.17
08:25:10.342258,-405.00,305.00,87.46
08:25:10.515221,-450.00,306.00,87.51
08:25:10.657750,-480.00,307.00,87.54
08:25:10.861382,-530.00,308.00,87.66
08:25:10.992434,-567.00,309.00,87.69
08:25:11.170995,-611.00,310.00,87.82
08:25:11.342849,-649.00,312.00,86.56
08:25:11.539615,-680.00,312.00,78.96
08:25:11.657680,-691.00,312.00,73.94
08:25:11.841558,-688.00,311.00,73.09
08:25:11.994099,-677.00,305.00,71.87
08:25:12.166152,-674.00,304.00,77.30
08:25:12.323750,-674.00,304.00,76.51
08:25:12.491089,-673.00,304.00,76.56
08:25:12.650168,-673.00,304.00,76.58
08:25:12.835254,-672.00,303.00,76.61
08:26:56.365242,409.00,-755.00,90.91
08:26:56.554177,413.00,-755.00,102.91
08:26:56.721113,410.00,-755.00,109.87
08:26:56.881667,409.00,-756.00,113.97
08:26:57.053596,411.00,-756.00,123.79
08:26:57.192222,403.00,-763.00,125.72
08:26:57.403903,387.00,-777.00,119.36
08:26:57.535625,386.00,-775.00,116.07
08:26:57.702010,401.00,-768.00,115.74
08:26:57.861430,408.00,-765.00,118.47
08:26:58.024194,411.00,-762.00,129.17
08:26:58.246860,409.00,-764.00,137.57
08:26:58.357941,409.00,-764.00,140.47
08:26:58.547698,407.00,-765.00,152.28
08:26:58.731923,396.00,-779.00,149.36
08:26:58.884544,404.00,-768.00,147.98
08:26:59.056120,409.00,-759.00,148.55
08:26:59.214428,411.00,-754.00,154.22
08:26:59.397773,413.00,-754.00,160.06
08:26:59.533111,413.00,-757.00,163.68
08:26:59.717025,410.00,-766.00,168.29
08:26:59.894644,405.00,-786.00,163.39
08:27:00.031296,406.00,-785.00,160.93
08:27:00.198544,411.00,-772.00,160.89
08:27:00.377283,413.00,-768.00,164.88
08:27:00.558521,411.00,-767.00,170.49
08:27:00.731124,414.00,-766.00,175.54
08:27:00.857635,414.00,-768.00,179.55
08:27:01.049564,414.00,-778.00,-534.37
08:27:01.227751,416.00,-802.00,180.64
08:27:01.366755,414.00,-818.00,175.38
08:27:01.563184,409.00,-847.00,166.48
08:27:01.700851,405.00,-860.00,160.06
08:27:01.879125,412.00,-847.00,159.98
08:27:02.031402,415.00,-839.00,160.42
08:27:02.183723,416.00,-836.00,162.86
08:27:02.384598,416.00,-835.00,168.61
08:27:02.520682,414.00,-842.00,173.70
08:27:02.698249,409.00,-864.00,171.28
08:27:02.843353,407.00,-880.00,166.27
08:27:03.051724,395.00,-909.00,157.09
08:27:03.220311,384.00,-931.00,149.92
08:27:03.404736,371.00,-952.00,142.26
08:27:03.531853,359.00,-967.00,136.94
08:27:03.713619,341.00,-981.00,129.14
08:27:03.883112,319.00,-995.00,122.12
08:27:04.018030,310.00,-1000.00,117.12
08:27:04.200788,325.00,-996.00,118.28
08:27:04.389144,332.00,-993.00,119.53
08:27:04.547701,335.00,-992.00,126.46
08:27:04.719645,336.00,-995.00,131.66
08:27:04.899425,332.00,-995.00,137.47
08:27:05.060819,321.00,-1006.00,138.18
08:27:05.200274,309.00,-1024.00,132.92
08:27:05.369874,288.00,-1039.00,125.78
08:27:05.542565,270.00,-1050.00,119.19
08:27:05.703060,248.00,-1059.00,111.39
08:27:05.870286,223.00,-1067.00,103.95
08:27:06.022141,202.00,-1071.00,97.69
08:27:06.223701,174.00,-1072.00,89.45
08:27:06.364825,156.00,-1070.00,84.25
08:27:06.569882,122.00,-1064.00,74.29
08:27:06.715554,108.00,-1061.00,69.09
08:27:06.873042,117.00,-1067.00,67.69
08:27:07.013370,126.00,-1071.00,67.05
08:27:07.181576,130.00,-1074.00,71.38
08:27:07.331904,131.00,-1073.00,76.30
08:27:07.530673,128.00,-1075.00,82.46
08:27:07.750600,117.00,-1075.00,88.73
08:27:07.880684,105.00,-1074.00,85.91
08:27:08.045928,102.00,-1073.00,82.46
08:27:08.194844,114.00,-1077.00,82.41
08:27:08.398263,120.00,-1078.00,86.25
08:27:08.529078,124.00,-1076.00,90.64
08:27:08.741559,124.00,-1076.00,96.46
08:27:08.879752,120.00,-1079.00,101.75
08:27:09.048952,113.00,-1080.00,107.71
08:27:09.189723,105.00,-1085.00,111.59
08:27:09.391424,80.00,-1096.00,105.51
08:27:09.553987,55.00,-1101.00,97.82
08:27:09.736197,30.00,-1102.00,90.26
08:27:09.888712,9.00,-1099.00,83.84
08:27:10.071543,-17.00,-1095.00,75.40
08:27:10.198818,-33.00,-1091.00,69.60
08:27:10.378835,-59.00,-1083.00,61.84
08:27:10.548240,-78.00,-1073.00,54.10
08:27:10.722910,-95.00,-1062.00,47.22
08:27:10.866390,-101.00,-1057.00,47.50
08:27:11.038699,-121.00,-1042.00,40.59
08:27:11.236227,-112.00,-1054.00,39.79
08:27:11.344033,-106.00,-1062.00,40.25
08:27:11.556797,-103.00,-1066.00,42.91
08:27:11.691612,-103.00,-1067.00,45.75
08:27:11.886116,-104.00,-1065.00,51.89
08:27:12.007845,-114.00,-1060.00,55.24
08:27:12.221678,-142.00,-1042.00,48.13
08:27:12.360502,-155.00,-1030.00,42.53
08:27:12.528692,-170.00,-1008.00,35.14
08:27:12.714002,-181.00,-988.00,27.78
08:27:12.892972,-190.00,-963.00,20.11
08:27:13.020067,-194.00,-947.00,13.83
08:27:13.196002,-193.00,-958.00,12.21
08:27:13.385321,-191.00,-968.00,13.09
08:27:13.542737,-191.00,-972.00,18.98
08:27:13.689239,-191.00,-973.00,23.53
08:27:13.883347,-192.00,-969.00,29.30
08:27:14.051826,-202.00,-951.00,26.52
08:27:14.210503,-211.00,-932.00,20.65
08:27:14.386740,-218.00,-907.00,12.96
08:27:14.541913,-224.00,-886.00,6.45
08:27:14.683812,-226.00,-863.00,-0.19
08:27:14.871497,-225.00,-833.00,-8.86
08:27:15.040287,-221.00,-809.00,-15.13
08:27:15.217980,-215.00,-785.00,-22.23
08:27:15.376261,-205.00,-764.00,-29.82
08:27:15.562584,-192.00,-746.00,-37.07
08:27:15.685061,-180.00,-733.00,-42.21
08:27:15.885608,-160.00,-713.00,-50.74
08:27:16.056891,-140.00,-700.00,-58.27
08:27:16.220852,-117.00,-687.00,-65.20
08:27:16.378368,-94.00,-677.00,-71.65
08:27:16.569267,-69.00,-668.00,-79.38
08:27:16.694614,-47.00,-664.00,-85.73
08:27:16.871384,-21.00,-664.00,-92.83
08:27:17.048580,1.00,-667.00,-100.21
08:27:17.213704,23.00,-671.00,-106.53
08:27:17.389889,48.00,-680.00,-113.58
08:27:17.554139,69.00,-691.00,-121.37
08:27:17.702069,86.00,-700.00,-127.61
08:27:17.876296,107.00,-715.00,-134.47
08:27:18.024304,99.00,-704.00,-135.04
08:27:18.197680,89.00,-695.00,-135.76
08:27:18.362849,87.00,-690.00,-130.73
08:27:18.542199,85.00,-689.00,-125.37
08:27:18.743670,86.00,-691.00,-119.38
08:27:18.886994,93.00,-695.00,-114.64
08:27:19.040496,106.00,-700.00,-117.03
08:27:19.236749,95.00,-694.00,-118.37
08:27:19.366196,90.00,-688.00,-118.54
08:27:19.516429,86.00,-687.00,-114.05
08:27:19.693972,85.00,-687.00,-108.47
08:27:19.901844,86.00,-688.00,-101.80
08:27:20.038801,93.00,-690.00,-97.94
08:27:20.215366,107.00,-692.00,-100.97
08:27:20.365370,101.00,-691.00,-101.72
08:27:20.529978,90.00,-688.00,-102.23
08:27:20.682039,87.00,-687.00,-97.19
08:27:20.876113,86.00,-687.00,-91.63
08:27:21.064499,87.00,-686.00,-86.61
08:27:21.170996,90.00,-686.00,-82.22
08:27:21.378942,94.00,-685.00,-75.71
08:27:21.541532,98.00,-685.00,-70.84
08:27:21.717922,118.00,-678.00,-72.46
08:27:21.879106,144.00,-670.00,-79.02
08:27:22.022405,164.00,-667.00,-85.56
08:27:22.203300,155.00,-667.00,-88.01
08:27:22.350755,143.00,-668.00,-87.63
08:27:22.534627,139.00,-668.00,-82.42
08:27:22.709081,138.00,-668.00,-76.60
08:27:22.887642,140.00,-667.00,-71.67
08:27:23.054807,151.00,-664.00,-66.98
08:27:23.226620,174.00,-655.00,-72.77
08:27:23.378252,193.00,-650.00,-79.14
08:27:23.537601,213.00,-648.00,-85.63
08:27:23.713261,238.00,-649.00,-93.37
08:27:23.889709,265.00,-653.00,-100.71
08:27:24.043998,284.00,-660.00,-107.05
08:27:24.228869,312.00,-668.00,-115.48
08:27:24.385047,331.00,-678.00,-121.70
08:27:24.536528,350.00,-689.00,-127.91
08:27:24.711987,368.00,-705.00,-135.65
08:27:24.866228,384.00,-720.00,-141.67
08:27:25.016166,398.00,-737.00,-148.17
08:27:25.233762,414.00,-765.00,-157.71
08:27:25.384912,422.00,-784.00,-163.93
08:27:25.523020,428.00,-805.00,-170.34
08:27:25.698945,430.00,-821.00,-177.31
08:27:25.850528,434.00,-824.00,-177.95
08:27:26.028201,434.00,-826.00,-177.58
08:27:26.181483,436.00,-829.00,-177.33
08:27:26.366117,436.00,-829.00,-177.14
08:28:21.543927,-811.00,-1551.00,-90.09
08:28:21.682510,-814.00,-1551.00,-82.19
08:28:21.877244,-814.00,-1551.00,-72.51
08:28:22.060686,-814.00,-1550.00,-67.51
08:28:22.192939,-814.00,-1550.00,-62.39
08:28:22.392633,-815.00,-1551.00,-48.61
08:28:22.526278,-815.00,-1552.00,-38.17
08:28:22.715859,-815.00,-1552.00,-26.40
08:28:22.837718,-815.00,-1552.00,-17.27
08:28:23.058493,-812.00,-1537.00,-11.88
08:28:23.198513,-808.00,-1517.00,-17.31
08:28:23.385804,-804.00,-1504.00,-19.50
08:28:23.534003,-800.00,-1495.00,-17.99
08:28:23.709971,-796.00,-1481.00,-16.01
08:28:23.853701,-792.00,-1464.00,-16.60
08:28:24.032279,-787.00,-1449.00,-23.74
08:28:24.197044,-791.00,-1457.00,-23.64
08:28:24.383251,-797.00,-1468.00,-23.61
08:28:24.528650,-798.00,-1470.00,-21.27
08:28:24.733660,-797.00,-1468.00,-15.94
08:28:24.870431,-794.00,-1455.00,-16.92
08:28:25.039366,-786.00,-1432.00,-23.02
08:28:25.182703,-787.00,-1433.00,-26.36
08:28:25.365061,-794.00,-1446.00,-24.95
08:28:25.529639,-797.00,-1452.00,-21.70
08:28:25.709213,-797.00,-1454.00,-15.89
08:28:25.883566,-798.00,-1454.00,-11.07
08:28:26.064783,-796.00,-1439.00,-10.01
08:28:26.179304,-793.00,-1421.00,-14.09
08:28:26.357161,-786.00,-1397.00,-21.18
08:28:26.564227,-774.00,-1371.00,-29.57
08:28:26.693799,-764.00,-1354.00,-34.64
08:28:26.852928,-748.00,-1334.00,-42.48
08:28:27.063791,-727.00,-1314.00,-50.48
08:28:27.185904,-712.00,-1303.00,-55.89
08:28:27.325858,-694.00,-1291.00,-62.12
08:28:27.530612,-667.00,-1280.00,-70.72
08:28:27.709962,-646.00,-1272.00,-78.26
08:28:27.885273,-620.00,-1268.00,-85.86
08:28:28.026253,-598.00,-1268.00,-92.15
08:28:28.177983,-577.00,-1270.00,-98.33
08:28:28.332644,-555.00,-1274.00,-104.67
08:28:28.509810,-536.00,-1281.00,-111.77
08:28:28.699587,-524.00,-1286.00,-109.43
08:28:28.853816,-513.00,-1290.00,-106.83
08:28:28.993553,-501.00,-1293.00,-103.85
08:28:29.182377,-480.00,-1298.00,-101.42
08:28:29.331001,-462.00,-1302.00,-100.71
08:28:29.518385,-438.00,-1306.00,-100.22
08:28:29.710752,-406.00,-1312.00,-99.75
08:28:29.866432,-380.00,-1316.00,-99.33
08:28:30.013657,-352.00,-1320.00,-99.23
08:28:30.207094,-310.00,-1326.00,-98.94
08:28:30.338002,-281.00,-1330.00,-98.68
08:28:30.537498,-271.00,-1330.00,-103.56
08:28:30.667340,-282.00,-1326.00,-103.86
08:28:30.875150,-287.00,-1321.00,-101.10
08:28:31.040812,-285.00,-1318.00,-97.23
08:28:31.216814,-280.00,-1318.00,-91.34
08:28:31.375499,-259.00,-1320.00,-92.87
08:28:31.525825,-238.00,-1322.00,-98.70
08:28:31.709394,-215.00,-1327.00,-106.22
08:28:31.875248,-190.00,-1336.00,-113.34
08:28:32.007781,-175.00,-1341.00,-119.20
08:28:32.207185,-153.00,-1355.00,-128.36
08:28:32.399042,-135.00,-1370.00,-136.19
08:28:32.534958,-119.00,-1386.00,-142.95
08:28:32.685983,-107.00,-1402.00,-149.64
08:28:32.860163,-94.00,-1422.00,-157.70
08:28:33.008841,-85.00,-1441.00,-164.61
08:28:33.196846,-77.00,-1463.00,-172.63
08:28:33.372787,-71.00,-1485.00,179.46
08:28:33.518937,-70.00,-1499.00,172.88
08:28:33.682727,-64.00,-1484.00,173.55
08:28:33.851231,-62.00,-1474.00,175.40
08:28:34.017252,-62.00,-1473.00,177.36
08:28:34.195586,-61.00,-1472.00,-177.94
08:28:34.411157,-58.00,-1477.00,-170.23
08:28:34.554793,-57.00,-1476.00,-163.12
08:28:34.712973,-58.00,-1479.00,-158.89
08:28:34.912359,-52.00,-1493.00,-156.98
08:28:35.044163,-44.00,-1510.00,-161.57
08:28:35.202402,-37.00,-1532.00,-168.61
08:28:35.390431,-34.00,-1557.00,-176.13
08:28:35.544328,-35.00,-1580.00,177.31
08:28:35.716815,-38.00,-1605.00,170.05
08:28:35.860859,-45.00,-1626.00,163.70
08:28:36.040295,-51.00,-1646.00,156.90
08:28:36.193532,-54.00,-1654.00,159.25
08:28:36.374570,-59.00,-1668.00,161.52
08:28:36.528548,-64.00,-1683.00,163.47
08:28:36.708607,-69.00,-1700.00,165.65
08:28:36.879477,-74.00,-1724.00,167.60
08:28:37.038854,-77.00,-1747.00,168.92
08:28:37.200717,-81.00,-1773.00,170.28
08:28:37.368716,-83.00,-1797.00,171.23
08:28:37.521181,-86.00,-1825.00,172.09
08:28:37.710183,-91.00,-1863.00,172.81
08:28:37.836714,-94.00,-1893.00,173.33
08:28:38.023583,-98.00,-1934.00,173.76
08:28:38.172335,-102.00,-1970.00,173.93
08:28:38.354099,-107.00,-2018.00,173.83
08:28:38.546331,-111.00,-2063.00,173.59
08:28:38.681181,-114.00,-2100.00,173.16
08:28:38.891990,-117.00,-2146.00,172.48
08:28:39.034948,-120.00,-2171.00,167.41
08:28:39.168035,-126.00,-2189.00,161.09
08:28:39.365736,-136.00,-2215.00,152.16
08:28:39.507575,-147.00,-2230.00,146.11
08:28:39.695569,-160.00,-2249.00,138.66
08:28:39.874061,-177.00,-2265.00,131.34
08:28:40.034916,-197.00,-2281.00,123.16
08:28:40.179823,-214.00,-2295.00,116.49
08:28:40.352816,-234.00,-2308.00,109.28
08:28:40.515388,-234.00,-2310.00,107.84
08:28:40.685653,-219.00,-2306.00,106.91
08:28:40.850703,-211.00,-2305.00,111.51
08:28:41.044869,-209.00,-2300.00,123.64
08:28:41.208078,-211.00,-2297.00,136.19
08:28:41.339870,-211.00,-2293.00,144.69
08:28:41.507750,-209.00,-2294.00,156.14
08:28:41.706966,-208.00,-2296.00,169.97
08:28:41.903523,-206.00,-2299.00,176.19
08:28:42.047842,-204.00,-2303.00,180.38
08:28:42.285508,-204.00,-2312.00,-531.38
08:28:42.380123,-207.00,-2316.00,-168.00
08:28:42.523337,-207.00,-2318.00,-169.24
08:28:42.735213,-207.00,-2333.00,181.43
08:28:42.866400,-207.00,-2343.00,-186.70
08:28:43.011343,-209.00,-2358.00,165.90
08:28:43.183156,-204.00,-2346.00,161.42
08:28:43.367959,-199.00,-2337.00,161.68
08:28:43.518613,-193.00,-2336.00,169.03
08:28:43.704609,-189.00,-2340.00,174.54
08:28:43.875885,-189.00,-2345.00,180.32
08:28:44.076797,-191.00,-2349.00,-531.13
08:28:44.195649,-195.00,-2347.00,-168.05
08:28:44.351912,-194.00,-2345.00,-163.01
08:28:44.573982,-189.00,-2367.00,-164.41
08:28:44.697428,-184.00,-2382.00,-169.30
08:28:44.859915,-183.00,-2407.00,-177.11
08:28:45.033658,-181.00,-2434.00,-184.56
08:28:45.186893,-185.00,-2457.00,168.83
08:28:45.361933,-188.00,-2470.00,165.78
08:28:45.520419,-188.00,-2481.00,167.21
08:28:45.697281,-192.00,-2499.00,168.20
08:28:45.853929,-196.00,-2517.00,169.51
08:28:46.000593,-199.00,-2535.00,170.71
08:28:46.188019,-202.00,-2559.00,172.02
08:28:46.354496,-204.00,-2583.00,173.58
08:28:46.533020,-207.00,-2613.00,175.11
08:28:46.699889,-211.00,-2643.00,176.26
08:28:46.866137,-211.00,-2671.00,177.23
08:28:47.022938,-212.00,-2703.00,178.35
08:28:47.192133,-211.00,-2746.00,179.57
08:28:47.380496,-210.00,-2796.00,180.70
08:28:47.520210,-204.00,-2826.00,-178.72
08:28:47.727880,-200.00,-2881.00,-537.96
08:28:47.838899,-194.00,-2907.00,-177.64
08:28:48.032385,-191.00,-2957.00,-177.14
08:28:48.223415,-189.00,-2989.00,-176.98
08:28:48.380715,-187.00,-2989.00,-177.38
08:28:48.513170,-184.00,-2991.00,-177.37
08:28:48.726830,-183.00,-2990.00,-177.43
08:28:48.897074,-184.00,-2991.00,-177.43
08:28:49.038501,-184.00,-2993.00,-177.45
08:28:49.195936,-184.00,-2992.00,-177.48
08:28:49.389632,-184.00,-2992.00,-177.48
08:28:49.555574,-184.00,-2994.00,-177.43
08:28:49.721776,-184.00,-3011.00,177.97
08:28:49.858536,-187.00,-3033.00,171.24
08:28:50.063892,-192.00,-3059.00,162.55
08:28:50.181771,-196.00,-3077.00,157.51
08:28:50.376426,-208.00,-3101.00,149.24
08:28:50.555011,-220.00,-3122.00,141.79
08:28:50.726478,-238.00,-3139.00,134.48
08:28:50.873164,-250.00,-3152.00,128.78
08:28:51.054425,-263.00,-3161.00,121.28
08:28:51.241798,-252.00,-3154.00,123.24
08:28:51.382006,-245.00,-3149.00,123.73
08:28:51.523324,-243.00,-3148.00,129.16
08:28:51.712162,-243.00,-3149.00,135.16
08:28:51.892333,-243.00,-3151.00,140.23
08:28:52.083711,-253.00,-3164.00,143.75
08:28:52.197361,-261.00,-3180.00,140.13
08:28:52.404951,-281.00,-3201.00,131.06
08:28:52.543187,-298.00,-3211.00,125.37
08:28:52.700106,-316.00,-3221.00,119.11
08:28:52.846724,-337.00,-3229.00,112.63
08:28:53.013871,-359.00,-3236.00,105.19
08:28:53.200830,-387.00,-3242.00,96.62
08:28:53.387523,-412.00,-3245.00,89.26
08:28:53.525692,-432.00,-3244.00,83.05
08:28:53.691560,-452.00,-3241.00,76.83
08:28:53.876181,-465.00,-3238.00,77.02
08:28:54.028400,-477.00,-3235.00,77.52
08:28:54.197875,-491.00,-3232.00,78.37
08:28:54.354598,-510.00,-3229.00,79.65
08:28:54.514628,-529.00,-3226.00,80.69
08:28:54.684533,-555.00,-3223.00,82.17
08:28:54.840785,-578.00,-3220.00,83.48
08:28:55.026155,-613.00,-3217.00,85.08
08:28:55.173842,-636.00,-3216.00,86.35
08:28:55.329749,-673.00,-3214.00,87.78
08:28:55.511788,-711.00,-3214.00,89.09
08:28:55.677944,-752.00,-3218.00,89.58
08:28:55.905300,-786.00,-3221.00,81.60
08:28:56.048166,-804.00,-3221.00,76.38
08:28:56.213959,-828.00,-3214.00,68.86
08:28:56.386618,-852.00,-3203.00,61.65
08:28:56.550977,-870.00,-3188.00,53.66
08:28:56.763571,-893.00,-3169.00,44.95
08:28:56.876648,-904.00,-3156.00,39.87
08:28:57.114152,-922.00,-3131.00,29.84
08:28:57.223841,-929.00,-3120.00,25.53
08:28:57.374034,-941.00,-3103.00,19.08
08:28:57.530936,-951.00,-3077.00,11.71
08:28:57.722117,-954.00,-3054.00,4.05
08:28:57.883502,-956.00,-3043.00,3.78
08:28:58.063652,-957.00,-3030.00,3.82
08:28:58.216742,-958.00,-3017.00,3.88
08:28:58.384035,-959.00,-2998.00,3.76
08:28:58.568629,-961.00,-2977.00,3.56
08:28:58.727620,-963.00,-2952.00,2.87
08:28:58.863035,-966.00,-2937.00,2.61
08:28:59.050721,-967.00,-2902.00,1.55
08:28:59.226370,-968.00,-2867.00,0.50
08:28:59.375856,-969.00,-2842.00,-0.10
08:28:59.557337,-969.00,-2798.00,-1.31
08:28:59.714480,-969.00,-2762.00,-2.28
08:28:59.900398,-967.00,-2718.00,-3.88
08:29:00.053931,-965.00,-2677.00,-5.47
08:29:00.246770,-961.00,-2633.00,-6.74
08:29:00.376415,-957.00,-2597.00,-7.56
08:29:00.549805,-953.00,-2561.00,-8.19
08:29:00.724835,-948.00,-2520.00,-8.53
08:29:00.884634,-943.00,-2477.00,-8.04
08:29:01.062399,-938.00,-2436.00,-6.51
08:29:01.220208,-935.00,-2400.00,-6.30
08:29:01.404187,-932.00,-2365.00,-10.25
08:29:01.539623,-929.00,-2346.00,-15.98
08:29:01.720057,-922.00,-2322.00,-23.72
08:29:01.893519,-910.00,-2299.00,-31.07
08:29:02.030019,-899.00,-2280.00,-37.47
08:29:02.199007,-885.00,-2264.00,-43.73
08:29:02.348778,-869.00,-2249.00,-50.27
08:29:02.533071,-846.00,-2231.00,-58.96
08:29:02.701284,-826.00,-2220.00,-65.21
08:29:02.884025,-804.00,-2212.00,-71.62
08:29:03.028358,-815.00,-2216.00,-72.02
08:29:03.197158,-825.00,-2220.00,-73.12
08:29:03.391037,-830.00,-2221.00,-62.81
08:29:03.561997,-831.00,-2222.00,-50.46
08:29:03.663221,-832.00,-2222.00,-43.99
08:29:03.871671,-832.00,-2221.00,-30.67
08:29:04.034580,-833.00,-2221.00,-16.78
08:29:04.214766,-835.00,-2221.00,-7.77
08:29:04.383275,-836.00,-2221.00,-3.65
08:29:04.552651,-836.00,-2206.00,-2.46
08:29:04.688421,-836.00,-2190.00,-6.61
08:29:04.869086,-838.00,-2201.00,-7.64
08:29:05.014658,-841.00,-2211.00,-8.01
08:29:05.193751,-841.00,-2215.00,-2.05
08:29:05.380064,-842.00,-2215.00,3.44
08:29:05.535197,-842.00,-2214.00,7.95
08:29:05.727532,-844.00,-2207.00,15.01
08:29:05.841104,-846.00,-2204.00,17.63
08:29:06.027864,-852.00,-2181.00,10.38
08:29:06.187881,-855.00,-2160.00,4.11
08:29:06.343683,-856.00,-2140.00,-1.95
08:29:06.540803,-855.00,-2130.00,-8.37
08:29:06.693140,-857.00,-2142.00,-6.74
08:29:06.863982,-859.00,-2151.00,-6.73
08:29:07.011596,-859.00,-2154.00,-4.62
08:29:07.225592,-860.00,-2155.00,0.58
08:29:07.351271,-860.00,-2150.00,5.73
08:29:07.561563,-860.00,-2148.00,13.93
08:29:07.692128,-861.00,-2148.00,17.71
08:29:07.842890,-862.00,-2143.00,22.41
08:29:08.017231,-870.00,-2124.00,19.00
08:29:08.175433,-876.00,-2104.00,13.76
08:29:08.335424,-881.00,-2077.00,6.77
08:29:08.540762,-882.00,-2047.00,-1.85
08:29:08.699483,-880.00,-2025.00,-8.13
08:29:08.900168,-874.00,-1996.00,-16.39
08:29:09.018864,-869.00,-1979.00,-21.79
08:29:09.232272,-859.00,-1958.00,-27.10
08:29:09.358609,-856.00,-1951.00,-24.47
08:29:09.535779,-850.00,-1936.00,-20.98
08:29:09.685580,-845.00,-1921.00,-16.82
08:29:09.857164,-841.00,-1903.00,-12.15
08:29:10.022891,-838.00,-1884.00,-11.12
08:29:10.192410,-833.00,-1858.00,-10.42
08:29:10.369204,-828.00,-1831.00,-9.75
08:29:10.518085,-824.00,-1805.00,-9.54
08:29:10.695843,-819.00,-1771.00,-9.15
08:29:10.844045,-814.00,-1740.00,-8.83
08:29:11.033031,-808.00,-1694.00,-8.43
08:29:11.238386,-802.00,-1646.00,-8.10
08:29:11.343772,-799.00,-1621.00,-7.94
08:29:11.523910,-794.00,-1580.00,-7.77
08:29:11.704821,-788.00,-1532.00,-7.74
08:29:11.846138,-785.00,-1500.00,-7.67
08:29:12.011485,-779.00,-1459.00,-9.54
08:29:12.206733,-779.00,-1450.00,-9.33
08:29:12.343736,-780.00,-1450.00,-9.39
08:29:12.523150,-781.00,-1449.00,-9.39
08:29:12.700542,-782.00,-1449.00,-9.38
08:29:28.230648,-516.00,-1001.00,89.69
08:29:28.363778,-516.00,-1003.00,93.04
08:29:28.574154,-515.00,-1002.00,99.68
08:29:28.714951,-516.00,-1003.00,103.98
08:29:28.914799,-523.00,-1006.00,110.63
08:29:29.049932,-532.00,-1007.00,111.95
08:29:29.218672,-543.00,-1011.00,117.56
08:29:29.372685,-555.00,-1019.00,124.04
08:29:29.544572,-575.00,-1032.00,121.64
08:29:29.722980,-591.00,-1041.00,114.41
08:29:29.872340,-582.00,-1039.00,113.19
08:29:30.074961,-571.00,-1034.00,113.63
08:29:30.210166,-569.00,-1032.00,119.41
08:29:30.367736,-569.00,-1033.00,124.17
08:29:30.544934,-570.00,-1034.00,129.27
08:29:30.717948,-586.00,-1047.00,127.12
08:29:30.900033,-608.00,-1061.00,120.08
08:29:31.039178,-629.00,-1070.00,113.33
08:29:31.210083,-651.00,-1081.00,106.08
08:29:31.409013,-680.00,-1088.00,97.50
08:29:31.548249,-696.00,-1089.00,91.90
08:29:31.700886,-718.00,-1089.00,85.45
08:29:31.879890,-747.00,-1088.00,76.89
08:29:32.048051,-768.00,-1082.00,70.56
08:29:32.210973,-792.00,-1072.00,63.49
08:29:32.346668,-807.00,-1065.00,58.36
08:29:32.520519,-828.00,-1052.00,50.39
08:29:32.711810,-850.00,-1032.00,41.83
08:29:32.885051,-868.00,-1010.00,34.80
08:29:33.025182,-880.00,-997.00,29.43
08:29:33.238405,-895.00,-966.00,20.16
08:29:33.396773,-902.00,-946.00,13.85
08:29:33.532153,-906.00,-924.00,7.53
08:29:33.696094,-908.00,-902.00,1.12
08:29:33.874792,-908.00,-877.00,-6.28
08:29:34.040647,-905.00,-851.00,-13.21
08:29:34.225023,-898.00,-826.00,-20.84
08:29:34.378799,-889.00,-803.00,-28.04
08:29:34.557399,-879.00,-784.00,-35.66
08:29:34.733116,-864.00,-764.00,-42.83
08:29:34.879103,-848.00,-749.00,-49.04
08:29:35.040398,-831.00,-735.00,-55.34
08:29:35.212003,-809.00,-722.00,-63.06
08:29:35.406749,-781.00,-710.00,-71.24
08:29:35.561939,-761.00,-701.00,-77.49
08:29:35.707626,-739.00,-695.00,-83.91
08:29:35.855690,-717.00,-693.00,-90.10
08:29:36.046728,-695.00,-694.00,-97.72
08:29:36.243372,-707.00,-692.00,-98.94
08:29:36.381964,-715.00,-691.00,-97.58
08:29:36.552371,-719.00,-689.00,-92.05
08:29:36.717875,-719.00,-690.00,-86.93
08:29:36.895227,-715.00,-691.00,-81.63
08:29:37.066203,-694.00,-688.00,-85.40
08:29:37.208628,-673.00,-688.00,-91.53
08:29:37.392349,-645.00,-689.00,-99.40
08:29:37.555579,-622.00,-694.00,-106.70
08:29:37.711894,-603.00,-701.00,-113.15
08:29:37.860327,-583.00,-711.00,-119.33
08:29:38.037560,-560.00,-726.00,-126.82
08:29:38.197736,-543.00,-740.00,-133.14
08:29:38.408054,-521.00,-765.00,-142.56
08:29:38.539986,-509.00,-781.00,-147.71
08:29:38.715277,-495.00,-801.00,-155.28
08:29:38.868202,-484.00,-820.00,-161.56
08:29:39.065372,-477.00,-849.00,-170.06
08:29:39.202044,-475.00,-866.00,-175.39
08:29:39.384302,-473.00,-894.00,-183.94
08:29:39.560747,-476.00,-919.00,168.72
08:29:39.726840,-482.00,-939.00,162.55
08:29:39.891417,-490.00,-964.00,155.21
08:29:40.052964,-497.00,-983.00,148.78
08:29:40.210641,-510.00,-1004.00,141.18
08:29:40.377774,-525.00,-1022.00,134.93
08:29:40.536670,-544.00,-1039.00,127.87
08:29:40.704046,-560.00,-1050.00,120.40
08:29:40.867980,-561.00,-1050.00,119.14
08:29:41.067396,-562.00,-1050.00,119.49
08:29:41.208920,-564.00,-1050.00,119.76
08:30:01.068537,1304.00,-1484.00,96.73
08:30:01.201090,1308.00,-1481.00,104.99
08:30:01.407532,1312.00,-1481.00,120.64
08:30:01.528184,1312.00,-1485.00,128.07
08:30:01.731732,1310.00,-1486.00,144.99
08:30:01.885336,1312.00,-1486.00,155.79
08:30:02.095432,1314.00,-1487.00,162.47
08:30:02.196358,1314.00,-1487.00,165.30
08:30:02.391744,1313.00,-1494.00,171.11
08:30:02.569746,1307.00,-1512.00,166.97
08:30:02.692821,1309.00,-1512.00,164.61
08:30:02.866609,1314.00,-1499.00,164.60
08:30:03.045590,1318.00,-1493.00,168.66
08:30:03.223892,1317.00,-1494.00,174.18
08:30:03.350176,1319.00,-1494.00,177.65
08:30:03.577870,1319.00,-1499.00,-174.79
08:30:03.705991,1322.00,-1504.00,-169.45
08:30:03.920338,1326.00,-1520.00,-166.72
08:30:04.052122,1331.00,-1535.00,-170.94
08:30:04.232563,1332.00,-1563.00,180.52
08:30:04.360826,1329.00,-1580.00,174.61
08:30:04.531980,1325.00,-1605.00,167.20
08:30:04.720158,1317.00,-1632.00,159.69
08:30:04.886806,1305.00,-1655.00,152.58
08:30:05.039140,1293.00,-1674.00,146.04
08:30:05.201938,1281.00,-1692.00,139.29
08:30:05.367030,1270.00,-1706.00,132.95
08:30:05.528802,1262.00,-1713.00,132.66
08:30:05.680325,1242.00,-1733.00,125.83
08:30:05.879410,1254.00,-1727.00,124.39
08:30:06.027884,1262.00,-1721.00,124.58
08:30:06.217299,1265.00,-1719.00,126.79
08:30:06.360675,1267.00,-1718.00,130.57
08:30:06.568934,1262.00,-1722.00,137.11
08:30:06.687819,1251.00,-1734.00,136.02
08:30:06.884258,1231.00,-1754.00,128.64
08:30:07.027698,1218.00,-1764.00,123.25
08:30:07.229898,1195.00,-1777.00,114.50
08:30:07.377190,1174.00,-1783.00,107.90
08:30:07.557083,1153.00,-1788.00,99.55
08:30:07.695621,1157.00,-1789.00,98.87
08:30:07.877053,1168.00,-1787.00,99.66
08:30:08.061211,1172.00,-1786.00,106.69
08:30:08.215168,1172.00,-1786.00,110.99
08:30:08.374202,1171.00,-1788.00,115.34
08:30:08.572299,1151.00,-1799.00,112.47
08:30:08.710304,1132.00,-1806.00,106.34
08:30:08.880796,1106.00,-1811.00,98.62
08:30:09.037542,1084.00,-1812.00,92.42
08:30:09.205042,1060.00,-1811.00,85.18
08:30:09.377686,1038.00,-1807.00,78.62
08:30:09.540850,1013.00,-1801.00,71.18
08:30:09.738857,986.00,-1791.00,62.76
08:30:09.893745,969.00,-1782.00,56.49
08:30:10.043256,953.00,-1772.00,50.10
08:30:10.232129,933.00,-1751.00,41.61
08:30:10.399019,919.00,-1735.00,35.33
08:30:10.551914,908.00,-1714.00,29.01
08:30:10.727263,896.00,-1690.00,21.51
08:30:10.915855,886.00,-1662.00,13.29
08:30:11.041342,881.00,-1646.00,8.22
08:30:11.206044,878.00,-1624.00,0.53
08:30:11.365334,877.00,-1601.00,-5.94
08:30:11.579188,881.00,-1572.00,-14.19
08:30:11.708338,884.00,-1553.00,-20.37
08:30:11.896139,892.00,-1530.00,-27.40
08:30:12.059335,904.00,-1507.00,-35.03
08:30:12.210966,918.00,-1489.00,-41.64
08:30:12.370680,934.00,-1474.00,-47.94
08:30:12.525419,951.00,-1462.00,-53.73
08:30:12.692365,971.00,-1449.00,-61.38
08:30:12.890317,998.00,-1434.00,-69.90
08:30:13.038053,1019.00,-1427.00,-76.31
08:30:13.228847,1043.00,-1422.00,-83.70
08:30:13.372735,1067.00,-1417.00,-89.69
08:30:13.559792,1056.00,-1417.00,-91.22
08:30:13.704202,1045.00,-1415.00,-91.02
08:30:13.885347,1038.00,-1413.00,-85.53
08:30:14.073637,1037.00,-1413.00,-80.28
08:30:14.228051,1039.00,-1413.00,-75.81
08:30:14.442107,1053.00,-1409.00,-69.58
08:30:14.542081,1067.00,-1405.00,-72.93
08:30:14.705188,1086.00,-1402.00,-78.98
08:30:14.876335,1110.00,-1397.00,-86.16
08:30:15.023381,1132.00,-1397.00,-92.68
08:30:15.227056,1159.00,-1400.00,-101.33
08:30:15.378278,1182.00,-1405.00,-107.84
08:30:15.546994,1207.00,-1414.00,-115.16
08:30:15.689924,1230.00,-1424.00,-121.34
08:30:15.879659,1251.00,-1437.00,-128.51
08:30:16.027040,1266.00,-1451.00,-134.96
08:30:16.201432,1284.00,-1469.00,-142.41
08:30:16.354398,1296.00,-1487.00,-148.83
08:30:16.565222,1310.00,-1514.00,-158.46
08:30:16.698144,1313.00,-1533.00,-163.51
08:30:16.868734,1318.00,-1549.00,-170.96
08:30:17.027163,1321.00,-1549.00,-171.39
08:30:17.201809,1323.00,-1549.00,-170.96
08:30:17.353075,1323.00,-1550.00,-170.74
08:31:09.408088,970.00,-2089.00,-91.44
08:31:09.539113,966.00,-2092.00,-87.04
08:31:09.729359,966.00,-2093.00,-81.55
08:31:09.913877,968.00,-2093.00,-75.83
08:31:10.057525,974.00,-2092.00,-71.17
08:31:10.258059,1000.00,-2085.00,-75.55
08:31:10.379338,1016.00,-2082.00,-80.57
08:31:10.548141,1040.00,-2080.00,-88.29
08:31:10.720811,1063.00,-2079.00,-95.55
08:31:10.884428,1089.00,-2082.00,-103.17
08:31:11.060031,1112.00,-2088.00,-110.47
08:31:11.184514,1130.00,-2097.00,-116.03
08:31:11.414938,1158.00,-2112.00,-125.31
08:31:11.532285,1170.00,-2121.00,-129.45
08:31:11.695943,1192.00,-2141.00,-136.52
08:31:11.858521,1207.00,-2161.00,-144.20
08:31:12.041070,1224.00,-2184.00,-151.53
08:31:12.212903,1234.00,-2205.00,-159.19
08:31:12.402954,1243.00,-2229.00,-166.21
08:31:12.545796,1247.00,-2249.00,-172.53
08:31:12.702308,1249.00,-2270.00,180.97
08:31:12.863391,1247.00,-2296.00,173.19
08:31:13.048103,1244.00,-2323.00,165.84
08:31:13.220197,1237.00,-2346.00,158.30
08:31:13.421988,1223.00,-2370.00,149.63
08:31:13.541003,1214.00,-2386.00,144.21
08:31:13.715539,1210.00,-2394.00,136.78
08:31:13.876137,1219.00,-2388.00,138.16
08:31:14.072544,1235.00,-2374.00,140.10
08:31:14.209717,1244.00,-2366.00,142.91
08:31:14.402621,1244.00,-2363.00,147.68
08:31:14.566048,1242.00,-2365.00,152.44
08:31:14.711525,1242.00,-2367.00,156.96
08:31:14.941958,1234.00,-2384.00,160.00
08:31:15.045163,1226.00,-2400.00,156.95
08:31:15.200191,1217.00,-2418.00,150.49
08:31:15.391894,1203.00,-2438.00,141.88
08:31:15.544963,1190.00,-2454.00,135.18
08:31:15.686826,1192.00,-2453.00,132.26
08:31:15.844723,1203.00,-2447.00,131.87
08:31:16.055522,1210.00,-2443.00,135.92
08:31:16.176276,1210.00,-2441.00,140.06
08:31:16.393365,1210.00,-2440.00,146.64
08:31:16.557713,1209.00,-2444.00,152.17
08:31:16.737977,1206.00,-2450.00,159.07
08:31:16.860996,1204.00,-2455.00,163.33
08:31:17.083707,1200.00,-2474.00,163.58
08:31:17.203558,1196.00,-2492.00,158.68
08:31:17.390914,1185.00,-2517.00,150.16
08:31:17.546669,1175.00,-2532.00,143.93
08:31:17.755775,1169.00,-2543.00,143.60
08:31:17.880527,1157.00,-2559.00,138.80
08:31:18.051409,1142.00,-2574.00,131.33
08:31:18.201651,1135.00,-2583.00,130.73
08:31:18.404593,1114.00,-2601.00,123.01
08:31:18.525185,1117.00,-2596.00,121.69
08:31:18.723788,1126.00,-2586.00,122.37
08:31:18.872987,1128.00,-2588.00,124.27
08:31:19.036175,1130.00,-2587.00,128.53
08:31:19.224331,1127.00,-2590.00,134.74
08:31:19.389968,1112.00,-2605.00,133.87
08:31:19.559582,1096.00,-2622.00,126.78
08:31:19.679339,1084.00,-2631.00,122.33
08:31:19.901682,1054.00,-2646.00,113.14
08:31:20.027557,1039.00,-2651.00,107.59
08:31:20.219777,1021.00,-2656.00,99.62
08:31:20.404377,1036.00,-2655.00,99.74
08:31:20.562752,1045.00,-2653.00,102.81
08:31:20.705904,1047.00,-2650.00,107.37
08:31:20.924060,1047.00,-2651.00,113.59
08:31:21.050855,1041.00,-2655.00,117.03
08:31:21.204607,1022.00,-2664.00,113.68
08:31:21.355067,1003.00,-2670.00,107.62
08:31:21.556759,975.00,-2677.00,98.89
08:31:21.715965,952.00,-2679.00,91.37
08:31:21.900758,925.00,-2678.00,83.77
08:31:22.083652,901.00,-2675.00,76.82
08:31:22.207231,883.00,-2672.00,71.32
08:31:22.368058,862.00,-2663.00,64.02
08:31:22.549562,841.00,-2651.00,56.30
08:31:22.705205,824.00,-2638.00,50.01
08:31:22.893362,803.00,-2617.00,41.67
08:31:23.024647,791.00,-2607.00,36.67
08:31:23.258024,771.00,-2578.00,26.98
08:31:23.407217,761.00,-2559.00,20.61
08:31:23.558423,756.00,-2537.00,14.23
08:31:23.735154,752.00,-2508.00,6.06
08:31:23.904939,751.00,-2487.00,-0.04
08:31:24.053133,751.00,-2464.00,-6.00
08:31:24.219697,756.00,-2439.00,-13.75
08:31:24.428323,763.00,-2411.00,-22.29
08:31:24.556039,770.00,-2396.00,-27.31
08:31:24.744840,784.00,-2374.00,-35.63
08:31:24.894227,797.00,-2358.00,-41.94
08:31:25.047730,810.00,-2343.00,-48.35
08:31:25.226714,829.00,-2327.00,-56.12
08:31:25.356727,844.00,-2316.00,-61.14
08:31:25.562332,859.00,-2306.00,-69.53
08:31:25.708425,848.00,-2309.00,-69.30
08:31:25.909024,839.00,-2314.00,-66.95
08:31:26.054003,835.00,-2316.00,-61.34
08:31:26.257051,837.00,-2315.00,-55.63
08:31:26.393801,839.00,-2313.00,-50.90
08:31:26.577839,849.00,-2306.00,-48.82
08:31:26.748256,849.00,-2306.00,-51.80
08:31:26.903046,838.00,-2312.00,-51.03
08:31:27.073017,834.00,-2314.00,-46.72
08:31:27.236407,834.00,-2316.00,-41.06
08:31:27.377185,834.00,-2317.00,-37.64
08:31:27.597216,838.00,-2312.00,-30.24
08:31:27.713244,843.00,-2306.00,-31.93
08:31:27.927289,846.00,-2301.00,-35.93
08:31:28.045274,838.00,-2308.00,-36.05
08:31:28.217644,834.00,-2315.00,-34.24
08:31:28.372243,833.00,-2316.00,-28.57
08:31:28.555195,834.00,-2316.00,-23.20
08:31:28.730108,835.00,-2313.00,-17.83
08:31:28.936899,839.00,-2306.00,-10.33
08:31:29.027654,839.00,-2302.00,-8.00
08:31:29.253312,841.00,-2280.00,-7.49
08:31:29.390097,841.00,-2259.00,-13.35
08:31:29.553714,849.00,-2238.00,-19.97
08:31:29.746734,861.00,-2214.00,-28.54
08:31:29.919656,873.00,-2195.00,-35.64
08:31:30.059265,874.00,-2193.00,-40.69
08:31:30.247531,863.00,-2203.00,-40.43
08:31:30.375181,858.00,-2205.00,-38.87
08:31:30.582245,856.00,-2208.00,-31.65
08:31:30.708772,856.00,-2209.00,-27.98
08:31:30.888948,860.00,-2201.00,-23.03
08:31:31.101097,873.00,-2175.00,-29.30
08:31:31.219863,882.00,-2162.00,-34.90
08:31:31.374127,895.00,-2145.00,-41.60
08:31:31.585616,918.00,-2121.00,-51.15
08:31:31.689357,930.00,-2111.00,-55.29
08:31:31.894819,955.00,-2093.00,-63.75
08:31:32.031014,972.00,-2084.00,-69.33
08:31:32.230671,1001.00,-2075.00,-77.74
08:31:32.373322,1021.00,-2072.00,-84.07
08:31:32.544350,1022.00,-2071.00,-86.60
08:31:32.704761,1022.00,-2070.00,-86.27
08:31:32.865898,1022.00,-2070.00,-86.06
08:31:33.031008,1022.00,-2070.00,-85.90
08:33:13.909615,747.00,-3099.00,-90.36
08:33:14.061991,745.00,-3099.00,-88.79
08:33:14.247822,743.00,-3101.00,-81.55
08:33:14.382534,743.00,-3101.00,-78.34
08:33:14.595741,747.00,-3100.00,-70.96
08:33:14.717916,756.00,-3097.00,-70.13
08:33:14.904857,757.00,-3092.00,-74.02
08:33:15.040087,750.00,-3095.00,-73.93
08:33:15.243304,743.00,-3097.00,-69.58
08:33:15.385370,743.00,-3099.00,-65.71
08:33:15.574434,743.00,-3100.00,-60.19
08:33:15.759299,748.00,-3096.00,-54.33
08:33:15.860831,754.00,-3091.00,-52.84
08:33:16.074494,767.00,-3081.00,-58.23
08:33:16.249362,754.00,-3088.00,-58.75
08:33:16.397372,748.00,-3091.00,-58.58
08:33:16.550516,744.00,-3093.00,-53.05
08:33:16.725028,745.00,-3094.00,-47.42
08:33:16.895263,746.00,-3092.00,-42.41
08:33:17.091393,750.00,-3088.00,-35.82
08:33:17.235720,753.00,-3085.00,-30.36
08:33:17.424571,762.00,-3067.00,-29.68
08:33:17.557286,770.00,-3050.00,-34.13
08:33:17.726821,785.00,-3031.00,-41.94
08:33:17.855417,800.00,-3020.00,-47.14
08:33:18.053920,821.00,-3001.00,-55.54
08:33:18.185937,838.00,-2992.00,-60.89
08:33:18.369748,862.00,-2978.00,-69.44
08:33:18.570305,890.00,-2971.00,-77.76
08:33:18.721983,894.00,-2971.00,-83.76
08:33:18.903551,880.00,-2970.00,-83.79
08:33:19.053782,874.00,-2971.00,-81.94
08:33:19.197898,871.00,-2973.00,-76.16
08:33:19.417120,872.00,-2972.00,-69.87
08:33:19.545261,873.00,-2971.00,-65.65
08:33:19.718652,888.00,-2966.00,-63.42
08:33:19.879568,908.00,-2954.00,-69.00
08:33:20.036759,927.00,-2946.00,-75.49
08:33:20.196136,953.00,-2942.00,-83.04
08:33:20.397048,980.00,-2939.00,-91.44
08:33:20.547073,1001.00,-2941.00,-97.92
08:33:20.713657,1024.00,-2947.00,-104.43
08:33:20.866991,1048.00,-2955.00,-111.62
08:33:21.036355,1067.00,-2963.00,-117.77
08:33:21.230192,1092.00,-2977.00,-126.04
08:33:21.387756,1110.00,-2991.00,-132.32
08:33:21.547076,1129.00,-3008.00,-139.98
08:33:21.745803,1147.00,-3032.00,-148.23
08:33:21.876993,1154.00,-3047.00,-153.76
08:33:22.043290,1167.00,-3072.00,-160.71
08:33:22.227761,1176.00,-3097.00,-168.22
08:33:22.387593,1179.00,-3119.00,-174.57
08:33:22.539752,1180.00,-3141.00,-181.09
08:33:22.730998,1176.00,-3168.00,170.38
08:33:22.905026,1169.00,-3193.00,163.18
08:33:23.046958,1162.00,-3213.00,156.98
08:33:23.224185,1153.00,-3236.00,149.47
08:33:23.395967,1138.00,-3258.00,142.03
08:33:23.552620,1124.00,-3272.00,135.57
08:33:23.718015,1110.00,-3284.00,127.68
08:33:23.880277,1119.00,-3279.00,127.69
08:33:24.068629,1133.00,-3267.00,128.91
08:33:24.217919,1136.00,-3265.00,131.97
08:33:24.407114,1139.00,-3263.00,137.34
08:33:24.541532,1141.00,-3265.00,141.65
08:33:24.734194,1138.00,-3270.00,146.99
08:33:24.904183,1130.00,-3284.00,148.07
08:33:25.079741,1118.00,-3306.00,141.86
08:33:25.216701,1104.00,-3320.00,135.61
08:33:25.378140,1088.00,-3330.00,129.12
08:33:25.534160,1070.00,-3339.00,122.56
08:33:25.711557,1047.00,-3353.00,114.91
08:33:25.900488,1019.00,-3364.00,106.39
08:33:26.050081,997.00,-3370.00,100.08
08:33:26.221184,976.00,-3376.00,92.95
08:33:26.384564,955.00,-3376.00,86.77
08:33:26.562501,927.00,-3371.00,79.07
08:33:26.718747,906.00,-3365.00,72.01
08:33:26.861965,888.00,-3360.00,66.45
08:33:27.055781,861.00,-3348.00,58.05
08:33:27.190294,845.00,-3340.00,53.10
08:33:27.432835,820.00,-3317.00,42.61
08:33:27.544402,808.00,-3304.00,37.00
08:33:27.719154,796.00,-3283.00,29.67
08:33:27.898651,783.00,-3259.00,22.60
08:33:28.044718,774.00,-3239.00,16.43
08:33:28.197762,770.00,-3216.00,10.00
08:33:28.387328,766.00,-3192.00,2.38
08:33:28.596400,766.00,-3164.00,-6.97
08:33:28.720692,760.00,-3171.00,-8.86
08:33:28.886165,757.00,-3185.00,-7.84
08:33:29.045362,755.00,-3189.00,-3.75
08:33:29.250074,753.00,-3192.00,3.03
08:33:29.410542,756.00,-3191.00,7.66
08:33:29.556311,757.00,-3181.00,12.82
08:33:29.728628,752.00,-3159.00,9.57
08:33:29.876076,750.00,-3138.00,3.30
08:33:30.068241,752.00,-3109.00,-5.31
08:33:30.210326,753.00,-3092.00,-10.52
08:33:30.364686,758.00,-3073.00,-16.73
08:33:30.539754,765.00,-3051.00,-24.58
08:33:30.709756,772.00,-3039.00,-31.23
08:33:30.900503,773.00,-3041.00,-31.24
08:33:31.025207,774.00,-3039.00,-30.91
08:33:31.208545,775.00,-3036.00,-30.74
08:33:31.361788,774.00,-3035.00,-30.64
08:54:29.255329,-1900.00,-3097.00,-494.30
08:54:29.396406,-1902.00,-3095.00,-125.56
08:54:29.560156,-1903.00,-3095.00,-115.44
08:54:29.734069,-1902.00,-3095.00,-101.84
08:54:29.899749,-1903.00,-3096.00,-89.78
08:54:30.097501,-1903.00,-3096.00,-77.59
08:54:30.275012,-1901.00,-3097.00,-71.36
08:54:56.312685,-1000.00,-3548.00,121.83
08:54:56.422387,-1002.00,-3547.00,121.90
08:54:56.573415,-1003.00,-3546.00,121.95
08:54:56.744134,-1004.00,-3545.00,121.99
08:54:56.906953,-1006.00,-3544.00,122.03
08:55:09.599114,-1099.00,-3065.00,81.09
08:55:09.757035,-1096.00,-3066.00,83.59
08:55:09.905531,-1095.00,-3066.00,88.76
08:55:10.114965,-1094.00,-3065.00,94.41
08:55:10.259590,-1097.00,-3065.00,99.41
08:55:10.433125,-1103.00,-3066.00,105.55
08:55:10.642742,-1109.00,-3069.00,112.57
08:55:10.768419,-1121.00,-3074.00,111.62
08:55:10.965564,-1148.00,-3084.00,104.53
08:55:11.094367,-1166.00,-3088.00,99.51
08:55:11.280488,-1162.00,-3088.00,96.79
08:55:11.429360,-1149.00,-3085.00,97.61
08:55:11.645994,-1143.00,-3084.00,101.74
08:55:11.776832,-1141.00,-3084.00,106.41
08:55:11.976634,-1140.00,-3084.00,112.02
08:55:12.107276,-1144.00,-3085.00,116.35
08:55:12.295269,-1164.00,-3096.00,114.27
08:55:12.429898,-1181.00,-3103.00,109.91
08:55:12.621985,-1210.00,-3112.00,101.81
08:55:12.776268,-1232.00,-3116.00,95.45
08:55:12.958704,-1257.00,-3116.00,88.02
08:55:13.084904,-1277.00,-3115.00,82.36
08:55:13.260931,-1301.00,-3110.00,75.33
08:55:13.445927,-1329.00,-3101.00,67.10
08:55:13.613529,-1349.00,-3091.00,60.65
08:55:13.789669,-1372.00,-3080.00,52.80
08:55:13.943265,-1389.00,-3068.00,46.36
08:55:14.109387,-1407.00,-3050.00,39.13
08:55:14.273511,-1423.00,-3029.00,31.61
08:55:14.447525,-1435.00,-3006.00,24.46
08:55:14.580793,-1443.00,-2988.00,18.89
08:55:14.775028,-1451.00,-2960.00,10.32
08:55:14.926940,-1454.00,-2938.00,3.98
08:55:15.100344,-1455.00,-2914.00,-3.19
08:55:15.284641,-1454.00,-2888.00,-10.64
08:55:15.437667,-1451.00,-2864.00,-16.99
08:55:15.602941,-1442.00,-2840.00,-24.30
08:55:15.757292,-1432.00,-2820.00,-30.85
08:55:15.953750,-1415.00,-2795.00,-39.15
08:55:16.086257,-1403.00,-2780.00,-44.07
08:55:16.286823,-1398.00,-2776.00,-48.19
08:55:16.441169,-1406.00,-2783.00,-49.21
08:55:16.607748,-1412.00,-2788.00,-46.17
08:55:16.771414,-1413.00,-2789.00,-40.47
08:55:16.928686,-1414.00,-2789.00,-36.31
08:55:17.112543,-1410.00,-2783.00,-33.03
08:55:17.246815,-1403.00,-2773.00,-35.65
08:55:17.424384,-1405.00,-2776.00,-36.97
08:55:17.591572,-1413.00,-2786.00,-37.93
08:55:17.750102,-1416.00,-2790.00,-33.48
08:55:17.913064,-1417.00,-2791.00,-28.88
08:55:18.104588,-1418.00,-2792.00,-23.18
08:55:18.267031,-1416.00,-2788.00,-18.03
08:55:18.426429,-1415.00,-2782.00,-12.02
08:55:18.579646,-1414.00,-2778.00,-6.61
08:55:18.765120,-1414.00,-2772.00,-0.50
08:55:18.948642,-1415.00,-2759.00,5.55
08:55:19.101748,-1416.00,-2740.00,1.05
08:55:19.309690,-1415.00,-2713.00,-6.94
08:55:19.447005,-1411.00,-2690.00,-13.31
08:55:19.616801,-1405.00,-2669.00,-19.79
08:55:19.763813,-1405.00,-2668.00,-24.04
08:55:19.948870,-1413.00,-2685.00,-22.90
08:55:20.094066,-1415.00,-2690.00,-20.08
08:55:20.274713,-1416.00,-2693.00,-14.06
08:55:20.459292,-1416.00,-2693.00,-9.23
08:55:20.614384,-1415.00,-2681.00,-7.34
08:55:20.767884,-1411.00,-2661.00,-12.37
08:55:20.944782,-1405.00,-2634.00,-19.73
